

================================================================
== Vitis HLS Report for 'convbas'
================================================================
* Date:           Thu Feb 19 10:39:12 2026

* Version:        2025.1 (Build 6135595 on May 21 2025)
* Project:        convbas
* Solution:       hls (Vivado IP Flow Target)
* Product family: zynq
* Target device:  xc7z020-clg400-1


================================================================
== Performance Estimates
================================================================
+ Timing: 
    * Summary: 
    +--------+----------+----------+------------+
    |  Clock |  Target  | Estimated| Uncertainty|
    +--------+----------+----------+------------+
    |ap_clk  |  10.00 ns|  7.300 ns|     2.70 ns|
    +--------+----------+----------+------------+

+ Latency: 
    * Summary: 
    +---------+---------+----------+----------+-----+-----+---------+
    |  Latency (cycles) |  Latency (absolute) |  Interval | Pipeline|
    |   min   |   max   |    min   |    max   | min | max |   Type  |
    +---------+---------+----------+----------+-----+-----+---------+
    |        ?|        ?|         ?|         ?|    ?|    ?|       no|
    +---------+---------+----------+----------+-----+-----+---------+

    + Detail: 
        * Instance: 
        N/A

        * Loop: 
        N/A

============================================================
+ Verbose Summary: Synthesis Manager
============================================================
InlineROM: 1
ExposeGlobal: 0
============================================================
+ Verbose Summary: CDFG Model
============================================================
IsTopModel: 1
ResetActiveHigh: 1
IsCombinational: 0
IsDatapathOnly: 0
HasWiredReturn: 1
HasMFsm: 0
HasVarLatency: 1
IsPipeline: 0
IsRtlPipelined: 0
IsInstanceOverlapped: 0
IsDontTouch: 0
HasImplIP: 0
IsGatedGlobalClock: 0


============================================================
+ Verbose Summary: Schedule
============================================================
* Number of FSM states : 18
* Pipeline : 0
* Dataflow Pipeline: 0

* FSM state transitions: 
1 --> 2 
2 --> 3 
3 --> 4 
4 --> 5 
5 --> 6 
6 --> 7 
7 --> 8 
8 --> 9 
9 --> 10 
10 --> 11 
11 --> 12 
12 --> 13 
13 --> 14 
14 --> 15 
15 --> 16 
16 --> 17 
17 --> 18 
18 --> 

* FSM state operations: 

State 1 <SV = 0> <Delay = 1.00>
ST_1 : Operation 19 [1/1] (1.00ns)   --->   "%w_kernel_read = read i64 @_ssdm_op_Read.s_axilite.i64, i64 %w_kernel"   --->   Operation 19 'read' 'w_kernel_read' <Predicate = true> <Delay = 1.00> <CoreInst = "s_axilite">   --->   Core 112 's_axilite' <Latency = 0> <II = 1> <Delay = 1.00> <Adapter> <Opcode : 'read' 'write'>
ST_1 : Operation 20 [1/1] (1.00ns)   --->   "%W_read = read i32 @_ssdm_op_Read.s_axilite.i32, i32 %W"   --->   Operation 20 'read' 'W_read' <Predicate = true> <Delay = 1.00> <CoreInst = "s_axilite">   --->   Core 112 's_axilite' <Latency = 0> <II = 1> <Delay = 1.00> <Adapter> <Opcode : 'read' 'write'>
ST_1 : Operation 21 [1/1] (1.00ns)   --->   "%H_read = read i32 @_ssdm_op_Read.s_axilite.i32, i32 %H"   --->   Operation 21 'read' 'H_read' <Predicate = true> <Delay = 1.00> <CoreInst = "s_axilite">   --->   Core 112 's_axilite' <Latency = 0> <II = 1> <Delay = 1.00> <Adapter> <Opcode : 'read' 'write'>
ST_1 : Operation 22 [1/1] (1.00ns)   --->   "%out_r_read = read i64 @_ssdm_op_Read.s_axilite.i64, i64 %out_r"   --->   Operation 22 'read' 'out_r_read' <Predicate = true> <Delay = 1.00> <CoreInst = "s_axilite">   --->   Core 112 's_axilite' <Latency = 0> <II = 1> <Delay = 1.00> <Adapter> <Opcode : 'read' 'write'>
ST_1 : Operation 23 [1/1] (1.00ns)   --->   "%in_r_read = read i64 @_ssdm_op_Read.s_axilite.i64, i64 %in_r"   --->   Operation 23 'read' 'in_r_read' <Predicate = true> <Delay = 1.00> <CoreInst = "s_axilite">   --->   Core 112 's_axilite' <Latency = 0> <II = 1> <Delay = 1.00> <Adapter> <Opcode : 'read' 'write'>
ST_1 : Operation 24 [1/1] (0.00ns)   --->   "%local_kernel = alloca i64 1" [convbas.cpp:22]   --->   Operation 24 'alloca' 'local_kernel' <Predicate = true> <Delay = 0.00> <CoreInst = "RAM">   --->   Core 81 'RAM' <Latency = 1> <II = 1> <Delay = 2.32> <Storage> <Opcode : 'load' 'store'> <Ports = 2> <Width = 16> <Depth = 9> <RAM>
ST_1 : Operation 25 [1/1] (0.00ns)   --->   "%trunc_ln = partselect i63 @_ssdm_op_PartSelect.i63.i64.i32.i32, i64 %w_kernel_read, i32 1, i32 63" [convbas.cpp:23]   --->   Operation 25 'partselect' 'trunc_ln' <Predicate = true> <Delay = 0.00>

State 2 <SV = 1> <Delay = 7.30>
ST_2 : Operation 26 [1/1] (0.00ns)   --->   "%sext_ln23 = sext i63 %trunc_ln" [convbas.cpp:23]   --->   Operation 26 'sext' 'sext_ln23' <Predicate = true> <Delay = 0.00>
ST_2 : Operation 27 [1/1] (0.00ns)   --->   "%gmem2_addr = getelementptr i16 %gmem2, i64 %sext_ln23" [convbas.cpp:23]   --->   Operation 27 'getelementptr' 'gmem2_addr' <Predicate = true> <Delay = 0.00>
ST_2 : Operation 28 [8/8] (7.30ns)   --->   "%empty = readreq i1 @_ssdm_op_ReadReq.m_axi.p1i16, i16 %gmem2_addr, i64 9" [convbas.cpp:23]   --->   Operation 28 'readreq' 'empty' <Predicate = true> <Delay = 7.30> <CoreInst = "m_axi">   --->   Core 111 'm_axi' <Latency = 6> <II = 1> <Delay = 1.00> <Adapter> <Opcode : 'read' 'write' 'readreq' 'writereq' 'writeresp'>

State 3 <SV = 2> <Delay = 7.30>
ST_3 : Operation 29 [7/8] (7.30ns)   --->   "%empty = readreq i1 @_ssdm_op_ReadReq.m_axi.p1i16, i16 %gmem2_addr, i64 9" [convbas.cpp:23]   --->   Operation 29 'readreq' 'empty' <Predicate = true> <Delay = 7.30> <CoreInst = "m_axi">   --->   Core 111 'm_axi' <Latency = 6> <II = 1> <Delay = 1.00> <Adapter> <Opcode : 'read' 'write' 'readreq' 'writereq' 'writeresp'>

State 4 <SV = 3> <Delay = 7.30>
ST_4 : Operation 30 [6/8] (7.30ns)   --->   "%empty = readreq i1 @_ssdm_op_ReadReq.m_axi.p1i16, i16 %gmem2_addr, i64 9" [convbas.cpp:23]   --->   Operation 30 'readreq' 'empty' <Predicate = true> <Delay = 7.30> <CoreInst = "m_axi">   --->   Core 111 'm_axi' <Latency = 6> <II = 1> <Delay = 1.00> <Adapter> <Opcode : 'read' 'write' 'readreq' 'writereq' 'writeresp'>

State 5 <SV = 4> <Delay = 7.30>
ST_5 : Operation 31 [5/8] (7.30ns)   --->   "%empty = readreq i1 @_ssdm_op_ReadReq.m_axi.p1i16, i16 %gmem2_addr, i64 9" [convbas.cpp:23]   --->   Operation 31 'readreq' 'empty' <Predicate = true> <Delay = 7.30> <CoreInst = "m_axi">   --->   Core 111 'm_axi' <Latency = 6> <II = 1> <Delay = 1.00> <Adapter> <Opcode : 'read' 'write' 'readreq' 'writereq' 'writeresp'>

State 6 <SV = 5> <Delay = 7.30>
ST_6 : Operation 32 [4/8] (7.30ns)   --->   "%empty = readreq i1 @_ssdm_op_ReadReq.m_axi.p1i16, i16 %gmem2_addr, i64 9" [convbas.cpp:23]   --->   Operation 32 'readreq' 'empty' <Predicate = true> <Delay = 7.30> <CoreInst = "m_axi">   --->   Core 111 'm_axi' <Latency = 6> <II = 1> <Delay = 1.00> <Adapter> <Opcode : 'read' 'write' 'readreq' 'writereq' 'writeresp'>

State 7 <SV = 6> <Delay = 7.30>
ST_7 : Operation 33 [3/8] (7.30ns)   --->   "%empty = readreq i1 @_ssdm_op_ReadReq.m_axi.p1i16, i16 %gmem2_addr, i64 9" [convbas.cpp:23]   --->   Operation 33 'readreq' 'empty' <Predicate = true> <Delay = 7.30> <CoreInst = "m_axi">   --->   Core 111 'm_axi' <Latency = 6> <II = 1> <Delay = 1.00> <Adapter> <Opcode : 'read' 'write' 'readreq' 'writereq' 'writeresp'>

State 8 <SV = 7> <Delay = 7.30>
ST_8 : Operation 34 [2/8] (7.30ns)   --->   "%empty = readreq i1 @_ssdm_op_ReadReq.m_axi.p1i16, i16 %gmem2_addr, i64 9" [convbas.cpp:23]   --->   Operation 34 'readreq' 'empty' <Predicate = true> <Delay = 7.30> <CoreInst = "m_axi">   --->   Core 111 'm_axi' <Latency = 6> <II = 1> <Delay = 1.00> <Adapter> <Opcode : 'read' 'write' 'readreq' 'writereq' 'writeresp'>

State 9 <SV = 8> <Delay = 7.30>
ST_9 : Operation 35 [1/8] (7.30ns)   --->   "%empty = readreq i1 @_ssdm_op_ReadReq.m_axi.p1i16, i16 %gmem2_addr, i64 9" [convbas.cpp:23]   --->   Operation 35 'readreq' 'empty' <Predicate = true> <Delay = 7.30> <CoreInst = "m_axi">   --->   Core 111 'm_axi' <Latency = 6> <II = 1> <Delay = 1.00> <Adapter> <Opcode : 'read' 'write' 'readreq' 'writereq' 'writeresp'>

State 10 <SV = 9> <Delay = 0.00>
ST_10 : Operation 36 [2/2] (0.00ns)   --->   "%call_ln23 = call void @convbas_Pipeline_VITIS_LOOP_23_1_VITIS_LOOP_24_2, i16 %gmem2, i63 %trunc_ln, i16 %local_kernel" [convbas.cpp:23]   --->   Operation 36 'call' 'call_ln23' <Predicate = true> <Delay = 0.00> <CoreType = "Generic">   --->   Generic Core

State 11 <SV = 10> <Delay = 0.00>
ST_11 : Operation 37 [1/2] (0.00ns)   --->   "%call_ln23 = call void @convbas_Pipeline_VITIS_LOOP_23_1_VITIS_LOOP_24_2, i16 %gmem2, i63 %trunc_ln, i16 %local_kernel" [convbas.cpp:23]   --->   Operation 37 'call' 'call_ln23' <Predicate = true> <Delay = 0.00> <CoreType = "Generic">   --->   Generic Core

State 12 <SV = 11> <Delay = 2.32>
ST_12 : Operation 38 [1/1] (0.00ns)   --->   "%local_kernel_addr = getelementptr i16 %local_kernel, i64 0, i64 0"   --->   Operation 38 'getelementptr' 'local_kernel_addr' <Predicate = true> <Delay = 0.00>
ST_12 : Operation 39 [2/2] (2.32ns)   --->   "%local_kernel_load = load i4 %local_kernel_addr"   --->   Operation 39 'load' 'local_kernel_load' <Predicate = true> <Delay = 2.32> <CoreInst = "RAM">   --->   Core 81 'RAM' <Latency = 1> <II = 1> <Delay = 2.32> <Storage> <Opcode : 'load' 'store'> <Ports = 2> <Width = 16> <Depth = 9> <RAM>

State 13 <SV = 12> <Delay = 2.32>
ST_13 : Operation 40 [1/1] (0.00ns)   --->   "%local_kernel_addr_1 = getelementptr i16 %local_kernel, i64 0, i64 1"   --->   Operation 40 'getelementptr' 'local_kernel_addr_1' <Predicate = true> <Delay = 0.00>
ST_13 : Operation 41 [1/1] (0.00ns)   --->   "%local_kernel_addr_2 = getelementptr i16 %local_kernel, i64 0, i64 2"   --->   Operation 41 'getelementptr' 'local_kernel_addr_2' <Predicate = true> <Delay = 0.00>
ST_13 : Operation 42 [1/2] ( I:2.32ns O:2.32ns )   --->   "%local_kernel_load = load i4 %local_kernel_addr"   --->   Operation 42 'load' 'local_kernel_load' <Predicate = true> <Delay = 2.32> <CoreInst = "RAM">   --->   Core 81 'RAM' <Latency = 1> <II = 1> <Delay = 2.32> <Storage> <Opcode : 'load' 'store'> <Ports = 2> <Width = 16> <Depth = 9> <RAM>
ST_13 : Operation 43 [2/2] (2.32ns)   --->   "%local_kernel_load_1 = load i4 %local_kernel_addr_1"   --->   Operation 43 'load' 'local_kernel_load_1' <Predicate = true> <Delay = 2.32> <CoreInst = "RAM">   --->   Core 81 'RAM' <Latency = 1> <II = 1> <Delay = 2.32> <Storage> <Opcode : 'load' 'store'> <Ports = 2> <Width = 16> <Depth = 9> <RAM>
ST_13 : Operation 44 [2/2] (2.32ns)   --->   "%local_kernel_load_2 = load i4 %local_kernel_addr_2"   --->   Operation 44 'load' 'local_kernel_load_2' <Predicate = true> <Delay = 2.32> <CoreInst = "RAM">   --->   Core 81 'RAM' <Latency = 1> <II = 1> <Delay = 2.32> <Storage> <Opcode : 'load' 'store'> <Ports = 2> <Width = 16> <Depth = 9> <RAM>

State 14 <SV = 13> <Delay = 5.80>
ST_14 : Operation 45 [1/1] (0.00ns)   --->   "%local_kernel_addr_3 = getelementptr i16 %local_kernel, i64 0, i64 3"   --->   Operation 45 'getelementptr' 'local_kernel_addr_3' <Predicate = true> <Delay = 0.00>
ST_14 : Operation 46 [1/1] (0.00ns)   --->   "%local_kernel_addr_4 = getelementptr i16 %local_kernel, i64 0, i64 4"   --->   Operation 46 'getelementptr' 'local_kernel_addr_4' <Predicate = true> <Delay = 0.00>
ST_14 : Operation 47 [1/1] (2.55ns)   --->   "%sub = add i32 %H_read, i32 4294967295"   --->   Operation 47 'add' 'sub' <Predicate = true> <Delay = 2.55> <CoreInst = "Adder">   --->   Core 1 'Adder' <Latency = 0> <II = 1> <Delay = 2.55> <FuncUnit> <Opcode : 'add' 'sub'> <InPorts = 2> <OutPorts = 1>
ST_14 : Operation 48 [1/1] (2.55ns)   --->   "%sub17 = add i32 %W_read, i32 4294967295"   --->   Operation 48 'add' 'sub17' <Predicate = true> <Delay = 2.55> <CoreInst = "Adder">   --->   Core 1 'Adder' <Latency = 0> <II = 1> <Delay = 2.55> <FuncUnit> <Opcode : 'add' 'sub'> <InPorts = 2> <OutPorts = 1>
ST_14 : Operation 49 [1/1] (2.55ns)   --->   "%sub51 = add i32 %W_read, i32 4294967294"   --->   Operation 49 'add' 'sub51' <Predicate = true> <Delay = 2.55> <CoreInst = "Adder">   --->   Core 1 'Adder' <Latency = 0> <II = 1> <Delay = 2.55> <FuncUnit> <Opcode : 'add' 'sub'> <InPorts = 2> <OutPorts = 1>
ST_14 : Operation 50 [1/1] (0.00ns)   --->   "%tmp = partselect i31 @_ssdm_op_PartSelect.i31.i32.i32.i32, i32 %sub17, i32 1, i32 31"   --->   Operation 50 'partselect' 'tmp' <Predicate = true> <Delay = 0.00>
ST_14 : Operation 51 [1/1] (2.52ns)   --->   "%icmp = icmp_sgt  i31 %tmp, i31 0"   --->   Operation 51 'icmp' 'icmp' <Predicate = true> <Delay = 2.52> <CoreInst = "Cmp">   --->   Core 9 'Cmp' <Latency = 0> <II = 1> <Delay = 2.52> <FuncUnit> <Opcode : 'seteq' 'setne' 'setle' 'setge' 'setlt' 'setgt'> <InPorts = 2> <OutPorts = 1>
ST_14 : Operation 52 [1/1] (0.00ns)   --->   "%trunc_ln31 = trunc i32 %sub17" [convbas.cpp:31]   --->   Operation 52 'trunc' 'trunc_ln31' <Predicate = true> <Delay = 0.00>
ST_14 : Operation 53 [1/1] (2.52ns)   --->   "%add_ln31 = add i31 %trunc_ln31, i31 2147483647" [convbas.cpp:31]   --->   Operation 53 'add' 'add_ln31' <Predicate = true> <Delay = 2.52> <CoreInst = "Adder">   --->   Core 1 'Adder' <Latency = 0> <II = 1> <Delay = 2.52> <FuncUnit> <Opcode : 'add' 'sub'> <InPorts = 2> <OutPorts = 1>
ST_14 : Operation 54 [1/2] ( I:2.32ns O:2.32ns )   --->   "%local_kernel_load_1 = load i4 %local_kernel_addr_1"   --->   Operation 54 'load' 'local_kernel_load_1' <Predicate = true> <Delay = 2.32> <CoreInst = "RAM">   --->   Core 81 'RAM' <Latency = 1> <II = 1> <Delay = 2.32> <Storage> <Opcode : 'load' 'store'> <Ports = 2> <Width = 16> <Depth = 9> <RAM>
ST_14 : Operation 55 [1/2] ( I:2.32ns O:2.32ns )   --->   "%local_kernel_load_2 = load i4 %local_kernel_addr_2"   --->   Operation 55 'load' 'local_kernel_load_2' <Predicate = true> <Delay = 2.32> <CoreInst = "RAM">   --->   Core 81 'RAM' <Latency = 1> <II = 1> <Delay = 2.32> <Storage> <Opcode : 'load' 'store'> <Ports = 2> <Width = 16> <Depth = 9> <RAM>
ST_14 : Operation 56 [2/2] (2.32ns)   --->   "%local_kernel_load_3 = load i4 %local_kernel_addr_3"   --->   Operation 56 'load' 'local_kernel_load_3' <Predicate = true> <Delay = 2.32> <CoreInst = "RAM">   --->   Core 81 'RAM' <Latency = 1> <II = 1> <Delay = 2.32> <Storage> <Opcode : 'load' 'store'> <Ports = 2> <Width = 16> <Depth = 9> <RAM>
ST_14 : Operation 57 [2/2] (2.32ns)   --->   "%local_kernel_load_4 = load i4 %local_kernel_addr_4"   --->   Operation 57 'load' 'local_kernel_load_4' <Predicate = true> <Delay = 2.32> <CoreInst = "RAM">   --->   Core 81 'RAM' <Latency = 1> <II = 1> <Delay = 2.32> <Storage> <Opcode : 'load' 'store'> <Ports = 2> <Width = 16> <Depth = 9> <RAM>
ST_14 : Operation 58 [1/1] (0.73ns)   --->   "%empty_33 = select i1 %icmp, i31 %add_ln31, i31 0" [convbas.cpp:31]   --->   Operation 58 'select' 'empty_33' <Predicate = true> <Delay = 0.73> <CoreInst = "Sel">   --->   Core 73 'Sel' <Latency = 0> <II = 1> <Delay = 0.73> <FuncUnit> <Opcode : 'select'> <InPorts = 3> <OutPorts = 1>
ST_14 : Operation 59 [1/1] (0.00ns)   --->   "%tmp_1 = partselect i31 @_ssdm_op_PartSelect.i31.i32.i32.i32, i32 %sub, i32 1, i32 31"   --->   Operation 59 'partselect' 'tmp_1' <Predicate = true> <Delay = 0.00>
ST_14 : Operation 60 [1/1] (2.52ns)   --->   "%icmp26 = icmp_sgt  i31 %tmp_1, i31 0"   --->   Operation 60 'icmp' 'icmp26' <Predicate = true> <Delay = 2.52> <CoreInst = "Cmp">   --->   Core 9 'Cmp' <Latency = 0> <II = 1> <Delay = 2.52> <FuncUnit> <Opcode : 'seteq' 'setne' 'setle' 'setge' 'setlt' 'setgt'> <InPorts = 2> <OutPorts = 1>
ST_14 : Operation 61 [1/1] (2.55ns)   --->   "%add_ln31_1 = add i32 %H_read, i32 4294967294" [convbas.cpp:31]   --->   Operation 61 'add' 'add_ln31_1' <Predicate = true> <Delay = 2.55> <CoreInst = "Adder">   --->   Core 1 'Adder' <Latency = 0> <II = 1> <Delay = 2.55> <FuncUnit> <Opcode : 'add' 'sub'> <InPorts = 2> <OutPorts = 1>
ST_14 : Operation 62 [1/1] (0.69ns)   --->   "%select_ln31 = select i1 %icmp26, i32 %add_ln31_1, i32 0" [convbas.cpp:31]   --->   Operation 62 'select' 'select_ln31' <Predicate = true> <Delay = 0.69> <CoreInst = "Sel">   --->   Core 73 'Sel' <Latency = 0> <II = 1> <Delay = 0.69> <FuncUnit> <Opcode : 'select'> <InPorts = 3> <OutPorts = 1>
ST_14 : Operation 63 [1/1] (0.69ns)   --->   "%select_ln31_1 = select i1 %icmp, i32 %sub51, i32 0" [convbas.cpp:31]   --->   Operation 63 'select' 'select_ln31_1' <Predicate = true> <Delay = 0.69> <CoreInst = "Sel">   --->   Core 73 'Sel' <Latency = 0> <II = 1> <Delay = 0.69> <FuncUnit> <Opcode : 'select'> <InPorts = 3> <OutPorts = 1>

State 15 <SV = 14> <Delay = 6.91>
ST_15 : Operation 64 [1/1] (0.00ns)   --->   "%local_kernel_addr_5 = getelementptr i16 %local_kernel, i64 0, i64 5"   --->   Operation 64 'getelementptr' 'local_kernel_addr_5' <Predicate = true> <Delay = 0.00>
ST_15 : Operation 65 [1/1] (0.00ns)   --->   "%local_kernel_addr_6 = getelementptr i16 %local_kernel, i64 0, i64 6"   --->   Operation 65 'getelementptr' 'local_kernel_addr_6' <Predicate = true> <Delay = 0.00>
ST_15 : Operation 66 [1/2] ( I:2.32ns O:2.32ns )   --->   "%local_kernel_load_3 = load i4 %local_kernel_addr_3"   --->   Operation 66 'load' 'local_kernel_load_3' <Predicate = true> <Delay = 2.32> <CoreInst = "RAM">   --->   Core 81 'RAM' <Latency = 1> <II = 1> <Delay = 2.32> <Storage> <Opcode : 'load' 'store'> <Ports = 2> <Width = 16> <Depth = 9> <RAM>
ST_15 : Operation 67 [1/2] ( I:2.32ns O:2.32ns )   --->   "%local_kernel_load_4 = load i4 %local_kernel_addr_4"   --->   Operation 67 'load' 'local_kernel_load_4' <Predicate = true> <Delay = 2.32> <CoreInst = "RAM">   --->   Core 81 'RAM' <Latency = 1> <II = 1> <Delay = 2.32> <Storage> <Opcode : 'load' 'store'> <Ports = 2> <Width = 16> <Depth = 9> <RAM>
ST_15 : Operation 68 [2/2] (2.32ns)   --->   "%local_kernel_load_5 = load i4 %local_kernel_addr_5"   --->   Operation 68 'load' 'local_kernel_load_5' <Predicate = true> <Delay = 2.32> <CoreInst = "RAM">   --->   Core 81 'RAM' <Latency = 1> <II = 1> <Delay = 2.32> <Storage> <Opcode : 'load' 'store'> <Ports = 2> <Width = 16> <Depth = 9> <RAM>
ST_15 : Operation 69 [2/2] (2.32ns)   --->   "%local_kernel_load_6 = load i4 %local_kernel_addr_6"   --->   Operation 69 'load' 'local_kernel_load_6' <Predicate = true> <Delay = 2.32> <CoreInst = "RAM">   --->   Core 81 'RAM' <Latency = 1> <II = 1> <Delay = 2.32> <Storage> <Opcode : 'load' 'store'> <Ports = 2> <Width = 16> <Depth = 9> <RAM>
ST_15 : Operation 70 [1/1] (0.00ns)   --->   "%cast6 = zext i32 %select_ln31" [convbas.cpp:31]   --->   Operation 70 'zext' 'cast6' <Predicate = true> <Delay = 0.00>
ST_15 : Operation 71 [1/1] (0.00ns)   --->   "%cast7 = zext i32 %select_ln31_1" [convbas.cpp:31]   --->   Operation 71 'zext' 'cast7' <Predicate = true> <Delay = 0.00>
ST_15 : Operation 72 [2/2] (6.91ns)   --->   "%bound8 = mul i64 %cast6, i64 %cast7" [convbas.cpp:31]   --->   Operation 72 'mul' 'bound8' <Predicate = true> <Delay = 6.91> <CoreInst = "Multiplier">   --->   Core 3 'Multiplier' <Latency = 1> <II = 1> <Delay = 6.91> <FuncUnit> <Opcode : 'mul'> <InPorts = 2> <OutPorts = 1>

State 16 <SV = 15> <Delay = 6.91>
ST_16 : Operation 73 [1/1] (0.00ns)   --->   "%local_kernel_addr_7 = getelementptr i16 %local_kernel, i64 0, i64 7"   --->   Operation 73 'getelementptr' 'local_kernel_addr_7' <Predicate = true> <Delay = 0.00>
ST_16 : Operation 74 [1/1] (0.00ns)   --->   "%local_kernel_addr_8 = getelementptr i16 %local_kernel, i64 0, i64 8"   --->   Operation 74 'getelementptr' 'local_kernel_addr_8' <Predicate = true> <Delay = 0.00>
ST_16 : Operation 75 [1/2] ( I:2.32ns O:2.32ns )   --->   "%local_kernel_load_5 = load i4 %local_kernel_addr_5"   --->   Operation 75 'load' 'local_kernel_load_5' <Predicate = true> <Delay = 2.32> <CoreInst = "RAM">   --->   Core 81 'RAM' <Latency = 1> <II = 1> <Delay = 2.32> <Storage> <Opcode : 'load' 'store'> <Ports = 2> <Width = 16> <Depth = 9> <RAM>
ST_16 : Operation 76 [1/2] ( I:2.32ns O:2.32ns )   --->   "%local_kernel_load_6 = load i4 %local_kernel_addr_6"   --->   Operation 76 'load' 'local_kernel_load_6' <Predicate = true> <Delay = 2.32> <CoreInst = "RAM">   --->   Core 81 'RAM' <Latency = 1> <II = 1> <Delay = 2.32> <Storage> <Opcode : 'load' 'store'> <Ports = 2> <Width = 16> <Depth = 9> <RAM>
ST_16 : Operation 77 [2/2] (2.32ns)   --->   "%local_kernel_load_7 = load i4 %local_kernel_addr_7"   --->   Operation 77 'load' 'local_kernel_load_7' <Predicate = true> <Delay = 2.32> <CoreInst = "RAM">   --->   Core 81 'RAM' <Latency = 1> <II = 1> <Delay = 2.32> <Storage> <Opcode : 'load' 'store'> <Ports = 2> <Width = 16> <Depth = 9> <RAM>
ST_16 : Operation 78 [2/2] (2.32ns)   --->   "%local_kernel_load_8 = load i4 %local_kernel_addr_8"   --->   Operation 78 'load' 'local_kernel_load_8' <Predicate = true> <Delay = 2.32> <CoreInst = "RAM">   --->   Core 81 'RAM' <Latency = 1> <II = 1> <Delay = 2.32> <Storage> <Opcode : 'load' 'store'> <Ports = 2> <Width = 16> <Depth = 9> <RAM>
ST_16 : Operation 79 [1/2] (6.91ns)   --->   "%bound8 = mul i64 %cast6, i64 %cast7" [convbas.cpp:31]   --->   Operation 79 'mul' 'bound8' <Predicate = true> <Delay = 6.91> <CoreInst = "Multiplier">   --->   Core 3 'Multiplier' <Latency = 1> <II = 1> <Delay = 6.91> <FuncUnit> <Opcode : 'mul'> <InPorts = 2> <OutPorts = 1>

State 17 <SV = 16> <Delay = 2.32>
ST_17 : Operation 80 [1/2] ( I:2.32ns O:2.32ns )   --->   "%local_kernel_load_7 = load i4 %local_kernel_addr_7"   --->   Operation 80 'load' 'local_kernel_load_7' <Predicate = true> <Delay = 2.32> <CoreInst = "RAM">   --->   Core 81 'RAM' <Latency = 1> <II = 1> <Delay = 2.32> <Storage> <Opcode : 'load' 'store'> <Ports = 2> <Width = 16> <Depth = 9> <RAM>
ST_17 : Operation 81 [1/2] ( I:2.32ns O:2.32ns )   --->   "%local_kernel_load_8 = load i4 %local_kernel_addr_8"   --->   Operation 81 'load' 'local_kernel_load_8' <Predicate = true> <Delay = 2.32> <CoreInst = "RAM">   --->   Core 81 'RAM' <Latency = 1> <II = 1> <Delay = 2.32> <Storage> <Opcode : 'load' 'store'> <Ports = 2> <Width = 16> <Depth = 9> <RAM>
ST_17 : Operation 82 [2/2] (0.00ns)   --->   "%call_ln31 = call void @convbas_Pipeline_VITIS_LOOP_31_3_VITIS_LOOP_32_4, i16 %gmem1, i16 %gmem0, i32 %sub17, i64 %bound8, i32 %W_read, i64 %in_r_read, i16 %local_kernel_load_7, i16 %local_kernel_load_8, i16 %local_kernel_load_1, i16 %local_kernel_load, i16 %local_kernel_load_2, i16 %local_kernel_load_3, i16 %local_kernel_load_4, i16 %local_kernel_load_5, i16 %local_kernel_load_6, i31 %empty_33, i32 %sub51, i64 %out_r_read" [convbas.cpp:31]   --->   Operation 82 'call' 'call_ln31' <Predicate = true> <Delay = 0.00> <CoreType = "Generic">   --->   Generic Core

State 18 <SV = 17> <Delay = 0.00>
ST_18 : Operation 83 [1/1] (0.00ns)   --->   "%spectopmodule_ln4 = spectopmodule void @_ssdm_op_SpecTopModule, void @empty_15" [convbas.cpp:4]   --->   Operation 83 'spectopmodule' 'spectopmodule_ln4' <Predicate = true> <Delay = 0.00>
ST_18 : Operation 84 [1/1] (0.00ns)   --->   "%specinterface_ln0 = specinterface void @_ssdm_op_SpecInterface, i16 %gmem0, void @empty, i32 0, i32 0, void @empty_0, i32 0, i32 0, void @empty_1, void @empty_2, void @empty_0, i32 16, i32 16, i32 16, i32 16, void @empty_0, void @empty_0, i32 4294967295, i32 0, i32 0"   --->   Operation 84 'specinterface' 'specinterface_ln0' <Predicate = true> <Delay = 0.00>
ST_18 : Operation 85 [1/1] (0.00ns)   --->   "%specbitsmap_ln0 = specbitsmap void @_ssdm_op_SpecBitsMap, i16 %gmem0"   --->   Operation 85 'specbitsmap' 'specbitsmap_ln0' <Predicate = true> <Delay = 0.00>
ST_18 : Operation 86 [1/1] (0.00ns)   --->   "%specinterface_ln0 = specinterface void @_ssdm_op_SpecInterface, i16 %gmem1, void @empty, i32 0, i32 0, void @empty_0, i32 0, i32 0, void @empty_3, void @empty_2, void @empty_0, i32 16, i32 16, i32 16, i32 16, void @empty_0, void @empty_0, i32 4294967295, i32 0, i32 0"   --->   Operation 86 'specinterface' 'specinterface_ln0' <Predicate = true> <Delay = 0.00>
ST_18 : Operation 87 [1/1] (0.00ns)   --->   "%specbitsmap_ln0 = specbitsmap void @_ssdm_op_SpecBitsMap, i16 %gmem1"   --->   Operation 87 'specbitsmap' 'specbitsmap_ln0' <Predicate = true> <Delay = 0.00>
ST_18 : Operation 88 [1/1] (0.00ns)   --->   "%specinterface_ln0 = specinterface void @_ssdm_op_SpecInterface, i16 %gmem2, void @empty, i32 0, i32 0, void @empty_0, i32 0, i32 0, void @empty_4, void @empty_2, void @empty_0, i32 16, i32 16, i32 16, i32 16, void @empty_0, void @empty_0, i32 4294967295, i32 0, i32 0"   --->   Operation 88 'specinterface' 'specinterface_ln0' <Predicate = true> <Delay = 0.00>
ST_18 : Operation 89 [1/1] (0.00ns)   --->   "%specbitsmap_ln0 = specbitsmap void @_ssdm_op_SpecBitsMap, i16 %gmem2"   --->   Operation 89 'specbitsmap' 'specbitsmap_ln0' <Predicate = true> <Delay = 0.00>
ST_18 : Operation 90 [1/1] (0.00ns)   --->   "%specinterface_ln0 = specinterface void @_ssdm_op_SpecInterface, i64 %in_r, void @empty_5, i32 4294967295, i32 4294967295, void @empty_6, i32 0, i32 0, void @empty_7, void @empty_8, void @empty_0, i32 0, i32 0, i32 0, i32 0, void @empty_0, void @empty_9, i32 4294967295, i32 0, i32 0"   --->   Operation 90 'specinterface' 'specinterface_ln0' <Predicate = true> <Delay = 0.00>
ST_18 : Operation 91 [1/1] (0.00ns)   --->   "%specinterface_ln0 = specinterface void @_ssdm_op_SpecInterface, i64 %in_r, void @empty_10, i32 4294967295, i32 4294967295, void @empty_0, i32 0, i32 0, void @empty_0, void @empty_0, void @empty_0, i32 0, i32 0, i32 0, i32 0, void @empty_0, void @empty_9, i32 4294967295, i32 0, i32 0"   --->   Operation 91 'specinterface' 'specinterface_ln0' <Predicate = true> <Delay = 0.00>
ST_18 : Operation 92 [1/1] (0.00ns)   --->   "%specinterface_ln0 = specinterface void @_ssdm_op_SpecInterface, i64 %out_r, void @empty_5, i32 4294967295, i32 4294967295, void @empty_6, i32 0, i32 0, void @empty_7, void @empty_11, void @empty_0, i32 0, i32 0, i32 0, i32 0, void @empty_0, void @empty_9, i32 4294967295, i32 0, i32 0"   --->   Operation 92 'specinterface' 'specinterface_ln0' <Predicate = true> <Delay = 0.00>
ST_18 : Operation 93 [1/1] (0.00ns)   --->   "%specinterface_ln0 = specinterface void @_ssdm_op_SpecInterface, i64 %out_r, void @empty_10, i32 4294967295, i32 4294967295, void @empty_0, i32 0, i32 0, void @empty_0, void @empty_0, void @empty_0, i32 0, i32 0, i32 0, i32 0, void @empty_0, void @empty_9, i32 4294967295, i32 0, i32 0"   --->   Operation 93 'specinterface' 'specinterface_ln0' <Predicate = true> <Delay = 0.00>
ST_18 : Operation 94 [1/1] (0.00ns)   --->   "%specbitsmap_ln0 = specbitsmap void @_ssdm_op_SpecBitsMap, i32 %H"   --->   Operation 94 'specbitsmap' 'specbitsmap_ln0' <Predicate = true> <Delay = 0.00>
ST_18 : Operation 95 [1/1] (0.00ns)   --->   "%specinterface_ln0 = specinterface void @_ssdm_op_SpecInterface, i32 %H, void @empty_5, i32 4294967295, i32 4294967295, void @empty_6, i32 0, i32 0, void @empty_7, void @empty_12, void @empty_0, i32 0, i32 0, i32 0, i32 0, void @empty_0, void @empty_0, i32 4294967295, i32 0, i32 0"   --->   Operation 95 'specinterface' 'specinterface_ln0' <Predicate = true> <Delay = 0.00>
ST_18 : Operation 96 [1/1] (0.00ns)   --->   "%specinterface_ln0 = specinterface void @_ssdm_op_SpecInterface, i32 %H, void @empty_10, i32 4294967295, i32 4294967295, void @empty_0, i32 0, i32 0, void @empty_0, void @empty_0, void @empty_0, i32 0, i32 0, i32 0, i32 0, void @empty_0, void @empty_0, i32 4294967295, i32 0, i32 0"   --->   Operation 96 'specinterface' 'specinterface_ln0' <Predicate = true> <Delay = 0.00>
ST_18 : Operation 97 [1/1] (0.00ns)   --->   "%specbitsmap_ln0 = specbitsmap void @_ssdm_op_SpecBitsMap, i32 %W"   --->   Operation 97 'specbitsmap' 'specbitsmap_ln0' <Predicate = true> <Delay = 0.00>
ST_18 : Operation 98 [1/1] (0.00ns)   --->   "%specinterface_ln0 = specinterface void @_ssdm_op_SpecInterface, i32 %W, void @empty_5, i32 4294967295, i32 4294967295, void @empty_6, i32 0, i32 0, void @empty_7, void @empty_13, void @empty_0, i32 0, i32 0, i32 0, i32 0, void @empty_0, void @empty_0, i32 4294967295, i32 0, i32 0"   --->   Operation 98 'specinterface' 'specinterface_ln0' <Predicate = true> <Delay = 0.00>
ST_18 : Operation 99 [1/1] (0.00ns)   --->   "%specinterface_ln0 = specinterface void @_ssdm_op_SpecInterface, i32 %W, void @empty_10, i32 4294967295, i32 4294967295, void @empty_0, i32 0, i32 0, void @empty_0, void @empty_0, void @empty_0, i32 0, i32 0, i32 0, i32 0, void @empty_0, void @empty_0, i32 4294967295, i32 0, i32 0"   --->   Operation 99 'specinterface' 'specinterface_ln0' <Predicate = true> <Delay = 0.00>
ST_18 : Operation 100 [1/1] (0.00ns)   --->   "%specinterface_ln0 = specinterface void @_ssdm_op_SpecInterface, i64 %w_kernel, void @empty_5, i32 4294967295, i32 4294967295, void @empty_6, i32 0, i32 0, void @empty_7, void @empty_14, void @empty_0, i32 0, i32 0, i32 0, i32 0, void @empty_0, void @empty_9, i32 4294967295, i32 0, i32 0"   --->   Operation 100 'specinterface' 'specinterface_ln0' <Predicate = true> <Delay = 0.00>
ST_18 : Operation 101 [1/1] (0.00ns)   --->   "%specinterface_ln0 = specinterface void @_ssdm_op_SpecInterface, i64 %w_kernel, void @empty_10, i32 4294967295, i32 4294967295, void @empty_0, i32 0, i32 0, void @empty_0, void @empty_0, void @empty_0, i32 0, i32 0, i32 0, i32 0, void @empty_0, void @empty_9, i32 4294967295, i32 0, i32 0"   --->   Operation 101 'specinterface' 'specinterface_ln0' <Predicate = true> <Delay = 0.00>
ST_18 : Operation 102 [1/1] (0.00ns)   --->   "%specinterface_ln0 = specinterface void @_ssdm_op_SpecInterface, i32 0, void @empty_5, i32 0, i32 0, void @empty_0, i32 0, i32 0, void @empty_7, void @empty_0, void @empty_0, i32 0, i32 0, i32 0, i32 0, void @empty_0, void @empty_0, i32 4294967295, i32 0, i32 0"   --->   Operation 102 'specinterface' 'specinterface_ln0' <Predicate = true> <Delay = 0.00>
ST_18 : Operation 103 [1/2] (0.00ns)   --->   "%call_ln31 = call void @convbas_Pipeline_VITIS_LOOP_31_3_VITIS_LOOP_32_4, i16 %gmem1, i16 %gmem0, i32 %sub17, i64 %bound8, i32 %W_read, i64 %in_r_read, i16 %local_kernel_load_7, i16 %local_kernel_load_8, i16 %local_kernel_load_1, i16 %local_kernel_load, i16 %local_kernel_load_2, i16 %local_kernel_load_3, i16 %local_kernel_load_4, i16 %local_kernel_load_5, i16 %local_kernel_load_6, i31 %empty_33, i32 %sub51, i64 %out_r_read" [convbas.cpp:31]   --->   Operation 103 'call' 'call_ln31' <Predicate = true> <Delay = 0.00> <CoreType = "Generic">   --->   Generic Core
ST_18 : Operation 104 [1/1] (0.00ns)   --->   "%ret_ln49 = ret" [convbas.cpp:49]   --->   Operation 104 'ret' 'ret_ln49' <Predicate = true> <Delay = 0.00>


============================================================
+ Verbose Summary: Timing violations
============================================================
Target clock period: 10.000ns, clock uncertainty: 2.700ns.

 <State 1>: 1.000ns
The critical path consists of the following:
	s_axi read operation ('w_kernel') on port 'w_kernel' [29]  (1.000 ns)

 <State 2>: 7.300ns
The critical path consists of the following:
	'getelementptr' operation 16 bit ('gmem2_addr', convbas.cpp:23) [46]  (0.000 ns)
	bus request operation ('empty', convbas.cpp:23) on port 'gmem2' (convbas.cpp:23) [47]  (7.300 ns)

 <State 3>: 7.300ns
The critical path consists of the following:
	bus request operation ('empty', convbas.cpp:23) on port 'gmem2' (convbas.cpp:23) [47]  (7.300 ns)

 <State 4>: 7.300ns
The critical path consists of the following:
	bus request operation ('empty', convbas.cpp:23) on port 'gmem2' (convbas.cpp:23) [47]  (7.300 ns)

 <State 5>: 7.300ns
The critical path consists of the following:
	bus request operation ('empty', convbas.cpp:23) on port 'gmem2' (convbas.cpp:23) [47]  (7.300 ns)

 <State 6>: 7.300ns
The critical path consists of the following:
	bus request operation ('empty', convbas.cpp:23) on port 'gmem2' (convbas.cpp:23) [47]  (7.300 ns)

 <State 7>: 7.300ns
The critical path consists of the following:
	bus request operation ('empty', convbas.cpp:23) on port 'gmem2' (convbas.cpp:23) [47]  (7.300 ns)

 <State 8>: 7.300ns
The critical path consists of the following:
	bus request operation ('empty', convbas.cpp:23) on port 'gmem2' (convbas.cpp:23) [47]  (7.300 ns)

 <State 9>: 7.300ns
The critical path consists of the following:
	bus request operation ('empty', convbas.cpp:23) on port 'gmem2' (convbas.cpp:23) [47]  (7.300 ns)

 <State 10>: 0.000ns
The critical path consists of the following:

 <State 11>: 0.000ns
The critical path consists of the following:

 <State 12>: 2.322ns
The critical path consists of the following:
	'getelementptr' operation 4 bit ('local_kernel_addr') [35]  (0.000 ns)
	'load' operation 16 bit ('local_kernel_load') on array 'local_kernel', convbas.cpp:22 [56]  (2.322 ns)

 <State 13>: 2.322ns
The critical path consists of the following:
	'load' operation 16 bit ('local_kernel_load') on array 'local_kernel', convbas.cpp:22 [56]  (2.322 ns)

 <State 14>: 5.808ns
The critical path consists of the following:
	'add' operation 32 bit ('sub17') [50]  (2.552 ns)
	'icmp' operation 1 bit ('icmp') [53]  (2.522 ns)
	'select' operation 31 bit ('empty_33', convbas.cpp:31) [65]  (0.733 ns)

 <State 15>: 6.912ns
The critical path consists of the following:
	'mul' operation 64 bit ('bound8', convbas.cpp:31) [73]  (6.912 ns)

 <State 16>: 6.912ns
The critical path consists of the following:
	'mul' operation 64 bit ('bound8', convbas.cpp:31) [73]  (6.912 ns)

 <State 17>: 2.322ns
The critical path consists of the following:
	'load' operation 16 bit ('local_kernel_load_7') on array 'local_kernel', convbas.cpp:22 [63]  (2.322 ns)

 <State 18>: 0.000ns
The critical path consists of the following:


============================================================
+ Verbose Summary: Binding
============================================================
N/A
* FSMD analyzer results:
  - Output states:
 - Input state : 
  - Chain level:
	State 1
	State 2
	State 3
	State 4
	State 5
	State 6
	State 7
	State 8
	State 9
	State 10
	State 11
	State 12
	State 13
	State 14
	State 15
	State 16
	State 17
	State 18


============================================================
+ Verbose Summary: Datapath Resource usage 
============================================================
N/A
