

================================================================
== Vitis HLS Report for 'convbas_Pipeline_VITIS_LOOP_23_1_VITIS_LOOP_24_2'
================================================================
* Date:           Thu Feb 19 10:39:14 2026

* Version:        2025.1 (Build 6135595 on May 21 2025)
* Project:        convbas
* Solution:       hls (Vivado IP Flow Target)
* Product family: zynq
* Target device:  xc7z020-clg400-1


================================================================
== Performance Estimates
================================================================
+ Timing: 
    * Summary: 
    +--------+----------+----------+------------+
    |  Clock |  Target  | Estimated| Uncertainty|
    +--------+----------+----------+------------+
    |ap_clk  |  10.00 ns|  7.300 ns|     2.70 ns|
    +--------+----------+----------+------------+

+ Latency: 
    * Summary: 
    +---------+---------+----------+----------+-----+-----+------------------------------------------------+
    |  Latency (cycles) |  Latency (absolute) |  Interval |                    Pipeline                    |
    |   min   |   max   |    min   |    max   | min | max |                      Type                      |
    +---------+---------+----------+----------+-----+-----+------------------------------------------------+
    |       12|       12|  0.120 us|  0.120 us|   10|   10|  loop auto-rewind stp (delay=0 clock cycles(s))|
    +---------+---------+----------+----------+-----+-----+------------------------------------------------+

    + Detail: 
        * Instance: 
        N/A

        * Loop: 
        +-----------------------------------+---------+---------+----------+-----------+-----------+------+----------+
        |                                   |  Latency (cycles) | Iteration|  Initiation Interval  | Trip |          |
        |             Loop Name             |   min   |   max   |  Latency |  achieved |   target  | Count| Pipelined|
        +-----------------------------------+---------+---------+----------+-----------+-----------+------+----------+
        |- VITIS_LOOP_23_1_VITIS_LOOP_24_2  |       10|       10|         3|          1|          1|     9|       yes|
        +-----------------------------------+---------+---------+----------+-----------+-----------+------+----------+



================================================================
== Utilization Estimates
================================================================
* Summary: 
+-----------------+---------+-----+--------+-------+-----+
|       Name      | BRAM_18K| DSP |   FF   |  LUT  | URAM|
+-----------------+---------+-----+--------+-------+-----+
|DSP              |        -|    -|       -|      -|    -|
|Expression       |        -|    -|       0|     80|    -|
|FIFO             |        -|    -|       -|      -|    -|
|Instance         |        -|    -|       -|      -|    -|
|Memory           |        -|    -|       -|      -|    -|
|Multiplexer      |        -|    -|       0|     63|    -|
|Register         |        -|    -|      34|      -|    -|
+-----------------+---------+-----+--------+-------+-----+
|Total            |        0|    0|      34|    143|    0|
+-----------------+---------+-----+--------+-------+-----+
|Available        |      280|  220|  106400|  53200|    0|
+-----------------+---------+-----+--------+-------+-----+
|Utilization (%)  |        0|    0|      ~0|     ~0|    0|
+-----------------+---------+-----+--------+-------+-----+

+ Detail: 
    * Instance: 
    N/A

    * DSP: 
    N/A

    * Memory: 
    N/A

    * FIFO: 
    N/A

    * Expression: 
    +---------------------------+----------+----+---+----+------------+------------+
    |       Variable Name       | Operation| DSP| FF| LUT| Bitwidth P0| Bitwidth P1|
    +---------------------------+----------+----+---+----+------------+------------+
    |add_ln23_1_fu_120_p2       |         +|   0|  0|  13|           4|           1|
    |add_ln23_fu_143_p2         |         +|   0|  0|  10|           2|           1|
    |add_ln24_fu_171_p2         |         +|   0|  0|  10|           2|           1|
    |add_ln25_fu_206_p2         |         +|   0|  0|   7|           4|           4|
    |sub_ln25_fu_197_p2         |         -|   0|  0|   7|           4|           4|
    |ap_block_pp0_stage0_11001  |       and|   0|  0|   2|           1|           1|
    |ap_condition_142           |       and|   0|  0|   2|           1|           1|
    |icmp_ln23_fu_114_p2        |      icmp|   0|  0|  13|           4|           4|
    |icmp_ln24_fu_149_p2        |      icmp|   0|  0|  10|           2|           2|
    |select_ln23_1_fu_163_p3    |    select|   0|  0|   2|           1|           2|
    |select_ln23_fu_155_p3      |    select|   0|  0|   2|           1|           1|
    |ap_enable_pp0              |       xor|   0|  0|   2|           1|           2|
    +---------------------------+----------+----+---+----+------------+------------+
    |Total                      |          |   0|  0|  80|          27|          24|
    +---------------------------+----------+----+---+----+------------+------------+

    * Multiplexer: 
    +--------------------------------------+----+-----------+-----+-----------+
    |                 Name                 | LUT| Input Size| Bits| Total Bits|
    +--------------------------------------+----+-----------+-----+-----------+
    |ap_done_int                           |   9|          2|    1|          2|
    |ap_enable_reg_pp0_iter1               |   9|          2|    1|          2|
    |ap_sig_allocacmp_indvar_flatten_load  |   9|          2|    4|          8|
    |gmem2_blk_n_R                         |   9|          2|    1|          2|
    |i_fu_60                               |   9|          2|    2|          4|
    |indvar_flatten_fu_64                  |   9|          2|    4|          8|
    |j_fu_56                               |   9|          2|    2|          4|
    +--------------------------------------+----+-----------+-----+-----------+
    |Total                                 |  63|         14|   15|         30|
    +--------------------------------------+----+-----------+-----+-----------+

    * Register: 
    +-------------------------------------------+----+----+-----+-----------+
    |                    Name                   | FF | LUT| Bits| Const Bits|
    +-------------------------------------------+----+----+-----+-----------+
    |ap_CS_fsm                                  |   1|   0|    1|          0|
    |ap_block_pp0_stage0_subdone_grp0_done_reg  |   1|   0|    1|          0|
    |ap_done_reg                                |   1|   0|    1|          0|
    |ap_enable_reg_pp0_iter1                    |   1|   0|    1|          0|
    |ap_enable_reg_pp0_iter2                    |   1|   0|    1|          0|
    |ap_loop_exit_ready_pp0_iter1_reg           |   1|   0|    1|          0|
    |gmem2_addr_read_reg_258                    |  16|   0|   16|          0|
    |i_fu_60                                    |   2|   0|    2|          0|
    |indvar_flatten_fu_64                       |   4|   0|    4|          0|
    |j_fu_56                                    |   2|   0|    2|          0|
    |select_ln23_1_reg_252                      |   2|   0|    2|          0|
    |select_ln23_reg_247                        |   2|   0|    2|          0|
    +-------------------------------------------+----+----+-----+-----------+
    |Total                                      |  34|   0|   34|          0|
    +-------------------------------------------+----+----+-----+-----------+



================================================================
== Interface
================================================================
* Summary: 
+------------------------+-----+-----+------------+--------------------------------------------------+--------------+
|        RTL Ports       | Dir | Bits|  Protocol  |                   Source Object                  |    C Type    |
+------------------------+-----+-----+------------+--------------------------------------------------+--------------+
|ap_clk                  |   in|    1|  ap_ctrl_hs|  convbas_Pipeline_VITIS_LOOP_23_1_VITIS_LOOP_24_2|  return value|
|ap_rst                  |   in|    1|  ap_ctrl_hs|  convbas_Pipeline_VITIS_LOOP_23_1_VITIS_LOOP_24_2|  return value|
|ap_start                |   in|    1|  ap_ctrl_hs|  convbas_Pipeline_VITIS_LOOP_23_1_VITIS_LOOP_24_2|  return value|
|ap_done                 |  out|    1|  ap_ctrl_hs|  convbas_Pipeline_VITIS_LOOP_23_1_VITIS_LOOP_24_2|  return value|
|ap_idle                 |  out|    1|  ap_ctrl_hs|  convbas_Pipeline_VITIS_LOOP_23_1_VITIS_LOOP_24_2|  return value|
|ap_ready                |  out|    1|  ap_ctrl_hs|  convbas_Pipeline_VITIS_LOOP_23_1_VITIS_LOOP_24_2|  return value|
|m_axi_gmem2_0_AWVALID   |  out|    1|       m_axi|                                             gmem2|       pointer|
|m_axi_gmem2_0_AWREADY   |   in|    1|       m_axi|                                             gmem2|       pointer|
|m_axi_gmem2_0_AWADDR    |  out|   64|       m_axi|                                             gmem2|       pointer|
|m_axi_gmem2_0_AWID      |  out|    1|       m_axi|                                             gmem2|       pointer|
|m_axi_gmem2_0_AWLEN     |  out|   32|       m_axi|                                             gmem2|       pointer|
|m_axi_gmem2_0_AWSIZE    |  out|    3|       m_axi|                                             gmem2|       pointer|
|m_axi_gmem2_0_AWBURST   |  out|    2|       m_axi|                                             gmem2|       pointer|
|m_axi_gmem2_0_AWLOCK    |  out|    2|       m_axi|                                             gmem2|       pointer|
|m_axi_gmem2_0_AWCACHE   |  out|    4|       m_axi|                                             gmem2|       pointer|
|m_axi_gmem2_0_AWPROT    |  out|    3|       m_axi|                                             gmem2|       pointer|
|m_axi_gmem2_0_AWQOS     |  out|    4|       m_axi|                                             gmem2|       pointer|
|m_axi_gmem2_0_AWREGION  |  out|    4|       m_axi|                                             gmem2|       pointer|
|m_axi_gmem2_0_AWUSER    |  out|    1|       m_axi|                                             gmem2|       pointer|
|m_axi_gmem2_0_WVALID    |  out|    1|       m_axi|                                             gmem2|       pointer|
|m_axi_gmem2_0_WREADY    |   in|    1|       m_axi|                                             gmem2|       pointer|
|m_axi_gmem2_0_WDATA     |  out|   16|       m_axi|                                             gmem2|       pointer|
|m_axi_gmem2_0_WSTRB     |  out|    2|       m_axi|                                             gmem2|       pointer|
|m_axi_gmem2_0_WLAST     |  out|    1|       m_axi|                                             gmem2|       pointer|
|m_axi_gmem2_0_WID       |  out|    1|       m_axi|                                             gmem2|       pointer|
|m_axi_gmem2_0_WUSER     |  out|    1|       m_axi|                                             gmem2|       pointer|
|m_axi_gmem2_0_ARVALID   |  out|    1|       m_axi|                                             gmem2|       pointer|
|m_axi_gmem2_0_ARREADY   |   in|    1|       m_axi|                                             gmem2|       pointer|
|m_axi_gmem2_0_ARADDR    |  out|   64|       m_axi|                                             gmem2|       pointer|
|m_axi_gmem2_0_ARID      |  out|    1|       m_axi|                                             gmem2|       pointer|
|m_axi_gmem2_0_ARLEN     |  out|   32|       m_axi|                                             gmem2|       pointer|
|m_axi_gmem2_0_ARSIZE    |  out|    3|       m_axi|                                             gmem2|       pointer|
|m_axi_gmem2_0_ARBURST   |  out|    2|       m_axi|                                             gmem2|       pointer|
|m_axi_gmem2_0_ARLOCK    |  out|    2|       m_axi|                                             gmem2|       pointer|
|m_axi_gmem2_0_ARCACHE   |  out|    4|       m_axi|                                             gmem2|       pointer|
|m_axi_gmem2_0_ARPROT    |  out|    3|       m_axi|                                             gmem2|       pointer|
|m_axi_gmem2_0_ARQOS     |  out|    4|       m_axi|                                             gmem2|       pointer|
|m_axi_gmem2_0_ARREGION  |  out|    4|       m_axi|                                             gmem2|       pointer|
|m_axi_gmem2_0_ARUSER    |  out|    1|       m_axi|                                             gmem2|       pointer|
|m_axi_gmem2_0_RVALID    |   in|    1|       m_axi|                                             gmem2|       pointer|
|m_axi_gmem2_0_RREADY    |  out|    1|       m_axi|                                             gmem2|       pointer|
|m_axi_gmem2_0_RDATA     |   in|   16|       m_axi|                                             gmem2|       pointer|
|m_axi_gmem2_0_RLAST     |   in|    1|       m_axi|                                             gmem2|       pointer|
|m_axi_gmem2_0_RID       |   in|    1|       m_axi|                                             gmem2|       pointer|
|m_axi_gmem2_0_RFIFONUM  |   in|   10|       m_axi|                                             gmem2|       pointer|
|m_axi_gmem2_0_RUSER     |   in|    1|       m_axi|                                             gmem2|       pointer|
|m_axi_gmem2_0_RRESP     |   in|    2|       m_axi|                                             gmem2|       pointer|
|m_axi_gmem2_0_BVALID    |   in|    1|       m_axi|                                             gmem2|       pointer|
|m_axi_gmem2_0_BREADY    |  out|    1|       m_axi|                                             gmem2|       pointer|
|m_axi_gmem2_0_BRESP     |   in|    2|       m_axi|                                             gmem2|       pointer|
|m_axi_gmem2_0_BID       |   in|    1|       m_axi|                                             gmem2|       pointer|
|m_axi_gmem2_0_BUSER     |   in|    1|       m_axi|                                             gmem2|       pointer|
|sext_ln23               |   in|   63|     ap_none|                                         sext_ln23|        scalar|
|local_kernel_address0   |  out|    4|   ap_memory|                                      local_kernel|         array|
|local_kernel_ce0        |  out|    1|   ap_memory|                                      local_kernel|         array|
|local_kernel_we0        |  out|    1|   ap_memory|                                      local_kernel|         array|
|local_kernel_d0         |  out|   16|   ap_memory|                                      local_kernel|         array|
+------------------------+-----+-----+------------+--------------------------------------------------+--------------+

============================================================
+ Verbose Summary: Synthesis Manager
============================================================
InlineROM: 1
ExposeGlobal: 0
============================================================
+ Verbose Summary: CDFG Model
============================================================
IsTopModel: 0
ResetActiveHigh: 1
IsCombinational: 2
IsDatapathOnly: 2
HasWiredReturn: 1
HasMFsm: 2
HasVarLatency: 1
IsPipeline: 0
IsRtlPipelined: 0
IsInstanceOverlapped: 0
IsDontTouch: 0
HasImplIP: 0
IsGatedGlobalClock: 0

+ Individual pipeline summary: 
  * Pipeline-0: initiation interval (II) = 1, depth = 3


============================================================
+ Verbose Summary: Schedule
============================================================
* Number of FSM states : 3
* Pipeline : 1
  Pipeline-0 : II = 1, D = 3, States = { 1 2 3 }
* Dataflow Pipeline: 0

* FSM state transitions: 
1 --> 2 
2 --> 3 
3 --> 

* FSM state operations: 

State 1 <SV = 0> <Delay = 4.91>
ST_1 : Operation 6 [1/1] (0.00ns)   --->   "%j = alloca i32 1" [convbas.cpp:24]   --->   Operation 6 'alloca' 'j' <Predicate = true> <Delay = 0.00>
ST_1 : Operation 7 [1/1] (0.00ns)   --->   "%i = alloca i32 1" [convbas.cpp:23]   --->   Operation 7 'alloca' 'i' <Predicate = true> <Delay = 0.00>
ST_1 : Operation 8 [1/1] (0.00ns)   --->   "%indvar_flatten = alloca i32 1"   --->   Operation 8 'alloca' 'indvar_flatten' <Predicate = true> <Delay = 0.00>
ST_1 : Operation 9 [1/1] (0.00ns)   --->   "%sext_ln23_read = read i63 @_ssdm_op_Read.ap_auto.i63, i63 %sext_ln23"   --->   Operation 9 'read' 'sext_ln23_read' <Predicate = true> <Delay = 0.00>
ST_1 : Operation 10 [1/1] (0.00ns)   --->   "%sext_ln23_cast = sext i63 %sext_ln23_read"   --->   Operation 10 'sext' 'sext_ln23_cast' <Predicate = true> <Delay = 0.00>
ST_1 : Operation 11 [1/1] (0.00ns)   --->   "%specinterface_ln0 = specinterface void @_ssdm_op_SpecInterface, i16 %gmem2, void @empty, i32 0, i32 0, void @empty_0, i32 0, i32 0, void @empty_4, void @empty_2, void @empty_0, i32 16, i32 16, i32 16, i32 16, void @empty_0, void @empty_0, i32 4294967295, i32 0, i32 0"   --->   Operation 11 'specinterface' 'specinterface_ln0' <Predicate = true> <Delay = 0.00>
ST_1 : Operation 12 [1/1] (1.58ns)   --->   "%store_ln0 = store i4 0, i4 %indvar_flatten"   --->   Operation 12 'store' 'store_ln0' <Predicate = true> <Delay = 1.58>
ST_1 : Operation 13 [1/1] (1.58ns)   --->   "%store_ln23 = store i2 0, i2 %i" [convbas.cpp:23]   --->   Operation 13 'store' 'store_ln23' <Predicate = true> <Delay = 1.58>
ST_1 : Operation 14 [1/1] (1.58ns)   --->   "%store_ln24 = store i2 0, i2 %j" [convbas.cpp:24]   --->   Operation 14 'store' 'store_ln24' <Predicate = true> <Delay = 1.58>
ST_1 : Operation 15 [1/1] (0.00ns)   --->   "%br_ln0 = br void %for.inc"   --->   Operation 15 'br' 'br_ln0' <Predicate = true> <Delay = 0.00>
ST_1 : Operation 16 [1/1] (0.00ns)   --->   "%indvar_flatten_load = load i4 %indvar_flatten" [convbas.cpp:23]   --->   Operation 16 'load' 'indvar_flatten_load' <Predicate = true> <Delay = 0.00>
ST_1 : Operation 17 [1/1] (0.00ns)   --->   "%specbitsmap_ln0 = specbitsmap void @_ssdm_op_SpecBitsMap, i16 %gmem2"   --->   Operation 17 'specbitsmap' 'specbitsmap_ln0' <Predicate = true> <Delay = 0.00>
ST_1 : Operation 18 [1/1] (1.73ns)   --->   "%icmp_ln23 = icmp_eq  i4 %indvar_flatten_load, i4 9" [convbas.cpp:23]   --->   Operation 18 'icmp' 'icmp_ln23' <Predicate = true> <Delay = 1.73> <CoreInst = "Cmp">   --->   Core 9 'Cmp' <Latency = 0> <II = 1> <Delay = 1.73> <FuncUnit> <Opcode : 'seteq' 'setne' 'setle' 'setge' 'setlt' 'setgt'> <InPorts = 2> <OutPorts = 1>
ST_1 : Operation 19 [1/1] (1.73ns)   --->   "%add_ln23_1 = add i4 %indvar_flatten_load, i4 1" [convbas.cpp:23]   --->   Operation 19 'add' 'add_ln23_1' <Predicate = true> <Delay = 1.73> <CoreInst = "Adder">   --->   Core 1 'Adder' <Latency = 0> <II = 1> <Delay = 1.73> <FuncUnit> <Opcode : 'add' 'sub'> <InPorts = 2> <OutPorts = 1>
ST_1 : Operation 20 [1/1] (0.00ns)   --->   "%br_ln23 = br i1 %icmp_ln23, void %for.inc9, void %VITIS_LOOP_31_3.exitStub" [convbas.cpp:23]   --->   Operation 20 'br' 'br_ln23' <Predicate = true> <Delay = 0.00>
ST_1 : Operation 21 [1/1] (1.58ns)   --->   "%store_ln23 = store i4 %add_ln23_1, i4 %indvar_flatten" [convbas.cpp:23]   --->   Operation 21 'store' 'store_ln23' <Predicate = (!icmp_ln23)> <Delay = 1.58>

State 2 <SV = 1> <Delay = 7.30>
ST_2 : Operation 22 [1/1] (0.00ns)   --->   "%j_load = load i2 %j" [convbas.cpp:24]   --->   Operation 22 'load' 'j_load' <Predicate = true> <Delay = 0.00>
ST_2 : Operation 23 [1/1] (0.00ns)   --->   "%i_load = load i2 %i" [convbas.cpp:23]   --->   Operation 23 'load' 'i_load' <Predicate = true> <Delay = 0.00>
ST_2 : Operation 24 [1/1] (0.00ns)   --->   "%gmem2_addr = getelementptr i16 %gmem2, i64 %sext_ln23_cast" [convbas.cpp:23]   --->   Operation 24 'getelementptr' 'gmem2_addr' <Predicate = true> <Delay = 0.00>
ST_2 : Operation 25 [1/1] (1.56ns)   --->   "%add_ln23 = add i2 %i_load, i2 1" [convbas.cpp:23]   --->   Operation 25 'add' 'add_ln23' <Predicate = true> <Delay = 1.56> <CoreInst = "Adder">   --->   Core 1 'Adder' <Latency = 0> <II = 1> <Delay = 1.56> <FuncUnit> <Opcode : 'add' 'sub'> <InPorts = 2> <OutPorts = 1>
ST_2 : Operation 26 [1/1] (1.56ns)   --->   "%icmp_ln24 = icmp_eq  i2 %j_load, i2 3" [convbas.cpp:24]   --->   Operation 26 'icmp' 'icmp_ln24' <Predicate = true> <Delay = 1.56> <CoreInst = "Cmp">   --->   Core 9 'Cmp' <Latency = 0> <II = 1> <Delay = 1.56> <FuncUnit> <Opcode : 'seteq' 'setne' 'setle' 'setge' 'setlt' 'setgt'> <InPorts = 2> <OutPorts = 1>
ST_2 : Operation 27 [1/1] (0.99ns)   --->   "%select_ln23 = select i1 %icmp_ln24, i2 0, i2 %j_load" [convbas.cpp:23]   --->   Operation 27 'select' 'select_ln23' <Predicate = true> <Delay = 0.99> <CoreInst = "Sel">   --->   Core 73 'Sel' <Latency = 0> <II = 1> <Delay = 0.99> <FuncUnit> <Opcode : 'select'> <InPorts = 3> <OutPorts = 1>
ST_2 : Operation 28 [1/1] (0.99ns)   --->   "%select_ln23_1 = select i1 %icmp_ln24, i2 %add_ln23, i2 %i_load" [convbas.cpp:23]   --->   Operation 28 'select' 'select_ln23_1' <Predicate = true> <Delay = 0.99> <CoreInst = "Sel">   --->   Core 73 'Sel' <Latency = 0> <II = 1> <Delay = 0.99> <FuncUnit> <Opcode : 'select'> <InPorts = 3> <OutPorts = 1>
ST_2 : Operation 29 [1/1] (7.30ns)   --->   "%gmem2_addr_read = read i16 @_ssdm_op_Read.m_axi.p1i16, i64 %gmem2_addr" [convbas.cpp:25]   --->   Operation 29 'read' 'gmem2_addr_read' <Predicate = true> <Delay = 7.30> <CoreInst = "m_axi">   --->   Core 111 'm_axi' <Latency = 3> <II = 1> <Delay = 1.00> <Adapter> <Opcode : 'read' 'write' 'readreq' 'writereq' 'writeresp'>
ST_2 : Operation 30 [1/1] (1.56ns)   --->   "%add_ln24 = add i2 %select_ln23, i2 1" [convbas.cpp:24]   --->   Operation 30 'add' 'add_ln24' <Predicate = true> <Delay = 1.56> <CoreInst = "Adder">   --->   Core 1 'Adder' <Latency = 0> <II = 1> <Delay = 1.56> <FuncUnit> <Opcode : 'add' 'sub'> <InPorts = 2> <OutPorts = 1>
ST_2 : Operation 31 [1/1] (1.58ns)   --->   "%store_ln23 = store i2 %select_ln23_1, i2 %i" [convbas.cpp:23]   --->   Operation 31 'store' 'store_ln23' <Predicate = true> <Delay = 1.58>
ST_2 : Operation 32 [1/1] (1.58ns)   --->   "%store_ln24 = store i2 %add_ln24, i2 %j" [convbas.cpp:24]   --->   Operation 32 'store' 'store_ln24' <Predicate = true> <Delay = 1.58>
ST_2 : Operation 45 [1/1] (1.58ns)   --->   "%ret_ln0 = ret"   --->   Operation 45 'ret' 'ret_ln0' <Predicate = (icmp_ln23)> <Delay = 1.58>

State 3 <SV = 2> <Delay = 5.63>
ST_3 : Operation 33 [1/1] (0.00ns)   --->   "%specloopname_ln0 = specloopname void @_ssdm_op_SpecLoopName, void @VITIS_LOOP_23_1_VITIS_LOOP_24_2_str"   --->   Operation 33 'specloopname' 'specloopname_ln0' <Predicate = true> <Delay = 0.00>
ST_3 : Operation 34 [1/1] (0.00ns)   --->   "%speclooptripcount_ln0 = speclooptripcount void @_ssdm_op_SpecLoopTripCount, i64 9, i64 9, i64 9"   --->   Operation 34 'speclooptripcount' 'speclooptripcount_ln0' <Predicate = true> <Delay = 0.00>
ST_3 : Operation 35 [1/1] (0.00ns)   --->   "%zext_ln25 = zext i2 %select_ln23_1" [convbas.cpp:25]   --->   Operation 35 'zext' 'zext_ln25' <Predicate = true> <Delay = 0.00>
ST_3 : Operation 36 [1/1] (0.00ns)   --->   "%p_shl = bitconcatenate i4 @_ssdm_op_BitConcatenate.i4.i2.i2, i2 %select_ln23_1, i2 0" [convbas.cpp:25]   --->   Operation 36 'bitconcatenate' 'p_shl' <Predicate = true> <Delay = 0.00>
ST_3 : Operation 37 [1/1] (0.00ns) (grouped into TernaryAdder)   --->   "%sub_ln25 = sub i4 %p_shl, i4 %zext_ln25" [convbas.cpp:25]   --->   Operation 37 'sub' 'sub_ln25' <Predicate = true> <Delay = 0.00> <CoreInst = "TAddSub">   --->   Core 10 'TAddSub' <Latency = 0> <II = 1> <Delay = 1.65> <IPBlock> <Opcode : 'add' 'sub'> <InPorts = 3> <OutPorts = 1> <Sync> <CReg>
ST_3 : Operation 38 [1/1] (0.00ns)   --->   "%zext_ln25_1 = zext i2 %select_ln23" [convbas.cpp:25]   --->   Operation 38 'zext' 'zext_ln25_1' <Predicate = true> <Delay = 0.00>
ST_3 : Operation 39 [1/1] (3.31ns) (root node of TernaryAdder)   --->   "%add_ln25 = add i4 %sub_ln25, i4 %zext_ln25_1" [convbas.cpp:25]   --->   Operation 39 'add' 'add_ln25' <Predicate = true> <Delay = 3.31> <CoreInst = "TAddSub">   --->   Core 10 'TAddSub' <Latency = 0> <II = 1> <Delay = 1.65> <IPBlock> <Opcode : 'add' 'sub'> <InPorts = 3> <OutPorts = 1> <Sync> <CReg>
ST_3 : Operation 40 [1/1] (0.00ns)   --->   "%zext_ln25_2 = zext i4 %add_ln25" [convbas.cpp:25]   --->   Operation 40 'zext' 'zext_ln25_2' <Predicate = true> <Delay = 0.00>
ST_3 : Operation 41 [1/1] (0.00ns)   --->   "%local_kernel_addr = getelementptr i16 %local_kernel, i64 0, i64 %zext_ln25_2" [convbas.cpp:25]   --->   Operation 41 'getelementptr' 'local_kernel_addr' <Predicate = true> <Delay = 0.00>
ST_3 : Operation 42 [1/1] (0.00ns)   --->   "%specpipeline_ln24 = specpipeline void @_ssdm_op_SpecPipeline, i32 4294967295, i32 0, i32 0, i32 0, void @empty_0" [convbas.cpp:24]   --->   Operation 42 'specpipeline' 'specpipeline_ln24' <Predicate = true> <Delay = 0.00>
ST_3 : Operation 43 [1/1] ( I:2.32ns O:2.32ns )   --->   "%store_ln25 = store i16 %gmem2_addr_read, i4 %local_kernel_addr" [convbas.cpp:25]   --->   Operation 43 'store' 'store_ln25' <Predicate = true> <Delay = 2.32> <CoreInst = "RAM">   --->   Core 81 'RAM' <Latency = 1> <II = 1> <Delay = 2.32> <Storage> <Opcode : 'load' 'store'> <Ports = 2> <Width = 16> <Depth = 9> <RAM>
ST_3 : Operation 44 [1/1] (0.00ns)   --->   "%br_ln24 = br void %for.inc" [convbas.cpp:24]   --->   Operation 44 'br' 'br_ln24' <Predicate = true> <Delay = 0.00>


============================================================
+ Verbose Summary: Binding
============================================================
STG Binding: 
---------------- STG Properties BEGIN ----------------
- Is combinational: 0
- Is one-state seq: 0
- Is datapath-only: 0
- Is pipelined: 0
- Is top level: 0
Port [ Return ] is wired: 1; IO mode=ap_ctrl_hs:ce=0
Port [ gmem2]:  wired=1; compound=1; hidden=0; nouse=0; global=0; static=0; extern=0; dir=0; type=4; pingpong=0; private_global=0; IO mode=m_axi:ce=0
Port [ sext_ln23]:  wired=1; compound=0; hidden=0; nouse=0; global=0; static=0; extern=0; dir=0; type=0; pingpong=0; private_global=0; IO mode=ap_none:ce=0
Port [ local_kernel]:  wired=1; compound=1; hidden=0; nouse=0; global=0; static=0; extern=0; dir=1; type=1; pingpong=0; private_global=0; MemPort=[03]; IO mode=ap_memory:ce=0
---------------- STG Properties END ------------------

---------------- Datapath Model BEGIN ----------------

<LifeTime>
<method=bitvector/>
j                     (alloca           ) [ 0110]
i                     (alloca           ) [ 0110]
indvar_flatten        (alloca           ) [ 0100]
sext_ln23_read        (read             ) [ 0000]
sext_ln23_cast        (sext             ) [ 0110]
specinterface_ln0     (specinterface    ) [ 0000]
store_ln0             (store            ) [ 0000]
store_ln23            (store            ) [ 0000]
store_ln24            (store            ) [ 0000]
br_ln0                (br               ) [ 0000]
indvar_flatten_load   (load             ) [ 0000]
specbitsmap_ln0       (specbitsmap      ) [ 0000]
icmp_ln23             (icmp             ) [ 0110]
add_ln23_1            (add              ) [ 0000]
br_ln23               (br               ) [ 0000]
store_ln23            (store            ) [ 0000]
j_load                (load             ) [ 0000]
i_load                (load             ) [ 0000]
gmem2_addr            (getelementptr    ) [ 0000]
add_ln23              (add              ) [ 0000]
icmp_ln24             (icmp             ) [ 0000]
select_ln23           (select           ) [ 0101]
select_ln23_1         (select           ) [ 0101]
gmem2_addr_read       (read             ) [ 0101]
add_ln24              (add              ) [ 0000]
store_ln23            (store            ) [ 0000]
store_ln24            (store            ) [ 0000]
specloopname_ln0      (specloopname     ) [ 0000]
speclooptripcount_ln0 (speclooptripcount) [ 0000]
zext_ln25             (zext             ) [ 0000]
p_shl                 (bitconcatenate   ) [ 0000]
sub_ln25              (sub              ) [ 0000]
zext_ln25_1           (zext             ) [ 0000]
add_ln25              (add              ) [ 0000]
zext_ln25_2           (zext             ) [ 0000]
local_kernel_addr     (getelementptr    ) [ 0000]
specpipeline_ln24     (specpipeline     ) [ 0000]
store_ln25            (store            ) [ 0000]
br_ln24               (br               ) [ 0000]
ret_ln0               (ret              ) [ 0000]
</LifeTime>

<model>

<comp_list>
<comp id="0" class="1000" name="gmem2">
<pin_list>
<pin id="1" dir="1" index="0" bw="1" slack="0"/>
</pin_list>
<bind>
<StgValue><ssdm name="gmem2"/><MemPortTyVec>0 </MemPortTyVec>
</StgValue>
</bind>
</comp>

<comp id="2" class="1000" name="sext_ln23">
<pin_list>
<pin id="3" dir="1" index="0" bw="1" slack="0"/>
</pin_list>
<bind>
<StgValue><ssdm name="sext_ln23"/></StgValue>
</bind>
</comp>

<comp id="4" class="1000" name="local_kernel">
<pin_list>
<pin id="5" dir="1" index="0" bw="1" slack="0"/>
</pin_list>
<bind>
<StgValue><ssdm name="local_kernel"/><MemPortTyVec>0 3 </MemPortTyVec>
</StgValue>
</bind>
</comp>

<comp id="6" class="1001" name="const_6">
<pin_list>
<pin id="7" dir="1" index="0" bw="1" slack="0"/>
</pin_list>
<bind>
<StgValue><ssdm name=""/></StgValue>
</bind>
</comp>

<comp id="8" class="1001" name="const_8">
<pin_list>
<pin id="9" dir="1" index="0" bw="1" slack="0"/>
</pin_list>
<bind>
<StgValue><ssdm name="_ssdm_op_Read.ap_auto.i63"/></StgValue>
</bind>
</comp>

<comp id="10" class="1001" name="const_10">
<pin_list>
<pin id="11" dir="1" index="0" bw="1" slack="2147483647"/>
</pin_list>
<bind>
<StgValue><ssdm name="_ssdm_op_SpecInterface"/></StgValue>
</bind>
</comp>

<comp id="12" class="1001" name="const_12">
<pin_list>
<pin id="13" dir="1" index="0" bw="1" slack="2147483647"/>
</pin_list>
<bind>
<StgValue><ssdm name="empty"/></StgValue>
</bind>
</comp>

<comp id="14" class="1001" name="const_14">
<pin_list>
<pin id="15" dir="1" index="0" bw="1" slack="2147483647"/>
</pin_list>
<bind>
<StgValue><ssdm name=""/></StgValue>
</bind>
</comp>

<comp id="16" class="1001" name="const_16">
<pin_list>
<pin id="17" dir="1" index="0" bw="1" slack="2147483647"/>
</pin_list>
<bind>
<StgValue><ssdm name="empty_0"/></StgValue>
</bind>
</comp>

<comp id="18" class="1001" name="const_18">
<pin_list>
<pin id="19" dir="1" index="0" bw="1" slack="2147483647"/>
</pin_list>
<bind>
<StgValue><ssdm name="empty_4"/></StgValue>
</bind>
</comp>

<comp id="20" class="1001" name="const_20">
<pin_list>
<pin id="21" dir="1" index="0" bw="1" slack="2147483647"/>
</pin_list>
<bind>
<StgValue><ssdm name="empty_2"/></StgValue>
</bind>
</comp>

<comp id="22" class="1001" name="const_22">
<pin_list>
<pin id="23" dir="1" index="0" bw="1" slack="2147483647"/>
</pin_list>
<bind>
<StgValue><ssdm name=""/></StgValue>
</bind>
</comp>

<comp id="24" class="1001" name="const_24">
<pin_list>
<pin id="25" dir="1" index="0" bw="1" slack="2147483647"/>
</pin_list>
<bind>
<StgValue><ssdm name=""/></StgValue>
</bind>
</comp>

<comp id="26" class="1001" name="const_26">
<pin_list>
<pin id="27" dir="1" index="0" bw="1" slack="0"/>
</pin_list>
<bind>
<StgValue><ssdm name=""/></StgValue>
</bind>
</comp>

<comp id="28" class="1001" name="const_28">
<pin_list>
<pin id="29" dir="1" index="0" bw="1" slack="0"/>
</pin_list>
<bind>
<StgValue><ssdm name=""/></StgValue>
</bind>
</comp>

<comp id="30" class="1001" name="const_30">
<pin_list>
<pin id="31" dir="1" index="0" bw="1" slack="2147483647"/>
</pin_list>
<bind>
<StgValue><ssdm name="_ssdm_op_SpecBitsMap"/></StgValue>
</bind>
</comp>

<comp id="32" class="1001" name="const_32">
<pin_list>
<pin id="33" dir="1" index="0" bw="1" slack="0"/>
</pin_list>
<bind>
<StgValue><ssdm name=""/></StgValue>
</bind>
</comp>

<comp id="34" class="1001" name="const_34">
<pin_list>
<pin id="35" dir="1" index="0" bw="1" slack="0"/>
</pin_list>
<bind>
<StgValue><ssdm name=""/></StgValue>
</bind>
</comp>

<comp id="36" class="1001" name="const_36">
<pin_list>
<pin id="37" dir="1" index="0" bw="1" slack="0"/>
</pin_list>
<bind>
<StgValue><ssdm name=""/></StgValue>
</bind>
</comp>

<comp id="38" class="1001" name="const_38">
<pin_list>
<pin id="39" dir="1" index="0" bw="1" slack="0"/>
</pin_list>
<bind>
<StgValue><ssdm name=""/></StgValue>
</bind>
</comp>

<comp id="40" class="1001" name="const_40">
<pin_list>
<pin id="41" dir="1" index="0" bw="1" slack="0"/>
</pin_list>
<bind>
<StgValue><ssdm name="_ssdm_op_Read.m_axi.p1i16"/></StgValue>
</bind>
</comp>

<comp id="42" class="1001" name="const_42">
<pin_list>
<pin id="43" dir="1" index="0" bw="1" slack="2147483647"/>
</pin_list>
<bind>
<StgValue><ssdm name="_ssdm_op_SpecLoopName"/></StgValue>
</bind>
</comp>

<comp id="44" class="1001" name="const_44">
<pin_list>
<pin id="45" dir="1" index="0" bw="1" slack="2147483647"/>
</pin_list>
<bind>
<StgValue><ssdm name="VITIS_LOOP_23_1_VITIS_LOOP_24_2_str"/></StgValue>
</bind>
</comp>

<comp id="46" class="1001" name="const_46">
<pin_list>
<pin id="47" dir="1" index="0" bw="1" slack="2147483647"/>
</pin_list>
<bind>
<StgValue><ssdm name="_ssdm_op_SpecLoopTripCount"/></StgValue>
</bind>
</comp>

<comp id="48" class="1001" name="const_48">
<pin_list>
<pin id="49" dir="1" index="0" bw="1" slack="2147483647"/>
</pin_list>
<bind>
<StgValue><ssdm name=""/></StgValue>
</bind>
</comp>

<comp id="50" class="1001" name="const_50">
<pin_list>
<pin id="51" dir="1" index="0" bw="1" slack="0"/>
</pin_list>
<bind>
<StgValue><ssdm name="_ssdm_op_BitConcatenate.i4.i2.i2"/></StgValue>
</bind>
</comp>

<comp id="52" class="1001" name="const_52">
<pin_list>
<pin id="53" dir="1" index="0" bw="1" slack="0"/>
</pin_list>
<bind>
<StgValue><ssdm name=""/></StgValue>
</bind>
</comp>

<comp id="54" class="1001" name="const_54">
<pin_list>
<pin id="55" dir="1" index="0" bw="1" slack="2147483647"/>
</pin_list>
<bind>
<StgValue><ssdm name="_ssdm_op_SpecPipeline"/></StgValue>
</bind>
</comp>

<comp id="56" class="1004" name="j_fu_56">
<pin_list>
<pin id="57" dir="0" index="0" bw="1" slack="0"/>
<pin id="58" dir="1" index="1" bw="2" slack="0"/>
</pin_list>
<bind>
<opcode="alloca(26) " fcode="alloca"/>
<opset="j/1 "/>
</bind>
</comp>

<comp id="60" class="1004" name="i_fu_60">
<pin_list>
<pin id="61" dir="0" index="0" bw="1" slack="0"/>
<pin id="62" dir="1" index="1" bw="2" slack="0"/>
</pin_list>
<bind>
<opcode="alloca(26) " fcode="alloca"/>
<opset="i/1 "/>
</bind>
</comp>

<comp id="64" class="1004" name="indvar_flatten_fu_64">
<pin_list>
<pin id="65" dir="0" index="0" bw="1" slack="0"/>
<pin id="66" dir="1" index="1" bw="4" slack="0"/>
</pin_list>
<bind>
<opcode="alloca(26) " fcode="alloca"/>
<opset="indvar_flatten/1 "/>
</bind>
</comp>

<comp id="68" class="1004" name="sext_ln23_read_read_fu_68">
<pin_list>
<pin id="69" dir="0" index="0" bw="63" slack="0"/>
<pin id="70" dir="0" index="1" bw="63" slack="0"/>
<pin id="71" dir="1" index="2" bw="63" slack="0"/>
</pin_list>
<bind>
<opcode="read(1150) " fcode="read"/>
<opset="sext_ln23_read/1 "/>
</bind>
</comp>

<comp id="74" class="1004" name="local_kernel_addr_gep_fu_74">
<pin_list>
<pin id="75" dir="0" index="0" bw="16" slack="0"/>
<pin id="76" dir="0" index="1" bw="1" slack="0"/>
<pin id="77" dir="0" index="2" bw="4" slack="0"/>
<pin id="78" dir="1" index="3" bw="4" slack="0"/>
</pin_list>
<bind>
<opcode="getelementptr(29) " fcode="getelementptr"/>
<opset="local_kernel_addr/3 "/>
</bind>
</comp>

<comp id="81" class="1004" name="store_ln25_access_fu_81">
<pin_list>
<pin id="82" dir="0" index="0" bw="4" slack="0"/>
<pin id="83" dir="0" index="1" bw="16" slack="1"/>
<pin id="84" dir="0" index="2" bw="0" slack="2147483647"/>
<pin id="85" dir="1" index="3" bw="16" slack="2147483647"/>
</pin_list>
<bind>
<opcode="store(28) " fcode="store"/>
<opset="store_ln25/3 "/>
</bind>
</comp>

<comp id="87" class="1004" name="gmem2_addr_read_read_fu_87">
<pin_list>
<pin id="88" dir="0" index="0" bw="16" slack="0"/>
<pin id="89" dir="0" index="1" bw="16" slack="0"/>
<pin id="90" dir="1" index="2" bw="16" slack="1"/>
</pin_list>
<bind>
<opcode="read(1150) " fcode="read"/>
<opset="gmem2_addr_read/2 "/>
</bind>
</comp>

<comp id="92" class="1004" name="sext_ln23_cast_fu_92">
<pin_list>
<pin id="93" dir="0" index="0" bw="63" slack="0"/>
<pin id="94" dir="1" index="1" bw="64" slack="1"/>
</pin_list>
<bind>
<opcode="sext(35) " fcode="sext"/>
<opset="sext_ln23_cast/1 "/>
</bind>
</comp>

<comp id="96" class="1004" name="store_ln0_store_fu_96">
<pin_list>
<pin id="97" dir="0" index="0" bw="1" slack="0"/>
<pin id="98" dir="0" index="1" bw="4" slack="0"/>
<pin id="99" dir="1" index="2" bw="0" slack="2147483647"/>
</pin_list>
<bind>
<opcode="store(28) " fcode="store"/>
<opset="store_ln0/1 "/>
</bind>
</comp>

<comp id="101" class="1004" name="store_ln23_store_fu_101">
<pin_list>
<pin id="102" dir="0" index="0" bw="1" slack="0"/>
<pin id="103" dir="0" index="1" bw="2" slack="0"/>
<pin id="104" dir="1" index="2" bw="0" slack="2147483647"/>
</pin_list>
<bind>
<opcode="store(28) " fcode="store"/>
<opset="store_ln23/1 "/>
</bind>
</comp>

<comp id="106" class="1004" name="store_ln24_store_fu_106">
<pin_list>
<pin id="107" dir="0" index="0" bw="1" slack="0"/>
<pin id="108" dir="0" index="1" bw="2" slack="0"/>
<pin id="109" dir="1" index="2" bw="0" slack="2147483647"/>
</pin_list>
<bind>
<opcode="store(28) " fcode="store"/>
<opset="store_ln24/1 "/>
</bind>
</comp>

<comp id="111" class="1004" name="indvar_flatten_load_load_fu_111">
<pin_list>
<pin id="112" dir="0" index="0" bw="4" slack="0"/>
<pin id="113" dir="1" index="1" bw="4" slack="0"/>
</pin_list>
<bind>
<opcode="load(27) " fcode="load"/>
<opset="indvar_flatten_load/1 "/>
</bind>
</comp>

<comp id="114" class="1004" name="icmp_ln23_fu_114">
<pin_list>
<pin id="115" dir="0" index="0" bw="4" slack="0"/>
<pin id="116" dir="0" index="1" bw="4" slack="0"/>
<pin id="117" dir="1" index="2" bw="1" slack="1"/>
</pin_list>
<bind>
<opcode="icmp(45) " fcode="icmp"/>
<opset="icmp_ln23/1 "/>
</bind>
</comp>

<comp id="120" class="1004" name="add_ln23_1_fu_120">
<pin_list>
<pin id="121" dir="0" index="0" bw="4" slack="0"/>
<pin id="122" dir="0" index="1" bw="1" slack="0"/>
<pin id="123" dir="1" index="2" bw="4" slack="0"/>
</pin_list>
<bind>
<opcode="add(8) " fcode="add"/>
<opset="add_ln23_1/1 "/>
</bind>
</comp>

<comp id="126" class="1004" name="store_ln23_store_fu_126">
<pin_list>
<pin id="127" dir="0" index="0" bw="4" slack="0"/>
<pin id="128" dir="0" index="1" bw="4" slack="0"/>
<pin id="129" dir="1" index="2" bw="0" slack="2147483647"/>
</pin_list>
<bind>
<opcode="store(28) " fcode="store"/>
<opset="store_ln23/1 "/>
</bind>
</comp>

<comp id="131" class="1004" name="j_load_load_fu_131">
<pin_list>
<pin id="132" dir="0" index="0" bw="2" slack="1"/>
<pin id="133" dir="1" index="1" bw="2" slack="0"/>
</pin_list>
<bind>
<opcode="load(27) " fcode="load"/>
<opset="j_load/2 "/>
</bind>
</comp>

<comp id="134" class="1004" name="i_load_load_fu_134">
<pin_list>
<pin id="135" dir="0" index="0" bw="2" slack="1"/>
<pin id="136" dir="1" index="1" bw="2" slack="0"/>
</pin_list>
<bind>
<opcode="load(27) " fcode="load"/>
<opset="i_load/2 "/>
</bind>
</comp>

<comp id="137" class="1004" name="gmem2_addr_fu_137">
<pin_list>
<pin id="138" dir="0" index="0" bw="64" slack="0"/>
<pin id="139" dir="0" index="1" bw="64" slack="1"/>
<pin id="140" dir="1" index="2" bw="64" slack="0"/>
</pin_list>
<bind>
<opcode="getelementptr(29) " fcode="getelementptr"/>
<opset="gmem2_addr/2 "/>
</bind>
</comp>

<comp id="143" class="1004" name="add_ln23_fu_143">
<pin_list>
<pin id="144" dir="0" index="0" bw="2" slack="0"/>
<pin id="145" dir="0" index="1" bw="1" slack="0"/>
<pin id="146" dir="1" index="2" bw="2" slack="0"/>
</pin_list>
<bind>
<opcode="add(8) " fcode="add"/>
<opset="add_ln23/2 "/>
</bind>
</comp>

<comp id="149" class="1004" name="icmp_ln24_fu_149">
<pin_list>
<pin id="150" dir="0" index="0" bw="2" slack="0"/>
<pin id="151" dir="0" index="1" bw="2" slack="0"/>
<pin id="152" dir="1" index="2" bw="1" slack="0"/>
</pin_list>
<bind>
<opcode="icmp(45) " fcode="icmp"/>
<opset="icmp_ln24/2 "/>
</bind>
</comp>

<comp id="155" class="1004" name="select_ln23_fu_155">
<pin_list>
<pin id="156" dir="0" index="0" bw="1" slack="0"/>
<pin id="157" dir="0" index="1" bw="2" slack="0"/>
<pin id="158" dir="0" index="2" bw="2" slack="0"/>
<pin id="159" dir="1" index="3" bw="2" slack="0"/>
</pin_list>
<bind>
<opcode="select(49) " fcode="select"/>
<opset="select_ln23/2 "/>
</bind>
</comp>

<comp id="163" class="1004" name="select_ln23_1_fu_163">
<pin_list>
<pin id="164" dir="0" index="0" bw="1" slack="0"/>
<pin id="165" dir="0" index="1" bw="2" slack="0"/>
<pin id="166" dir="0" index="2" bw="2" slack="0"/>
<pin id="167" dir="1" index="3" bw="2" slack="0"/>
</pin_list>
<bind>
<opcode="select(49) " fcode="select"/>
<opset="select_ln23_1/2 "/>
</bind>
</comp>

<comp id="171" class="1004" name="add_ln24_fu_171">
<pin_list>
<pin id="172" dir="0" index="0" bw="2" slack="0"/>
<pin id="173" dir="0" index="1" bw="1" slack="0"/>
<pin id="174" dir="1" index="2" bw="2" slack="0"/>
</pin_list>
<bind>
<opcode="add(8) " fcode="add"/>
<opset="add_ln24/2 "/>
</bind>
</comp>

<comp id="177" class="1004" name="store_ln23_store_fu_177">
<pin_list>
<pin id="178" dir="0" index="0" bw="2" slack="0"/>
<pin id="179" dir="0" index="1" bw="2" slack="1"/>
<pin id="180" dir="1" index="2" bw="0" slack="2147483647"/>
</pin_list>
<bind>
<opcode="store(28) " fcode="store"/>
<opset="store_ln23/2 "/>
</bind>
</comp>

<comp id="182" class="1004" name="store_ln24_store_fu_182">
<pin_list>
<pin id="183" dir="0" index="0" bw="2" slack="0"/>
<pin id="184" dir="0" index="1" bw="2" slack="1"/>
<pin id="185" dir="1" index="2" bw="0" slack="2147483647"/>
</pin_list>
<bind>
<opcode="store(28) " fcode="store"/>
<opset="store_ln24/2 "/>
</bind>
</comp>

<comp id="187" class="1004" name="zext_ln25_fu_187">
<pin_list>
<pin id="188" dir="0" index="0" bw="2" slack="1"/>
<pin id="189" dir="1" index="1" bw="4" slack="0"/>
</pin_list>
<bind>
<opcode="zext(34) " fcode="zext"/>
<opset="zext_ln25/3 "/>
</bind>
</comp>

<comp id="190" class="1004" name="p_shl_fu_190">
<pin_list>
<pin id="191" dir="0" index="0" bw="4" slack="0"/>
<pin id="192" dir="0" index="1" bw="2" slack="1"/>
<pin id="193" dir="0" index="2" bw="1" slack="0"/>
<pin id="194" dir="1" index="3" bw="4" slack="0"/>
</pin_list>
<bind>
<opcode="bitconcatenate(1004) " fcode="bitconcatenate"/>
<opset="p_shl/3 "/>
</bind>
</comp>

<comp id="197" class="1004" name="sub_ln25_fu_197">
<pin_list>
<pin id="198" dir="0" index="0" bw="4" slack="0"/>
<pin id="199" dir="0" index="1" bw="2" slack="0"/>
<pin id="200" dir="1" index="2" bw="4" slack="0"/>
</pin_list>
<bind>
<opcode="sub(10) " fcode="sub"/>
<opset="sub_ln25/3 "/>
</bind>
</comp>

<comp id="203" class="1004" name="zext_ln25_1_fu_203">
<pin_list>
<pin id="204" dir="0" index="0" bw="2" slack="1"/>
<pin id="205" dir="1" index="1" bw="4" slack="0"/>
</pin_list>
<bind>
<opcode="zext(34) " fcode="zext"/>
<opset="zext_ln25_1/3 "/>
</bind>
</comp>

<comp id="206" class="1004" name="add_ln25_fu_206">
<pin_list>
<pin id="207" dir="0" index="0" bw="4" slack="0"/>
<pin id="208" dir="0" index="1" bw="2" slack="0"/>
<pin id="209" dir="1" index="2" bw="4" slack="0"/>
</pin_list>
<bind>
<opcode="add(8) " fcode="add"/>
<opset="add_ln25/3 "/>
</bind>
</comp>

<comp id="212" class="1004" name="zext_ln25_2_fu_212">
<pin_list>
<pin id="213" dir="0" index="0" bw="4" slack="0"/>
<pin id="214" dir="1" index="1" bw="64" slack="0"/>
</pin_list>
<bind>
<opcode="zext(34) " fcode="zext"/>
<opset="zext_ln25_2/3 "/>
</bind>
</comp>

<comp id="217" class="1005" name="j_reg_217">
<pin_list>
<pin id="218" dir="0" index="0" bw="2" slack="0"/>
<pin id="219" dir="1" index="1" bw="2" slack="0"/>
</pin_list>
<bind>
<opset="j "/>
</bind>
</comp>

<comp id="224" class="1005" name="i_reg_224">
<pin_list>
<pin id="225" dir="0" index="0" bw="2" slack="0"/>
<pin id="226" dir="1" index="1" bw="2" slack="0"/>
</pin_list>
<bind>
<opset="i "/>
</bind>
</comp>

<comp id="231" class="1005" name="indvar_flatten_reg_231">
<pin_list>
<pin id="232" dir="0" index="0" bw="4" slack="0"/>
<pin id="233" dir="1" index="1" bw="4" slack="0"/>
</pin_list>
<bind>
<opset="indvar_flatten "/>
</bind>
</comp>

<comp id="238" class="1005" name="sext_ln23_cast_reg_238">
<pin_list>
<pin id="239" dir="0" index="0" bw="64" slack="1"/>
<pin id="240" dir="1" index="1" bw="64" slack="1"/>
</pin_list>
<bind>
<opset="sext_ln23_cast "/>
</bind>
</comp>

<comp id="243" class="1005" name="icmp_ln23_reg_243">
<pin_list>
<pin id="244" dir="0" index="0" bw="1" slack="1"/>
<pin id="245" dir="1" index="1" bw="1" slack="2147483647"/>
</pin_list>
<bind>
<opset="icmp_ln23 "/>
</bind>
</comp>

<comp id="247" class="1005" name="select_ln23_reg_247">
<pin_list>
<pin id="248" dir="0" index="0" bw="2" slack="1"/>
<pin id="249" dir="1" index="1" bw="2" slack="1"/>
</pin_list>
<bind>
<opset="select_ln23 "/>
</bind>
</comp>

<comp id="252" class="1005" name="select_ln23_1_reg_252">
<pin_list>
<pin id="253" dir="0" index="0" bw="2" slack="1"/>
<pin id="254" dir="1" index="1" bw="2" slack="1"/>
</pin_list>
<bind>
<opset="select_ln23_1 "/>
</bind>
</comp>

<comp id="258" class="1005" name="gmem2_addr_read_reg_258">
<pin_list>
<pin id="259" dir="0" index="0" bw="16" slack="1"/>
<pin id="260" dir="1" index="1" bw="16" slack="1"/>
</pin_list>
<bind>
<opset="gmem2_addr_read "/>
</bind>
</comp>

</comp_list>

<net_list>
<net id="59"><net_src comp="6" pin="0"/><net_sink comp="56" pin=0"/></net>

<net id="63"><net_src comp="6" pin="0"/><net_sink comp="60" pin=0"/></net>

<net id="67"><net_src comp="6" pin="0"/><net_sink comp="64" pin=0"/></net>

<net id="72"><net_src comp="8" pin="0"/><net_sink comp="68" pin=0"/></net>

<net id="73"><net_src comp="2" pin="0"/><net_sink comp="68" pin=1"/></net>

<net id="79"><net_src comp="4" pin="0"/><net_sink comp="74" pin=0"/></net>

<net id="80"><net_src comp="52" pin="0"/><net_sink comp="74" pin=1"/></net>

<net id="86"><net_src comp="74" pin="3"/><net_sink comp="81" pin=0"/></net>

<net id="91"><net_src comp="40" pin="0"/><net_sink comp="87" pin=0"/></net>

<net id="95"><net_src comp="68" pin="2"/><net_sink comp="92" pin=0"/></net>

<net id="100"><net_src comp="26" pin="0"/><net_sink comp="96" pin=0"/></net>

<net id="105"><net_src comp="28" pin="0"/><net_sink comp="101" pin=0"/></net>

<net id="110"><net_src comp="28" pin="0"/><net_sink comp="106" pin=0"/></net>

<net id="118"><net_src comp="111" pin="1"/><net_sink comp="114" pin=0"/></net>

<net id="119"><net_src comp="32" pin="0"/><net_sink comp="114" pin=1"/></net>

<net id="124"><net_src comp="111" pin="1"/><net_sink comp="120" pin=0"/></net>

<net id="125"><net_src comp="34" pin="0"/><net_sink comp="120" pin=1"/></net>

<net id="130"><net_src comp="120" pin="2"/><net_sink comp="126" pin=0"/></net>

<net id="141"><net_src comp="0" pin="0"/><net_sink comp="137" pin=0"/></net>

<net id="142"><net_src comp="137" pin="2"/><net_sink comp="87" pin=1"/></net>

<net id="147"><net_src comp="134" pin="1"/><net_sink comp="143" pin=0"/></net>

<net id="148"><net_src comp="36" pin="0"/><net_sink comp="143" pin=1"/></net>

<net id="153"><net_src comp="131" pin="1"/><net_sink comp="149" pin=0"/></net>

<net id="154"><net_src comp="38" pin="0"/><net_sink comp="149" pin=1"/></net>

<net id="160"><net_src comp="149" pin="2"/><net_sink comp="155" pin=0"/></net>

<net id="161"><net_src comp="28" pin="0"/><net_sink comp="155" pin=1"/></net>

<net id="162"><net_src comp="131" pin="1"/><net_sink comp="155" pin=2"/></net>

<net id="168"><net_src comp="149" pin="2"/><net_sink comp="163" pin=0"/></net>

<net id="169"><net_src comp="143" pin="2"/><net_sink comp="163" pin=1"/></net>

<net id="170"><net_src comp="134" pin="1"/><net_sink comp="163" pin=2"/></net>

<net id="175"><net_src comp="155" pin="3"/><net_sink comp="171" pin=0"/></net>

<net id="176"><net_src comp="36" pin="0"/><net_sink comp="171" pin=1"/></net>

<net id="181"><net_src comp="163" pin="3"/><net_sink comp="177" pin=0"/></net>

<net id="186"><net_src comp="171" pin="2"/><net_sink comp="182" pin=0"/></net>

<net id="195"><net_src comp="50" pin="0"/><net_sink comp="190" pin=0"/></net>

<net id="196"><net_src comp="28" pin="0"/><net_sink comp="190" pin=2"/></net>

<net id="201"><net_src comp="190" pin="3"/><net_sink comp="197" pin=0"/></net>

<net id="202"><net_src comp="187" pin="1"/><net_sink comp="197" pin=1"/></net>

<net id="210"><net_src comp="197" pin="2"/><net_sink comp="206" pin=0"/></net>

<net id="211"><net_src comp="203" pin="1"/><net_sink comp="206" pin=1"/></net>

<net id="215"><net_src comp="206" pin="2"/><net_sink comp="212" pin=0"/></net>

<net id="216"><net_src comp="212" pin="1"/><net_sink comp="74" pin=2"/></net>

<net id="220"><net_src comp="56" pin="1"/><net_sink comp="217" pin=0"/></net>

<net id="221"><net_src comp="217" pin="1"/><net_sink comp="106" pin=1"/></net>

<net id="222"><net_src comp="217" pin="1"/><net_sink comp="131" pin=0"/></net>

<net id="223"><net_src comp="217" pin="1"/><net_sink comp="182" pin=1"/></net>

<net id="227"><net_src comp="60" pin="1"/><net_sink comp="224" pin=0"/></net>

<net id="228"><net_src comp="224" pin="1"/><net_sink comp="101" pin=1"/></net>

<net id="229"><net_src comp="224" pin="1"/><net_sink comp="134" pin=0"/></net>

<net id="230"><net_src comp="224" pin="1"/><net_sink comp="177" pin=1"/></net>

<net id="234"><net_src comp="64" pin="1"/><net_sink comp="231" pin=0"/></net>

<net id="235"><net_src comp="231" pin="1"/><net_sink comp="96" pin=1"/></net>

<net id="236"><net_src comp="231" pin="1"/><net_sink comp="111" pin=0"/></net>

<net id="237"><net_src comp="231" pin="1"/><net_sink comp="126" pin=1"/></net>

<net id="241"><net_src comp="92" pin="1"/><net_sink comp="238" pin=0"/></net>

<net id="242"><net_src comp="238" pin="1"/><net_sink comp="137" pin=1"/></net>

<net id="246"><net_src comp="114" pin="2"/><net_sink comp="243" pin=0"/></net>

<net id="250"><net_src comp="155" pin="3"/><net_sink comp="247" pin=0"/></net>

<net id="251"><net_src comp="247" pin="1"/><net_sink comp="203" pin=0"/></net>

<net id="255"><net_src comp="163" pin="3"/><net_sink comp="252" pin=0"/></net>

<net id="256"><net_src comp="252" pin="1"/><net_sink comp="187" pin=0"/></net>

<net id="257"><net_src comp="252" pin="1"/><net_sink comp="190" pin=1"/></net>

<net id="261"><net_src comp="87" pin="2"/><net_sink comp="258" pin=0"/></net>

<net id="262"><net_src comp="258" pin="1"/><net_sink comp="81" pin=1"/></net>

</net_list>

</model> 
---------------- Datapath Model END ------------------

* FSMD analyzer results:
  - Output states:
	Port: gmem2 | {}
	Port: local_kernel | {3 }
 - Input state : 
	Port: convbas_Pipeline_VITIS_LOOP_23_1_VITIS_LOOP_24_2 : gmem2 | {2 }
	Port: convbas_Pipeline_VITIS_LOOP_23_1_VITIS_LOOP_24_2 : sext_ln23 | {1 }
  - Chain level:
	State 1
		store_ln0 : 1
		store_ln23 : 1
		store_ln24 : 1
		indvar_flatten_load : 1
		icmp_ln23 : 2
		add_ln23_1 : 2
		br_ln23 : 3
		store_ln23 : 3
	State 2
		add_ln23 : 1
		icmp_ln24 : 1
		select_ln23 : 2
		select_ln23_1 : 2
		gmem2_addr_read : 1
		add_ln24 : 3
		store_ln23 : 3
		store_ln24 : 4
	State 3
		sub_ln25 : 1
		add_ln25 : 2
		zext_ln25_2 : 3
		local_kernel_addr : 4
		store_ln25 : 5


============================================================
+ Verbose Summary: Datapath Resource usage 
============================================================

* Functional unit list:
|----------|----------------------------|---------|---------|
| Operation|       Functional Unit      |    FF   |   LUT   |
|----------|----------------------------|---------|---------|
|          |      add_ln23_1_fu_120     |    0    |    13   |
|    add   |       add_ln23_fu_143      |    0    |    10   |
|          |       add_ln24_fu_171      |    0    |    10   |
|          |       add_ln25_fu_206      |    0    |    7    |
|----------|----------------------------|---------|---------|
|   icmp   |      icmp_ln23_fu_114      |    0    |    13   |
|          |      icmp_ln24_fu_149      |    0    |    10   |
|----------|----------------------------|---------|---------|
|    sub   |       sub_ln25_fu_197      |    0    |    7    |
|----------|----------------------------|---------|---------|
|  select  |     select_ln23_fu_155     |    0    |    2    |
|          |    select_ln23_1_fu_163    |    0    |    2    |
|----------|----------------------------|---------|---------|
|   read   |  sext_ln23_read_read_fu_68 |    0    |    0    |
|          | gmem2_addr_read_read_fu_87 |    0    |    0    |
|----------|----------------------------|---------|---------|
|   sext   |    sext_ln23_cast_fu_92    |    0    |    0    |
|----------|----------------------------|---------|---------|
|          |      zext_ln25_fu_187      |    0    |    0    |
|   zext   |     zext_ln25_1_fu_203     |    0    |    0    |
|          |     zext_ln25_2_fu_212     |    0    |    0    |
|----------|----------------------------|---------|---------|
|bitconcatenate|        p_shl_fu_190        |    0    |    0    |
|----------|----------------------------|---------|---------|
|   Total  |                            |    0    |    74   |
|----------|----------------------------|---------|---------|

Memories:
N/A

* Register list:
+-----------------------+--------+
|                       |   FF   |
+-----------------------+--------+
|gmem2_addr_read_reg_258|   16   |
|       i_reg_224       |    2   |
|   icmp_ln23_reg_243   |    1   |
| indvar_flatten_reg_231|    4   |
|       j_reg_217       |    2   |
| select_ln23_1_reg_252 |    2   |
|  select_ln23_reg_247  |    2   |
| sext_ln23_cast_reg_238|   64   |
+-----------------------+--------+
|         Total         |   93   |
+-----------------------+--------+

* Multiplexer (MUX) list: 
|--------|------|------|------|--------|
|  Comp  |  Pin | Size |  BW  | S x BW |
|--------|------|------|------|--------|
|  Total |      |      |      |    0   |
|--------|------|------|------|--------|



* Summary:
+-----------+--------+--------+
|           |   FF   |   LUT  |
+-----------+--------+--------+
|  Function |    0   |   74   |
|   Memory  |    -   |    -   |
|Multiplexer|    -   |    -   |
|  Register |   93   |    -   |
+-----------+--------+--------+
|   Total   |   93   |   74   |
+-----------+--------+--------+
