

================================================================
== Vitis HLS Report for 'convbas_Pipeline_VITIS_LOOP_23_1_VITIS_LOOP_24_2'
================================================================
* Date:           Thu Feb 19 10:39:10 2026

* Version:        2025.1 (Build 6135595 on May 21 2025)
* Project:        convbas
* Solution:       hls (Vivado IP Flow Target)
* Product family: zynq
* Target device:  xc7z020-clg400-1


================================================================
== Performance Estimates
================================================================
+ Timing: 
    * Summary: 
    +--------+----------+----------+------------+
    |  Clock |  Target  | Estimated| Uncertainty|
    +--------+----------+----------+------------+
    |ap_clk  |  10.00 ns|  7.300 ns|     2.70 ns|
    +--------+----------+----------+------------+

+ Latency: 
    * Summary: 
    +---------+---------+----------+----------+-----+-----+------------------------------------------------+
    |  Latency (cycles) |  Latency (absolute) |  Interval |                    Pipeline                    |
    |   min   |   max   |    min   |    max   | min | max |                      Type                      |
    +---------+---------+----------+----------+-----+-----+------------------------------------------------+
    |       12|       12|  0.120 us|  0.120 us|   10|   10|  loop auto-rewind stp (delay=0 clock cycles(s))|
    +---------+---------+----------+----------+-----+-----+------------------------------------------------+

    + Detail: 
        * Instance: 
        N/A

        * Loop: 
        +-----------------------------------+---------+---------+----------+-----------+-----------+------+----------+
        |                                   |  Latency (cycles) | Iteration|  Initiation Interval  | Trip |          |
        |             Loop Name             |   min   |   max   |  Latency |  achieved |   target  | Count| Pipelined|
        +-----------------------------------+---------+---------+----------+-----------+-----------+------+----------+
        |- VITIS_LOOP_23_1_VITIS_LOOP_24_2  |       10|       10|         3|          1|          1|     9|       yes|
        +-----------------------------------+---------+---------+----------+-----------+-----------+------+----------+

============================================================
+ Verbose Summary: Synthesis Manager
============================================================
InlineROM: 1
ExposeGlobal: 0
============================================================
+ Verbose Summary: CDFG Model
============================================================
IsTopModel: 0
ResetActiveHigh: 1
IsCombinational: 0
IsDatapathOnly: 0
HasWiredReturn: 1
HasMFsm: 2
HasVarLatency: 1
IsPipeline: 0
IsRtlPipelined: 0
IsInstanceOverlapped: 0
IsDontTouch: 0
HasImplIP: 0
IsGatedGlobalClock: 0

+ Individual pipeline summary: 
  * Pipeline-0: initiation interval (II) = 1, depth = 3


============================================================
+ Verbose Summary: Schedule
============================================================
* Number of FSM states : 3
* Pipeline : 1
  Pipeline-0 : II = 1, D = 3, States = { 1 2 3 }
* Dataflow Pipeline: 0

* FSM state transitions: 
1 --> 2 
2 --> 3 
3 --> 

* FSM state operations: 

State 1 <SV = 0> <Delay = 4.91>
ST_1 : Operation 6 [1/1] (0.00ns)   --->   "%j = alloca i32 1" [convbas.cpp:24]   --->   Operation 6 'alloca' 'j' <Predicate = true> <Delay = 0.00>
ST_1 : Operation 7 [1/1] (0.00ns)   --->   "%i = alloca i32 1" [convbas.cpp:23]   --->   Operation 7 'alloca' 'i' <Predicate = true> <Delay = 0.00>
ST_1 : Operation 8 [1/1] (0.00ns)   --->   "%indvar_flatten = alloca i32 1"   --->   Operation 8 'alloca' 'indvar_flatten' <Predicate = true> <Delay = 0.00>
ST_1 : Operation 9 [1/1] (0.00ns)   --->   "%sext_ln23_read = read i63 @_ssdm_op_Read.ap_auto.i63, i63 %sext_ln23"   --->   Operation 9 'read' 'sext_ln23_read' <Predicate = true> <Delay = 0.00>
ST_1 : Operation 10 [1/1] (0.00ns)   --->   "%sext_ln23_cast = sext i63 %sext_ln23_read"   --->   Operation 10 'sext' 'sext_ln23_cast' <Predicate = true> <Delay = 0.00>
ST_1 : Operation 11 [1/1] (0.00ns)   --->   "%specinterface_ln0 = specinterface void @_ssdm_op_SpecInterface, i16 %gmem2, void @empty, i32 0, i32 0, void @empty_0, i32 0, i32 0, void @empty_4, void @empty_2, void @empty_0, i32 16, i32 16, i32 16, i32 16, void @empty_0, void @empty_0, i32 4294967295, i32 0, i32 0"   --->   Operation 11 'specinterface' 'specinterface_ln0' <Predicate = true> <Delay = 0.00>
ST_1 : Operation 12 [1/1] (1.58ns)   --->   "%store_ln0 = store i4 0, i4 %indvar_flatten"   --->   Operation 12 'store' 'store_ln0' <Predicate = true> <Delay = 1.58>
ST_1 : Operation 13 [1/1] (1.58ns)   --->   "%store_ln23 = store i2 0, i2 %i" [convbas.cpp:23]   --->   Operation 13 'store' 'store_ln23' <Predicate = true> <Delay = 1.58>
ST_1 : Operation 14 [1/1] (1.58ns)   --->   "%store_ln24 = store i2 0, i2 %j" [convbas.cpp:24]   --->   Operation 14 'store' 'store_ln24' <Predicate = true> <Delay = 1.58>
ST_1 : Operation 15 [1/1] (0.00ns)   --->   "%br_ln0 = br void %for.inc"   --->   Operation 15 'br' 'br_ln0' <Predicate = true> <Delay = 0.00>
ST_1 : Operation 16 [1/1] (0.00ns)   --->   "%indvar_flatten_load = load i4 %indvar_flatten" [convbas.cpp:23]   --->   Operation 16 'load' 'indvar_flatten_load' <Predicate = true> <Delay = 0.00>
ST_1 : Operation 17 [1/1] (0.00ns)   --->   "%specbitsmap_ln0 = specbitsmap void @_ssdm_op_SpecBitsMap, i16 %gmem2"   --->   Operation 17 'specbitsmap' 'specbitsmap_ln0' <Predicate = true> <Delay = 0.00>
ST_1 : Operation 18 [1/1] (1.73ns)   --->   "%icmp_ln23 = icmp_eq  i4 %indvar_flatten_load, i4 9" [convbas.cpp:23]   --->   Operation 18 'icmp' 'icmp_ln23' <Predicate = true> <Delay = 1.73> <CoreInst = "Cmp">   --->   Core 9 'Cmp' <Latency = 0> <II = 1> <Delay = 1.73> <FuncUnit> <Opcode : 'seteq' 'setne' 'setle' 'setge' 'setlt' 'setgt'> <InPorts = 2> <OutPorts = 1>
ST_1 : Operation 19 [1/1] (1.73ns)   --->   "%add_ln23_1 = add i4 %indvar_flatten_load, i4 1" [convbas.cpp:23]   --->   Operation 19 'add' 'add_ln23_1' <Predicate = true> <Delay = 1.73> <CoreInst = "Adder">   --->   Core 1 'Adder' <Latency = 0> <II = 1> <Delay = 1.73> <FuncUnit> <Opcode : 'add' 'sub'> <InPorts = 2> <OutPorts = 1>
ST_1 : Operation 20 [1/1] (0.00ns)   --->   "%br_ln23 = br i1 %icmp_ln23, void %for.inc9, void %VITIS_LOOP_31_3.exitStub" [convbas.cpp:23]   --->   Operation 20 'br' 'br_ln23' <Predicate = true> <Delay = 0.00>
ST_1 : Operation 21 [1/1] (1.58ns)   --->   "%store_ln23 = store i4 %add_ln23_1, i4 %indvar_flatten" [convbas.cpp:23]   --->   Operation 21 'store' 'store_ln23' <Predicate = (!icmp_ln23)> <Delay = 1.58>

State 2 <SV = 1> <Delay = 7.30>
ST_2 : Operation 22 [1/1] (0.00ns)   --->   "%j_load = load i2 %j" [convbas.cpp:24]   --->   Operation 22 'load' 'j_load' <Predicate = true> <Delay = 0.00>
ST_2 : Operation 23 [1/1] (0.00ns)   --->   "%i_load = load i2 %i" [convbas.cpp:23]   --->   Operation 23 'load' 'i_load' <Predicate = true> <Delay = 0.00>
ST_2 : Operation 24 [1/1] (0.00ns)   --->   "%gmem2_addr = getelementptr i16 %gmem2, i64 %sext_ln23_cast" [convbas.cpp:23]   --->   Operation 24 'getelementptr' 'gmem2_addr' <Predicate = true> <Delay = 0.00>
ST_2 : Operation 25 [1/1] (1.56ns)   --->   "%add_ln23 = add i2 %i_load, i2 1" [convbas.cpp:23]   --->   Operation 25 'add' 'add_ln23' <Predicate = true> <Delay = 1.56> <CoreInst = "Adder">   --->   Core 1 'Adder' <Latency = 0> <II = 1> <Delay = 1.56> <FuncUnit> <Opcode : 'add' 'sub'> <InPorts = 2> <OutPorts = 1>
ST_2 : Operation 26 [1/1] (1.56ns)   --->   "%icmp_ln24 = icmp_eq  i2 %j_load, i2 3" [convbas.cpp:24]   --->   Operation 26 'icmp' 'icmp_ln24' <Predicate = true> <Delay = 1.56> <CoreInst = "Cmp">   --->   Core 9 'Cmp' <Latency = 0> <II = 1> <Delay = 1.56> <FuncUnit> <Opcode : 'seteq' 'setne' 'setle' 'setge' 'setlt' 'setgt'> <InPorts = 2> <OutPorts = 1>
ST_2 : Operation 27 [1/1] (0.99ns)   --->   "%select_ln23 = select i1 %icmp_ln24, i2 0, i2 %j_load" [convbas.cpp:23]   --->   Operation 27 'select' 'select_ln23' <Predicate = true> <Delay = 0.99> <CoreInst = "Sel">   --->   Core 73 'Sel' <Latency = 0> <II = 1> <Delay = 0.99> <FuncUnit> <Opcode : 'select'> <InPorts = 3> <OutPorts = 1>
ST_2 : Operation 28 [1/1] (0.99ns)   --->   "%select_ln23_1 = select i1 %icmp_ln24, i2 %add_ln23, i2 %i_load" [convbas.cpp:23]   --->   Operation 28 'select' 'select_ln23_1' <Predicate = true> <Delay = 0.99> <CoreInst = "Sel">   --->   Core 73 'Sel' <Latency = 0> <II = 1> <Delay = 0.99> <FuncUnit> <Opcode : 'select'> <InPorts = 3> <OutPorts = 1>
ST_2 : Operation 29 [1/1] (7.30ns)   --->   "%gmem2_addr_read = read i16 @_ssdm_op_Read.m_axi.p1i16, i16 %gmem2_addr" [convbas.cpp:25]   --->   Operation 29 'read' 'gmem2_addr_read' <Predicate = true> <Delay = 7.30> <CoreInst = "m_axi">   --->   Core 111 'm_axi' <Latency = 3> <II = 1> <Delay = 1.00> <Adapter> <Opcode : 'read' 'write' 'readreq' 'writereq' 'writeresp'>
ST_2 : Operation 30 [1/1] (1.56ns)   --->   "%add_ln24 = add i2 %select_ln23, i2 1" [convbas.cpp:24]   --->   Operation 30 'add' 'add_ln24' <Predicate = true> <Delay = 1.56> <CoreInst = "Adder">   --->   Core 1 'Adder' <Latency = 0> <II = 1> <Delay = 1.56> <FuncUnit> <Opcode : 'add' 'sub'> <InPorts = 2> <OutPorts = 1>
ST_2 : Operation 31 [1/1] (1.58ns)   --->   "%store_ln23 = store i2 %select_ln23_1, i2 %i" [convbas.cpp:23]   --->   Operation 31 'store' 'store_ln23' <Predicate = true> <Delay = 1.58>
ST_2 : Operation 32 [1/1] (1.58ns)   --->   "%store_ln24 = store i2 %add_ln24, i2 %j" [convbas.cpp:24]   --->   Operation 32 'store' 'store_ln24' <Predicate = true> <Delay = 1.58>
ST_2 : Operation 45 [1/1] (1.58ns)   --->   "%ret_ln0 = ret"   --->   Operation 45 'ret' 'ret_ln0' <Predicate = (icmp_ln23)> <Delay = 1.58>

State 3 <SV = 2> <Delay = 5.63>
ST_3 : Operation 33 [1/1] (0.00ns)   --->   "%specloopname_ln0 = specloopname void @_ssdm_op_SpecLoopName, void @VITIS_LOOP_23_1_VITIS_LOOP_24_2_str"   --->   Operation 33 'specloopname' 'specloopname_ln0' <Predicate = true> <Delay = 0.00>
ST_3 : Operation 34 [1/1] (0.00ns)   --->   "%speclooptripcount_ln0 = speclooptripcount void @_ssdm_op_SpecLoopTripCount, i64 9, i64 9, i64 9"   --->   Operation 34 'speclooptripcount' 'speclooptripcount_ln0' <Predicate = true> <Delay = 0.00>
ST_3 : Operation 35 [1/1] (0.00ns)   --->   "%zext_ln25 = zext i2 %select_ln23_1" [convbas.cpp:25]   --->   Operation 35 'zext' 'zext_ln25' <Predicate = true> <Delay = 0.00>
ST_3 : Operation 36 [1/1] (0.00ns)   --->   "%p_shl = bitconcatenate i4 @_ssdm_op_BitConcatenate.i4.i2.i2, i2 %select_ln23_1, i2 0" [convbas.cpp:25]   --->   Operation 36 'bitconcatenate' 'p_shl' <Predicate = true> <Delay = 0.00>
ST_3 : Operation 37 [1/1] (0.00ns) (grouped into TernaryAdder)   --->   "%sub_ln25 = sub i4 %p_shl, i4 %zext_ln25" [convbas.cpp:25]   --->   Operation 37 'sub' 'sub_ln25' <Predicate = true> <Delay = 0.00> <CoreInst = "TAddSub">   --->   Core 10 'TAddSub' <Latency = 0> <II = 1> <Delay = 1.65> <IPBlock> <Opcode : 'add' 'sub'> <InPorts = 3> <OutPorts = 1> <Sync> <CReg>
ST_3 : Operation 38 [1/1] (0.00ns)   --->   "%zext_ln25_1 = zext i2 %select_ln23" [convbas.cpp:25]   --->   Operation 38 'zext' 'zext_ln25_1' <Predicate = true> <Delay = 0.00>
ST_3 : Operation 39 [1/1] (3.31ns) (root node of TernaryAdder)   --->   "%add_ln25 = add i4 %sub_ln25, i4 %zext_ln25_1" [convbas.cpp:25]   --->   Operation 39 'add' 'add_ln25' <Predicate = true> <Delay = 3.31> <CoreInst = "TAddSub">   --->   Core 10 'TAddSub' <Latency = 0> <II = 1> <Delay = 1.65> <IPBlock> <Opcode : 'add' 'sub'> <InPorts = 3> <OutPorts = 1> <Sync> <CReg>
ST_3 : Operation 40 [1/1] (0.00ns)   --->   "%zext_ln25_2 = zext i4 %add_ln25" [convbas.cpp:25]   --->   Operation 40 'zext' 'zext_ln25_2' <Predicate = true> <Delay = 0.00>
ST_3 : Operation 41 [1/1] (0.00ns)   --->   "%local_kernel_addr = getelementptr i16 %local_kernel, i64 0, i64 %zext_ln25_2" [convbas.cpp:25]   --->   Operation 41 'getelementptr' 'local_kernel_addr' <Predicate = true> <Delay = 0.00>
ST_3 : Operation 42 [1/1] (0.00ns)   --->   "%specpipeline_ln24 = specpipeline void @_ssdm_op_SpecPipeline, i32 4294967295, i32 0, i32 0, i32 0, void @empty_0" [convbas.cpp:24]   --->   Operation 42 'specpipeline' 'specpipeline_ln24' <Predicate = true> <Delay = 0.00>
ST_3 : Operation 43 [1/1] ( I:2.32ns O:2.32ns )   --->   "%store_ln25 = store i16 %gmem2_addr_read, i4 %local_kernel_addr" [convbas.cpp:25]   --->   Operation 43 'store' 'store_ln25' <Predicate = true> <Delay = 2.32> <CoreInst = "RAM">   --->   Core 81 'RAM' <Latency = 1> <II = 1> <Delay = 2.32> <Storage> <Opcode : 'load' 'store'> <Ports = 2> <Width = 16> <Depth = 9> <RAM>
ST_3 : Operation 44 [1/1] (0.00ns)   --->   "%br_ln24 = br void %for.inc" [convbas.cpp:24]   --->   Operation 44 'br' 'br_ln24' <Predicate = true> <Delay = 0.00>


============================================================
+ Verbose Summary: Timing violations
============================================================
Target clock period: 10.000ns, clock uncertainty: 2.700ns.

 <State 1>: 4.911ns
The critical path consists of the following:
	'store' operation 0 bit ('store_ln0') of constant 0 on local variable 'indvar_flatten' [10]  (1.588 ns)
	'load' operation 4 bit ('indvar_flatten_load', convbas.cpp:23) on local variable 'indvar_flatten' [15]  (0.000 ns)
	'icmp' operation 1 bit ('icmp_ln23', convbas.cpp:23) [17]  (1.735 ns)
	'store' operation 0 bit ('store_ln23', convbas.cpp:23) of variable 'add_ln23_1', convbas.cpp:23 on local variable 'indvar_flatten' [41]  (1.588 ns)

 <State 2>: 7.300ns
The critical path consists of the following:
	'getelementptr' operation 16 bit ('gmem2_addr', convbas.cpp:23) [23]  (0.000 ns)
	bus read operation ('gmem2_addr_read', convbas.cpp:25) on port 'gmem2' (convbas.cpp:25) [38]  (7.300 ns)

 <State 3>: 5.638ns
The critical path consists of the following:
	'sub' operation 4 bit ('sub_ln25', convbas.cpp:25) [32]  (0.000 ns)
	'add' operation 4 bit ('add_ln25', convbas.cpp:25) [34]  (3.316 ns)
	'getelementptr' operation 4 bit ('local_kernel_addr', convbas.cpp:25) [36]  (0.000 ns)
	'store' operation 0 bit ('store_ln25', convbas.cpp:25) of variable 'gmem2_addr_read', convbas.cpp:25 on array 'local_kernel' [39]  (2.322 ns)


============================================================
+ Verbose Summary: Binding
============================================================
N/A
* FSMD analyzer results:
  - Output states:
 - Input state : 
  - Chain level:
	State 1
	State 2
	State 3


============================================================
+ Verbose Summary: Datapath Resource usage 
============================================================
N/A
