

================================================================
== Vitis HLS Report for 'convbas_Pipeline_VITIS_LOOP_31_3_VITIS_LOOP_32_4'
================================================================
* Date:           Thu Feb 19 10:39:12 2026

* Version:        2025.1 (Build 6135595 on May 21 2025)
* Project:        convbas
* Solution:       hls (Vivado IP Flow Target)
* Product family: zynq
* Target device:  xc7z020-clg400-1


================================================================
== Performance Estimates
================================================================
+ Timing: 
    * Summary: 
    +--------+----------+----------+------------+
    |  Clock |  Target  | Estimated| Uncertainty|
    +--------+----------+----------+------------+
    |ap_clk  |  10.00 ns|  7.300 ns|     2.70 ns|
    +--------+----------+----------+------------+

+ Latency: 
    * Summary: 
    +---------+---------+----------+----------+-----+-----+------------------------------------------------+
    |  Latency (cycles) |  Latency (absolute) |  Interval |                    Pipeline                    |
    |   min   |   max   |    min   |    max   | min | max |                      Type                      |
    +---------+---------+----------+----------+-----+-----+------------------------------------------------+
    |        ?|        ?|         ?|         ?|    0|    0|  loop auto-rewind stp (delay=0 clock cycles(s))|
    +---------+---------+----------+----------+-----+-----+------------------------------------------------+

    + Detail: 
        * Instance: 
        N/A

        * Loop: 
        +-----------------------------------+---------+---------+----------+-----------+-----------+------+----------+
        |                                   |  Latency (cycles) | Iteration|  Initiation Interval  | Trip |          |
        |             Loop Name             |   min   |   max   |  Latency |  achieved |   target  | Count| Pipelined|
        +-----------------------------------+---------+---------+----------+-----------+-----------+------+----------+
        |- VITIS_LOOP_31_3_VITIS_LOOP_32_4  |        ?|        ?|        33|          9|          1|     ?|       yes|
        +-----------------------------------+---------+---------+----------+-----------+-----------+------+----------+

============================================================
+ Verbose Summary: Synthesis Manager
============================================================
InlineROM: 1
ExposeGlobal: 0
============================================================
+ Verbose Summary: CDFG Model
============================================================
IsTopModel: 0
ResetActiveHigh: 1
IsCombinational: 0
IsDatapathOnly: 0
HasWiredReturn: 1
HasMFsm: 2
HasVarLatency: 1
IsPipeline: 0
IsRtlPipelined: 0
IsInstanceOverlapped: 0
IsDontTouch: 0
HasImplIP: 0
IsGatedGlobalClock: 0

+ Individual pipeline summary: 
  * Pipeline-0: initiation interval (II) = 9, depth = 34


============================================================
+ Verbose Summary: Schedule
============================================================
* Number of FSM states : 34
* Pipeline : 1
  Pipeline-0 : II = 9, D = 34, States = { 1 2 3 4 5 6 7 8 9 10 11 12 13 14 15 16 17 18 19 20 21 22 23 24 25 26 27 28 29 30 31 32 33 34 }
* Dataflow Pipeline: 0

* FSM state transitions: 
1 --> 2 
2 --> 3 
3 --> 4 
4 --> 5 
5 --> 6 
6 --> 7 
7 --> 8 
8 --> 9 
9 --> 10 
10 --> 11 
11 --> 12 
12 --> 13 
13 --> 14 
14 --> 15 
15 --> 16 
16 --> 17 
17 --> 18 
18 --> 19 
19 --> 20 
20 --> 21 
21 --> 22 
22 --> 23 
23 --> 24 
24 --> 25 
25 --> 26 
26 --> 27 
27 --> 28 
28 --> 29 
29 --> 30 
30 --> 31 
31 --> 32 
32 --> 33 
33 --> 34 
34 --> 

* FSM state operations: 

State 1 <SV = 0> <Delay = 1.58>
ST_1 : Operation 36 [1/1] (0.00ns)   --->   "%c = alloca i32 1" [convbas.cpp:32]   --->   Operation 36 'alloca' 'c' <Predicate = true> <Delay = 0.00>
ST_1 : Operation 37 [1/1] (0.00ns)   --->   "%indvar41 = alloca i32 1"   --->   Operation 37 'alloca' 'indvar41' <Predicate = true> <Delay = 0.00>
ST_1 : Operation 38 [1/1] (0.00ns)   --->   "%indvar = alloca i32 1"   --->   Operation 38 'alloca' 'indvar' <Predicate = true> <Delay = 0.00>
ST_1 : Operation 39 [1/1] (0.00ns)   --->   "%indvar_flatten19 = alloca i32 1"   --->   Operation 39 'alloca' 'indvar_flatten19' <Predicate = true> <Delay = 0.00>
ST_1 : Operation 40 [1/1] (0.00ns)   --->   "%out_r_read = read i64 @_ssdm_op_Read.ap_auto.i64, i64 %out_r"   --->   Operation 40 'read' 'out_r_read' <Predicate = true> <Delay = 0.00>
ST_1 : Operation 41 [1/1] (0.00ns)   --->   "%sub51_cast_read = read i32 @_ssdm_op_Read.ap_auto.i32, i32 %sub51_cast"   --->   Operation 41 'read' 'sub51_cast_read' <Predicate = true> <Delay = 0.00>
ST_1 : Operation 42 [1/1] (0.00ns)   --->   "%p_cast_read = read i31 @_ssdm_op_Read.ap_auto.i31, i31 %p_cast"   --->   Operation 42 'read' 'p_cast_read' <Predicate = true> <Delay = 0.00>
ST_1 : Operation 43 [1/1] (0.00ns)   --->   "%local_kernel_load_6_read = read i16 @_ssdm_op_Read.ap_auto.i16, i16 %local_kernel_load_6"   --->   Operation 43 'read' 'local_kernel_load_6_read' <Predicate = true> <Delay = 0.00>
ST_1 : Operation 44 [1/1] (0.00ns)   --->   "%local_kernel_load_5_read = read i16 @_ssdm_op_Read.ap_auto.i16, i16 %local_kernel_load_5"   --->   Operation 44 'read' 'local_kernel_load_5_read' <Predicate = true> <Delay = 0.00>
ST_1 : Operation 45 [1/1] (0.00ns)   --->   "%local_kernel_load_4_read = read i16 @_ssdm_op_Read.ap_auto.i16, i16 %local_kernel_load_4"   --->   Operation 45 'read' 'local_kernel_load_4_read' <Predicate = true> <Delay = 0.00>
ST_1 : Operation 46 [1/1] (0.00ns)   --->   "%local_kernel_load_3_read = read i16 @_ssdm_op_Read.ap_auto.i16, i16 %local_kernel_load_3"   --->   Operation 46 'read' 'local_kernel_load_3_read' <Predicate = true> <Delay = 0.00>
ST_1 : Operation 47 [1/1] (0.00ns)   --->   "%local_kernel_load_2_read = read i16 @_ssdm_op_Read.ap_auto.i16, i16 %local_kernel_load_2"   --->   Operation 47 'read' 'local_kernel_load_2_read' <Predicate = true> <Delay = 0.00>
ST_1 : Operation 48 [1/1] (0.00ns)   --->   "%local_kernel_load_read = read i16 @_ssdm_op_Read.ap_auto.i16, i16 %local_kernel_load"   --->   Operation 48 'read' 'local_kernel_load_read' <Predicate = true> <Delay = 0.00>
ST_1 : Operation 49 [1/1] (0.00ns)   --->   "%local_kernel_load_1_read = read i16 @_ssdm_op_Read.ap_auto.i16, i16 %local_kernel_load_1"   --->   Operation 49 'read' 'local_kernel_load_1_read' <Predicate = true> <Delay = 0.00>
ST_1 : Operation 50 [1/1] (0.00ns)   --->   "%local_kernel_load_8_read = read i16 @_ssdm_op_Read.ap_auto.i16, i16 %local_kernel_load_8"   --->   Operation 50 'read' 'local_kernel_load_8_read' <Predicate = true> <Delay = 0.00>
ST_1 : Operation 51 [1/1] (0.00ns)   --->   "%local_kernel_load_7_read = read i16 @_ssdm_op_Read.ap_auto.i16, i16 %local_kernel_load_7"   --->   Operation 51 'read' 'local_kernel_load_7_read' <Predicate = true> <Delay = 0.00>
ST_1 : Operation 52 [1/1] (0.00ns)   --->   "%in_r_read = read i64 @_ssdm_op_Read.ap_auto.i64, i64 %in_r"   --->   Operation 52 'read' 'in_r_read' <Predicate = true> <Delay = 0.00>
ST_1 : Operation 53 [1/1] (0.00ns)   --->   "%W_cast_read = read i32 @_ssdm_op_Read.ap_auto.i32, i32 %W_cast"   --->   Operation 53 'read' 'W_cast_read' <Predicate = true> <Delay = 0.00>
ST_1 : Operation 54 [1/1] (0.00ns)   --->   "%bound8_read = read i64 @_ssdm_op_Read.ap_auto.i64, i64 %bound8"   --->   Operation 54 'read' 'bound8_read' <Predicate = true> <Delay = 0.00>
ST_1 : Operation 55 [1/1] (0.00ns)   --->   "%sub17_read = read i32 @_ssdm_op_Read.ap_auto.i32, i32 %sub17"   --->   Operation 55 'read' 'sub17_read' <Predicate = true> <Delay = 0.00>
ST_1 : Operation 56 [1/1] (0.00ns)   --->   "%sub51_cast_cast = sext i32 %sub51_cast_read"   --->   Operation 56 'sext' 'sub51_cast_cast' <Predicate = true> <Delay = 0.00>
ST_1 : Operation 57 [1/1] (0.00ns)   --->   "%p_cast_cast = zext i31 %p_cast_read"   --->   Operation 57 'zext' 'p_cast_cast' <Predicate = true> <Delay = 0.00>
ST_1 : Operation 58 [1/1] (0.00ns)   --->   "%W_cast_cast = sext i32 %W_cast_read"   --->   Operation 58 'sext' 'W_cast_cast' <Predicate = true> <Delay = 0.00>
ST_1 : Operation 59 [1/1] (0.00ns)   --->   "%specinterface_ln0 = specinterface void @_ssdm_op_SpecInterface, i16 %gmem1, void @empty, i32 0, i32 0, void @empty_0, i32 0, i32 0, void @empty_3, void @empty_2, void @empty_0, i32 16, i32 16, i32 16, i32 16, void @empty_0, void @empty_0, i32 4294967295, i32 0, i32 0"   --->   Operation 59 'specinterface' 'specinterface_ln0' <Predicate = true> <Delay = 0.00>
ST_1 : Operation 60 [1/1] (0.00ns)   --->   "%specinterface_ln0 = specinterface void @_ssdm_op_SpecInterface, i16 %gmem0, void @empty, i32 0, i32 0, void @empty_0, i32 0, i32 0, void @empty_1, void @empty_2, void @empty_0, i32 16, i32 16, i32 16, i32 16, void @empty_0, void @empty_0, i32 4294967295, i32 0, i32 0"   --->   Operation 60 'specinterface' 'specinterface_ln0' <Predicate = true> <Delay = 0.00>
ST_1 : Operation 61 [1/1] (1.58ns)   --->   "%store_ln0 = store i64 0, i64 %indvar_flatten19"   --->   Operation 61 'store' 'store_ln0' <Predicate = true> <Delay = 1.58>
ST_1 : Operation 62 [1/1] (1.58ns)   --->   "%store_ln0 = store i31 0, i31 %indvar"   --->   Operation 62 'store' 'store_ln0' <Predicate = true> <Delay = 1.58>
ST_1 : Operation 63 [1/1] (1.58ns)   --->   "%store_ln0 = store i31 0, i31 %indvar41"   --->   Operation 63 'store' 'store_ln0' <Predicate = true> <Delay = 1.58>
ST_1 : Operation 64 [1/1] (1.58ns)   --->   "%store_ln32 = store i31 1, i31 %c" [convbas.cpp:32]   --->   Operation 64 'store' 'store_ln32' <Predicate = true> <Delay = 1.58>
ST_1 : Operation 65 [1/1] (1.58ns)   --->   "%br_ln0 = br void %VITIS_LOOP_36_5"   --->   Operation 65 'br' 'br_ln0' <Predicate = true> <Delay = 1.58>

State 2 <SV = 1> <Delay = 3.53>
ST_2 : Operation 66 [1/1] (0.00ns)   --->   "%first_iter_1 = phi i1 1, void %newFuncRoot, i1 0, void %new.latch.VITIS_LOOP_36_5.split"   --->   Operation 66 'phi' 'first_iter_1' <Predicate = true> <Delay = 0.00>
ST_2 : Operation 67 [1/1] (0.00ns)   --->   "%c_1 = load i31 %c" [convbas.cpp:32]   --->   Operation 67 'load' 'c_1' <Predicate = true> <Delay = 0.00>
ST_2 : Operation 68 [1/1] (0.00ns)   --->   "%indvar_flatten19_load = load i64 %indvar_flatten19" [convbas.cpp:31]   --->   Operation 68 'load' 'indvar_flatten19_load' <Predicate = true> <Delay = 0.00>
ST_2 : Operation 69 [1/1] (0.00ns)   --->   "%specbitsmap_ln0 = specbitsmap void @_ssdm_op_SpecBitsMap, i16 %gmem1"   --->   Operation 69 'specbitsmap' 'specbitsmap_ln0' <Predicate = true> <Delay = 0.00>
ST_2 : Operation 70 [1/1] (0.00ns)   --->   "%specbitsmap_ln0 = specbitsmap void @_ssdm_op_SpecBitsMap, i16 %gmem0"   --->   Operation 70 'specbitsmap' 'specbitsmap_ln0' <Predicate = true> <Delay = 0.00>
ST_2 : Operation 71 [1/1] (0.00ns)   --->   "%zext_ln32_1 = zext i31 %c_1" [convbas.cpp:32]   --->   Operation 71 'zext' 'zext_ln32_1' <Predicate = true> <Delay = 0.00>
ST_2 : Operation 72 [1/1] (2.55ns)   --->   "%icmp_ln32 = icmp_slt  i32 %zext_ln32_1, i32 %sub17_read" [convbas.cpp:32]   --->   Operation 72 'icmp' 'icmp_ln32' <Predicate = true> <Delay = 2.55> <CoreInst = "Cmp">   --->   Core 9 'Cmp' <Latency = 0> <II = 1> <Delay = 2.55> <FuncUnit> <Opcode : 'seteq' 'setne' 'setle' 'setge' 'setlt' 'setgt'> <InPorts = 2> <OutPorts = 1>
ST_2 : Operation 73 [1/1] (3.52ns)   --->   "%icmp_ln31 = icmp_eq  i64 %indvar_flatten19_load, i64 %bound8_read" [convbas.cpp:31]   --->   Operation 73 'icmp' 'icmp_ln31' <Predicate = true> <Delay = 3.52> <CoreInst = "Cmp">   --->   Core 9 'Cmp' <Latency = 0> <II = 1> <Delay = 3.52> <FuncUnit> <Opcode : 'seteq' 'setne' 'setle' 'setge' 'setlt' 'setgt'> <InPorts = 2> <OutPorts = 1>
ST_2 : Operation 74 [1/1] (3.52ns)   --->   "%add_ln31 = add i64 %indvar_flatten19_load, i64 1" [convbas.cpp:31]   --->   Operation 74 'add' 'add_ln31' <Predicate = true> <Delay = 3.52> <CoreInst = "Adder">   --->   Core 1 'Adder' <Latency = 0> <II = 1> <Delay = 3.52> <FuncUnit> <Opcode : 'add' 'sub'> <InPorts = 2> <OutPorts = 1>
ST_2 : Operation 75 [1/1] (0.00ns)   --->   "%br_ln31 = br i1 %icmp_ln31, void %for.inc61.loopexit, void %for.end63.exitStub" [convbas.cpp:31]   --->   Operation 75 'br' 'br_ln31' <Predicate = true> <Delay = 0.00>
ST_2 : Operation 76 [1/1] (0.00ns)   --->   "%indvar_load = load i31 %indvar" [convbas.cpp:31]   --->   Operation 76 'load' 'indvar_load' <Predicate = (!icmp_ln31)> <Delay = 0.00>
ST_2 : Operation 77 [1/1] (2.52ns)   --->   "%add_ln31_1 = add i31 %indvar_load, i31 1" [convbas.cpp:31]   --->   Operation 77 'add' 'add_ln31_1' <Predicate = (!icmp_ln31)> <Delay = 2.52> <CoreInst = "Adder">   --->   Core 1 'Adder' <Latency = 0> <II = 1> <Delay = 2.52> <FuncUnit> <Opcode : 'add' 'sub'> <InPorts = 2> <OutPorts = 1>
ST_2 : Operation 78 [1/1] (0.00ns) (grouped into LUT with out node or_ln31)   --->   "%xor_ln31 = xor i1 %icmp_ln32, i1 1" [convbas.cpp:31]   --->   Operation 78 'xor' 'xor_ln31' <Predicate = (!icmp_ln31)> <Delay = 0.00> <CoreInst = "LogicGate">   --->   Core 74 'LogicGate' <Latency = 0> <II = 1> <Delay = 0.97> <FuncUnit> <Opcode : 'and' 'or' 'xor'> <InPorts = 2> <OutPorts = 1>
ST_2 : Operation 79 [1/1] (0.97ns) (out node of the LUT)   --->   "%or_ln31 = or i1 %first_iter_1, i1 %xor_ln31" [convbas.cpp:31]   --->   Operation 79 'or' 'or_ln31' <Predicate = (!icmp_ln31)> <Delay = 0.97> <CoreInst = "LogicGate">   --->   Core 74 'LogicGate' <Latency = 0> <II = 1> <Delay = 0.97> <FuncUnit> <Opcode : 'and' 'or' 'xor'> <InPorts = 2> <OutPorts = 1>
ST_2 : Operation 80 [1/1] (0.73ns)   --->   "%select_ln31_1 = select i1 %icmp_ln32, i31 %indvar_load, i31 %add_ln31_1" [convbas.cpp:31]   --->   Operation 80 'select' 'select_ln31_1' <Predicate = (!icmp_ln31)> <Delay = 0.73> <CoreInst = "Sel">   --->   Core 73 'Sel' <Latency = 0> <II = 1> <Delay = 0.73> <FuncUnit> <Opcode : 'select'> <InPorts = 3> <OutPorts = 1>
ST_2 : Operation 81 [1/1] (0.00ns)   --->   "%br_ln32 = br i1 %or_ln31, void %VITIS_LOOP_36_5.split, void %for.first.iter.VITIS_LOOP_36_5" [convbas.cpp:32]   --->   Operation 81 'br' 'br_ln32' <Predicate = (!icmp_ln31)> <Delay = 0.00>
ST_2 : Operation 82 [1/1] (2.52ns)   --->   "%add_ln32 = add i31 %c_1, i31 1" [convbas.cpp:32]   --->   Operation 82 'add' 'add_ln32' <Predicate = (!icmp_ln31)> <Delay = 2.52> <CoreInst = "Adder">   --->   Core 1 'Adder' <Latency = 0> <II = 1> <Delay = 2.52> <FuncUnit> <Opcode : 'add' 'sub'> <InPorts = 2> <OutPorts = 1>

State 3 <SV = 2> <Delay = 6.91>
ST_3 : Operation 83 [1/1] (0.00ns)   --->   "%zext_ln31 = zext i31 %select_ln31_1" [convbas.cpp:31]   --->   Operation 83 'zext' 'zext_ln31' <Predicate = (!icmp_ln31)> <Delay = 0.00>
ST_3 : Operation 84 [2/2] (6.91ns)   --->   "%empty_23 = mul i63 %zext_ln31, i63 %W_cast_cast" [convbas.cpp:31]   --->   Operation 84 'mul' 'empty_23' <Predicate = (!icmp_ln31)> <Delay = 6.91> <CoreInst = "Multiplier">   --->   Core 3 'Multiplier' <Latency = 1> <II = 1> <Delay = 6.91> <FuncUnit> <Opcode : 'mul'> <InPorts = 2> <OutPorts = 1>
ST_3 : Operation 85 [1/1] (0.73ns)   --->   "%select_ln32 = select i1 %icmp_ln32, i31 %add_ln32, i31 2" [convbas.cpp:32]   --->   Operation 85 'select' 'select_ln32' <Predicate = (!icmp_ln31)> <Delay = 0.73> <CoreInst = "Sel">   --->   Core 73 'Sel' <Latency = 0> <II = 1> <Delay = 0.73> <FuncUnit> <Opcode : 'select'> <InPorts = 3> <OutPorts = 1>
ST_3 : Operation 86 [1/1] (0.00ns)   --->   "%zext_ln32_2 = zext i31 %select_ln32" [convbas.cpp:32]   --->   Operation 86 'zext' 'zext_ln32_2' <Predicate = (!icmp_ln31)> <Delay = 0.00>
ST_3 : Operation 87 [1/1] (2.55ns)   --->   "%icmp_ln32_1 = icmp_slt  i32 %zext_ln32_2, i32 %sub17_read" [convbas.cpp:32]   --->   Operation 87 'icmp' 'icmp_ln32_1' <Predicate = (!icmp_ln31)> <Delay = 2.55> <CoreInst = "Cmp">   --->   Core 9 'Cmp' <Latency = 0> <II = 1> <Delay = 2.55> <FuncUnit> <Opcode : 'seteq' 'setne' 'setle' 'setge' 'setlt' 'setgt'> <InPorts = 2> <OutPorts = 1>
ST_3 : Operation 88 [1/1] (0.00ns)   --->   "%br_ln32 = br i1 %icmp_ln32_1, void %last.iter.VITIS_LOOP_36_5.split, void %new.latch.VITIS_LOOP_36_5.split" [convbas.cpp:32]   --->   Operation 88 'br' 'br_ln32' <Predicate = (!icmp_ln31)> <Delay = 0.00>
ST_3 : Operation 89 [1/1] (1.58ns)   --->   "%store_ln31 = store i64 %add_ln31, i64 %indvar_flatten19" [convbas.cpp:31]   --->   Operation 89 'store' 'store_ln31' <Predicate = (!icmp_ln31)> <Delay = 1.58>
ST_3 : Operation 90 [1/1] (1.58ns)   --->   "%store_ln31 = store i31 %select_ln31_1, i31 %indvar" [convbas.cpp:31]   --->   Operation 90 'store' 'store_ln31' <Predicate = (!icmp_ln31)> <Delay = 1.58>
ST_3 : Operation 91 [1/1] (1.58ns)   --->   "%store_ln32 = store i31 %select_ln32, i31 %c" [convbas.cpp:32]   --->   Operation 91 'store' 'store_ln32' <Predicate = (!icmp_ln31)> <Delay = 1.58>
ST_3 : Operation 92 [1/1] (0.00ns)   --->   "%br_ln32 = br void %VITIS_LOOP_36_5" [convbas.cpp:32]   --->   Operation 92 'br' 'br_ln32' <Predicate = (!icmp_ln31)> <Delay = 0.00>

State 4 <SV = 3> <Delay = 6.91>
ST_4 : Operation 93 [1/1] (0.00ns)   --->   "%indvar41_load = load i31 %indvar41" [convbas.cpp:31]   --->   Operation 93 'load' 'indvar41_load' <Predicate = (!icmp_ln31 & icmp_ln32)> <Delay = 0.00>
ST_4 : Operation 94 [1/1] (0.73ns)   --->   "%select_ln31 = select i1 %icmp_ln32, i31 %indvar41_load, i31 0" [convbas.cpp:31]   --->   Operation 94 'select' 'select_ln31' <Predicate = (!icmp_ln31)> <Delay = 0.73> <CoreInst = "Sel">   --->   Core 73 'Sel' <Latency = 0> <II = 1> <Delay = 0.73> <FuncUnit> <Opcode : 'select'> <InPorts = 3> <OutPorts = 1>
ST_4 : Operation 95 [1/2] (6.91ns)   --->   "%empty_23 = mul i63 %zext_ln31, i63 %W_cast_cast" [convbas.cpp:31]   --->   Operation 95 'mul' 'empty_23' <Predicate = (!icmp_ln31)> <Delay = 6.91> <CoreInst = "Multiplier">   --->   Core 3 'Multiplier' <Latency = 1> <II = 1> <Delay = 6.91> <FuncUnit> <Opcode : 'mul'> <InPorts = 2> <OutPorts = 1>
ST_4 : Operation 96 [1/1] (2.52ns)   --->   "%add_ln32_1 = add i31 %select_ln31, i31 1" [convbas.cpp:32]   --->   Operation 96 'add' 'add_ln32_1' <Predicate = (!icmp_ln31)> <Delay = 2.52> <CoreInst = "Adder">   --->   Core 1 'Adder' <Latency = 0> <II = 1> <Delay = 2.52> <FuncUnit> <Opcode : 'add' 'sub'> <InPorts = 2> <OutPorts = 1>
ST_4 : Operation 97 [1/1] (1.58ns)   --->   "%store_ln32 = store i31 %add_ln32_1, i31 %indvar41" [convbas.cpp:32]   --->   Operation 97 'store' 'store_ln32' <Predicate = (!icmp_ln31)> <Delay = 1.58>

State 5 <SV = 4> <Delay = 7.01>
ST_5 : Operation 98 [2/2] (6.91ns)   --->   "%mul_ln31 = mul i63 %zext_ln31, i63 %sub51_cast_cast" [convbas.cpp:31]   --->   Operation 98 'mul' 'mul_ln31' <Predicate = (!icmp_ln31)> <Delay = 6.91> <CoreInst = "Multiplier">   --->   Core 3 'Multiplier' <Latency = 1> <II = 1> <Delay = 6.91> <FuncUnit> <Opcode : 'mul'> <InPorts = 2> <OutPorts = 1>
ST_5 : Operation 99 [1/1] (0.00ns)   --->   "%zext_ln32 = zext i31 %select_ln31" [convbas.cpp:32]   --->   Operation 99 'zext' 'zext_ln32' <Predicate = (!icmp_ln31)> <Delay = 0.00>
ST_5 : Operation 100 [1/1] (3.49ns)   --->   "%add_ln36 = add i63 %zext_ln32, i63 %empty_23" [convbas.cpp:36]   --->   Operation 100 'add' 'add_ln36' <Predicate = (!icmp_ln31)> <Delay = 3.49> <CoreInst = "Adder">   --->   Core 1 'Adder' <Latency = 0> <II = 1> <Delay = 3.49> <FuncUnit> <Opcode : 'add' 'sub'> <InPorts = 2> <OutPorts = 1>
ST_5 : Operation 101 [1/1] (0.00ns)   --->   "%tmp = bitconcatenate i64 @_ssdm_op_BitConcatenate.i64.i63.i1, i63 %add_ln36, i1 0" [convbas.cpp:36]   --->   Operation 101 'bitconcatenate' 'tmp' <Predicate = (!icmp_ln31)> <Delay = 0.00>
ST_5 : Operation 102 [1/1] (3.52ns)   --->   "%empty_24 = add i64 %tmp, i64 %in_r_read" [convbas.cpp:36]   --->   Operation 102 'add' 'empty_24' <Predicate = (!icmp_ln31)> <Delay = 3.52> <CoreInst = "Adder">   --->   Core 1 'Adder' <Latency = 0> <II = 1> <Delay = 3.52> <FuncUnit> <Opcode : 'add' 'sub'> <InPorts = 2> <OutPorts = 1>
ST_5 : Operation 103 [1/1] (0.00ns)   --->   "%trunc_ln2 = partselect i63 @_ssdm_op_PartSelect.i63.i64.i32.i32, i64 %empty_24, i32 1, i32 63" [convbas.cpp:37]   --->   Operation 103 'partselect' 'trunc_ln2' <Predicate = (!icmp_ln31)> <Delay = 0.00>
ST_5 : Operation 104 [1/1] (0.00ns)   --->   "%sext_ln37 = sext i63 %trunc_ln2" [convbas.cpp:37]   --->   Operation 104 'sext' 'sext_ln37' <Predicate = (!icmp_ln31)> <Delay = 0.00>
ST_5 : Operation 105 [1/1] (0.00ns)   --->   "%gmem0_addr = getelementptr i16 %gmem0, i64 %sext_ln37" [convbas.cpp:37]   --->   Operation 105 'getelementptr' 'gmem0_addr' <Predicate = (!icmp_ln31)> <Delay = 0.00>
ST_5 : Operation 106 [1/1] (3.49ns)   --->   "%empty_26 = add i63 %add_ln36, i63 %W_cast_cast" [convbas.cpp:36]   --->   Operation 106 'add' 'empty_26' <Predicate = (!icmp_ln31)> <Delay = 3.49> <CoreInst = "Adder">   --->   Core 1 'Adder' <Latency = 0> <II = 1> <Delay = 3.49> <FuncUnit> <Opcode : 'add' 'sub'> <InPorts = 2> <OutPorts = 1>

State 6 <SV = 5> <Delay = 7.30>
ST_6 : Operation 107 [1/2] (6.91ns)   --->   "%mul_ln31 = mul i63 %zext_ln31, i63 %sub51_cast_cast" [convbas.cpp:31]   --->   Operation 107 'mul' 'mul_ln31' <Predicate = (!icmp_ln31)> <Delay = 6.91> <CoreInst = "Multiplier">   --->   Core 3 'Multiplier' <Latency = 1> <II = 1> <Delay = 6.91> <FuncUnit> <Opcode : 'mul'> <InPorts = 2> <OutPorts = 1>
ST_6 : Operation 108 [8/8] (7.30ns)   --->   "%empty_25 = readreq i1 @_ssdm_op_ReadReq.m_axi.p1i16, i16 %gmem0_addr, i64 3" [convbas.cpp:37]   --->   Operation 108 'readreq' 'empty_25' <Predicate = (!icmp_ln31)> <Delay = 7.30> <CoreInst = "m_axi">   --->   Core 111 'm_axi' <Latency = 6> <II = 1> <Delay = 1.00> <Adapter> <Opcode : 'read' 'write' 'readreq' 'writereq' 'writeresp'>
ST_6 : Operation 109 [1/1] (0.00ns)   --->   "%tmp_1 = bitconcatenate i64 @_ssdm_op_BitConcatenate.i64.i63.i1, i63 %empty_26, i1 0" [convbas.cpp:36]   --->   Operation 109 'bitconcatenate' 'tmp_1' <Predicate = (!icmp_ln31)> <Delay = 0.00>
ST_6 : Operation 110 [1/1] (3.52ns)   --->   "%empty_27 = add i64 %tmp_1, i64 %in_r_read" [convbas.cpp:36]   --->   Operation 110 'add' 'empty_27' <Predicate = (!icmp_ln31)> <Delay = 3.52> <CoreInst = "Adder">   --->   Core 1 'Adder' <Latency = 0> <II = 1> <Delay = 3.52> <FuncUnit> <Opcode : 'add' 'sub'> <InPorts = 2> <OutPorts = 1>
ST_6 : Operation 111 [1/1] (0.00ns)   --->   "%trunc_ln37_1 = partselect i63 @_ssdm_op_PartSelect.i63.i64.i32.i32, i64 %empty_27, i32 1, i32 63" [convbas.cpp:37]   --->   Operation 111 'partselect' 'trunc_ln37_1' <Predicate = (!icmp_ln31)> <Delay = 0.00>
ST_6 : Operation 112 [1/1] (0.00ns)   --->   "%sext_ln37_1 = sext i63 %trunc_ln37_1" [convbas.cpp:37]   --->   Operation 112 'sext' 'sext_ln37_1' <Predicate = (!icmp_ln31)> <Delay = 0.00>
ST_6 : Operation 113 [1/1] (0.00ns)   --->   "%gmem0_addr_1 = getelementptr i16 %gmem0, i64 %sext_ln37_1" [convbas.cpp:37]   --->   Operation 113 'getelementptr' 'gmem0_addr_1' <Predicate = (!icmp_ln31)> <Delay = 0.00>
ST_6 : Operation 114 [1/1] (3.49ns)   --->   "%empty_29 = add i63 %empty_26, i63 %W_cast_cast" [convbas.cpp:36]   --->   Operation 114 'add' 'empty_29' <Predicate = (!icmp_ln31)> <Delay = 3.49> <CoreInst = "Adder">   --->   Core 1 'Adder' <Latency = 0> <II = 1> <Delay = 3.49> <FuncUnit> <Opcode : 'add' 'sub'> <InPorts = 2> <OutPorts = 1>
ST_6 : Operation 115 [1/1] (0.00ns)   --->   "%tmp_2 = bitconcatenate i64 @_ssdm_op_BitConcatenate.i64.i63.i1, i63 %empty_29, i1 0" [convbas.cpp:36]   --->   Operation 115 'bitconcatenate' 'tmp_2' <Predicate = (!icmp_ln31)> <Delay = 0.00>
ST_6 : Operation 116 [1/1] (3.52ns)   --->   "%empty_30 = add i64 %tmp_2, i64 %in_r_read" [convbas.cpp:36]   --->   Operation 116 'add' 'empty_30' <Predicate = (!icmp_ln31)> <Delay = 3.52> <CoreInst = "Adder">   --->   Core 1 'Adder' <Latency = 0> <II = 1> <Delay = 3.52> <FuncUnit> <Opcode : 'add' 'sub'> <InPorts = 2> <OutPorts = 1>
ST_6 : Operation 117 [1/1] (0.00ns)   --->   "%trunc_ln37_2 = partselect i63 @_ssdm_op_PartSelect.i63.i64.i32.i32, i64 %empty_30, i32 1, i32 63" [convbas.cpp:37]   --->   Operation 117 'partselect' 'trunc_ln37_2' <Predicate = (!icmp_ln31)> <Delay = 0.00>
ST_6 : Operation 118 [1/1] (0.00ns)   --->   "%sext_ln37_2 = sext i63 %trunc_ln37_2" [convbas.cpp:37]   --->   Operation 118 'sext' 'sext_ln37_2' <Predicate = (!icmp_ln31)> <Delay = 0.00>
ST_6 : Operation 119 [1/1] (0.00ns)   --->   "%gmem0_addr_2 = getelementptr i16 %gmem0, i64 %sext_ln37_2" [convbas.cpp:37]   --->   Operation 119 'getelementptr' 'gmem0_addr_2' <Predicate = (!icmp_ln31)> <Delay = 0.00>

State 7 <SV = 6> <Delay = 7.30>
ST_7 : Operation 120 [1/1] (0.00ns)   --->   "%specloopname_ln0 = specloopname void @_ssdm_op_SpecLoopName, void @VITIS_LOOP_31_3_VITIS_LOOP_32_4_str"   --->   Operation 120 'specloopname' 'specloopname_ln0' <Predicate = (!icmp_ln31)> <Delay = 0.00>
ST_7 : Operation 121 [1/1] (0.00ns)   --->   "%sext_ln32_mid2_v_v_v_v = bitconcatenate i64 @_ssdm_op_BitConcatenate.i64.i63.i1, i63 %mul_ln31, i1 0" [convbas.cpp:31]   --->   Operation 121 'bitconcatenate' 'sext_ln32_mid2_v_v_v_v' <Predicate = (!icmp_ln31)> <Delay = 0.00>
ST_7 : Operation 122 [1/1] (3.52ns)   --->   "%add_ln31_2 = add i64 %sext_ln32_mid2_v_v_v_v, i64 %out_r_read" [convbas.cpp:31]   --->   Operation 122 'add' 'add_ln31_2' <Predicate = (!icmp_ln31)> <Delay = 3.52> <CoreInst = "Adder">   --->   Core 1 'Adder' <Latency = 0> <II = 1> <Delay = 3.52> <FuncUnit> <Opcode : 'add' 'sub'> <InPorts = 2> <OutPorts = 1>
ST_7 : Operation 123 [1/1] (0.00ns)   --->   "%sext_ln32_mid2_v = partselect i63 @_ssdm_op_PartSelect.i63.i64.i32.i32, i64 %add_ln31_2, i32 1, i32 63" [convbas.cpp:31]   --->   Operation 123 'partselect' 'sext_ln32_mid2_v' <Predicate = (!icmp_ln31)> <Delay = 0.00>
ST_7 : Operation 124 [1/1] (0.00ns)   --->   "%sext_ln31 = sext i63 %sext_ln32_mid2_v" [convbas.cpp:31]   --->   Operation 124 'sext' 'sext_ln31' <Predicate = (!icmp_ln31)> <Delay = 0.00>
ST_7 : Operation 125 [1/1] (0.00ns)   --->   "%gmem1_addr = getelementptr i16 %gmem1, i64 %sext_ln31" [convbas.cpp:32]   --->   Operation 125 'getelementptr' 'gmem1_addr' <Predicate = (!icmp_ln31 & or_ln31)> <Delay = 0.00>
ST_7 : Operation 126 [7/8] (7.30ns)   --->   "%empty_25 = readreq i1 @_ssdm_op_ReadReq.m_axi.p1i16, i16 %gmem0_addr, i64 3" [convbas.cpp:37]   --->   Operation 126 'readreq' 'empty_25' <Predicate = (!icmp_ln31)> <Delay = 7.30> <CoreInst = "m_axi">   --->   Core 111 'm_axi' <Latency = 6> <II = 1> <Delay = 1.00> <Adapter> <Opcode : 'read' 'write' 'readreq' 'writereq' 'writeresp'>
ST_7 : Operation 127 [1/1] (0.00ns)   --->   "%gmem1_addr_1 = getelementptr i16 %gmem1, i64 %sext_ln31" [convbas.cpp:32]   --->   Operation 127 'getelementptr' 'gmem1_addr_1' <Predicate = (!icmp_ln31)> <Delay = 0.00>

State 8 <SV = 7> <Delay = 7.30>
ST_8 : Operation 128 [1/1] (7.30ns)   --->   "%empty_32 = writereq i1 @_ssdm_op_WriteReq.m_axi.p1i16, i16 %gmem1_addr, i64 %p_cast_cast" [convbas.cpp:32]   --->   Operation 128 'writereq' 'empty_32' <Predicate = (!icmp_ln31 & or_ln31)> <Delay = 7.30> <CoreInst = "m_axi">   --->   Core 111 'm_axi' <Latency = 9> <II = 1> <Delay = 1.00> <Adapter> <Opcode : 'read' 'write' 'readreq' 'writereq' 'writeresp'>
ST_8 : Operation 129 [1/1] (0.00ns)   --->   "%br_ln32 = br void %VITIS_LOOP_36_5.split" [convbas.cpp:32]   --->   Operation 129 'br' 'br_ln32' <Predicate = (!icmp_ln31 & or_ln31)> <Delay = 0.00>
ST_8 : Operation 130 [6/8] (7.30ns)   --->   "%empty_25 = readreq i1 @_ssdm_op_ReadReq.m_axi.p1i16, i16 %gmem0_addr, i64 3" [convbas.cpp:37]   --->   Operation 130 'readreq' 'empty_25' <Predicate = (!icmp_ln31)> <Delay = 7.30> <CoreInst = "m_axi">   --->   Core 111 'm_axi' <Latency = 6> <II = 1> <Delay = 1.00> <Adapter> <Opcode : 'read' 'write' 'readreq' 'writereq' 'writeresp'>

State 9 <SV = 8> <Delay = 7.30>
ST_9 : Operation 131 [5/8] (7.30ns)   --->   "%empty_25 = readreq i1 @_ssdm_op_ReadReq.m_axi.p1i16, i16 %gmem0_addr, i64 3" [convbas.cpp:37]   --->   Operation 131 'readreq' 'empty_25' <Predicate = (!icmp_ln31)> <Delay = 7.30> <CoreInst = "m_axi">   --->   Core 111 'm_axi' <Latency = 6> <II = 1> <Delay = 1.00> <Adapter> <Opcode : 'read' 'write' 'readreq' 'writereq' 'writeresp'>
ST_9 : Operation 132 [8/8] (7.30ns)   --->   "%empty_28 = readreq i1 @_ssdm_op_ReadReq.m_axi.p1i16, i16 %gmem0_addr_1, i64 3" [convbas.cpp:37]   --->   Operation 132 'readreq' 'empty_28' <Predicate = (!icmp_ln31)> <Delay = 7.30> <CoreInst = "m_axi">   --->   Core 111 'm_axi' <Latency = 6> <II = 1> <Delay = 1.00> <Adapter> <Opcode : 'read' 'write' 'readreq' 'writereq' 'writeresp'>

State 10 <SV = 9> <Delay = 7.30>
ST_10 : Operation 133 [4/8] (7.30ns)   --->   "%empty_25 = readreq i1 @_ssdm_op_ReadReq.m_axi.p1i16, i16 %gmem0_addr, i64 3" [convbas.cpp:37]   --->   Operation 133 'readreq' 'empty_25' <Predicate = (!icmp_ln31)> <Delay = 7.30> <CoreInst = "m_axi">   --->   Core 111 'm_axi' <Latency = 6> <II = 1> <Delay = 1.00> <Adapter> <Opcode : 'read' 'write' 'readreq' 'writereq' 'writeresp'>
ST_10 : Operation 134 [7/8] (7.30ns)   --->   "%empty_28 = readreq i1 @_ssdm_op_ReadReq.m_axi.p1i16, i16 %gmem0_addr_1, i64 3" [convbas.cpp:37]   --->   Operation 134 'readreq' 'empty_28' <Predicate = (!icmp_ln31)> <Delay = 7.30> <CoreInst = "m_axi">   --->   Core 111 'm_axi' <Latency = 6> <II = 1> <Delay = 1.00> <Adapter> <Opcode : 'read' 'write' 'readreq' 'writereq' 'writeresp'>

State 11 <SV = 10> <Delay = 7.30>
ST_11 : Operation 135 [3/8] (7.30ns)   --->   "%empty_25 = readreq i1 @_ssdm_op_ReadReq.m_axi.p1i16, i16 %gmem0_addr, i64 3" [convbas.cpp:37]   --->   Operation 135 'readreq' 'empty_25' <Predicate = true> <Delay = 7.30> <CoreInst = "m_axi">   --->   Core 111 'm_axi' <Latency = 6> <II = 1> <Delay = 1.00> <Adapter> <Opcode : 'read' 'write' 'readreq' 'writereq' 'writeresp'>
ST_11 : Operation 136 [6/8] (7.30ns)   --->   "%empty_28 = readreq i1 @_ssdm_op_ReadReq.m_axi.p1i16, i16 %gmem0_addr_1, i64 3" [convbas.cpp:37]   --->   Operation 136 'readreq' 'empty_28' <Predicate = true> <Delay = 7.30> <CoreInst = "m_axi">   --->   Core 111 'm_axi' <Latency = 6> <II = 1> <Delay = 1.00> <Adapter> <Opcode : 'read' 'write' 'readreq' 'writereq' 'writeresp'>

State 12 <SV = 11> <Delay = 7.30>
ST_12 : Operation 137 [2/8] (7.30ns)   --->   "%empty_25 = readreq i1 @_ssdm_op_ReadReq.m_axi.p1i16, i16 %gmem0_addr, i64 3" [convbas.cpp:37]   --->   Operation 137 'readreq' 'empty_25' <Predicate = true> <Delay = 7.30> <CoreInst = "m_axi">   --->   Core 111 'm_axi' <Latency = 6> <II = 1> <Delay = 1.00> <Adapter> <Opcode : 'read' 'write' 'readreq' 'writereq' 'writeresp'>
ST_12 : Operation 138 [5/8] (7.30ns)   --->   "%empty_28 = readreq i1 @_ssdm_op_ReadReq.m_axi.p1i16, i16 %gmem0_addr_1, i64 3" [convbas.cpp:37]   --->   Operation 138 'readreq' 'empty_28' <Predicate = true> <Delay = 7.30> <CoreInst = "m_axi">   --->   Core 111 'm_axi' <Latency = 6> <II = 1> <Delay = 1.00> <Adapter> <Opcode : 'read' 'write' 'readreq' 'writereq' 'writeresp'>
ST_12 : Operation 139 [8/8] (7.30ns)   --->   "%empty_31 = readreq i1 @_ssdm_op_ReadReq.m_axi.p1i16, i16 %gmem0_addr_2, i64 3" [convbas.cpp:37]   --->   Operation 139 'readreq' 'empty_31' <Predicate = true> <Delay = 7.30> <CoreInst = "m_axi">   --->   Core 111 'm_axi' <Latency = 6> <II = 1> <Delay = 1.00> <Adapter> <Opcode : 'read' 'write' 'readreq' 'writereq' 'writeresp'>

State 13 <SV = 12> <Delay = 7.30>
ST_13 : Operation 140 [1/8] (7.30ns)   --->   "%empty_25 = readreq i1 @_ssdm_op_ReadReq.m_axi.p1i16, i16 %gmem0_addr, i64 3" [convbas.cpp:37]   --->   Operation 140 'readreq' 'empty_25' <Predicate = true> <Delay = 7.30> <CoreInst = "m_axi">   --->   Core 111 'm_axi' <Latency = 6> <II = 1> <Delay = 1.00> <Adapter> <Opcode : 'read' 'write' 'readreq' 'writereq' 'writeresp'>
ST_13 : Operation 141 [4/8] (7.30ns)   --->   "%empty_28 = readreq i1 @_ssdm_op_ReadReq.m_axi.p1i16, i16 %gmem0_addr_1, i64 3" [convbas.cpp:37]   --->   Operation 141 'readreq' 'empty_28' <Predicate = true> <Delay = 7.30> <CoreInst = "m_axi">   --->   Core 111 'm_axi' <Latency = 6> <II = 1> <Delay = 1.00> <Adapter> <Opcode : 'read' 'write' 'readreq' 'writereq' 'writeresp'>
ST_13 : Operation 142 [7/8] (7.30ns)   --->   "%empty_31 = readreq i1 @_ssdm_op_ReadReq.m_axi.p1i16, i16 %gmem0_addr_2, i64 3" [convbas.cpp:37]   --->   Operation 142 'readreq' 'empty_31' <Predicate = true> <Delay = 7.30> <CoreInst = "m_axi">   --->   Core 111 'm_axi' <Latency = 6> <II = 1> <Delay = 1.00> <Adapter> <Opcode : 'read' 'write' 'readreq' 'writereq' 'writeresp'>

State 14 <SV = 13> <Delay = 7.30>
ST_14 : Operation 143 [1/1] (7.30ns)   --->   "%gmem0_addr_read = read i16 @_ssdm_op_Read.m_axi.p1i16, i16 %gmem0_addr" [convbas.cpp:40]   --->   Operation 143 'read' 'gmem0_addr_read' <Predicate = true> <Delay = 7.30> <CoreInst = "m_axi">   --->   Core 111 'm_axi' <Latency = 3> <II = 1> <Delay = 1.00> <Adapter> <Opcode : 'read' 'write' 'readreq' 'writereq' 'writeresp'>
ST_14 : Operation 144 [3/8] (7.30ns)   --->   "%empty_28 = readreq i1 @_ssdm_op_ReadReq.m_axi.p1i16, i16 %gmem0_addr_1, i64 3" [convbas.cpp:37]   --->   Operation 144 'readreq' 'empty_28' <Predicate = true> <Delay = 7.30> <CoreInst = "m_axi">   --->   Core 111 'm_axi' <Latency = 6> <II = 1> <Delay = 1.00> <Adapter> <Opcode : 'read' 'write' 'readreq' 'writereq' 'writeresp'>
ST_14 : Operation 145 [6/8] (7.30ns)   --->   "%empty_31 = readreq i1 @_ssdm_op_ReadReq.m_axi.p1i16, i16 %gmem0_addr_2, i64 3" [convbas.cpp:37]   --->   Operation 145 'readreq' 'empty_31' <Predicate = true> <Delay = 7.30> <CoreInst = "m_axi">   --->   Core 111 'm_axi' <Latency = 6> <II = 1> <Delay = 1.00> <Adapter> <Opcode : 'read' 'write' 'readreq' 'writereq' 'writeresp'>

State 15 <SV = 14> <Delay = 7.30>
ST_15 : Operation 146 [1/1] (7.30ns)   --->   "%gmem0_addr_read_1 = read i16 @_ssdm_op_Read.m_axi.p1i16, i16 %gmem0_addr" [convbas.cpp:40]   --->   Operation 146 'read' 'gmem0_addr_read_1' <Predicate = true> <Delay = 7.30> <CoreInst = "m_axi">   --->   Core 111 'm_axi' <Latency = 3> <II = 1> <Delay = 1.00> <Adapter> <Opcode : 'read' 'write' 'readreq' 'writereq' 'writeresp'>
ST_15 : Operation 147 [2/8] (7.30ns)   --->   "%empty_28 = readreq i1 @_ssdm_op_ReadReq.m_axi.p1i16, i16 %gmem0_addr_1, i64 3" [convbas.cpp:37]   --->   Operation 147 'readreq' 'empty_28' <Predicate = true> <Delay = 7.30> <CoreInst = "m_axi">   --->   Core 111 'm_axi' <Latency = 6> <II = 1> <Delay = 1.00> <Adapter> <Opcode : 'read' 'write' 'readreq' 'writereq' 'writeresp'>
ST_15 : Operation 148 [5/8] (7.30ns)   --->   "%empty_31 = readreq i1 @_ssdm_op_ReadReq.m_axi.p1i16, i16 %gmem0_addr_2, i64 3" [convbas.cpp:37]   --->   Operation 148 'readreq' 'empty_31' <Predicate = true> <Delay = 7.30> <CoreInst = "m_axi">   --->   Core 111 'm_axi' <Latency = 6> <II = 1> <Delay = 1.00> <Adapter> <Opcode : 'read' 'write' 'readreq' 'writereq' 'writeresp'>

State 16 <SV = 15> <Delay = 7.30>
ST_16 : Operation 149 [1/1] (7.30ns)   --->   "%gmem0_addr_read_2 = read i16 @_ssdm_op_Read.m_axi.p1i16, i16 %gmem0_addr" [convbas.cpp:40]   --->   Operation 149 'read' 'gmem0_addr_read_2' <Predicate = true> <Delay = 7.30> <CoreInst = "m_axi">   --->   Core 111 'm_axi' <Latency = 3> <II = 1> <Delay = 1.00> <Adapter> <Opcode : 'read' 'write' 'readreq' 'writereq' 'writeresp'>
ST_16 : Operation 150 [1/8] (7.30ns)   --->   "%empty_28 = readreq i1 @_ssdm_op_ReadReq.m_axi.p1i16, i16 %gmem0_addr_1, i64 3" [convbas.cpp:37]   --->   Operation 150 'readreq' 'empty_28' <Predicate = true> <Delay = 7.30> <CoreInst = "m_axi">   --->   Core 111 'm_axi' <Latency = 6> <II = 1> <Delay = 1.00> <Adapter> <Opcode : 'read' 'write' 'readreq' 'writereq' 'writeresp'>
ST_16 : Operation 151 [4/8] (7.30ns)   --->   "%empty_31 = readreq i1 @_ssdm_op_ReadReq.m_axi.p1i16, i16 %gmem0_addr_2, i64 3" [convbas.cpp:37]   --->   Operation 151 'readreq' 'empty_31' <Predicate = true> <Delay = 7.30> <CoreInst = "m_axi">   --->   Core 111 'm_axi' <Latency = 6> <II = 1> <Delay = 1.00> <Adapter> <Opcode : 'read' 'write' 'readreq' 'writereq' 'writeresp'>
ST_16 : Operation 152 [1/1] (5.58ns)   --->   "%mul_ln40_2 = mul i16 %local_kernel_load_1_read, i16 %gmem0_addr_read_1" [convbas.cpp:40]   --->   Operation 152 'mul' 'mul_ln40_2' <Predicate = true> <Delay = 5.58> <CoreInst = "Multiplier">   --->   Core 3 'Multiplier' <Latency = 0> <II = 1> <Delay = 5.58> <FuncUnit> <Opcode : 'mul'> <InPorts = 2> <OutPorts = 1>
ST_16 : Operation 153 [3/3] (1.05ns) (grouped into DSP with root node add_ln40)   --->   "%mul_ln40_3 = mul i16 %local_kernel_load_read, i16 %gmem0_addr_read" [convbas.cpp:40]   --->   Operation 153 'mul' 'mul_ln40_3' <Predicate = true> <Delay = 1.05> <CoreInst = "DSP48">   --->   Core 116 'DSP48' <Latency = 3> <II = 1> <Delay = 2.15> <IPBlock> <Opcode : 'add' 'sub' 'mul' 'select'> <InPorts = 0> <OutPorts = 1> <Sync> <CReg>

State 17 <SV = 16> <Delay = 7.30>
ST_17 : Operation 154 [1/1] (7.30ns)   --->   "%gmem0_addr_1_read = read i16 @_ssdm_op_Read.m_axi.p1i16, i16 %gmem0_addr_1" [convbas.cpp:40]   --->   Operation 154 'read' 'gmem0_addr_1_read' <Predicate = true> <Delay = 7.30> <CoreInst = "m_axi">   --->   Core 111 'm_axi' <Latency = 3> <II = 1> <Delay = 1.00> <Adapter> <Opcode : 'read' 'write' 'readreq' 'writereq' 'writeresp'>
ST_17 : Operation 155 [3/8] (7.30ns)   --->   "%empty_31 = readreq i1 @_ssdm_op_ReadReq.m_axi.p1i16, i16 %gmem0_addr_2, i64 3" [convbas.cpp:37]   --->   Operation 155 'readreq' 'empty_31' <Predicate = true> <Delay = 7.30> <CoreInst = "m_axi">   --->   Core 111 'm_axi' <Latency = 6> <II = 1> <Delay = 1.00> <Adapter> <Opcode : 'read' 'write' 'readreq' 'writereq' 'writeresp'>
ST_17 : Operation 156 [2/3] (1.05ns) (grouped into DSP with root node add_ln40)   --->   "%mul_ln40_3 = mul i16 %local_kernel_load_read, i16 %gmem0_addr_read" [convbas.cpp:40]   --->   Operation 156 'mul' 'mul_ln40_3' <Predicate = true> <Delay = 1.05> <CoreInst = "DSP48">   --->   Core 116 'DSP48' <Latency = 3> <II = 1> <Delay = 2.15> <IPBlock> <Opcode : 'add' 'sub' 'mul' 'select'> <InPorts = 0> <OutPorts = 1> <Sync> <CReg>
ST_17 : Operation 157 [1/1] (5.58ns)   --->   "%mul_ln40_4 = mul i16 %local_kernel_load_2_read, i16 %gmem0_addr_read_2" [convbas.cpp:40]   --->   Operation 157 'mul' 'mul_ln40_4' <Predicate = true> <Delay = 5.58> <CoreInst = "Multiplier">   --->   Core 3 'Multiplier' <Latency = 0> <II = 1> <Delay = 5.58> <FuncUnit> <Opcode : 'mul'> <InPorts = 2> <OutPorts = 1>

State 18 <SV = 17> <Delay = 7.30>
ST_18 : Operation 158 [1/1] (7.30ns)   --->   "%gmem0_addr_1_read_1 = read i16 @_ssdm_op_Read.m_axi.p1i16, i16 %gmem0_addr_1" [convbas.cpp:40]   --->   Operation 158 'read' 'gmem0_addr_1_read_1' <Predicate = true> <Delay = 7.30> <CoreInst = "m_axi">   --->   Core 111 'm_axi' <Latency = 3> <II = 1> <Delay = 1.00> <Adapter> <Opcode : 'read' 'write' 'readreq' 'writereq' 'writeresp'>
ST_18 : Operation 159 [2/8] (7.30ns)   --->   "%empty_31 = readreq i1 @_ssdm_op_ReadReq.m_axi.p1i16, i16 %gmem0_addr_2, i64 3" [convbas.cpp:37]   --->   Operation 159 'readreq' 'empty_31' <Predicate = true> <Delay = 7.30> <CoreInst = "m_axi">   --->   Core 111 'm_axi' <Latency = 6> <II = 1> <Delay = 1.00> <Adapter> <Opcode : 'read' 'write' 'readreq' 'writereq' 'writeresp'>
ST_18 : Operation 160 [1/3] (0.00ns) (grouped into DSP with root node add_ln40)   --->   "%mul_ln40_3 = mul i16 %local_kernel_load_read, i16 %gmem0_addr_read" [convbas.cpp:40]   --->   Operation 160 'mul' 'mul_ln40_3' <Predicate = true> <Delay = 0.00> <CoreInst = "DSP48">   --->   Core 116 'DSP48' <Latency = 3> <II = 1> <Delay = 2.15> <IPBlock> <Opcode : 'add' 'sub' 'mul' 'select'> <InPorts = 0> <OutPorts = 1> <Sync> <CReg>
ST_18 : Operation 161 [3/3] (1.05ns) (grouped into DSP with root node add_ln40_1)   --->   "%mul_ln40_5 = mul i16 %local_kernel_load_3_read, i16 %gmem0_addr_1_read" [convbas.cpp:40]   --->   Operation 161 'mul' 'mul_ln40_5' <Predicate = true> <Delay = 1.05> <CoreInst = "DSP48">   --->   Core 116 'DSP48' <Latency = 3> <II = 1> <Delay = 2.15> <IPBlock> <Opcode : 'add' 'sub' 'mul' 'select'> <InPorts = 0> <OutPorts = 1> <Sync> <CReg>
ST_18 : Operation 162 [2/2] (2.10ns) (root node of the DSP)   --->   "%add_ln40 = add i16 %mul_ln40_2, i16 %mul_ln40_3" [convbas.cpp:40]   --->   Operation 162 'add' 'add_ln40' <Predicate = true> <Delay = 2.10> <CoreInst = "DSP48">   --->   Core 116 'DSP48' <Latency = 3> <II = 1> <Delay = 2.15> <IPBlock> <Opcode : 'add' 'sub' 'mul' 'select'> <InPorts = 0> <OutPorts = 1> <Sync> <CReg>

State 19 <SV = 18> <Delay = 7.30>
ST_19 : Operation 163 [1/1] (7.30ns)   --->   "%gmem0_addr_1_read_2 = read i16 @_ssdm_op_Read.m_axi.p1i16, i16 %gmem0_addr_1" [convbas.cpp:40]   --->   Operation 163 'read' 'gmem0_addr_1_read_2' <Predicate = true> <Delay = 7.30> <CoreInst = "m_axi">   --->   Core 111 'm_axi' <Latency = 3> <II = 1> <Delay = 1.00> <Adapter> <Opcode : 'read' 'write' 'readreq' 'writereq' 'writeresp'>
ST_19 : Operation 164 [1/8] (7.30ns)   --->   "%empty_31 = readreq i1 @_ssdm_op_ReadReq.m_axi.p1i16, i16 %gmem0_addr_2, i64 3" [convbas.cpp:37]   --->   Operation 164 'readreq' 'empty_31' <Predicate = true> <Delay = 7.30> <CoreInst = "m_axi">   --->   Core 111 'm_axi' <Latency = 6> <II = 1> <Delay = 1.00> <Adapter> <Opcode : 'read' 'write' 'readreq' 'writereq' 'writeresp'>
ST_19 : Operation 165 [2/3] (1.05ns) (grouped into DSP with root node add_ln40_1)   --->   "%mul_ln40_5 = mul i16 %local_kernel_load_3_read, i16 %gmem0_addr_1_read" [convbas.cpp:40]   --->   Operation 165 'mul' 'mul_ln40_5' <Predicate = true> <Delay = 1.05> <CoreInst = "DSP48">   --->   Core 116 'DSP48' <Latency = 3> <II = 1> <Delay = 2.15> <IPBlock> <Opcode : 'add' 'sub' 'mul' 'select'> <InPorts = 0> <OutPorts = 1> <Sync> <CReg>
ST_19 : Operation 166 [1/1] (5.58ns)   --->   "%mul_ln40_6 = mul i16 %local_kernel_load_4_read, i16 %gmem0_addr_1_read_1" [convbas.cpp:40]   --->   Operation 166 'mul' 'mul_ln40_6' <Predicate = true> <Delay = 5.58> <CoreInst = "Multiplier">   --->   Core 3 'Multiplier' <Latency = 0> <II = 1> <Delay = 5.58> <FuncUnit> <Opcode : 'mul'> <InPorts = 2> <OutPorts = 1>
ST_19 : Operation 167 [1/2] (2.10ns) (root node of the DSP)   --->   "%add_ln40 = add i16 %mul_ln40_2, i16 %mul_ln40_3" [convbas.cpp:40]   --->   Operation 167 'add' 'add_ln40' <Predicate = true> <Delay = 2.10> <CoreInst = "DSP48">   --->   Core 116 'DSP48' <Latency = 3> <II = 1> <Delay = 2.15> <IPBlock> <Opcode : 'add' 'sub' 'mul' 'select'> <InPorts = 0> <OutPorts = 1> <Sync> <CReg>

State 20 <SV = 19> <Delay = 7.30>
ST_20 : Operation 168 [1/1] (7.30ns)   --->   "%gmem0_addr_2_read = read i16 @_ssdm_op_Read.m_axi.p1i16, i16 %gmem0_addr_2" [convbas.cpp:40]   --->   Operation 168 'read' 'gmem0_addr_2_read' <Predicate = true> <Delay = 7.30> <CoreInst = "m_axi">   --->   Core 111 'm_axi' <Latency = 3> <II = 1> <Delay = 1.00> <Adapter> <Opcode : 'read' 'write' 'readreq' 'writereq' 'writeresp'>
ST_20 : Operation 169 [1/3] (0.00ns) (grouped into DSP with root node add_ln40_1)   --->   "%mul_ln40_5 = mul i16 %local_kernel_load_3_read, i16 %gmem0_addr_1_read" [convbas.cpp:40]   --->   Operation 169 'mul' 'mul_ln40_5' <Predicate = true> <Delay = 0.00> <CoreInst = "DSP48">   --->   Core 116 'DSP48' <Latency = 3> <II = 1> <Delay = 2.15> <IPBlock> <Opcode : 'add' 'sub' 'mul' 'select'> <InPorts = 0> <OutPorts = 1> <Sync> <CReg>
ST_20 : Operation 170 [3/3] (1.05ns) (grouped into DSP with root node add_ln40_3)   --->   "%mul_ln40_7 = mul i16 %local_kernel_load_5_read, i16 %gmem0_addr_1_read_2" [convbas.cpp:40]   --->   Operation 170 'mul' 'mul_ln40_7' <Predicate = true> <Delay = 1.05> <CoreInst = "DSP48">   --->   Core 116 'DSP48' <Latency = 3> <II = 1> <Delay = 2.15> <IPBlock> <Opcode : 'add' 'sub' 'mul' 'select'> <InPorts = 0> <OutPorts = 1> <Sync> <CReg>
ST_20 : Operation 171 [2/2] (2.10ns) (root node of the DSP)   --->   "%add_ln40_1 = add i16 %mul_ln40_4, i16 %mul_ln40_5" [convbas.cpp:40]   --->   Operation 171 'add' 'add_ln40_1' <Predicate = true> <Delay = 2.10> <CoreInst = "DSP48">   --->   Core 116 'DSP48' <Latency = 3> <II = 1> <Delay = 2.15> <IPBlock> <Opcode : 'add' 'sub' 'mul' 'select'> <InPorts = 0> <OutPorts = 1> <Sync> <CReg>

State 21 <SV = 20> <Delay = 7.30>
ST_21 : Operation 172 [1/1] (7.30ns)   --->   "%gmem0_addr_2_read_1 = read i16 @_ssdm_op_Read.m_axi.p1i16, i16 %gmem0_addr_2" [convbas.cpp:40]   --->   Operation 172 'read' 'gmem0_addr_2_read_1' <Predicate = true> <Delay = 7.30> <CoreInst = "m_axi">   --->   Core 111 'm_axi' <Latency = 3> <II = 1> <Delay = 1.00> <Adapter> <Opcode : 'read' 'write' 'readreq' 'writereq' 'writeresp'>
ST_21 : Operation 173 [2/3] (1.05ns) (grouped into DSP with root node add_ln40_3)   --->   "%mul_ln40_7 = mul i16 %local_kernel_load_5_read, i16 %gmem0_addr_1_read_2" [convbas.cpp:40]   --->   Operation 173 'mul' 'mul_ln40_7' <Predicate = true> <Delay = 1.05> <CoreInst = "DSP48">   --->   Core 116 'DSP48' <Latency = 3> <II = 1> <Delay = 2.15> <IPBlock> <Opcode : 'add' 'sub' 'mul' 'select'> <InPorts = 0> <OutPorts = 1> <Sync> <CReg>
ST_21 : Operation 174 [1/2] (2.10ns) (root node of the DSP)   --->   "%add_ln40_1 = add i16 %mul_ln40_4, i16 %mul_ln40_5" [convbas.cpp:40]   --->   Operation 174 'add' 'add_ln40_1' <Predicate = true> <Delay = 2.10> <CoreInst = "DSP48">   --->   Core 116 'DSP48' <Latency = 3> <II = 1> <Delay = 2.15> <IPBlock> <Opcode : 'add' 'sub' 'mul' 'select'> <InPorts = 0> <OutPorts = 1> <Sync> <CReg>

State 22 <SV = 21> <Delay = 7.30>
ST_22 : Operation 175 [1/1] (7.30ns)   --->   "%gmem0_addr_2_read_2 = read i16 @_ssdm_op_Read.m_axi.p1i16, i16 %gmem0_addr_2" [convbas.cpp:40]   --->   Operation 175 'read' 'gmem0_addr_2_read_2' <Predicate = true> <Delay = 7.30> <CoreInst = "m_axi">   --->   Core 111 'm_axi' <Latency = 3> <II = 1> <Delay = 1.00> <Adapter> <Opcode : 'read' 'write' 'readreq' 'writereq' 'writeresp'>
ST_22 : Operation 176 [1/1] (5.58ns)   --->   "%mul_ln40 = mul i16 %local_kernel_load_7_read, i16 %gmem0_addr_2_read_1" [convbas.cpp:40]   --->   Operation 176 'mul' 'mul_ln40' <Predicate = true> <Delay = 5.58> <CoreInst = "Multiplier">   --->   Core 3 'Multiplier' <Latency = 0> <II = 1> <Delay = 5.58> <FuncUnit> <Opcode : 'mul'> <InPorts = 2> <OutPorts = 1>
ST_22 : Operation 177 [1/3] (0.00ns) (grouped into DSP with root node add_ln40_3)   --->   "%mul_ln40_7 = mul i16 %local_kernel_load_5_read, i16 %gmem0_addr_1_read_2" [convbas.cpp:40]   --->   Operation 177 'mul' 'mul_ln40_7' <Predicate = true> <Delay = 0.00> <CoreInst = "DSP48">   --->   Core 116 'DSP48' <Latency = 3> <II = 1> <Delay = 2.15> <IPBlock> <Opcode : 'add' 'sub' 'mul' 'select'> <InPorts = 0> <OutPorts = 1> <Sync> <CReg>
ST_22 : Operation 178 [2/2] (2.10ns) (root node of the DSP)   --->   "%add_ln40_3 = add i16 %mul_ln40_6, i16 %mul_ln40_7" [convbas.cpp:40]   --->   Operation 178 'add' 'add_ln40_3' <Predicate = true> <Delay = 2.10> <CoreInst = "DSP48">   --->   Core 116 'DSP48' <Latency = 3> <II = 1> <Delay = 2.15> <IPBlock> <Opcode : 'add' 'sub' 'mul' 'select'> <InPorts = 0> <OutPorts = 1> <Sync> <CReg>

State 23 <SV = 22> <Delay = 2.10>
ST_23 : Operation 179 [3/3] (1.05ns) (grouped into DSP with root node add_ln40_4)   --->   "%mul_ln40_1 = mul i16 %local_kernel_load_8_read, i16 %gmem0_addr_2_read_2" [convbas.cpp:40]   --->   Operation 179 'mul' 'mul_ln40_1' <Predicate = true> <Delay = 1.05> <CoreInst = "DSP48">   --->   Core 116 'DSP48' <Latency = 3> <II = 1> <Delay = 2.15> <IPBlock> <Opcode : 'add' 'sub' 'mul' 'select'> <InPorts = 0> <OutPorts = 1> <Sync> <CReg>
ST_23 : Operation 180 [1/2] (2.10ns) (root node of the DSP)   --->   "%add_ln40_3 = add i16 %mul_ln40_6, i16 %mul_ln40_7" [convbas.cpp:40]   --->   Operation 180 'add' 'add_ln40_3' <Predicate = true> <Delay = 2.10> <CoreInst = "DSP48">   --->   Core 116 'DSP48' <Latency = 3> <II = 1> <Delay = 2.15> <IPBlock> <Opcode : 'add' 'sub' 'mul' 'select'> <InPorts = 0> <OutPorts = 1> <Sync> <CReg>

State 24 <SV = 23> <Delay = 1.05>
ST_24 : Operation 181 [2/3] (1.05ns) (grouped into DSP with root node add_ln40_4)   --->   "%mul_ln40_1 = mul i16 %local_kernel_load_8_read, i16 %gmem0_addr_2_read_2" [convbas.cpp:40]   --->   Operation 181 'mul' 'mul_ln40_1' <Predicate = true> <Delay = 1.05> <CoreInst = "DSP48">   --->   Core 116 'DSP48' <Latency = 3> <II = 1> <Delay = 2.15> <IPBlock> <Opcode : 'add' 'sub' 'mul' 'select'> <InPorts = 0> <OutPorts = 1> <Sync> <CReg>
ST_24 : Operation 182 [3/3] (1.05ns) (grouped into DSP with root node add_ln40_5)   --->   "%mul_ln40_8 = mul i16 %local_kernel_load_6_read, i16 %gmem0_addr_2_read" [convbas.cpp:40]   --->   Operation 182 'mul' 'mul_ln40_8' <Predicate = true> <Delay = 1.05> <CoreInst = "DSP48">   --->   Core 116 'DSP48' <Latency = 3> <II = 1> <Delay = 2.15> <IPBlock> <Opcode : 'add' 'sub' 'mul' 'select'> <InPorts = 0> <OutPorts = 1> <Sync> <CReg>

State 25 <SV = 24> <Delay = 2.10>
ST_25 : Operation 183 [1/3] (0.00ns) (grouped into DSP with root node add_ln40_4)   --->   "%mul_ln40_1 = mul i16 %local_kernel_load_8_read, i16 %gmem0_addr_2_read_2" [convbas.cpp:40]   --->   Operation 183 'mul' 'mul_ln40_1' <Predicate = true> <Delay = 0.00> <CoreInst = "DSP48">   --->   Core 116 'DSP48' <Latency = 3> <II = 1> <Delay = 2.15> <IPBlock> <Opcode : 'add' 'sub' 'mul' 'select'> <InPorts = 0> <OutPorts = 1> <Sync> <CReg>
ST_25 : Operation 184 [2/3] (1.05ns) (grouped into DSP with root node add_ln40_5)   --->   "%mul_ln40_8 = mul i16 %local_kernel_load_6_read, i16 %gmem0_addr_2_read" [convbas.cpp:40]   --->   Operation 184 'mul' 'mul_ln40_8' <Predicate = true> <Delay = 1.05> <CoreInst = "DSP48">   --->   Core 116 'DSP48' <Latency = 3> <II = 1> <Delay = 2.15> <IPBlock> <Opcode : 'add' 'sub' 'mul' 'select'> <InPorts = 0> <OutPorts = 1> <Sync> <CReg>
ST_25 : Operation 185 [2/2] (2.10ns) (root node of the DSP)   --->   "%add_ln40_4 = add i16 %mul_ln40, i16 %mul_ln40_1" [convbas.cpp:40]   --->   Operation 185 'add' 'add_ln40_4' <Predicate = true> <Delay = 2.10> <CoreInst = "DSP48">   --->   Core 116 'DSP48' <Latency = 3> <II = 1> <Delay = 2.15> <IPBlock> <Opcode : 'add' 'sub' 'mul' 'select'> <InPorts = 0> <OutPorts = 1> <Sync> <CReg>
ST_25 : Operation 201 [1/1] (1.58ns)   --->   "%ret_ln0 = ret"   --->   Operation 201 'ret' 'ret_ln0' <Predicate = (icmp_ln31)> <Delay = 1.58>

State 26 <SV = 25> <Delay = 4.20>
ST_26 : Operation 186 [1/3] (0.00ns) (grouped into DSP with root node add_ln40_5)   --->   "%mul_ln40_8 = mul i16 %local_kernel_load_6_read, i16 %gmem0_addr_2_read" [convbas.cpp:40]   --->   Operation 186 'mul' 'mul_ln40_8' <Predicate = true> <Delay = 0.00> <CoreInst = "DSP48">   --->   Core 116 'DSP48' <Latency = 3> <II = 1> <Delay = 2.15> <IPBlock> <Opcode : 'add' 'sub' 'mul' 'select'> <InPorts = 0> <OutPorts = 1> <Sync> <CReg>
ST_26 : Operation 187 [1/2] (2.10ns) (root node of the DSP)   --->   "%add_ln40_4 = add i16 %mul_ln40, i16 %mul_ln40_1" [convbas.cpp:40]   --->   Operation 187 'add' 'add_ln40_4' <Predicate = true> <Delay = 2.10> <CoreInst = "DSP48">   --->   Core 116 'DSP48' <Latency = 3> <II = 1> <Delay = 2.15> <IPBlock> <Opcode : 'add' 'sub' 'mul' 'select'> <InPorts = 0> <OutPorts = 1> <Sync> <CReg>
ST_26 : Operation 188 [2/2] (2.10ns) (root node of the DSP)   --->   "%add_ln40_5 = add i16 %add_ln40_4, i16 %mul_ln40_8" [convbas.cpp:40]   --->   Operation 188 'add' 'add_ln40_5' <Predicate = true> <Delay = 2.10> <CoreInst = "DSP48">   --->   Core 116 'DSP48' <Latency = 3> <II = 1> <Delay = 2.15> <IPBlock> <Opcode : 'add' 'sub' 'mul' 'select'> <InPorts = 0> <OutPorts = 1> <Sync> <CReg>

State 27 <SV = 26> <Delay = 4.17>
ST_27 : Operation 189 [1/2] (2.10ns) (root node of the DSP)   --->   "%add_ln40_5 = add i16 %add_ln40_4, i16 %mul_ln40_8" [convbas.cpp:40]   --->   Operation 189 'add' 'add_ln40_5' <Predicate = true> <Delay = 2.10> <CoreInst = "DSP48">   --->   Core 116 'DSP48' <Latency = 3> <II = 1> <Delay = 2.15> <IPBlock> <Opcode : 'add' 'sub' 'mul' 'select'> <InPorts = 0> <OutPorts = 1> <Sync> <CReg>
ST_27 : Operation 190 [1/1] (2.07ns)   --->   "%add_ln40_6 = add i16 %add_ln40_5, i16 %add_ln40_3" [convbas.cpp:40]   --->   Operation 190 'add' 'add_ln40_6' <Predicate = true> <Delay = 2.07> <CoreInst = "Adder">   --->   Core 1 'Adder' <Latency = 0> <II = 1> <Delay = 2.07> <FuncUnit> <Opcode : 'add' 'sub'> <InPorts = 2> <OutPorts = 1>

State 28 <SV = 27> <Delay = 3.90>
ST_28 : Operation 191 [1/1] (0.00ns) (grouped into TernaryAdder)   --->   "%add_ln40_2 = add i16 %add_ln40_1, i16 %add_ln40" [convbas.cpp:40]   --->   Operation 191 'add' 'add_ln40_2' <Predicate = true> <Delay = 0.00> <CoreInst = "TAddSub">   --->   Core 10 'TAddSub' <Latency = 0> <II = 1> <Delay = 1.95> <IPBlock> <Opcode : 'add' 'sub'> <InPorts = 3> <OutPorts = 1> <Sync> <CReg>
ST_28 : Operation 192 [1/1] (3.90ns) (root node of TernaryAdder)   --->   "%add_ln40_7 = add i16 %add_ln40_6, i16 %add_ln40_2" [convbas.cpp:40]   --->   Operation 192 'add' 'add_ln40_7' <Predicate = true> <Delay = 3.90> <CoreInst = "TAddSub">   --->   Core 10 'TAddSub' <Latency = 0> <II = 1> <Delay = 1.95> <IPBlock> <Opcode : 'add' 'sub'> <InPorts = 3> <OutPorts = 1> <Sync> <CReg>

State 29 <SV = 28> <Delay = 7.30>
ST_29 : Operation 193 [1/1] (0.00ns)   --->   "%specpipeline_ln32 = specpipeline void @_ssdm_op_SpecPipeline, i32 4294967295, i32 0, i32 0, i32 0, void @empty_0" [convbas.cpp:32]   --->   Operation 193 'specpipeline' 'specpipeline_ln32' <Predicate = true> <Delay = 0.00>
ST_29 : Operation 194 [1/1] (7.30ns)   --->   "%write_ln46 = write void @_ssdm_op_Write.m_axi.p1i16, i16 %gmem1_addr_1, i16 %add_ln40_7, i2 3" [convbas.cpp:46]   --->   Operation 194 'write' 'write_ln46' <Predicate = true> <Delay = 7.30> <CoreInst = "m_axi">   --->   Core 111 'm_axi' <Latency = 5> <II = 1> <Delay = 1.00> <Adapter> <Opcode : 'read' 'write' 'readreq' 'writereq' 'writeresp'>

State 30 <SV = 29> <Delay = 7.30>
ST_30 : Operation 195 [5/5] (7.30ns)   --->   "%empty = writeresp i1 @_ssdm_op_WriteResp.m_axi.p1i16, i16 %gmem1_addr_1" [convbas.cpp:31]   --->   Operation 195 'writeresp' 'empty' <Predicate = (!icmp_ln32_1)> <Delay = 7.30> <CoreInst = "m_axi">   --->   Core 111 'm_axi' <Latency = 3> <II = 1> <Delay = 1.00> <Adapter> <Opcode : 'read' 'write' 'readreq' 'writereq' 'writeresp'>

State 31 <SV = 30> <Delay = 7.30>
ST_31 : Operation 196 [4/5] (7.30ns)   --->   "%empty = writeresp i1 @_ssdm_op_WriteResp.m_axi.p1i16, i16 %gmem1_addr_1" [convbas.cpp:31]   --->   Operation 196 'writeresp' 'empty' <Predicate = (!icmp_ln32_1)> <Delay = 7.30> <CoreInst = "m_axi">   --->   Core 111 'm_axi' <Latency = 3> <II = 1> <Delay = 1.00> <Adapter> <Opcode : 'read' 'write' 'readreq' 'writereq' 'writeresp'>

State 32 <SV = 31> <Delay = 7.30>
ST_32 : Operation 197 [3/5] (7.30ns)   --->   "%empty = writeresp i1 @_ssdm_op_WriteResp.m_axi.p1i16, i16 %gmem1_addr_1" [convbas.cpp:31]   --->   Operation 197 'writeresp' 'empty' <Predicate = (!icmp_ln32_1)> <Delay = 7.30> <CoreInst = "m_axi">   --->   Core 111 'm_axi' <Latency = 3> <II = 1> <Delay = 1.00> <Adapter> <Opcode : 'read' 'write' 'readreq' 'writereq' 'writeresp'>

State 33 <SV = 32> <Delay = 7.30>
ST_33 : Operation 198 [2/5] (7.30ns)   --->   "%empty = writeresp i1 @_ssdm_op_WriteResp.m_axi.p1i16, i16 %gmem1_addr_1" [convbas.cpp:31]   --->   Operation 198 'writeresp' 'empty' <Predicate = (!icmp_ln32_1)> <Delay = 7.30> <CoreInst = "m_axi">   --->   Core 111 'm_axi' <Latency = 3> <II = 1> <Delay = 1.00> <Adapter> <Opcode : 'read' 'write' 'readreq' 'writereq' 'writeresp'>

State 34 <SV = 33> <Delay = 7.30>
ST_34 : Operation 199 [1/5] (7.30ns)   --->   "%empty = writeresp i1 @_ssdm_op_WriteResp.m_axi.p1i16, i16 %gmem1_addr_1" [convbas.cpp:31]   --->   Operation 199 'writeresp' 'empty' <Predicate = (!icmp_ln32_1)> <Delay = 7.30> <CoreInst = "m_axi">   --->   Core 111 'm_axi' <Latency = 3> <II = 1> <Delay = 1.00> <Adapter> <Opcode : 'read' 'write' 'readreq' 'writereq' 'writeresp'>
ST_34 : Operation 200 [1/1] (0.00ns)   --->   "%br_ln32 = br void %new.latch.VITIS_LOOP_36_5.split" [convbas.cpp:32]   --->   Operation 200 'br' 'br_ln32' <Predicate = (!icmp_ln32_1)> <Delay = 0.00>


============================================================
+ Verbose Summary: Timing violations
============================================================
Target clock period: 10.000ns, clock uncertainty: 2.700ns.

 <State 1>: 1.588ns
The critical path consists of the following:
	'alloca' operation 64 bit ('indvar_flatten19') [22]  (0.000 ns)
	'store' operation 0 bit ('store_ln0') of constant 0 on local variable 'indvar_flatten19' [44]  (1.588 ns)

 <State 2>: 3.530ns
The critical path consists of the following:
	'load' operation 31 bit ('c', convbas.cpp:32) on local variable 'c', convbas.cpp:32 [51]  (0.000 ns)
	'icmp' operation 1 bit ('icmp_ln32', convbas.cpp:32) [56]  (2.552 ns)
	'xor' operation 1 bit ('xor_ln31', convbas.cpp:31) [65]  (0.000 ns)
	'or' operation 1 bit ('or_ln31', convbas.cpp:31) [66]  (0.978 ns)

 <State 3>: 6.912ns
The critical path consists of the following:
	'mul' operation 63 bit ('empty_23', convbas.cpp:31) [81]  (6.912 ns)

 <State 4>: 6.912ns
The critical path consists of the following:
	'mul' operation 63 bit ('empty_23', convbas.cpp:31) [81]  (6.912 ns)

 <State 5>: 7.014ns
The critical path consists of the following:
	'add' operation 63 bit ('add_ln36', convbas.cpp:36) [84]  (3.494 ns)
	'add' operation 64 bit ('empty_24', convbas.cpp:36) [86]  (3.520 ns)

 <State 6>: 7.300ns
The critical path consists of the following:
	bus request operation ('empty_25', convbas.cpp:37) on port 'gmem0' (convbas.cpp:37) [90]  (7.300 ns)

 <State 7>: 7.300ns
The critical path consists of the following:
	bus request operation ('empty_25', convbas.cpp:37) on port 'gmem0' (convbas.cpp:37) [90]  (7.300 ns)

 <State 8>: 7.300ns
The critical path consists of the following:
	bus request operation ('empty_32', convbas.cpp:32) on port 'gmem1' (convbas.cpp:32) [78]  (7.300 ns)

 <State 9>: 7.300ns
The critical path consists of the following:
	bus request operation ('empty_25', convbas.cpp:37) on port 'gmem0' (convbas.cpp:37) [90]  (7.300 ns)

 <State 10>: 7.300ns
The critical path consists of the following:
	bus request operation ('empty_25', convbas.cpp:37) on port 'gmem0' (convbas.cpp:37) [90]  (7.300 ns)

 <State 11>: 7.300ns
The critical path consists of the following:
	bus request operation ('empty_25', convbas.cpp:37) on port 'gmem0' (convbas.cpp:37) [90]  (7.300 ns)

 <State 12>: 7.300ns
The critical path consists of the following:
	bus request operation ('empty_25', convbas.cpp:37) on port 'gmem0' (convbas.cpp:37) [90]  (7.300 ns)

 <State 13>: 7.300ns
The critical path consists of the following:
	bus request operation ('empty_25', convbas.cpp:37) on port 'gmem0' (convbas.cpp:37) [90]  (7.300 ns)

 <State 14>: 7.300ns
The critical path consists of the following:
	bus read operation ('gmem0_addr_read', convbas.cpp:40) on port 'gmem0' (convbas.cpp:40) [91]  (7.300 ns)

 <State 15>: 7.300ns
The critical path consists of the following:
	bus read operation ('gmem0_addr_read_1', convbas.cpp:40) on port 'gmem0' (convbas.cpp:40) [92]  (7.300 ns)

 <State 16>: 7.300ns
The critical path consists of the following:
	bus read operation ('gmem0_addr_read_2', convbas.cpp:40) on port 'gmem0' (convbas.cpp:40) [93]  (7.300 ns)

 <State 17>: 7.300ns
The critical path consists of the following:
	bus read operation ('gmem0_addr_1_read', convbas.cpp:40) on port 'gmem0' (convbas.cpp:40) [101]  (7.300 ns)

 <State 18>: 7.300ns
The critical path consists of the following:
	bus read operation ('gmem0_addr_1_read_1', convbas.cpp:40) on port 'gmem0' (convbas.cpp:40) [102]  (7.300 ns)

 <State 19>: 7.300ns
The critical path consists of the following:
	bus read operation ('gmem0_addr_1_read_2', convbas.cpp:40) on port 'gmem0' (convbas.cpp:40) [103]  (7.300 ns)

 <State 20>: 7.300ns
The critical path consists of the following:
	bus read operation ('gmem0_addr_2_read', convbas.cpp:40) on port 'gmem0' (convbas.cpp:40) [111]  (7.300 ns)

 <State 21>: 7.300ns
The critical path consists of the following:
	bus read operation ('gmem0_addr_2_read_1', convbas.cpp:40) on port 'gmem0' (convbas.cpp:40) [112]  (7.300 ns)

 <State 22>: 7.300ns
The critical path consists of the following:
	bus read operation ('gmem0_addr_2_read_2', convbas.cpp:40) on port 'gmem0' (convbas.cpp:40) [113]  (7.300 ns)

 <State 23>: 2.100ns
The critical path consists of the following:
	'add' operation 16 bit of DSP[126] ('add_ln40_3', convbas.cpp:40) [126]  (2.100 ns)

 <State 24>: 1.050ns
The critical path consists of the following:
	'mul' operation 16 bit of DSP[127] ('mul_ln40_1', convbas.cpp:40) [115]  (1.050 ns)

 <State 25>: 2.100ns
The critical path consists of the following:
	'mul' operation 16 bit of DSP[127] ('mul_ln40_1', convbas.cpp:40) [115]  (0.000 ns)
	'add' operation 16 bit of DSP[127] ('add_ln40_4', convbas.cpp:40) [127]  (2.100 ns)

 <State 26>: 4.200ns
The critical path consists of the following:
	'add' operation 16 bit of DSP[127] ('add_ln40_4', convbas.cpp:40) [127]  (2.100 ns)
	'add' operation 16 bit of DSP[128] ('add_ln40_5', convbas.cpp:40) [128]  (2.100 ns)

 <State 27>: 4.177ns
The critical path consists of the following:
	'add' operation 16 bit of DSP[128] ('add_ln40_5', convbas.cpp:40) [128]  (2.100 ns)
	'add' operation 16 bit ('add_ln40_6', convbas.cpp:40) [129]  (2.077 ns)

 <State 28>: 3.903ns
The critical path consists of the following:
	'add' operation 16 bit ('add_ln40_2', convbas.cpp:40) [125]  (0.000 ns)
	'add' operation 16 bit ('add_ln40_7', convbas.cpp:40) [130]  (3.903 ns)

 <State 29>: 7.300ns
The critical path consists of the following:
	bus write operation ('write_ln46', convbas.cpp:46) on port 'gmem1' (convbas.cpp:46) [132]  (7.300 ns)

 <State 30>: 7.300ns
The critical path consists of the following:
	bus response operation ('empty', convbas.cpp:31) on port 'gmem1' (convbas.cpp:31) [140]  (7.300 ns)

 <State 31>: 7.300ns
The critical path consists of the following:
	bus response operation ('empty', convbas.cpp:31) on port 'gmem1' (convbas.cpp:31) [140]  (7.300 ns)

 <State 32>: 7.300ns
The critical path consists of the following:
	bus response operation ('empty', convbas.cpp:31) on port 'gmem1' (convbas.cpp:31) [140]  (7.300 ns)

 <State 33>: 7.300ns
The critical path consists of the following:
	bus response operation ('empty', convbas.cpp:31) on port 'gmem1' (convbas.cpp:31) [140]  (7.300 ns)

 <State 34>: 7.300ns
The critical path consists of the following:
	bus response operation ('empty', convbas.cpp:31) on port 'gmem1' (convbas.cpp:31) [140]  (7.300 ns)


============================================================
+ Verbose Summary: Binding
============================================================
N/A
* FSMD analyzer results:
  - Output states:
 - Input state : 
  - Chain level:
	State 1
	State 2
	State 3
	State 4
	State 5
	State 6
	State 7
	State 8
	State 9
	State 10
	State 11
	State 12
	State 13
	State 14
	State 15
	State 16
	State 17
	State 18
	State 19
	State 20
	State 21
	State 22
	State 23
	State 24
	State 25
	State 26
	State 27
	State 28
	State 29
	State 30
	State 31
	State 32
	State 33
	State 34


============================================================
+ Verbose Summary: Datapath Resource usage 
============================================================
N/A
