

================================================================
== Vitis HLS Report for 'convbas'
================================================================
* Date:           Thu Feb 19 10:39:15 2026

* Version:        2025.1 (Build 6135595 on May 21 2025)
* Project:        convbas
* Solution:       hls (Vivado IP Flow Target)
* Product family: zynq
* Target device:  xc7z020-clg400-1


================================================================
== Performance Estimates
================================================================
+ Timing: 
    * Summary: 
    +--------+----------+----------+------------+
    |  Clock |  Target  | Estimated| Uncertainty|
    +--------+----------+----------+------------+
    |ap_clk  |  10.00 ns|  7.300 ns|     2.70 ns|
    +--------+----------+----------+------------+

+ Latency: 
    * Summary: 
    +---------+---------+----------+----------+-----+-----+---------+
    |  Latency (cycles) |  Latency (absolute) |  Interval | Pipeline|
    |   min   |   max   |    min   |    max   | min | max |   Type  |
    +---------+---------+----------+----------+-----+-----+---------+
    |        ?|        ?|         ?|         ?|    ?|    ?|       no|
    +---------+---------+----------+----------+-----+-----+---------+

    + Detail: 
        * Instance: 
        +-------------------------------------------------------------+--------------------------------------------------+---------+---------+----------+----------+-----+-----+------------------------------------------------+
        |                                                             |                                                  |  Latency (cycles) |  Latency (absolute) |  Interval |                    Pipeline                    |
        |                           Instance                          |                      Module                      |   min   |   max   |    min   |    max   | min | max |                      Type                      |
        +-------------------------------------------------------------+--------------------------------------------------+---------+---------+----------+----------+-----+-----+------------------------------------------------+
        |grp_convbas_Pipeline_VITIS_LOOP_23_1_VITIS_LOOP_24_2_fu_230  |convbas_Pipeline_VITIS_LOOP_23_1_VITIS_LOOP_24_2  |       12|       12|  0.120 us|  0.120 us|   10|   10|  loop auto-rewind stp (delay=0 clock cycles(s))|
        |grp_convbas_Pipeline_VITIS_LOOP_31_3_VITIS_LOOP_32_4_fu_238  |convbas_Pipeline_VITIS_LOOP_31_3_VITIS_LOOP_32_4  |        ?|        ?|         ?|         ?|    0|    0|  loop auto-rewind stp (delay=0 clock cycles(s))|
        +-------------------------------------------------------------+--------------------------------------------------+---------+---------+----------+----------+-----+-----+------------------------------------------------+

        * Loop: 
        N/A



================================================================
== Utilization Estimates
================================================================
* Summary: 
+-----------------+---------+-----+--------+-------+-----+
|       Name      | BRAM_18K| DSP |   FF   |  LUT  | URAM|
+-----------------+---------+-----+--------+-------+-----+
|DSP              |        -|    -|       -|      -|    -|
|Expression       |        -|    -|       0|    365|    -|
|FIFO             |        -|    -|       -|      -|    -|
|Instance         |        4|   17|    3976|   4411|    -|
|Memory           |        0|    -|      32|      3|    0|
|Multiplexer      |        -|    -|       0|    281|    -|
|Register         |        -|    -|     642|      -|    -|
+-----------------+---------+-----+--------+-------+-----+
|Total            |        4|   17|    4650|   5060|    0|
+-----------------+---------+-----+--------+-------+-----+
|Available        |      280|  220|  106400|  53200|    0|
+-----------------+---------+-----+--------+-------+-----+
|Utilization (%)  |        1|    7|       4|      9|    0|
+-----------------+---------+-----+--------+-------+-----+

+ Detail: 
    * Instance: 
    +-------------------------------------------------------------+--------------------------------------------------+---------+----+------+------+-----+
    |                           Instance                          |                      Module                      | BRAM_18K| DSP|  FF  |  LUT | URAM|
    +-------------------------------------------------------------+--------------------------------------------------+---------+----+------+------+-----+
    |CTRL_s_axi_U                                                 |CTRL_s_axi                                        |        0|   0|   322|   552|    0|
    |grp_convbas_Pipeline_VITIS_LOOP_23_1_VITIS_LOOP_24_2_fu_230  |convbas_Pipeline_VITIS_LOOP_23_1_VITIS_LOOP_24_2  |        0|   0|    34|   143|    0|
    |grp_convbas_Pipeline_VITIS_LOOP_31_3_VITIS_LOOP_32_4_fu_238  |convbas_Pipeline_VITIS_LOOP_31_3_VITIS_LOOP_32_4  |        0|  13|  1427|  1413|    0|
    |gmem0_m_axi_U                                                |gmem0_m_axi                                       |        2|   0|   696|   754|    0|
    |gmem1_m_axi_U                                                |gmem1_m_axi                                       |        0|   0|   636|   745|    0|
    |gmem2_m_axi_U                                                |gmem2_m_axi                                       |        2|   0|   696|   754|    0|
    |mul_32ns_32ns_64_2_1_U35                                     |mul_32ns_32ns_64_2_1                              |        0|   4|   165|    50|    0|
    +-------------------------------------------------------------+--------------------------------------------------+---------+----+------+------+-----+
    |Total                                                        |                                                  |        4|  17|  3976|  4411|    0|
    +-------------------------------------------------------------+--------------------------------------------------+---------+----+------+------+-----+

    * DSP: 
    N/A

    * Memory: 
    +----------------+----------------------------+---------+----+----+-----+------+-----+------+-------------+
    |     Memory     |           Module           | BRAM_18K| FF | LUT| URAM| Words| Bits| Banks| W*Bits*Banks|
    +----------------+----------------------------+---------+----+----+-----+------+-----+------+-------------+
    |local_kernel_U  |local_kernel_RAM_AUTO_1R1W  |        0|  32|   3|    0|     9|   16|     1|          144|
    +----------------+----------------------------+---------+----+----+-----+------+-----+------+-------------+
    |Total           |                            |        0|  32|   3|    0|     9|   16|     1|          144|
    +----------------+----------------------------+---------+----+----+-----+------+-----+------+-------------+

    * FIFO: 
    N/A

    * Expression: 
    +-------------------------+----------+----+---+----+------------+------------+
    |      Variable Name      | Operation| DSP| FF| LUT| Bitwidth P0| Bitwidth P1|
    +-------------------------+----------+----+---+----+------------+------------+
    |add_ln31_1_fu_353_p2     |         +|   0|  0|  39|          32|           3|
    |add_ln31_fu_323_p2       |         +|   0|  0|  38|          31|           2|
    |sub17_fu_293_p2          |         +|   0|  0|  39|          32|           2|
    |sub51_fu_298_p2          |         +|   0|  0|  39|          32|           3|
    |sub_fu_288_p2            |         +|   0|  0|  39|          32|           2|
    |icmp26_fu_347_p2         |      icmp|   0|  0|  38|          31|           1|
    |icmp_fu_313_p2           |      icmp|   0|  0|  38|          31|           1|
    |empty_33_fu_329_p3       |    select|   0|  0|  31|           1|          31|
    |select_ln31_1_fu_366_p3  |    select|   0|  0|  32|           1|          32|
    |select_ln31_fu_358_p3    |    select|   0|  0|  32|           1|          32|
    +-------------------------+----------+----+---+----+------------+------------+
    |Total                    |          |   0|  0| 365|         224|         109|
    +-------------------------+----------+----+---+----+------------+------------+

    * Multiplexer: 
    +-----------------------------+----+-----------+-----+-----------+
    |             Name            | LUT| Input Size| Bits| Total Bits|
    +-----------------------------+----+-----------+-----+-----------+
    |ap_NS_fsm                    |  93|         19|    1|         19|
    |gmem0_0_ARVALID              |   9|          2|    1|          2|
    |gmem0_0_RREADY               |   9|          2|    1|          2|
    |gmem1_0_AWVALID              |   9|          2|    1|          2|
    |gmem1_0_BREADY               |   9|          2|    1|          2|
    |gmem1_0_WVALID               |   9|          2|    1|          2|
    |gmem2_0_ARADDR               |  14|          3|   64|        192|
    |gmem2_0_ARLEN                |  14|          3|   32|         96|
    |gmem2_0_ARVALID              |  14|          3|    1|          3|
    |gmem2_0_RREADY               |   9|          2|    1|          2|
    |gmem2_blk_n_AR               |   9|          2|    1|          2|
    |local_kernel_address0        |   9|          2|    4|          8|
    |local_kernel_address0_local  |  31|          6|    4|         24|
    |local_kernel_address1_local  |  25|          5|    4|         20|
    |local_kernel_ce0             |   9|          2|    1|          2|
    |local_kernel_we0             |   9|          2|    1|          2|
    +-----------------------------+----+-----------+-----+-----------+
    |Total                        | 281|         59|  119|        380|
    +-----------------------------+----+-----------+-----+-----------+

    * Register: 
    +--------------------------------------------------------------------------+----+----+-----+-----------+
    |                                   Name                                   | FF | LUT| Bits| Const Bits|
    +--------------------------------------------------------------------------+----+----+-----+-----------+
    |H_read_reg_389                                                            |  32|   0|   32|          0|
    |W_read_reg_382                                                            |  32|   0|   32|          0|
    |ap_CS_fsm                                                                 |  18|   0|   18|          0|
    |bound8_reg_531                                                            |  64|   0|   64|          0|
    |empty_33_reg_466                                                          |  31|   0|   31|          0|
    |grp_convbas_Pipeline_VITIS_LOOP_23_1_VITIS_LOOP_24_2_fu_230_ap_start_reg  |   1|   0|    1|          0|
    |grp_convbas_Pipeline_VITIS_LOOP_31_3_VITIS_LOOP_32_4_fu_238_ap_start_reg  |   1|   0|    1|          0|
    |in_r_read_reg_400                                                         |  64|   0|   64|          0|
    |local_kernel_load_1_reg_456                                               |  16|   0|   16|          0|
    |local_kernel_load_2_reg_461                                               |  16|   0|   16|          0|
    |local_kernel_load_3_reg_491                                               |  16|   0|   16|          0|
    |local_kernel_load_4_reg_496                                               |  16|   0|   16|          0|
    |local_kernel_load_5_reg_521                                               |  16|   0|   16|          0|
    |local_kernel_load_6_reg_526                                               |  16|   0|   16|          0|
    |local_kernel_load_7_reg_536                                               |  16|   0|   16|          0|
    |local_kernel_load_8_reg_541                                               |  16|   0|   16|          0|
    |local_kernel_load_reg_431                                                 |  16|   0|   16|          0|
    |out_r_read_reg_395                                                        |  64|   0|   64|          0|
    |select_ln31_1_reg_476                                                     |  32|   0|   32|          0|
    |select_ln31_reg_471                                                       |  32|   0|   32|          0|
    |sub17_reg_446                                                             |  32|   0|   32|          0|
    |sub51_reg_451                                                             |  32|   0|   32|          0|
    |trunc_ln_reg_405                                                          |  63|   0|   63|          0|
    +--------------------------------------------------------------------------+----+----+-----+-----------+
    |Total                                                                     | 642|   0|  642|          0|
    +--------------------------------------------------------------------------+----+----+-----+-----------+



================================================================
== Interface
================================================================
* Summary: 
+----------------------+-----+-----+------------+--------------+--------------+
|       RTL Ports      | Dir | Bits|  Protocol  | Source Object|    C Type    |
+----------------------+-----+-----+------------+--------------+--------------+
|s_axi_CTRL_AWVALID    |   in|    1|       s_axi|          CTRL|        scalar|
|s_axi_CTRL_AWREADY    |  out|    1|       s_axi|          CTRL|        scalar|
|s_axi_CTRL_AWADDR     |   in|    7|       s_axi|          CTRL|        scalar|
|s_axi_CTRL_WVALID     |   in|    1|       s_axi|          CTRL|        scalar|
|s_axi_CTRL_WREADY     |  out|    1|       s_axi|          CTRL|        scalar|
|s_axi_CTRL_WDATA      |   in|   32|       s_axi|          CTRL|        scalar|
|s_axi_CTRL_WSTRB      |   in|    4|       s_axi|          CTRL|        scalar|
|s_axi_CTRL_ARVALID    |   in|    1|       s_axi|          CTRL|        scalar|
|s_axi_CTRL_ARREADY    |  out|    1|       s_axi|          CTRL|        scalar|
|s_axi_CTRL_ARADDR     |   in|    7|       s_axi|          CTRL|        scalar|
|s_axi_CTRL_RVALID     |  out|    1|       s_axi|          CTRL|        scalar|
|s_axi_CTRL_RREADY     |   in|    1|       s_axi|          CTRL|        scalar|
|s_axi_CTRL_RDATA      |  out|   32|       s_axi|          CTRL|        scalar|
|s_axi_CTRL_RRESP      |  out|    2|       s_axi|          CTRL|        scalar|
|s_axi_CTRL_BVALID     |  out|    1|       s_axi|          CTRL|        scalar|
|s_axi_CTRL_BREADY     |   in|    1|       s_axi|          CTRL|        scalar|
|s_axi_CTRL_BRESP      |  out|    2|       s_axi|          CTRL|        scalar|
|ap_clk                |   in|    1|  ap_ctrl_hs|       convbas|  return value|
|ap_rst_n              |   in|    1|  ap_ctrl_hs|       convbas|  return value|
|interrupt             |  out|    1|  ap_ctrl_hs|       convbas|  return value|
|m_axi_gmem0_AWVALID   |  out|    1|       m_axi|         gmem0|       pointer|
|m_axi_gmem0_AWREADY   |   in|    1|       m_axi|         gmem0|       pointer|
|m_axi_gmem0_AWADDR    |  out|   64|       m_axi|         gmem0|       pointer|
|m_axi_gmem0_AWID      |  out|    1|       m_axi|         gmem0|       pointer|
|m_axi_gmem0_AWLEN     |  out|    8|       m_axi|         gmem0|       pointer|
|m_axi_gmem0_AWSIZE    |  out|    3|       m_axi|         gmem0|       pointer|
|m_axi_gmem0_AWBURST   |  out|    2|       m_axi|         gmem0|       pointer|
|m_axi_gmem0_AWLOCK    |  out|    2|       m_axi|         gmem0|       pointer|
|m_axi_gmem0_AWCACHE   |  out|    4|       m_axi|         gmem0|       pointer|
|m_axi_gmem0_AWPROT    |  out|    3|       m_axi|         gmem0|       pointer|
|m_axi_gmem0_AWQOS     |  out|    4|       m_axi|         gmem0|       pointer|
|m_axi_gmem0_AWREGION  |  out|    4|       m_axi|         gmem0|       pointer|
|m_axi_gmem0_AWUSER    |  out|    1|       m_axi|         gmem0|       pointer|
|m_axi_gmem0_WVALID    |  out|    1|       m_axi|         gmem0|       pointer|
|m_axi_gmem0_WREADY    |   in|    1|       m_axi|         gmem0|       pointer|
|m_axi_gmem0_WDATA     |  out|   32|       m_axi|         gmem0|       pointer|
|m_axi_gmem0_WSTRB     |  out|    4|       m_axi|         gmem0|       pointer|
|m_axi_gmem0_WLAST     |  out|    1|       m_axi|         gmem0|       pointer|
|m_axi_gmem0_WID       |  out|    1|       m_axi|         gmem0|       pointer|
|m_axi_gmem0_WUSER     |  out|    1|       m_axi|         gmem0|       pointer|
|m_axi_gmem0_ARVALID   |  out|    1|       m_axi|         gmem0|       pointer|
|m_axi_gmem0_ARREADY   |   in|    1|       m_axi|         gmem0|       pointer|
|m_axi_gmem0_ARADDR    |  out|   64|       m_axi|         gmem0|       pointer|
|m_axi_gmem0_ARID      |  out|    1|       m_axi|         gmem0|       pointer|
|m_axi_gmem0_ARLEN     |  out|    8|       m_axi|         gmem0|       pointer|
|m_axi_gmem0_ARSIZE    |  out|    3|       m_axi|         gmem0|       pointer|
|m_axi_gmem0_ARBURST   |  out|    2|       m_axi|         gmem0|       pointer|
|m_axi_gmem0_ARLOCK    |  out|    2|       m_axi|         gmem0|       pointer|
|m_axi_gmem0_ARCACHE   |  out|    4|       m_axi|         gmem0|       pointer|
|m_axi_gmem0_ARPROT    |  out|    3|       m_axi|         gmem0|       pointer|
|m_axi_gmem0_ARQOS     |  out|    4|       m_axi|         gmem0|       pointer|
|m_axi_gmem0_ARREGION  |  out|    4|       m_axi|         gmem0|       pointer|
|m_axi_gmem0_ARUSER    |  out|    1|       m_axi|         gmem0|       pointer|
|m_axi_gmem0_RVALID    |   in|    1|       m_axi|         gmem0|       pointer|
|m_axi_gmem0_RREADY    |  out|    1|       m_axi|         gmem0|       pointer|
|m_axi_gmem0_RDATA     |   in|   32|       m_axi|         gmem0|       pointer|
|m_axi_gmem0_RLAST     |   in|    1|       m_axi|         gmem0|       pointer|
|m_axi_gmem0_RID       |   in|    1|       m_axi|         gmem0|       pointer|
|m_axi_gmem0_RUSER     |   in|    1|       m_axi|         gmem0|       pointer|
|m_axi_gmem0_RRESP     |   in|    2|       m_axi|         gmem0|       pointer|
|m_axi_gmem0_BVALID    |   in|    1|       m_axi|         gmem0|       pointer|
|m_axi_gmem0_BREADY    |  out|    1|       m_axi|         gmem0|       pointer|
|m_axi_gmem0_BRESP     |   in|    2|       m_axi|         gmem0|       pointer|
|m_axi_gmem0_BID       |   in|    1|       m_axi|         gmem0|       pointer|
|m_axi_gmem0_BUSER     |   in|    1|       m_axi|         gmem0|       pointer|
|m_axi_gmem1_AWVALID   |  out|    1|       m_axi|         gmem1|       pointer|
|m_axi_gmem1_AWREADY   |   in|    1|       m_axi|         gmem1|       pointer|
|m_axi_gmem1_AWADDR    |  out|   64|       m_axi|         gmem1|       pointer|
|m_axi_gmem1_AWID      |  out|    1|       m_axi|         gmem1|       pointer|
|m_axi_gmem1_AWLEN     |  out|    8|       m_axi|         gmem1|       pointer|
|m_axi_gmem1_AWSIZE    |  out|    3|       m_axi|         gmem1|       pointer|
|m_axi_gmem1_AWBURST   |  out|    2|       m_axi|         gmem1|       pointer|
|m_axi_gmem1_AWLOCK    |  out|    2|       m_axi|         gmem1|       pointer|
|m_axi_gmem1_AWCACHE   |  out|    4|       m_axi|         gmem1|       pointer|
|m_axi_gmem1_AWPROT    |  out|    3|       m_axi|         gmem1|       pointer|
|m_axi_gmem1_AWQOS     |  out|    4|       m_axi|         gmem1|       pointer|
|m_axi_gmem1_AWREGION  |  out|    4|       m_axi|         gmem1|       pointer|
|m_axi_gmem1_AWUSER    |  out|    1|       m_axi|         gmem1|       pointer|
|m_axi_gmem1_WVALID    |  out|    1|       m_axi|         gmem1|       pointer|
|m_axi_gmem1_WREADY    |   in|    1|       m_axi|         gmem1|       pointer|
|m_axi_gmem1_WDATA     |  out|   32|       m_axi|         gmem1|       pointer|
|m_axi_gmem1_WSTRB     |  out|    4|       m_axi|         gmem1|       pointer|
|m_axi_gmem1_WLAST     |  out|    1|       m_axi|         gmem1|       pointer|
|m_axi_gmem1_WID       |  out|    1|       m_axi|         gmem1|       pointer|
|m_axi_gmem1_WUSER     |  out|    1|       m_axi|         gmem1|       pointer|
|m_axi_gmem1_ARVALID   |  out|    1|       m_axi|         gmem1|       pointer|
|m_axi_gmem1_ARREADY   |   in|    1|       m_axi|         gmem1|       pointer|
|m_axi_gmem1_ARADDR    |  out|   64|       m_axi|         gmem1|       pointer|
|m_axi_gmem1_ARID      |  out|    1|       m_axi|         gmem1|       pointer|
|m_axi_gmem1_ARLEN     |  out|    8|       m_axi|         gmem1|       pointer|
|m_axi_gmem1_ARSIZE    |  out|    3|       m_axi|         gmem1|       pointer|
|m_axi_gmem1_ARBURST   |  out|    2|       m_axi|         gmem1|       pointer|
|m_axi_gmem1_ARLOCK    |  out|    2|       m_axi|         gmem1|       pointer|
|m_axi_gmem1_ARCACHE   |  out|    4|       m_axi|         gmem1|       pointer|
|m_axi_gmem1_ARPROT    |  out|    3|       m_axi|         gmem1|       pointer|
|m_axi_gmem1_ARQOS     |  out|    4|       m_axi|         gmem1|       pointer|
|m_axi_gmem1_ARREGION  |  out|    4|       m_axi|         gmem1|       pointer|
|m_axi_gmem1_ARUSER    |  out|    1|       m_axi|         gmem1|       pointer|
|m_axi_gmem1_RVALID    |   in|    1|       m_axi|         gmem1|       pointer|
|m_axi_gmem1_RREADY    |  out|    1|       m_axi|         gmem1|       pointer|
|m_axi_gmem1_RDATA     |   in|   32|       m_axi|         gmem1|       pointer|
|m_axi_gmem1_RLAST     |   in|    1|       m_axi|         gmem1|       pointer|
|m_axi_gmem1_RID       |   in|    1|       m_axi|         gmem1|       pointer|
|m_axi_gmem1_RUSER     |   in|    1|       m_axi|         gmem1|       pointer|
|m_axi_gmem1_RRESP     |   in|    2|       m_axi|         gmem1|       pointer|
|m_axi_gmem1_BVALID    |   in|    1|       m_axi|         gmem1|       pointer|
|m_axi_gmem1_BREADY    |  out|    1|       m_axi|         gmem1|       pointer|
|m_axi_gmem1_BRESP     |   in|    2|       m_axi|         gmem1|       pointer|
|m_axi_gmem1_BID       |   in|    1|       m_axi|         gmem1|       pointer|
|m_axi_gmem1_BUSER     |   in|    1|       m_axi|         gmem1|       pointer|
|m_axi_gmem2_AWVALID   |  out|    1|       m_axi|         gmem2|       pointer|
|m_axi_gmem2_AWREADY   |   in|    1|       m_axi|         gmem2|       pointer|
|m_axi_gmem2_AWADDR    |  out|   64|       m_axi|         gmem2|       pointer|
|m_axi_gmem2_AWID      |  out|    1|       m_axi|         gmem2|       pointer|
|m_axi_gmem2_AWLEN     |  out|    8|       m_axi|         gmem2|       pointer|
|m_axi_gmem2_AWSIZE    |  out|    3|       m_axi|         gmem2|       pointer|
|m_axi_gmem2_AWBURST   |  out|    2|       m_axi|         gmem2|       pointer|
|m_axi_gmem2_AWLOCK    |  out|    2|       m_axi|         gmem2|       pointer|
|m_axi_gmem2_AWCACHE   |  out|    4|       m_axi|         gmem2|       pointer|
|m_axi_gmem2_AWPROT    |  out|    3|       m_axi|         gmem2|       pointer|
|m_axi_gmem2_AWQOS     |  out|    4|       m_axi|         gmem2|       pointer|
|m_axi_gmem2_AWREGION  |  out|    4|       m_axi|         gmem2|       pointer|
|m_axi_gmem2_AWUSER    |  out|    1|       m_axi|         gmem2|       pointer|
|m_axi_gmem2_WVALID    |  out|    1|       m_axi|         gmem2|       pointer|
|m_axi_gmem2_WREADY    |   in|    1|       m_axi|         gmem2|       pointer|
|m_axi_gmem2_WDATA     |  out|   32|       m_axi|         gmem2|       pointer|
|m_axi_gmem2_WSTRB     |  out|    4|       m_axi|         gmem2|       pointer|
|m_axi_gmem2_WLAST     |  out|    1|       m_axi|         gmem2|       pointer|
|m_axi_gmem2_WID       |  out|    1|       m_axi|         gmem2|       pointer|
|m_axi_gmem2_WUSER     |  out|    1|       m_axi|         gmem2|       pointer|
|m_axi_gmem2_ARVALID   |  out|    1|       m_axi|         gmem2|       pointer|
|m_axi_gmem2_ARREADY   |   in|    1|       m_axi|         gmem2|       pointer|
|m_axi_gmem2_ARADDR    |  out|   64|       m_axi|         gmem2|       pointer|
|m_axi_gmem2_ARID      |  out|    1|       m_axi|         gmem2|       pointer|
|m_axi_gmem2_ARLEN     |  out|    8|       m_axi|         gmem2|       pointer|
|m_axi_gmem2_ARSIZE    |  out|    3|       m_axi|         gmem2|       pointer|
|m_axi_gmem2_ARBURST   |  out|    2|       m_axi|         gmem2|       pointer|
|m_axi_gmem2_ARLOCK    |  out|    2|       m_axi|         gmem2|       pointer|
|m_axi_gmem2_ARCACHE   |  out|    4|       m_axi|         gmem2|       pointer|
|m_axi_gmem2_ARPROT    |  out|    3|       m_axi|         gmem2|       pointer|
|m_axi_gmem2_ARQOS     |  out|    4|       m_axi|         gmem2|       pointer|
|m_axi_gmem2_ARREGION  |  out|    4|       m_axi|         gmem2|       pointer|
|m_axi_gmem2_ARUSER    |  out|    1|       m_axi|         gmem2|       pointer|
|m_axi_gmem2_RVALID    |   in|    1|       m_axi|         gmem2|       pointer|
|m_axi_gmem2_RREADY    |  out|    1|       m_axi|         gmem2|       pointer|
|m_axi_gmem2_RDATA     |   in|   32|       m_axi|         gmem2|       pointer|
|m_axi_gmem2_RLAST     |   in|    1|       m_axi|         gmem2|       pointer|
|m_axi_gmem2_RID       |   in|    1|       m_axi|         gmem2|       pointer|
|m_axi_gmem2_RUSER     |   in|    1|       m_axi|         gmem2|       pointer|
|m_axi_gmem2_RRESP     |   in|    2|       m_axi|         gmem2|       pointer|
|m_axi_gmem2_BVALID    |   in|    1|       m_axi|         gmem2|       pointer|
|m_axi_gmem2_BREADY    |  out|    1|       m_axi|         gmem2|       pointer|
|m_axi_gmem2_BRESP     |   in|    2|       m_axi|         gmem2|       pointer|
|m_axi_gmem2_BID       |   in|    1|       m_axi|         gmem2|       pointer|
|m_axi_gmem2_BUSER     |   in|    1|       m_axi|         gmem2|       pointer|
+----------------------+-----+-----+------------+--------------+--------------+

