

================================================================
== Synthesis Summary Report of 'convbas'
================================================================
+ General Information: 
    * Date:           Thu Feb 19 10:39:16 2026
    * Version:        2025.1 (Build 6135595 on May 21 2025)
    * Project:        convbas
    * Solution:       hls (Vivado IP Flow Target)
    * Product family: zynq
    * Target device:  xc7z020-clg400-1
    

+ Performance & Resource Estimates: 
    
    PS: '+' for module; 'o' for loop; '*' for dataflow
    +-----------------------------------------------------+------+------+---------+---------+----------+---------+------+----------+--------+---------+-----------+-----------+-----+
    |                       Modules                       | Issue|      |      Latency      | Iteration|         | Trip |          |        |         |           |           |     |
    |                       & Loops                       | Type | Slack| (cycles)|   (ns)  |  Latency | Interval| Count| Pipelined|  BRAM  |   DSP   |     FF    |    LUT    | URAM|
    +-----------------------------------------------------+------+------+---------+---------+----------+---------+------+----------+--------+---------+-----------+-----------+-----+
    |+ convbas                                            |     -|  0.00|        -|        -|         -|        -|     -|        no|  4 (1%)|  17 (7%)|  4650 (4%)|  5060 (9%)|    -|
    | + convbas_Pipeline_VITIS_LOOP_23_1_VITIS_LOOP_24_2  |     -|  0.00|       12|  120.000|         -|       10|     -|    rewind|       -|        -|   34 (~0%)|  143 (~0%)|    -|
    |  o VITIS_LOOP_23_1_VITIS_LOOP_24_2                  |     -|  7.30|       10|  100.000|         3|        1|     9|       yes|       -|        -|          -|          -|    -|
    | + convbas_Pipeline_VITIS_LOOP_31_3_VITIS_LOOP_32_4  |     -|  0.00|        -|        -|         -|        0|     -|    rewind|       -|  13 (5%)|  1427 (1%)|  1413 (2%)|    -|
    |  o VITIS_LOOP_31_3_VITIS_LOOP_32_4                  |    II|  7.30|        -|        -|        33|        9|     -|       yes|       -|        -|          -|          -|    -|
    +-----------------------------------------------------+------+------+---------+---------+----------+---------+------+----------+--------+---------+-----------+-----------+-----+


================================================================
== HW Interfaces
================================================================
* M_AXI
+-------------+------------+------------+---------------+---------+--------+----------+-----------+--------------+--------------+-------------+-------------+-------------------+
| Interface   | Read/Write | Data Width | Address Width | Latency | Offset | Register | Max Widen | Max Read     | Max Write    | Num Read    | Num Write   | Resource Estimate |
|             |            | (SW->HW)   |               |         |        |          | Bitwidth  | Burst Length | Burst Length | Outstanding | Outstanding |                   |
+-------------+------------+------------+---------------+---------+--------+----------+-----------+--------------+--------------+-------------+-------------+-------------------+
| m_axi_gmem0 | READ_ONLY  | 16 -> 16   | 64            | 0       | slave  | 0        | 0         | 16           | 16           | 16          | 16          | BRAM=2            |
| m_axi_gmem1 | WRITE_ONLY | 16 -> 16   | 64            | 0       | slave  | 0        | 0         | 16           | 16           | 16          | 16          |                   |
| m_axi_gmem2 | READ_ONLY  | 16 -> 16   | 64            | 0       | slave  | 0        | 0         | 16           | 16           | 16          | 16          | BRAM=2            |
+-------------+------------+------------+---------------+---------+--------+----------+-----------+--------------+--------------+-------------+-------------+-------------------+

* S_AXILITE Interfaces
+------------+------------+---------------+--------+----------+
| Interface  | Data Width | Address Width | Offset | Register |
+------------+------------+---------------+--------+----------+
| s_axi_CTRL | 32         | 7             | 16     | 0        |
+------------+------------+---------------+--------+----------+

* S_AXILITE Registers
+------------+------------+--------+-------+--------+----------------------------------+----------------------------------------------------------------------+
| Interface  | Register   | Offset | Width | Access | Description                      | Bit Fields                                                           |
+------------+------------+--------+-------+--------+----------------------------------+----------------------------------------------------------------------+
| s_axi_CTRL | CTRL       | 0x00   | 32    | RW     | Control signals                  | 0=AP_START 1=AP_DONE 2=AP_IDLE 3=AP_READY 7=AUTO_RESTART 9=INTERRUPT |
| s_axi_CTRL | GIER       | 0x04   | 32    | RW     | Global Interrupt Enable Register | 0=Enable                                                             |
| s_axi_CTRL | IP_IER     | 0x08   | 32    | RW     | IP Interrupt Enable Register     | 0=CHAN0_INT_EN 1=CHAN1_INT_EN                                        |
| s_axi_CTRL | IP_ISR     | 0x0c   | 32    | RW     | IP Interrupt Status Register     | 0=CHAN0_INT_ST 1=CHAN1_INT_ST                                        |
| s_axi_CTRL | in_r_1     | 0x10   | 32    | W      | Data signal of in_r              |                                                                      |
| s_axi_CTRL | in_r_2     | 0x14   | 32    | W      | Data signal of in_r              |                                                                      |
| s_axi_CTRL | out_r_1    | 0x1c   | 32    | W      | Data signal of out_r             |                                                                      |
| s_axi_CTRL | out_r_2    | 0x20   | 32    | W      | Data signal of out_r             |                                                                      |
| s_axi_CTRL | H          | 0x28   | 32    | W      | Data signal of H                 |                                                                      |
| s_axi_CTRL | W          | 0x30   | 32    | W      | Data signal of W                 |                                                                      |
| s_axi_CTRL | w_kernel_1 | 0x38   | 32    | W      | Data signal of w_kernel          |                                                                      |
| s_axi_CTRL | w_kernel_2 | 0x3c   | 32    | W      | Data signal of w_kernel          |                                                                      |
+------------+------------+--------+-------+--------+----------------------------------+----------------------------------------------------------------------+

* TOP LEVEL CONTROL
+-----------+------------+-----------+
| Interface | Type       | Ports     |
+-----------+------------+-----------+
| ap_clk    | clock      | ap_clk    |
| ap_rst_n  | reset      | ap_rst_n  |
| interrupt | interrupt  | interrupt |
| ap_ctrl   | ap_ctrl_hs |           |
+-----------+------------+-----------+


================================================================
== SW I/O Information
================================================================
* Top Function Arguments
+----------+-----------+---------------+
| Argument | Direction | Datatype      |
+----------+-----------+---------------+
| in       | in        | short const * |
| out      | out       | short*        |
| H        | in        | int           |
| W        | in        | int           |
| w_kernel | in        | short const * |
+----------+-----------+---------------+

* SW-to-HW Mapping
+----------+--------------+-----------+----------+--------------------------------------+
| Argument | HW Interface | HW Type   | HW Usage | HW Info                              |
+----------+--------------+-----------+----------+--------------------------------------+
| in       | m_axi_gmem0  | interface |          | channel=0                            |
| in       | s_axi_CTRL   | register  | offset   | name=in_r_1 offset=0x10 range=32     |
| in       | s_axi_CTRL   | register  | offset   | name=in_r_2 offset=0x14 range=32     |
| out      | m_axi_gmem1  | interface |          | channel=0                            |
| out      | s_axi_CTRL   | register  | offset   | name=out_r_1 offset=0x1c range=32    |
| out      | s_axi_CTRL   | register  | offset   | name=out_r_2 offset=0x20 range=32    |
| H        | s_axi_CTRL   | register  |          | name=H offset=0x28 range=32          |
| W        | s_axi_CTRL   | register  |          | name=W offset=0x30 range=32          |
| w_kernel | m_axi_gmem2  | interface |          | channel=0                            |
| w_kernel | s_axi_CTRL   | register  | offset   | name=w_kernel_1 offset=0x38 range=32 |
| w_kernel | s_axi_CTRL   | register  | offset   | name=w_kernel_2 offset=0x3c range=32 |
+----------+--------------+-----------+----------+--------------------------------------+


================================================================
== M_AXI Burst Information
================================================================
 Note: All burst requests might be further partitioned into multiple requests during RTL generation based on max_read_burst_length or max_write_burst_length settings.

* Inferred Burst Summary
+--------------+-----------+----------+-------+-----------------+-------------------+
| HW Interface | Direction | Length   | Width | Loop            | Loop Location     |
+--------------+-----------+----------+-------+-----------------+-------------------+
| m_axi_gmem0  | read      | 3        | 16    |                 |                   |
| m_axi_gmem1  | write     | variable | 16    | VITIS_LOOP_32_4 | convbas.cpp:32:26 |
| m_axi_gmem2  | read      | 9        | 16    | VITIS_LOOP_23_1 | convbas.cpp:23:22 |
+--------------+-----------+----------+-------+-----------------+-------------------+

* All M_AXI Variable Accesses
+--------------+----------+-------------------+-----------+--------------+----------+-----------------+-------------------+------------+-------------------------------------------------------------------------------------------------------+
| HW Interface | Variable | Access Location   | Direction | Burst Status | Length   | Loop            | Loop Location     | Resolution | Problem                                                                                               |
+--------------+----------+-------------------+-----------+--------------+----------+-----------------+-------------------+------------+-------------------------------------------------------------------------------------------------------+
| m_axi_gmem0  | in       | convbas.cpp:40:28 | read      | Widen Fail   |          | VITIS_LOOP_37_6 | convbas.cpp:37:34 | 214-353    | Could not widen since type i16 size is greater than or equal to the max_widen_bitwidth threshold of 0 |
| m_axi_gmem0  | in       | convbas.cpp:40:28 | read      | Fail         |          | VITIS_LOOP_36_5 | convbas.cpp:36:30 | 214-230    | Stride is incompatible                                                                                |
| m_axi_gmem0  | in       | convbas.cpp:40:28 | read      | Inferred     | 3        | VITIS_LOOP_37_6 | convbas.cpp:37:34 |            |                                                                                                       |
| m_axi_gmem1  | out      | convbas.cpp:46:26 | write     | Widen Fail   |          | VITIS_LOOP_32_4 | convbas.cpp:32:26 | 214-353    | Could not widen since type i16 size is greater than or equal to the max_widen_bitwidth threshold of 0 |
| m_axi_gmem1  | out      | convbas.cpp:46:26 | write     | Fail         |          | VITIS_LOOP_31_3 | convbas.cpp:31:22 | 214-230    | Stride is incompatible                                                                                |
| m_axi_gmem1  | out      | convbas.cpp:46:26 | write     | Inferred     | variable | VITIS_LOOP_32_4 | convbas.cpp:32:26 |            |                                                                                                       |
| m_axi_gmem2  | w_kernel | convbas.cpp:25:34 | read      | Widen Fail   |          | VITIS_LOOP_24_2 | convbas.cpp:24:26 | 214-353    | Could not widen since type i16 size is greater than or equal to the max_widen_bitwidth threshold of 0 |
| m_axi_gmem2  | w_kernel | convbas.cpp:25:34 | read      | Inferred     | 9        | VITIS_LOOP_23_1 | convbas.cpp:23:22 |            |                                                                                                       |
+--------------+----------+-------------------+-----------+--------------+----------+-----------------+-------------------+------------+-------------------------------------------------------------------------------------------------------+

    * Resolution URL: docs.xilinx.com/access/sources/dita/topic?Doc_Version=2025.1%20English&url=ug1448-hls-guidance&resourceid=XXX-YYY.html (replace XXX-YYY with column value)

================================================================
== Bind Op Report
================================================================
+-----------------------------------------------------+-----+--------+---------------+--------+-----------+---------+
| Name                                                | DSP | Pragma | Variable      | Op     | Impl      | Latency |
+-----------------------------------------------------+-----+--------+---------------+--------+-----------+---------+
| + convbas                                           | 17  |        |               |        |           |         |
|   sub_fu_288_p2                                     |     |        | sub           | add    | fabric    | 0       |
|   sub17_fu_293_p2                                   |     |        | sub17         | add    | fabric    | 0       |
|   sub51_fu_298_p2                                   |     |        | sub51         | add    | fabric    | 0       |
|   icmp_fu_313_p2                                    |     |        | icmp          | setgt  | auto      | 0       |
|   add_ln31_fu_323_p2                                |     |        | add_ln31      | add    | fabric    | 0       |
|   empty_33_fu_329_p3                                |     |        | empty_33      | select | auto_sel  | 0       |
|   icmp26_fu_347_p2                                  |     |        | icmp26        | setgt  | auto      | 0       |
|   add_ln31_1_fu_353_p2                              |     |        | add_ln31_1    | add    | fabric    | 0       |
|   select_ln31_fu_358_p3                             |     |        | select_ln31   | select | auto_sel  | 0       |
|   select_ln31_1_fu_366_p3                           |     |        | select_ln31_1 | select | auto_sel  | 0       |
|   mul_32ns_32ns_64_2_1_U35                          | 4   |        | bound8        | mul    | auto      | 1       |
|  + convbas_Pipeline_VITIS_LOOP_23_1_VITIS_LOOP_24_2 | 0   |        |               |        |           |         |
|    icmp_ln23_fu_114_p2                              |     |        | icmp_ln23     | seteq  | auto      | 0       |
|    add_ln23_1_fu_120_p2                             |     |        | add_ln23_1    | add    | fabric    | 0       |
|    add_ln23_fu_143_p2                               |     |        | add_ln23      | add    | fabric    | 0       |
|    icmp_ln24_fu_149_p2                              |     |        | icmp_ln24     | seteq  | auto      | 0       |
|    select_ln23_fu_155_p3                            |     |        | select_ln23   | select | auto_sel  | 0       |
|    select_ln23_1_fu_163_p3                          |     |        | select_ln23_1 | select | auto_sel  | 0       |
|    add_ln24_fu_171_p2                               |     |        | add_ln24      | add    | fabric    | 0       |
|  + convbas_Pipeline_VITIS_LOOP_31_3_VITIS_LOOP_32_4 | 13  |        |               |        |           |         |
|    icmp_ln32_fu_320_p2                              |     |        | icmp_ln32     | setlt  | auto      | 0       |
|    icmp_ln31_fu_325_p2                              |     |        | icmp_ln31     | seteq  | auto      | 0       |
|    add_ln31_fu_330_p2                               |     |        | add_ln31      | add    | fabric    | 0       |
|    add_ln31_1_fu_339_p2                             |     |        | add_ln31_1    | add    | fabric    | 0       |
|    xor_ln31_fu_345_p2                               |     |        | xor_ln31      | xor    | auto      | 0       |
|    or_ln31_fu_351_p2                                |     |        | or_ln31       | or     | auto      | 0       |
|    select_ln31_fu_406_p3                            |     |        | select_ln31   | select | auto_sel  | 0       |
|    select_ln31_1_fu_357_p3                          |     |        | select_ln31_1 | select | auto_sel  | 0       |
|    mul_31ns_32s_63_2_1_U4                           | 4   |        | mul_ln31      | mul    | auto      | 1       |
|    add_ln31_2_fu_548_p2                             |     |        | add_ln31_2    | add    | fabric    | 0       |
|    mul_31ns_32s_63_2_1_U4                           | 4   |        | empty_23      | mul    | auto      | 1       |
|    add_ln36_fu_427_p2                               |     |        | add_ln36      | add    | fabric    | 0       |
|    empty_24_fu_441_p2                               |     |        | empty_24      | add    | fabric    | 0       |
|    empty_26_fu_466_p2                               |     |        | empty_26      | add    | fabric    | 0       |
|    empty_27_fu_478_p2                               |     |        | empty_27      | add    | fabric    | 0       |
|    empty_29_fu_503_p2                               |     |        | empty_29      | add    | fabric    | 0       |
|    empty_30_fu_515_p2                               |     |        | empty_30      | add    | fabric    | 0       |
|    mul_16s_16s_16_1_1_U8                            | 1   |        | mul_ln40      | mul    | auto      | 0       |
|    mac_muladd_16s_16s_16ns_16_4_1_U12               | 1   |        | mul_ln40_1    | mul    | dsp_slice | 3       |
|    mul_16s_16s_16_1_1_U5                            | 1   |        | mul_ln40_2    | mul    | auto      | 0       |
|    mac_muladd_16s_16s_16ns_16_4_1_U9                | 1   |        | mul_ln40_3    | mul    | dsp_slice | 3       |
|    mul_16s_16s_16_1_1_U6                            | 1   |        | mul_ln40_4    | mul    | auto      | 0       |
|    mac_muladd_16s_16s_16ns_16_4_1_U10               | 1   |        | mul_ln40_5    | mul    | dsp_slice | 3       |
|    mul_16s_16s_16_1_1_U7                            | 1   |        | mul_ln40_6    | mul    | auto      | 0       |
|    mac_muladd_16s_16s_16ns_16_4_1_U11               | 1   |        | mul_ln40_7    | mul    | dsp_slice | 3       |
|    mac_muladd_16s_16s_16ns_16_4_1_U13               | 1   |        | mul_ln40_8    | mul    | dsp_slice | 3       |
|    mac_muladd_16s_16s_16ns_16_4_1_U9                | 1   |        | add_ln40      | add    | dsp_slice | 3       |
|    mac_muladd_16s_16s_16ns_16_4_1_U10               | 1   |        | add_ln40_1    | add    | dsp_slice | 3       |
|    mac_muladd_16s_16s_16ns_16_4_1_U11               | 1   |        | add_ln40_3    | add    | dsp_slice | 3       |
|    mac_muladd_16s_16s_16ns_16_4_1_U12               | 1   |        | add_ln40_4    | add    | dsp_slice | 3       |
|    mac_muladd_16s_16s_16ns_16_4_1_U13               | 1   |        | add_ln40_5    | add    | dsp_slice | 3       |
|    add_ln40_6_fu_599_p2                             |     |        | add_ln40_6    | add    | fabric    | 0       |
|    add_ln32_fu_365_p2                               |     |        | add_ln32      | add    | fabric    | 0       |
|    select_ln32_fu_375_p3                            |     |        | select_ln32   | select | auto_sel  | 0       |
|    add_ln32_1_fu_413_p2                             |     |        | add_ln32_1    | add    | fabric    | 0       |
|    icmp_ln32_1_fu_385_p2                            |     |        | icmp_ln32_1   | setlt  | auto      | 0       |
+-----------------------------------------------------+-----+--------+---------------+--------+-----------+---------+


================================================================
== Storage Report
================================================================
+------------------+--------------+-----------+------+------+--------+--------------+------+---------+------------------+
| Name             | Usage        | Type      | BRAM | URAM | Pragma | Variable     | Impl | Latency | Bitwidth, Depth, |
|                  |              |           |      |      |        |              |      |         | Banks            |
+------------------+--------------+-----------+------+------+--------+--------------+------+---------+------------------+
| + convbas        |              |           | 4    | 0    |        |              |      |         |                  |
|   CTRL_s_axi_U   | interface    | s_axilite |      |      |        |              |      |         |                  |
|   gmem0_m_axi_U  | interface    | m_axi     | 2    |      |        |              |      |         |                  |
|   gmem1_m_axi_U  | interface    | m_axi     |      |      |        |              |      |         |                  |
|   gmem2_m_axi_U  | interface    | m_axi     | 2    |      |        |              |      |         |                  |
|   local_kernel_U | ram_2p array |           |      |      |        | local_kernel | auto | 1       | 16, 9, 1         |
+------------------+--------------+-----------+------+------+--------+--------------+------+---------+------------------+


================================================================
== Pragma Report
================================================================
* Valid Pragma Syntax
+-----------+-----------------------------------------------+-------------------------------------+
| Type      | Options                                       | Location                            |
+-----------+-----------------------------------------------+-------------------------------------+
| INTERFACE | m_axi port=in offset=slave bundle=gmem0       | convbas.cpp:11 in convbas, in       |
| INTERFACE | m_axi port=out offset=slave bundle=gmem1      | convbas.cpp:12 in convbas, out      |
| INTERFACE | m_axi port=w_kernel offset=slave bundle=gmem2 | convbas.cpp:13 in convbas, w_kernel |
| INTERFACE | s_axilite port=return bundle=CTRL             | convbas.cpp:14 in convbas, return   |
| INTERFACE | s_axilite port=H bundle=CTRL                  | convbas.cpp:15 in convbas, H        |
| INTERFACE | s_axilite port=W bundle=CTRL                  | convbas.cpp:16 in convbas, W        |
| INTERFACE | s_axilite port=in bundle=CTRL                 | convbas.cpp:17 in convbas, in       |
| INTERFACE | s_axilite port=out bundle=CTRL                | convbas.cpp:18 in convbas, out      |
| INTERFACE | s_axilite port=w_kernel bundle=CTRL           | convbas.cpp:19 in convbas, w_kernel |
+-----------+-----------------------------------------------+-------------------------------------+


