# 
# Steps log generated by v++
# This log file contains a collection of steps that describe the kernel compilation flow
# Note: Some steps are tagged as internal, these steps are for debugging purposes and 
#       are not expected to be able to run independently.
# 

# The following environment variables are set when running vitis-run
Environment variables :
------------------------------------------
ALLUSERSPROFILE=C:\ProgramData
APPDATA=C:\Users\indir\AppData\Roaming
arr.length=0
arr.Ubound=-1
CHARPOP=1
CMAKE_OBJECT_PATH_MAX=4096
CommonProgramFiles=C:\Program Files\Common Files
CommonProgramFiles(x86)=C:\Program Files (x86)\Common Files
CommonProgramW6432=C:\Program Files\Common Files
COMPUTERNAME=MSI
ComSpec=C:\WINDOWS\system32\cmd.exe
configsetroot=C:\WINDOWS\ConfigSetRoot
DriverData=C:\Windows\System32\Drivers\DriverData
EFC_8228_1592913036=1
HDI_APPROOT=K:/Vivado/2025.1/Vitis
HDI_PROCESSOR=i686
HOMEDRIVE=C:
HOMEPATH=\Users\indir
HW_SERVER_DJTG_DISABLE=1
HW_SERVER_FTDIMGR_DISABLE=1
IDE_SKIP_SERVER_LICENSE=1
IGCCSVC_DB=AQAAANCMnd8BFdERjHoAwE/Cl+sBAAAAkG+dyh+c10mVMC0qOIN84gQAAAACAAAAAAAQZgAAAAEAACAAAAA2hIgrdJijKCvO5rvA9RovHoF2nbJCITmvGwNP0hLR/QAAAAAOgAAAAAIAACAAAACZE/GKtZNW6/0JDuNW33QohTDxW/uEmbPt5ivK2BMBlWAAAAAO79o4DKflr5bS60RKO+ecreENLds01ziRvWizpzXh/+2A6i+pitS+vrbwy9I2GFMZ970rsNSm4H9DKhUsfG7qccLEwWgrqPxQl4FHGVstyb+5zQ9C1uGI4f5dw8HoPAFAAAAAQfewN11hfdI7E6bKMt2mjth+OLIqNCVQwRDgYWkYvC78D1BiRHWIU9zaHVOI1KXbLbFgVEFPkwiNmbjGRrVQAA==
INT_VARIABLE_NAME=XILINX_PATH
ISL_IOSTREAMS_RSA=K:/Vivado/2025.1/Vitis/tps/isl
JAVA_EXE=K:/Vivado/2025.1/Vitis\tps\win64\jre11.0.16_1\bin\java.exe
JAVA_HOME=K:/Vivado/2025.1/Vitis\tps\win64\jre11.0.16_1
LC_NUMERIC=C
LOCALAPPDATA=C:\Users\indir\AppData\Local
LOGONSERVER=\\MSI
LOPPER_DTC_FLAGS=-b 0 -@
NOSPLASH=false
NUMBER_OF_PROCESSORS=12
OneDrive=C:\Users\indir\OneDrive
ORIGINAL_XDG_CURRENT_DESKTOP=undefined
OS=Windows_NT
PATH=K:/Vivado/2025.1/Vivado/tps/win64/binutils-2.26/bin;K:/Vivado/2025.1/Vitis/bin/../gnu/aarch64/nt/aarch64-linux/bin;K:/Vivado/2025.1/Vitis/bin/../gnu/ppc64le/4.9.3/win64/bin;K:/Vivado/2025.1/Vitis/bin/../gnu/aarch32/nt/gcc-arm-linux-gnueabi/bin;K:/Vivado/2025.1/Vitis/tps/mingw/6.2.0/win64.o/nt/bin;K:/Vivado/2025.1/Vivado\gnuwin\bin;K:/Vivado/2025.1/Vivado\gnu\microblaze\nt\bin;K:/Vivado/2025.1/Vitis/bin;K:/Vivado/2025.1/Vitis\tps\win64;K:/Vivado/2025.1/Vitis/tps/win64/java-cef-95.0.4638.69/bin/lib/win64;K:/Vivado/2025.1/Vitis/lib/win64.o;K:/Vivado/2025.1/Vitis/tps/win64/jre11.0.16_1/bin/server;K:/Vivado/2025.1/Vitis/tps/win64/jre11.0.16_1/bin;K:/Vivado/2025.1/Vitis\tps\win64\cmake-3.24.2\bin;K:/Vivado/2025.1/Vitis\gnu\microblaze\nt\bin;K:/Vivado/2025.1/Vitis\gnu\microblaze\linux_toolchain\nt64_le\bin;K:/Vivado/2025.1/Vitis\gnu\aarch32\nt\gcc-arm-linux-gnueabi\bin;K:/Vivado/2025.1/Vitis\gnu\aarch32\nt\gcc-arm-none-eabi\bin;K:/Vivado/2025.1/Vitis\gnu\aarch64\nt\aarch64-linux\bin;K:/Vivado/2025.1/Vitis\gnu\aarch64\nt\aarch64-none\bin;K:/Vivado/2025.1/Vitis\gnu\armr5\nt\gcc-arm-none-eabi\bin;K:/Vivado/2025.1/Vitis\gnuwin\bin;K:/Vivado/2025.1/Vitis\tps\win64\python-3.13.0;K:/Vivado/2025.1/Vitis\tps\win64\libxslt\bin;K:/Vivado/2025.1/Vitis\gnu\arm\nt\bin;K:/Vivado/2025.1/Vitis\gnu\microblaze\linux_toolchain\nt64_be\bin;K:/Vivado/2025.1/Vitis\gnu\riscv\nt\riscv64-unknown-elf\bin;K:/Vivado/2025.1/Vivado\tps\win64\python-3.13.0;K:/Vivado/2025.1/Vivado\tps\win64\git-2.46.0\bin;K:/Vivado/2025.1/Vivado\tps\win64\cmake-3.24.2\bin;K:/Vivado/2025.1/Vitis/win64/tools/vcxx\libexec;K:/Vivado/2025.1/Vivado\tps\win64\jre11.0.16_1\bin;K:/Vivado/2025.1/Vivado\tps\win64\libxslt/bin;C:\app\indir\product\21c\dbhomeXE\bin;C:\Program Files (x86)\Common Files\Oracle\Java\javapath;C:\WINDOWS\system32;C:\WINDOWS;C:\WINDOWS\System32\Wbem;C:\WINDOWS\System32\WindowsPowerShell\v1.0\;C:\WINDOWS\System32\OpenSSH\;C:\Program Files\Microsoft SQL Server\150\Tools\Binn\;C:\Program Files\Microsoft SQL Server\Client SDK\ODBC\170\Tools\Binn\;C:\Program Files\dotnet\;C:\Program Files\nodejs\;C:\MinGW\bin;C:\Users\indir\AppData\Roaming\Microsoft\Windows\Start Menu\Programs\Python 3.11;C:\Users\indir\AppData\Local\Programs\Python\Python311;C:\Users\indir\AppData\Local\Programs\Python\Python311\Scripts;C:\Program Files\MATLAB\R2024a\runtime\win64;C:\Program Files\MATLAB\R2024a\bin;C:\Program Files\Git\cmd;C:\Program Files (x86)\STMicroelectronics\STM32 ST-LINK Utility\ST-LINK Utility;C:\Program Files\PuTTY\;C:\Users\indir\AppData\Local\Microsoft\WindowsApps;C:\Users\indir\.dotnet\tools;C:\Users\indir\AppData\Local\Programs\Microsoft VS Code\bin;C:\Users\indir\AppData\Roaming\npm;C:\Users\indir\AppData\Local\GitHubDesktop\bin;C:\intelFPGA_lite\20.1\modelsim_ase\win32aloem;;K:/Vivado/2025.1/Vitis\tps\mingw\6.2.0\win64.o\nt\bin;K:/Vivado/2025.1/Vitis\tps\mingw\6.2.0\win64.o\nt\libexec\gcc\x86_64-w64-mingw32\6.2.0
PATHEXT=.COM;.EXE;.BAT;.CMD;.VBS;.VBE;.JS;.JSE;.WSF;.WSH;.MSC
PROCESSOR_ARCHITECTURE=AMD64
PROCESSOR_IDENTIFIER=Intel64 Family 6 Model 154 Stepping 4, GenuineIntel
PROCESSOR_LEVEL=6
PROCESSOR_REVISION=9a04
PRODVERSION_EXE=K:/Vivado/2025.1/Vitis/bin/unwrapped/win64.o/prodversion.exe
ProgramData=C:\ProgramData
ProgramFiles=C:\Program Files
ProgramFiles(x86)=C:\Program Files (x86)
ProgramW6432=C:\Program Files
PROMPT=$P$G
PSModulePath=C:\Program Files\WindowsPowerShell\Modules;C:\WINDOWS\system32\WindowsPowerShell\v1.0\Modules
PUBLIC=C:\Users\Public
PYTHONPATH=K:/Vivado/2025.1/Vitis\cli;K:/Vivado/2025.1/Vitis\cli\python-packages\win64;K:/Vivado/2025.1/Vitis\cli\python-packages\site-packages;K:/Vivado/2025.1/Vitis\cli\proto;K:/Vivado/2025.1/Vitis\scripts\python_pkg;
python_path=K:/Vivado/2025.1/Vitis\cli;K:/Vivado/2025.1/Vitis\cli\python-packages\win64;K:/Vivado/2025.1/Vitis\cli\python-packages\site-packages;K:/Vivado/2025.1/Vitis\cli\proto;K:/Vivado/2025.1/Vitis\scripts\python_pkg;
QSYS_ROOTDIR=C:\intelFPGA_lite\20.1\quartus\sopc_builder\bin
QUARTUS_ROOTDIR=C:\intelFPGA_lite\20.1\quartus
RDI_APPROOT=K:/Vivado/2025.1/Vitis
RDI_ARGS= --mode hls --csim --config C:\Users\indir\Desktop\Arm_SoC\Convbas\convbas\hls_config.cfg --work_dir convbas
RDI_ARGS_FUNCTION=RDI_EXEC_DEFAULT
RDI_BASEROOT=K:/Vivado/2025.1
RDI_BINDIR=K:/Vivado/2025.1/Vitis/bin
RDI_BINROOT=K:/Vivado/2025.1/Vitis/bin
RDI_BUILD=yes
RDI_CHECK_PROG=True
RDI_DATADIR=K:/Vivado/2025.1/Vitis/data
RDI_INSTALLROOT=K:/Vivado
RDI_INSTALLVER=Vitis
RDI_INSTALLVERSION=2025.1
RDI_JAVACEFROOT=K:/Vivado/2025.1/Vitis/tps/win64/java-cef-95.0.4638.69
RDI_JAVAFXROOT=K:/Vivado/2025.1/Vitis/tps/win64/javafx-sdk-11.0.2
RDI_JAVAROOT=K:/Vivado/2025.1/Vitis/tps/win64/jre11.0.16_1
RDI_JAVA_VERSION=11.0.16_1
RDI_LIBDIR=K:/Vivado/2025.1/Vitis/lib/win64.o
RDI_MINGW_LIB=K:/Vivado/2025.1/Vitis\tps\mingw\6.2.0\win64.o\nt\bin;K:/Vivado/2025.1/Vitis\tps\mingw\6.2.0\win64.o\nt\libexec\gcc\x86_64-w64-mingw32\6.2.0
RDI_OPT_EXT=.o
RDI_OS_ARCH=64
RDI_PLATFORM=win64
RDI_PREPEND_PATH=K:/Vivado/2025.1/Vitis/bin
RDI_PROG=K:/Vivado/2025.1/Vitis/bin/unwrapped/win64.o/vitis-run.exe
RDI_PROGNAME=vitis-run.exe
RDI_SESSION_INFO=K:\Vivado\2025.1\Vitis\bin:MSI-11-02-2026_18-10-24.88
RDI_SHARED_DATA=K:/Vivado/SharedData/2025.1/data
RDI_TEMPINSTALL=K:\Vivado\2025.1
RDI_TPS_ROOT=K:/Vivado/2025.1/Vivado/tps/win64
RDI_USE_JDK11=1
RDI_VERBOSE=False
RT_LIBPATH=K:/Vivado/2025.1/Vitis/scripts/rt/data
RT_TCL_PATH=K:/Vivado/2025.1/Vitis/scripts/rt/base_tcl/tcl
SESSIONNAME=Console
session_string=C:\Users\indir\Desktop\Arm_SoC\Convbas\convbas:MSI-11-02-2026_18-30-12.85
SOPC_KIT_NIOS2=C:\intelFPGA_lite\20.1\nios2eds
STM32_PRG_PATH=C:\Program Files\STMicroelectronics\STM32Cube\STM32CubeProgrammer\bin
supports_classic_ide=false
SYNTH_COMMON=K:/Vivado/2025.1/Vitis/scripts/rt/data
SystemDrive=C:
SystemRoot=C:\WINDOWS
TCL_LIBRARY=K:/Vivado/2025.1/Vitis/tps/tcl/tcl8.6
TCMALLOC_LARGE_ALLOC_REPORT_THRESHOLD=4294967296
TEMP=C:\Users\indir\AppData\Local\Temp
THEIA_APP_PROJECT_PATH=K:\Vivado\2025.1\Vitis\ide\electron-app\win64\resources\app
THEIA_CONFIG_DIR=C:\Users\indir\.theia
THEIA_DEFAULT_PLUGINS=local-dir:K:\Vivado\2025.1\Vitis\ide\electron-app\win64\resources\app\plugins
THEIA_ELECTRON_TOKEN={"value":"8da408b5-73e1-4f5b-8e14-821c934a9c0c"}
THEIA_ELECTRON_VERSION=30.1.2
THEIA_PLUGINS=local-dir:C:\Users\indir\.theia\plugins
TMP=C:\Users\indir\AppData\Local\Temp
tooldir=tps\win64\git-2.46.0
TOOLS_CLANGD=K:/Vivado/2025.1/Vitis/win64/tools/vcxx\libexec
TPS_CMAKE=K:/Vivado/2025.1/Vivado\tps\win64\cmake-3.24.2
TPS_GIT=K:/Vivado/2025.1/Vivado\tps\win64\git-2.46.0
TPS_LIBXSLT=K:/Vivado/2025.1/Vivado\tps\win64\libxslt
TPS_PYTHON=K:/Vivado/2025.1/Vivado\tps\win64\python-3.13.0
USERDOMAIN=MSI
USERDOMAIN_ROAMINGPROFILE=MSI
USERNAME=indir
USERPROFILE=C:\Users\indir
VALIDATE_ARGS="False"
VBOX_MSI_INSTALL_PATH=C:\Program Files\Oracle\VirtualBox\
VITISNEW=true
VITIS_EMBEDDED_INSTALL=true
VITIS_HLS_INSTALL=true
VSCODE_API_VERSION=1.95.3
windir=C:\WINDOWS
XILINX_HLS=K:/Vivado/2025.1/Vitis
XILINX_PLANAHEAD=K:/Vivado/2025.1/Vitis
XILINX_SDK=K:/Vivado/2025.1/Vitis
XILINX_VCXX=K:/Vivado/2025.1/Vitis/win64/tools/vcxx
XILINX_VERSION_DEFAULT=2025.1
XILINX_VERSION_VITIS=2025.1
XILINX_VITIS=K:/Vivado/2025.1/Vitis
XILINX_VITIS_GIT=K:/Vivado/2025.1/Vivado\tps\win64\git-2.46.0\bin
XILINX_VITIS_VERSION=Vitis v2025.1 (64-bit)
XILINX_VIVADO=K:/Vivado/2025.1/Vivado
XIL_CHECK_TCL_DEBUG=False
XIL_NO_OVERRIDE=0
XIL_SUPPRESS_OVERRIDE_WARNINGS=1
XVREDIST=K:/Vivado/2025.1/Vitis\tps\win64\xvcredist.exe
ZES_ENABLE_SYSMAN=1
_RDI_BINROOT=K:\Vivado\2025.1\Vitis\bin
_RDI_CWD=C:\Users\indir\Desktop\Arm_SoC\Convbas\convbas
_RDI_DONT_SET_XILINX_AS_PATH=True
_RDI_VERSION_PROG=vitis-run
_valid=False
__PSLockDownPolicy=0
XILINX_CD_CONNECT_ID=64622
XILINX_CD_SESSION=5a2d1c85-7a23-43ce-82aa-9f806a1d5fe7


VITIS-RUN command line:
------------------------------------------
K:/Vivado/2025.1/Vitis/bin/unwrapped/win64.o/vitis-run.exe --mode hls --csim --config C:\Users\indir\Desktop\Arm_SoC\Convbas\convbas\hls_config.cfg --work_dir convbas 

FINAL PROGRAM OPTIONS
--config C:\Users\indir\Desktop\Arm_SoC\Convbas\convbas\hls_config.cfg
--csim
--hls.flow_target vivado
--hls.package.output.format ip_catalog
--hls.package.output.syn false
--hls.syn.file convbas.cpp
--hls.tb.file tb.cpp
--mode hls
--part xc7z020clg400-1
--work_dir convbas

PARSED COMMAND LINE OPTIONS
--mode hls 
--csim 
--config C:\Users\indir\Desktop\Arm_SoC\Convbas\convbas\hls_config.cfg 
--work_dir convbas 

PARSED CONFIG FILE (1) OPTIONS
file: C:\Users\indir\Desktop\Arm_SoC\Convbas\convbas\hls_config.cfg
part xc7z020clg400-1 
hls.flow_target vivado 
hls.package.output.format ip_catalog 
hls.package.output.syn false 
hls.syn.file convbas.cpp 
hls.tb.file tb.cpp 


==========================================
new:  steps log generated by v++ for new launch 
timestamp: 11 Feb 2026 18:30:25

------------------------------------------
V++ command line :
------------------------------------------
K:/Vivado/2025.1/Vitis/bin/unwrapped/win64.o/v++.exe -c --mode hls --config C:\Users\indir\Desktop\Arm_SoC\Convbas\convbas\hls_config.cfg --work_dir convbas 
  Options from -O    : 
  Options from *.ini : 
  Options from Hw Platform : 

==========================================
new:  steps log generated by v++ for new launch 
timestamp: 11 Feb 2026 18:48:55

------------------------------------------
VITIS-RUN command line :
------------------------------------------
K:/Vivado/2025.1/Vitis/bin/unwrapped/win64.o/vitis-run.exe --mode hls --csim --config C:\Users\indir\Desktop\Arm_SoC\Convbas\convbas\hls_config.cfg --work_dir convbas 
  Options from -O    : 
  Options from *.ini : 
  Options from Hw Platform : 

==========================================
new:  steps log generated by v++ for new launch 
timestamp: 11 Feb 2026 18:51:14

------------------------------------------
VITIS-RUN command line :
------------------------------------------
K:/Vivado/2025.1/Vitis/bin/unwrapped/win64.o/vitis-run.exe --mode hls --csim --config C:\Users\indir\Desktop\Arm_SoC\Convbas\convbas\hls_config.cfg --work_dir convbas 
  Options from -O    : 
  Options from *.ini : 
  Options from Hw Platform : 

==========================================
new:  steps log generated by v++ for new launch 
timestamp: 11 Feb 2026 18:52:29

------------------------------------------
VITIS-RUN command line :
------------------------------------------
K:/Vivado/2025.1/Vitis/bin/unwrapped/win64.o/vitis-run.exe --mode hls --csim --config C:\Users\indir\Desktop\Arm_SoC\Convbas\convbas\hls_config.cfg --work_dir convbas 
  Options from -O    : 
  Options from *.ini : 
  Options from Hw Platform : 

==========================================
new:  steps log generated by v++ for new launch 
timestamp: 11 Feb 2026 18:54:18

------------------------------------------
V++ command line :
------------------------------------------
K:/Vivado/2025.1/Vitis/bin/unwrapped/win64.o/v++.exe -c --mode hls --config C:\Users\indir\Desktop\Arm_SoC\Convbas\convbas\hls_config.cfg --work_dir convbas 
  Options from -O    : 
  Options from *.ini : 
  Options from Hw Platform : 

==========================================
new:  steps log generated by v++ for new launch 
timestamp: 11 Feb 2026 18:54:51

------------------------------------------
V++ command line :
------------------------------------------
K:/Vivado/2025.1/Vitis/bin/unwrapped/win64.o/v++.exe -c --mode hls --config C:\Users\indir\Desktop\Arm_SoC\Convbas\convbas\hls_config.cfg --work_dir convbas 
  Options from -O    : 
  Options from *.ini : 
  Options from Hw Platform : 

==========================================
new:  steps log generated by v++ for new launch 
timestamp: 12 Feb 2026 08:57:25

------------------------------------------
VITIS-RUN command line :
------------------------------------------
K:/Vivado/2025.1/Vitis/bin/unwrapped/win64.o/vitis-run.exe --mode hls --csim --config C:\Users\indir\Desktop\Arm_SoC\Convbas\convbas\hls_config.cfg --work_dir convbas 
  Options from -O    : 
  Options from *.ini : 
  Options from Hw Platform : 

==========================================
new:  steps log generated by v++ for new launch 
timestamp: 12 Feb 2026 09:48:02

------------------------------------------
VITIS-RUN command line :
------------------------------------------
K:/Vivado/2025.1/Vitis/bin/unwrapped/win64.o/vitis-run.exe --mode hls --csim --config C:\Users\indir\Desktop\Arm_SoC\Convbas\convbas\hls_config.cfg --work_dir convbas 
  Options from -O    : 
  Options from *.ini : 
  Options from Hw Platform : 

==========================================
new:  steps log generated by v++ for new launch 
timestamp: 12 Feb 2026 09:50:19

------------------------------------------
V++ command line :
------------------------------------------
K:/Vivado/2025.1/Vitis/bin/unwrapped/win64.o/v++.exe -c --mode hls --config C:\Users\indir\Desktop\Arm_SoC\Convbas\convbas\hls_config.cfg --work_dir convbas 
  Options from -O    : 
  Options from *.ini : 
  Options from Hw Platform : 

==========================================
new:  steps log generated by v++ for new launch 
timestamp: 12 Feb 2026 09:50:39

------------------------------------------
VITIS-RUN command line :
------------------------------------------
K:/Vivado/2025.1/Vitis/bin/unwrapped/win64.o/vitis-run.exe --mode hls --csim --config C:\Users\indir\Desktop\Arm_SoC\Convbas\convbas\hls_config.cfg --work_dir convbas 
  Options from -O    : 
  Options from *.ini : 
  Options from Hw Platform : 

==========================================
new:  steps log generated by v++ for new launch 
timestamp: 17 Feb 2026 23:47:26

------------------------------------------
V++ command line :
------------------------------------------
K:/Vivado/2025.1/Vitis/bin/unwrapped/win64.o/v++.exe -c --mode hls --config C:\Users\indir\Desktop\Arm_SoC\Convbas\convbas\hls_config.cfg --work_dir convbas 
  Options from -O    : 
  Options from *.ini : 
  Options from Hw Platform : 

==========================================
new:  steps log generated by v++ for new launch 
timestamp: 17 Feb 2026 23:47:46

------------------------------------------
VITIS-RUN command line :
------------------------------------------
K:/Vivado/2025.1/Vitis/bin/unwrapped/win64.o/vitis-run.exe --mode hls --csim --config C:\Users\indir\Desktop\Arm_SoC\Convbas\convbas\hls_config.cfg --work_dir convbas 
  Options from -O    : 
  Options from *.ini : 
  Options from Hw Platform : 

==========================================
new:  steps log generated by v++ for new launch 
timestamp: 17 Feb 2026 23:53:03

------------------------------------------
VITIS-RUN command line :
------------------------------------------
K:/Vivado/2025.1/Vitis/bin/unwrapped/win64.o/vitis-run.exe --mode hls --csim --config C:\Users\indir\Desktop\Arm_SoC\Convbas\convbas\hls_config.cfg --work_dir convbas 
  Options from -O    : 
  Options from *.ini : 
  Options from Hw Platform : 

==========================================
new:  steps log generated by v++ for new launch 
timestamp: 17 Feb 2026 23:53:46

------------------------------------------
V++ command line :
------------------------------------------
K:/Vivado/2025.1/Vitis/bin/unwrapped/win64.o/v++.exe -c --mode hls --config C:\Users\indir\Desktop\Arm_SoC\Convbas\convbas\hls_config.cfg --work_dir convbas 
  Options from -O    : 
  Options from *.ini : 
  Options from Hw Platform : 

==========================================
new:  steps log generated by v++ for new launch 
timestamp: 17 Feb 2026 23:55:35

------------------------------------------
VITIS-RUN command line :
------------------------------------------
K:/Vivado/2025.1/Vitis/bin/unwrapped/win64.o/vitis-run.exe --mode hls --csim --config C:\Users\indir\Desktop\Arm_SoC\Convbas\convbas\hls_config.cfg --work_dir convbas 
  Options from -O    : 
  Options from *.ini : 
  Options from Hw Platform : 

==========================================
new:  steps log generated by v++ for new launch 
timestamp: 17 Feb 2026 23:56:07

------------------------------------------
VITIS-RUN command line :
------------------------------------------
K:/Vivado/2025.1/Vitis/bin/unwrapped/win64.o/vitis-run.exe --mode hls --csim --config C:\Users\indir\Desktop\Arm_SoC\Convbas\convbas\hls_config.cfg --work_dir convbas 
  Options from -O    : 
  Options from *.ini : 
  Options from Hw Platform : 

==========================================
new:  steps log generated by v++ for new launch 
timestamp: 17 Feb 2026 23:57:00

------------------------------------------
VITIS-RUN command line :
------------------------------------------
K:/Vivado/2025.1/Vitis/bin/unwrapped/win64.o/vitis-run.exe --mode hls --csim --config C:\Users\indir\Desktop\Arm_SoC\Convbas\convbas\hls_config.cfg --work_dir convbas 
  Options from -O    : 
  Options from *.ini : 
  Options from Hw Platform : 

==========================================
new:  steps log generated by v++ for new launch 
timestamp: 17 Feb 2026 23:57:31

------------------------------------------
VITIS-RUN command line :
------------------------------------------
K:/Vivado/2025.1/Vitis/bin/unwrapped/win64.o/vitis-run.exe --mode hls --csim --config C:\Users\indir\Desktop\Arm_SoC\Convbas\convbas\hls_config.cfg --work_dir convbas 
  Options from -O    : 
  Options from *.ini : 
  Options from Hw Platform : 

==========================================
new:  steps log generated by v++ for new launch 
timestamp: 17 Feb 2026 23:59:23

------------------------------------------
VITIS-RUN command line :
------------------------------------------
K:/Vivado/2025.1/Vitis/bin/unwrapped/win64.o/vitis-run.exe --mode hls --package --config C:\Users\indir\Desktop\Arm_SoC\Convbas\convbas\hls_config.cfg --work_dir convbas 
  Options from -O    : 
  Options from *.ini : 
  Options from Hw Platform : 

==========================================
new:  steps log generated by v++ for new launch 
timestamp: 18 Feb 2026 23:05:09

------------------------------------------
V++ command line :
------------------------------------------
K:/Vivado/2025.1/Vitis/bin/unwrapped/win64.o/v++.exe -c --mode hls --config C:\Users\indir\Desktop\Arm_SoC\Convbas\convbas\hls_config.cfg --work_dir convbas 
  Options from -O    : 
  Options from *.ini : 
  Options from Hw Platform : 

==========================================
new:  steps log generated by v++ for new launch 
timestamp: 18 Feb 2026 23:57:54

------------------------------------------
VITIS-RUN command line :
------------------------------------------
K:/Vivado/2025.1/Vitis/bin/unwrapped/win64.o/vitis-run.exe --mode hls --package --config C:\Users\indir\Desktop\Arm_SoC\Convbas\convbas\hls_config.cfg --work_dir convbas 
  Options from -O    : 
  Options from *.ini : 
  Options from Hw Platform : 

==========================================
new:  steps log generated by v++ for new launch 
timestamp: 18 Feb 2026 23:58:43

------------------------------------------
VITIS-RUN command line :
------------------------------------------
K:/Vivado/2025.1/Vitis/bin/unwrapped/win64.o/vitis-run.exe --mode hls --csim --config C:\Users\indir\Desktop\Arm_SoC\Convbas\convbas\hls_config.cfg --work_dir convbas 
  Options from -O    : 
  Options from *.ini : 
  Options from Hw Platform : 

==========================================
new:  steps log generated by v++ for new launch 
timestamp: 19 Feb 2026 10:36:14

------------------------------------------
VITIS-RUN command line :
------------------------------------------
K:/Vivado/2025.1/Vitis/bin/unwrapped/win64.o/vitis-run.exe --mode hls --csim --config C:\Users\indir\Desktop\Arm_SoC\Convbas\convbas\hls_config.cfg --work_dir convbas 
  Options from -O    : 
  Options from *.ini : 
  Options from Hw Platform : 

==========================================
new:  steps log generated by v++ for new launch 
timestamp: 19 Feb 2026 10:37:24

------------------------------------------
V++ command line :
------------------------------------------
K:/Vivado/2025.1/Vitis/bin/unwrapped/win64.o/v++.exe -c --mode hls --config C:\Users\indir\Desktop\Arm_SoC\Convbas\convbas\hls_config.cfg --work_dir convbas 
  Options from -O    : 
  Options from *.ini : 
  Options from Hw Platform : 

==========================================
new:  steps log generated by v++ for new launch 
timestamp: 19 Feb 2026 10:38:51

------------------------------------------
VITIS-RUN command line :
------------------------------------------
K:/Vivado/2025.1/Vitis/bin/unwrapped/win64.o/vitis-run.exe --mode hls --package --config C:\Users\indir\Desktop\Arm_SoC\Convbas\convbas\hls_config.cfg --work_dir convbas 
  Options from -O    : 
  Options from *.ini : 
  Options from Hw Platform : 

==========================================
new:  steps log generated by v++ for new launch 
timestamp: 19 Feb 2026 10:39:35

------------------------------------------
VITIS-RUN command line :
------------------------------------------
K:/Vivado/2025.1/Vitis/bin/unwrapped/win64.o/vitis-run.exe --mode hls --cosim --config C:\Users\indir\Desktop\Arm_SoC\Convbas\convbas\hls_config.cfg --work_dir convbas 
  Options from -O    : 
  Options from *.ini : 
  Options from Hw Platform : 

==========================================
new:  steps log generated by v++ for new launch 
timestamp: 02 Mar 2026 21:46:36
