  **** HLS Build v2025.1 6135595
INFO: [HLS 200-2005] Using work_dir C:/Users/indir/Desktop/Arm_SoC/Convbas/convbas/convbas 
INFO: [HLS 200-2176] Writing Vitis IDE component file C:/Users/indir/Desktop/Arm_SoC/Convbas/convbas/convbas/vitis-comp.json
INFO: [HLS 200-10] Creating and opening component 'C:/Users/indir/Desktop/Arm_SoC/Convbas/convbas/convbas'.
INFO: [HLS 200-1505] Using default flow_target 'vivado'
Resolution: For help on HLS 200-1505 see docs.xilinx.com/access/sources/dita/topic?Doc_Version=2025.1%20English&url=ug1448-hls-guidance&resourceid=200-1505.html
INFO: [HLS 200-2174] Applying component config ini file C:/Users/indir/Desktop/Arm_SoC/Convbas/convbas/hls_config.cfg
INFO: [HLS 200-1465] Applying config ini 'syn.file=convbas.cpp' from C:/Users/indir/Desktop/Arm_SoC/Convbas/convbas/hls_config.cfg(7)
INFO: [HLS 200-10] Adding design file 'C:/Users/indir/Desktop/Arm_SoC/Convbas/convbas/convbas.cpp' to the project
INFO: [HLS 200-1465] Applying config ini 'tb.file=tb.cpp' from C:/Users/indir/Desktop/Arm_SoC/Convbas/convbas/hls_config.cfg(8)
INFO: [HLS 200-10] Adding test bench file 'C:/Users/indir/Desktop/Arm_SoC/Convbas/convbas/tb.cpp' to the project
INFO: [HLS 200-1465] Applying config ini 'syn.top=convbas' from C:/Users/indir/Desktop/Arm_SoC/Convbas/convbas/hls_config.cfg(9)
INFO: [HLS 200-1465] Applying config ini 'flow_target=vivado' from C:/Users/indir/Desktop/Arm_SoC/Convbas/convbas/hls_config.cfg(4)
INFO: [HLS 200-1505] Using flow_target 'vivado'
Resolution: For help on HLS 200-1505 see docs.xilinx.com/access/sources/dita/topic?Doc_Version=2025.1%20English&url=ug1448-hls-guidance&resourceid=200-1505.html
INFO: [HLS 200-1465] Applying config ini 'part=xc7z020clg400-1' from C:/Users/indir/Desktop/Arm_SoC/Convbas/convbas/hls_config.cfg(1)
INFO: [HLS 200-1611] Setting target device to 'xc7z020-clg400-1'
INFO: [HLS 200-1465] Applying config ini 'package.output.format=ip_catalog' from C:/Users/indir/Desktop/Arm_SoC/Convbas/convbas/hls_config.cfg(5)
INFO: [HLS 200-2176] Writing Vitis IDE component file C:/Users/indir/Desktop/Arm_SoC/Convbas/convbas/convbas/vitis-comp.json
INFO: [HLS 200-111] Finished File checks and directory preparation: CPU user time: 3 seconds. CPU system time: 3 seconds. Elapsed time: 13.536 seconds; current allocated memory: 148.359 MB.
INFO: [HLS 200-10] Analyzing design file 'convbas.cpp' ... 
WARNING: [HLS 200-1986] Could not apply TOP directive, invalid function, label, or variable (:0)
INFO: [HLS 200-111] Finished Source Code Analysis and Preprocessing: CPU user time: 1 seconds. CPU system time: 0 seconds. Elapsed time: 11.998 seconds; current allocated memory: 151.008 MB.
ERROR: [HLS 214-157] Top function not found: there is no function named 'convbas'
error: Top function not found: there is no function named 'convbas'
ERROR: Error in opt
INFO: [HLS 200-112] Total CPU user time: 4 seconds. Total CPU system time: 3 seconds. Total elapsed time: 39.118 seconds; peak allocated memory: 151.281 MB.
