  **** HLS Build v2025.1 6135595
INFO: [HLS 200-2005] Using work_dir C:/Users/indir/Desktop/Arm_SoC/Convbas/convbas/convbas 
INFO: [HLS 200-2176] Writing Vitis IDE component file C:/Users/indir/Desktop/Arm_SoC/Convbas/convbas/convbas/vitis-comp.json
INFO: [HLS 200-10] Creating and opening component 'C:/Users/indir/Desktop/Arm_SoC/Convbas/convbas/convbas'.
INFO: [HLS 200-1505] Using default flow_target 'vivado'
Resolution: For help on HLS 200-1505 see docs.xilinx.com/access/sources/dita/topic?Doc_Version=2025.1%20English&url=ug1448-hls-guidance&resourceid=200-1505.html
INFO: [HLS 200-2174] Applying component config ini file C:/Users/indir/Desktop/Arm_SoC/Convbas/convbas/hls_config.cfg
INFO: [HLS 200-1465] Applying config ini 'syn.file=convbas.cpp' from C:/Users/indir/Desktop/Arm_SoC/Convbas/convbas/hls_config.cfg(7)
INFO: [HLS 200-10] Adding design file 'C:/Users/indir/Desktop/Arm_SoC/Convbas/convbas/convbas.cpp' to the project
INFO: [HLS 200-1465] Applying config ini 'tb.file=tb.cpp' from C:/Users/indir/Desktop/Arm_SoC/Convbas/convbas/hls_config.cfg(8)
INFO: [HLS 200-10] Adding test bench file 'C:/Users/indir/Desktop/Arm_SoC/Convbas/convbas/tb.cpp' to the project
INFO: [HLS 200-1465] Applying config ini 'syn.top=convbas' from C:/Users/indir/Desktop/Arm_SoC/Convbas/convbas/hls_config.cfg(9)
INFO: [HLS 200-1465] Applying config ini 'flow_target=vivado' from C:/Users/indir/Desktop/Arm_SoC/Convbas/convbas/hls_config.cfg(4)
INFO: [HLS 200-1505] Using flow_target 'vivado'
Resolution: For help on HLS 200-1505 see docs.xilinx.com/access/sources/dita/topic?Doc_Version=2025.1%20English&url=ug1448-hls-guidance&resourceid=200-1505.html
INFO: [HLS 200-1465] Applying config ini 'part=xc7z020clg400-1' from C:/Users/indir/Desktop/Arm_SoC/Convbas/convbas/hls_config.cfg(1)
INFO: [HLS 200-1611] Setting target device to 'xc7z020-clg400-1'
INFO: [HLS 200-1465] Applying config ini 'package.output.format=ip_catalog' from C:/Users/indir/Desktop/Arm_SoC/Convbas/convbas/hls_config.cfg(5)
INFO: [HLS 200-2176] Writing Vitis IDE component file C:/Users/indir/Desktop/Arm_SoC/Convbas/convbas/convbas/vitis-comp.json
INFO: [HLS 200-111] Finished File checks and directory preparation: CPU user time: 1 seconds. CPU system time: 1 seconds. Elapsed time: 1.786 seconds; current allocated memory: 147.410 MB.
INFO: [HLS 200-10] Analyzing design file 'convbas.cpp' ... 
INFO: [HLS 200-111] Finished Source Code Analysis and Preprocessing: CPU user time: 0 seconds. CPU system time: 0 seconds. Elapsed time: 1.419 seconds; current allocated memory: 150.012 MB.
INFO: [HLS 200-777] Using interface defaults for 'Vivado' flow target.
INFO: [HLS 200-1995] There were 186 instructions in the design after the 'Compile/Link' phase of compilation. See the Design Size Report for more details (C:/Users/indir/Desktop/Arm_SoC/Convbas/convbas/convbas/hls/syn/report/csynth_design_size.rpt:2)
INFO: [HLS 200-1995] There were 211 instructions in the design after the 'Unroll/Inline (step 1)' phase of compilation. See the Design Size Report for more details (C:/Users/indir/Desktop/Arm_SoC/Convbas/convbas/convbas/hls/syn/report/csynth_design_size.rpt:2)
INFO: [HLS 200-1995] There were 162 instructions in the design after the 'Unroll/Inline (step 2)' phase of compilation. See the Design Size Report for more details (C:/Users/indir/Desktop/Arm_SoC/Convbas/convbas/convbas/hls/syn/report/csynth_design_size.rpt:2)
INFO: [HLS 200-1995] There were 141 instructions in the design after the 'Unroll/Inline (step 3)' phase of compilation. See the Design Size Report for more details (C:/Users/indir/Desktop/Arm_SoC/Convbas/convbas/convbas/hls/syn/report/csynth_design_size.rpt:2)
INFO: [HLS 200-1995] There were 141 instructions in the design after the 'Unroll/Inline (step 4)' phase of compilation. See the Design Size Report for more details (C:/Users/indir/Desktop/Arm_SoC/Convbas/convbas/convbas/hls/syn/report/csynth_design_size.rpt:2)
INFO: [HLS 200-1995] There were 157 instructions in the design after the 'Array/Struct (step 1)' phase of compilation. See the Design Size Report for more details (C:/Users/indir/Desktop/Arm_SoC/Convbas/convbas/convbas/hls/syn/report/csynth_design_size.rpt:2)
INFO: [HLS 200-1995] There were 149 instructions in the design after the 'Array/Struct (step 2)' phase of compilation. See the Design Size Report for more details (C:/Users/indir/Desktop/Arm_SoC/Convbas/convbas/convbas/hls/syn/report/csynth_design_size.rpt:2)
INFO: [HLS 200-1995] There were 149 instructions in the design after the 'Array/Struct (step 3)' phase of compilation. See the Design Size Report for more details (C:/Users/indir/Desktop/Arm_SoC/Convbas/convbas/convbas/hls/syn/report/csynth_design_size.rpt:2)
INFO: [HLS 200-1995] There were 149 instructions in the design after the 'Array/Struct (step 4)' phase of compilation. See the Design Size Report for more details (C:/Users/indir/Desktop/Arm_SoC/Convbas/convbas/convbas/hls/syn/report/csynth_design_size.rpt:2)
INFO: [HLS 200-1995] There were 172 instructions in the design after the 'Array/Struct (step 5)' phase of compilation. See the Design Size Report for more details (C:/Users/indir/Desktop/Arm_SoC/Convbas/convbas/convbas/hls/syn/report/csynth_design_size.rpt:2)
INFO: [HLS 200-1995] There were 170 instructions in the design after the 'Performance (step 1)' phase of compilation. See the Design Size Report for more details (C:/Users/indir/Desktop/Arm_SoC/Convbas/convbas/convbas/hls/syn/report/csynth_design_size.rpt:2)
INFO: [HLS 200-1995] There were 152 instructions in the design after the 'Performance (step 2)' phase of compilation. See the Design Size Report for more details (C:/Users/indir/Desktop/Arm_SoC/Convbas/convbas/convbas/hls/syn/report/csynth_design_size.rpt:2)
INFO: [HLS 200-1995] There were 152 instructions in the design after the 'Performance (step 3)' phase of compilation. See the Design Size Report for more details (C:/Users/indir/Desktop/Arm_SoC/Convbas/convbas/convbas/hls/syn/report/csynth_design_size.rpt:2)
INFO: [HLS 200-1995] There were 152 instructions in the design after the 'Performance (step 4)' phase of compilation. See the Design Size Report for more details (C:/Users/indir/Desktop/Arm_SoC/Convbas/convbas/convbas/hls/syn/report/csynth_design_size.rpt:2)
INFO: [HLS 200-1995] There were 166 instructions in the design after the 'HW Transforms (step 1)' phase of compilation. See the Design Size Report for more details (C:/Users/indir/Desktop/Arm_SoC/Convbas/convbas/convbas/hls/syn/report/csynth_design_size.rpt:2)
INFO: [HLS 200-1995] There were 167 instructions in the design after the 'HW Transforms (step 2)' phase of compilation. See the Design Size Report for more details (C:/Users/indir/Desktop/Arm_SoC/Convbas/convbas/convbas/hls/syn/report/csynth_design_size.rpt:2)
INFO: [HLS 214-291] Loop 'VITIS_LOOP_60_4' is marked as complete unroll implied by the pipeline pragma (convbas.cpp:60:26)
INFO: [HLS 214-291] Loop 'VITIS_LOOP_85_5' is marked as complete unroll implied by the pipeline pragma (convbas.cpp:85:30)
INFO: [HLS 214-291] Loop 'VITIS_LOOP_86_6' is marked as complete unroll implied by the pipeline pragma (convbas.cpp:86:34)
INFO: [HLS 214-186] Unrolling loop 'VITIS_LOOP_60_4' (convbas.cpp:60:26) in function 'convbas' completely with a factor of 3 (convbas.cpp:13:0)
INFO: [HLS 214-186] Unrolling loop 'VITIS_LOOP_85_5' (convbas.cpp:85:30) in function 'convbas' completely with a factor of 3 (convbas.cpp:13:0)
INFO: [HLS 214-186] Unrolling loop 'VITIS_LOOP_86_6' (convbas.cpp:86:34) in function 'convbas' completely with a factor of 3 (convbas.cpp:13:0)
INFO: [HLS 214-248] Applying array_partition to 'kernel': Complete partitioning on dimension 1. Complete partitioning on dimension 2. (convbas.cpp:25:10)
INFO: [HLS 214-248] Applying array_partition to 'line_buf': Complete partitioning on dimension 1. (convbas.cpp:38:13)
INFO: [HLS 214-376] automatically set the pipeline for Loop< VITIS_LOOP_30_2> at convbas.cpp:30:26 
INFO: [HLS 214-115] Multiple burst reads of length 9 and bit width 16 in loop 'VITIS_LOOP_29_1'(convbas.cpp:29:19) has been inferred on bundle 'gmem2'. These burst requests might be further partitioned into multiple requests during RTL generation, based on max_read_burst_length or max_write_burst_length settings. (convbas.cpp:29:19)
INFO: [HLS 214-115] Multiple burst reads of variable length and bit width 16 in loop 'VITIS_LOOP_53_3'(convbas.cpp:53:22) has been inferred on bundle 'gmem0'. These burst requests might be further partitioned into multiple requests during RTL generation, based on max_read_burst_length or max_write_burst_length settings. (convbas.cpp:53:22)
INFO: [HLS 200-111] Finished Compiling Optimization and Transform: CPU user time: 0 seconds. CPU system time: 0 seconds. Elapsed time: 8.73 seconds; current allocated memory: 152.281 MB.
INFO: [HLS 200-111] Finished Checking Pragmas: CPU user time: 0 seconds. CPU system time: 0 seconds. Elapsed time: 0.003 seconds; current allocated memory: 152.281 MB.
INFO: [HLS 200-10] Starting code transformations ...
INFO: [HLS 200-111] Finished Standard Transforms: CPU user time: 0 seconds. CPU system time: 0 seconds. Elapsed time: 0.081 seconds; current allocated memory: 156.793 MB.
INFO: [HLS 200-10] Checking synthesizability ...
INFO: [HLS 200-111] Finished Checking Synthesizability: CPU user time: 0 seconds. CPU system time: 0 seconds. Elapsed time: 0.063 seconds; current allocated memory: 158.164 MB.
INFO: [XFORM 203-11] Balancing expressions in function 'convbas' (convbas.cpp:7:27)...8 expression(s) balanced.
INFO: [HLS 200-111] Finished Loop, function and other optimizations: CPU user time: 0 seconds. CPU system time: 0 seconds. Elapsed time: 0.115 seconds; current allocated memory: 179.758 MB.
INFO: [HLS 200-2061] Successfully converted nested loops 'VITIS_LOOP_29_1'(convbas.cpp:29:19) and 'VITIS_LOOP_30_2'(convbas.cpp:30:26) in function 'convbas' into perfectly nested loops.
INFO: [XFORM 203-541] Flattening a loop nest 'VITIS_LOOP_29_1' (convbas.cpp:29:19) in function 'convbas'.
INFO: [HLS 200-111] Finished Architecture Synthesis: CPU user time: 0 seconds. CPU system time: 0 seconds. Elapsed time: 0.121 seconds; current allocated memory: 191.629 MB.
INFO: [HLS 200-10] Starting hardware synthesis ...
INFO: [HLS 200-10] Synthesizing 'convbas' ...
INFO: [SYN 201-201] Setting up clock 'default' with a period of 10ns.
INFO: [HLS 200-10] ----------------------------------------------------------------
INFO: [HLS 200-42] -- Implementing module 'convbas_Pipeline_VITIS_LOOP_29_1_VITIS_LOOP_30_2' 
INFO: [HLS 200-10] ----------------------------------------------------------------
INFO: [SCHED 204-11] Starting scheduling ...
INFO: [SCHED 204-61] Pipelining loop 'VITIS_LOOP_29_1_VITIS_LOOP_30_2'.
INFO: [HLS 200-1470] Pipelining result : Target II = NA, Final II = 1, Depth = 2, loop 'VITIS_LOOP_29_1_VITIS_LOOP_30_2'
INFO: [SCHED 204-11] Finished scheduling.
INFO: [HLS 200-111] Finished Scheduling: CPU user time: 0 seconds. CPU system time: 0 seconds. Elapsed time: 1.496 seconds; current allocated memory: 195.242 MB.
INFO: [BIND 205-100] Starting micro-architecture generation ...
INFO: [BIND 205-101] Performing variable lifetime analysis.
INFO: [BIND 205-101] Exploring resource sharing.
INFO: [BIND 205-101] Binding ...
INFO: [BIND 205-100] Finished micro-architecture generation.
INFO: [HLS 200-111] Finished Binding: CPU user time: 0 seconds. CPU system time: 0 seconds. Elapsed time: 0.052 seconds; current allocated memory: 196.309 MB.
INFO: [HLS 200-10] ----------------------------------------------------------------
INFO: [HLS 200-42] -- Implementing module 'convbas_Pipeline_VITIS_LOOP_53_3' 
INFO: [HLS 200-10] ----------------------------------------------------------------
INFO: [SCHED 204-11] Starting scheduling ...
INFO: [HLS 200-486] Changing DSP latency (root=add_ln87_5) to 3 in order to utilize available DSP registers.
INFO: [HLS 200-486] Changing DSP latency (root=add_ln87_4) to 3 in order to utilize available DSP registers.
INFO: [HLS 200-486] Changing DSP latency (root=add_ln87_3) to 3 in order to utilize available DSP registers.
INFO: [HLS 200-486] Changing DSP latency (root=add_ln87_1) to 3 in order to utilize available DSP registers.
INFO: [HLS 200-486] Changing DSP latency (root=add_ln87) to 3 in order to utilize available DSP registers.
INFO: [SCHED 204-61] Pipelining loop 'VITIS_LOOP_53_3'.
INFO: [HLS 200-1470] Pipelining result : Target II = 1, Final II = 1, Depth = 15, loop 'VITIS_LOOP_53_3'
INFO: [SCHED 204-11] Finished scheduling.
INFO: [HLS 200-111] Finished Scheduling: CPU user time: 1 seconds. CPU system time: 0 seconds. Elapsed time: 0.171 seconds; current allocated memory: 197.406 MB.
INFO: [BIND 205-100] Starting micro-architecture generation ...
INFO: [BIND 205-101] Performing variable lifetime analysis.
INFO: [BIND 205-101] Exploring resource sharing.
WARNING: [BIND 205-102] The specified resource core for memory 'line_buf_1' will be ignored if a simpler one can be used.
WARNING: [BIND 205-102] The specified resource core for memory 'line_buf' will be ignored if a simpler one can be used.
INFO: [BIND 205-101] Binding ...
INFO: [BIND 205-100] Finished micro-architecture generation.
INFO: [HLS 200-111] Finished Binding: CPU user time: 0 seconds. CPU system time: 0 seconds. Elapsed time: 0.073 seconds; current allocated memory: 197.676 MB.
INFO: [HLS 200-10] ----------------------------------------------------------------
INFO: [HLS 200-42] -- Implementing module 'convbas' 
INFO: [HLS 200-10] ----------------------------------------------------------------
INFO: [SCHED 204-11] Starting scheduling ...
INFO: [SCHED 204-11] Finished scheduling.
INFO: [HLS 200-111] Finished Scheduling: CPU user time: 0 seconds. CPU system time: 0 seconds. Elapsed time: 0.097 seconds; current allocated memory: 197.973 MB.
INFO: [BIND 205-100] Starting micro-architecture generation ...
INFO: [BIND 205-101] Performing variable lifetime analysis.
INFO: [BIND 205-101] Exploring resource sharing.
INFO: [BIND 205-101] Binding ...
INFO: [BIND 205-100] Finished micro-architecture generation.
INFO: [HLS 200-111] Finished Binding: CPU user time: 0 seconds. CPU system time: 0 seconds. Elapsed time: 0.047 seconds; current allocated memory: 198.211 MB.
INFO: [HLS 200-10] ----------------------------------------------------------------
INFO: [HLS 200-10] -- Generating RTL for module 'convbas_Pipeline_VITIS_LOOP_29_1_VITIS_LOOP_30_2' 
INFO: [HLS 200-10] ----------------------------------------------------------------
INFO: [HLS 200-1030] Apply Unified Pipeline Control on module 'convbas_Pipeline_VITIS_LOOP_29_1_VITIS_LOOP_30_2' pipeline 'VITIS_LOOP_29_1_VITIS_LOOP_30_2' pipeline type 'loop pipeline'
WARNING: [RTGEN 206-101] Setting dangling out port 'convbas_Pipeline_VITIS_LOOP_29_1_VITIS_LOOP_30_2/m_axi_gmem2_0_ARVALID' to 0.
WARNING: [RTGEN 206-101] Setting dangling out port 'convbas_Pipeline_VITIS_LOOP_29_1_VITIS_LOOP_30_2/m_axi_gmem2_0_ARADDR' to 0.
WARNING: [RTGEN 206-101] Setting dangling out port 'convbas_Pipeline_VITIS_LOOP_29_1_VITIS_LOOP_30_2/m_axi_gmem2_0_ARID' to 0.
WARNING: [RTGEN 206-101] Setting dangling out port 'convbas_Pipeline_VITIS_LOOP_29_1_VITIS_LOOP_30_2/m_axi_gmem2_0_ARLEN' to 0.
WARNING: [RTGEN 206-101] Setting dangling out port 'convbas_Pipeline_VITIS_LOOP_29_1_VITIS_LOOP_30_2/m_axi_gmem2_0_ARSIZE' to 0.
WARNING: [RTGEN 206-101] Setting dangling out port 'convbas_Pipeline_VITIS_LOOP_29_1_VITIS_LOOP_30_2/m_axi_gmem2_0_ARBURST' to 0.
WARNING: [RTGEN 206-101] Setting dangling out port 'convbas_Pipeline_VITIS_LOOP_29_1_VITIS_LOOP_30_2/m_axi_gmem2_0_ARLOCK' to 0.
WARNING: [RTGEN 206-101] Setting dangling out port 'convbas_Pipeline_VITIS_LOOP_29_1_VITIS_LOOP_30_2/m_axi_gmem2_0_ARCACHE' to 0.
WARNING: [RTGEN 206-101] Setting dangling out port 'convbas_Pipeline_VITIS_LOOP_29_1_VITIS_LOOP_30_2/m_axi_gmem2_0_ARPROT' to 0.
WARNING: [RTGEN 206-101] Setting dangling out port 'convbas_Pipeline_VITIS_LOOP_29_1_VITIS_LOOP_30_2/m_axi_gmem2_0_ARQOS' to 0.
WARNING: [RTGEN 206-101] Setting dangling out port 'convbas_Pipeline_VITIS_LOOP_29_1_VITIS_LOOP_30_2/m_axi_gmem2_0_ARREGION' to 0.
WARNING: [RTGEN 206-101] Setting dangling out port 'convbas_Pipeline_VITIS_LOOP_29_1_VITIS_LOOP_30_2/m_axi_gmem2_0_ARUSER' to 0.
INFO: [RTGEN 206-100] Finished creating RTL model for 'convbas_Pipeline_VITIS_LOOP_29_1_VITIS_LOOP_30_2'.
INFO: [HLS 200-111] Finished Creating RTL model: CPU user time: 0 seconds. CPU system time: 0 seconds. Elapsed time: 1.569 seconds; current allocated memory: 200.125 MB.
INFO: [HLS 200-10] ----------------------------------------------------------------
INFO: [HLS 200-10] -- Generating RTL for module 'convbas_Pipeline_VITIS_LOOP_53_3' 
INFO: [HLS 200-10] ----------------------------------------------------------------
INFO: [HLS 200-1030] Apply Unified Pipeline Control on module 'convbas_Pipeline_VITIS_LOOP_53_3' pipeline 'VITIS_LOOP_53_3' pipeline type 'loop pipeline'
WARNING: [RTGEN 206-101] Setting dangling out port 'convbas_Pipeline_VITIS_LOOP_53_3/m_axi_gmem0_0_ARVALID' to 0.
WARNING: [RTGEN 206-101] Setting dangling out port 'convbas_Pipeline_VITIS_LOOP_53_3/m_axi_gmem0_0_ARADDR' to 0.
WARNING: [RTGEN 206-101] Setting dangling out port 'convbas_Pipeline_VITIS_LOOP_53_3/m_axi_gmem0_0_ARID' to 0.
WARNING: [RTGEN 206-101] Setting dangling out port 'convbas_Pipeline_VITIS_LOOP_53_3/m_axi_gmem0_0_ARLEN' to 0.
WARNING: [RTGEN 206-101] Setting dangling out port 'convbas_Pipeline_VITIS_LOOP_53_3/m_axi_gmem0_0_ARSIZE' to 0.
WARNING: [RTGEN 206-101] Setting dangling out port 'convbas_Pipeline_VITIS_LOOP_53_3/m_axi_gmem0_0_ARBURST' to 0.
WARNING: [RTGEN 206-101] Setting dangling out port 'convbas_Pipeline_VITIS_LOOP_53_3/m_axi_gmem0_0_ARLOCK' to 0.
WARNING: [RTGEN 206-101] Setting dangling out port 'convbas_Pipeline_VITIS_LOOP_53_3/m_axi_gmem0_0_ARCACHE' to 0.
WARNING: [RTGEN 206-101] Setting dangling out port 'convbas_Pipeline_VITIS_LOOP_53_3/m_axi_gmem0_0_ARPROT' to 0.
WARNING: [RTGEN 206-101] Setting dangling out port 'convbas_Pipeline_VITIS_LOOP_53_3/m_axi_gmem0_0_ARQOS' to 0.
WARNING: [RTGEN 206-101] Setting dangling out port 'convbas_Pipeline_VITIS_LOOP_53_3/m_axi_gmem0_0_ARREGION' to 0.
WARNING: [RTGEN 206-101] Setting dangling out port 'convbas_Pipeline_VITIS_LOOP_53_3/m_axi_gmem0_0_ARUSER' to 0.
INFO: [RTGEN 206-100] Generating core module 'mac_muladd_16s_16s_16ns_16_4_1': 5 instance(s).
INFO: [RTGEN 206-100] Generating core module 'mul_16s_16s_16_1_1': 4 instance(s).
INFO: [RTGEN 206-100] Generating core module 'mul_32s_32s_32_2_1': 1 instance(s).
INFO: [RTGEN 206-100] Finished creating RTL model for 'convbas_Pipeline_VITIS_LOOP_53_3'.
INFO: [RTMG 210-278] Implementing memory 'convbas_convbas_Pipeline_VITIS_LOOP_53_3_line_buf_1_RAM_2P_BRAM_1R1W' using block RAMs.
INFO: [HLS 200-111] Finished Creating RTL model: CPU user time: 0 seconds. CPU system time: 0 seconds. Elapsed time: 0.274 seconds; current allocated memory: 204.098 MB.
INFO: [HLS 200-10] ----------------------------------------------------------------
INFO: [HLS 200-10] -- Generating RTL for module 'convbas' 
INFO: [HLS 200-10] ----------------------------------------------------------------
WARNING: [RTGEN 206-101] Design contains AXI ports. Reset is fixed to synchronous and active low.
INFO: [RTGEN 206-500] Setting interface mode on port 'convbas/gmem0' to 'm_axi'.
INFO: [RTGEN 206-500] Setting interface mode on port 'convbas/gmem1' to 'm_axi'.
INFO: [RTGEN 206-500] Setting interface mode on port 'convbas/gmem2' to 'm_axi'.
INFO: [RTGEN 206-500] Setting interface mode on port 'convbas/in_r' to 's_axilite & ap_none'.
INFO: [RTGEN 206-500] Setting interface mode on port 'convbas/out_r' to 's_axilite & ap_none'.
INFO: [RTGEN 206-500] Setting interface mode on port 'convbas/H' to 's_axilite & ap_none'.
INFO: [RTGEN 206-500] Setting interface mode on port 'convbas/W' to 's_axilite & ap_none'.
INFO: [RTGEN 206-500] Setting interface mode on port 'convbas/w_kernel' to 's_axilite & ap_none'.
INFO: [RTGEN 206-500] Setting interface mode on function 'convbas' to 's_axilite & ap_ctrl_hs'.
INFO: [RTGEN 206-100] Bundling port 'in_r', 'out_r', 'H', 'W', 'w_kernel' to AXI-Lite port CTRL.
INFO: [RTGEN 206-100] Generating core module 'mul_32s_32s_32_2_1': 1 instance(s).
INFO: [RTGEN 206-100] Finished creating RTL model for 'convbas'.
INFO: [HLS 200-111] Finished Creating RTL model: CPU user time: 0 seconds. CPU system time: 1 seconds. Elapsed time: 0.367 seconds; current allocated memory: 209.004 MB.
INFO: [HLS 200-111] Finished Generating all RTL models: CPU user time: 1 seconds. CPU system time: 0 seconds. Elapsed time: 0.905 seconds; current allocated memory: 213.512 MB.
INFO: [HLS 200-1603] Design has inferred MAXI bursts and missed bursts, see Vitis HLS GUI synthesis summary report for detailed information.
INFO: [HLS 200-111] Finished Updating report files: CPU user time: 0 seconds. CPU system time: 0 seconds. Elapsed time: 1.469 seconds; current allocated memory: 220.453 MB.
INFO: [VHDL 208-304] Generating VHDL RTL for convbas.
INFO: [VLOG 209-307] Generating Verilog RTL for convbas.
INFO: [HLS 200-790] **** Loop Constraint Status: All loop constraints were satisfied.
INFO: [HLS 200-789] **** Estimated Fmax: 136.99 MHz
INFO: [HLS 200-112] Total CPU user time: 3 seconds. Total CPU system time: 2 seconds. Total elapsed time: 20.227 seconds; peak allocated memory: 220.496 MB.
INFO: [v++ 60-791] Total elapsed time: 0h 0m 24s
