  **** HLS Build v2025.1 6135595
INFO: [HLS 200-2005] Using work_dir C:/Users/indir/Desktop/Arm_SoC/Convbas/convbas/convbas 
INFO: [HLS 200-2176] Writing Vitis IDE component file C:/Users/indir/Desktop/Arm_SoC/Convbas/convbas/convbas/vitis-comp.json
INFO: [HLS 200-10] Creating and opening component 'C:/Users/indir/Desktop/Arm_SoC/Convbas/convbas/convbas'.
INFO: [HLS 200-1505] Using default flow_target 'vivado'
Resolution: For help on HLS 200-1505 see docs.xilinx.com/access/sources/dita/topic?Doc_Version=2025.1%20English&url=ug1448-hls-guidance&resourceid=200-1505.html
INFO: [HLS 200-2174] Applying component config ini file C:/Users/indir/Desktop/Arm_SoC/Convbas/convbas/hls_config.cfg
INFO: [HLS 200-1465] Applying config ini 'syn.file=convbas.cpp' from C:/Users/indir/Desktop/Arm_SoC/Convbas/convbas/hls_config.cfg(7)
INFO: [HLS 200-10] Adding design file 'C:/Users/indir/Desktop/Arm_SoC/Convbas/convbas/convbas.cpp' to the project
INFO: [HLS 200-1465] Applying config ini 'tb.file=tb.cpp' from C:/Users/indir/Desktop/Arm_SoC/Convbas/convbas/hls_config.cfg(8)
INFO: [HLS 200-10] Adding test bench file 'C:/Users/indir/Desktop/Arm_SoC/Convbas/convbas/tb.cpp' to the project
INFO: [HLS 200-1465] Applying config ini 'syn.top=convbas' from C:/Users/indir/Desktop/Arm_SoC/Convbas/convbas/hls_config.cfg(9)
INFO: [HLS 200-1465] Applying config ini 'flow_target=vivado' from C:/Users/indir/Desktop/Arm_SoC/Convbas/convbas/hls_config.cfg(4)
INFO: [HLS 200-1505] Using flow_target 'vivado'
Resolution: For help on HLS 200-1505 see docs.xilinx.com/access/sources/dita/topic?Doc_Version=2025.1%20English&url=ug1448-hls-guidance&resourceid=200-1505.html
INFO: [HLS 200-1465] Applying config ini 'part=xc7z020clg400-1' from C:/Users/indir/Desktop/Arm_SoC/Convbas/convbas/hls_config.cfg(1)
INFO: [HLS 200-1611] Setting target device to 'xc7z020-clg400-1'
INFO: [HLS 200-1465] Applying config ini 'package.output.file=convbas' from C:/Users/indir/Desktop/Arm_SoC/Convbas/convbas/hls_config.cfg(10)
INFO: [HLS 200-1465] Applying config ini 'package.output.format=ip_catalog' from C:/Users/indir/Desktop/Arm_SoC/Convbas/convbas/hls_config.cfg(5)
INFO: [HLS 200-2176] Writing Vitis IDE component file C:/Users/indir/Desktop/Arm_SoC/Convbas/convbas/convbas/vitis-comp.json
INFO: [HLS 200-111] Finished File checks and directory preparation: CPU user time: 1 seconds. CPU system time: 1 seconds. Elapsed time: 2.302 seconds; current allocated memory: 147.992 MB.
INFO: [HLS 200-10] Analyzing design file 'convbas.cpp' ... 
INFO: [HLS 200-111] Finished Source Code Analysis and Preprocessing: CPU user time: 0 seconds. CPU system time: 0 seconds. Elapsed time: 3.967 seconds; current allocated memory: 150.480 MB.
INFO: [HLS 200-777] Using interface defaults for 'Vivado' flow target.
INFO: [HLS 200-1995] There were 110 instructions in the design after the 'Compile/Link' phase of compilation. See the Design Size Report for more details (C:/Users/indir/Desktop/Arm_SoC/Convbas/convbas/convbas/hls/syn/report/csynth_design_size.rpt:2)
INFO: [HLS 200-1995] There were 96 instructions in the design after the 'Unroll/Inline (step 1)' phase of compilation. See the Design Size Report for more details (C:/Users/indir/Desktop/Arm_SoC/Convbas/convbas/convbas/hls/syn/report/csynth_design_size.rpt:2)
INFO: [HLS 200-1995] There were 84 instructions in the design after the 'Unroll/Inline (step 2)' phase of compilation. See the Design Size Report for more details (C:/Users/indir/Desktop/Arm_SoC/Convbas/convbas/convbas/hls/syn/report/csynth_design_size.rpt:2)
INFO: [HLS 200-1995] There were 83 instructions in the design after the 'Unroll/Inline (step 3)' phase of compilation. See the Design Size Report for more details (C:/Users/indir/Desktop/Arm_SoC/Convbas/convbas/convbas/hls/syn/report/csynth_design_size.rpt:2)
INFO: [HLS 200-1995] There were 83 instructions in the design after the 'Unroll/Inline (step 4)' phase of compilation. See the Design Size Report for more details (C:/Users/indir/Desktop/Arm_SoC/Convbas/convbas/convbas/hls/syn/report/csynth_design_size.rpt:2)
INFO: [HLS 200-1995] There were 81 instructions in the design after the 'Array/Struct (step 1)' phase of compilation. See the Design Size Report for more details (C:/Users/indir/Desktop/Arm_SoC/Convbas/convbas/convbas/hls/syn/report/csynth_design_size.rpt:2)
INFO: [HLS 200-1995] There were 81 instructions in the design after the 'Array/Struct (step 2)' phase of compilation. See the Design Size Report for more details (C:/Users/indir/Desktop/Arm_SoC/Convbas/convbas/convbas/hls/syn/report/csynth_design_size.rpt:2)
INFO: [HLS 200-1995] There were 81 instructions in the design after the 'Array/Struct (step 3)' phase of compilation. See the Design Size Report for more details (C:/Users/indir/Desktop/Arm_SoC/Convbas/convbas/convbas/hls/syn/report/csynth_design_size.rpt:2)
INFO: [HLS 200-1995] There were 81 instructions in the design after the 'Array/Struct (step 4)' phase of compilation. See the Design Size Report for more details (C:/Users/indir/Desktop/Arm_SoC/Convbas/convbas/convbas/hls/syn/report/csynth_design_size.rpt:2)
INFO: [HLS 200-1995] There were 90 instructions in the design after the 'Array/Struct (step 5)' phase of compilation. See the Design Size Report for more details (C:/Users/indir/Desktop/Arm_SoC/Convbas/convbas/convbas/hls/syn/report/csynth_design_size.rpt:2)
INFO: [HLS 200-1995] There were 90 instructions in the design after the 'Performance (step 1)' phase of compilation. See the Design Size Report for more details (C:/Users/indir/Desktop/Arm_SoC/Convbas/convbas/convbas/hls/syn/report/csynth_design_size.rpt:2)
INFO: [HLS 200-1995] There were 119 instructions in the design after the 'Performance (step 2)' phase of compilation. See the Design Size Report for more details (C:/Users/indir/Desktop/Arm_SoC/Convbas/convbas/convbas/hls/syn/report/csynth_design_size.rpt:2)
INFO: [HLS 200-1995] There were 118 instructions in the design after the 'Performance (step 3)' phase of compilation. See the Design Size Report for more details (C:/Users/indir/Desktop/Arm_SoC/Convbas/convbas/convbas/hls/syn/report/csynth_design_size.rpt:2)
INFO: [HLS 200-1995] There were 118 instructions in the design after the 'Performance (step 4)' phase of compilation. See the Design Size Report for more details (C:/Users/indir/Desktop/Arm_SoC/Convbas/convbas/convbas/hls/syn/report/csynth_design_size.rpt:2)
INFO: [HLS 200-1995] There were 142 instructions in the design after the 'HW Transforms (step 1)' phase of compilation. See the Design Size Report for more details (C:/Users/indir/Desktop/Arm_SoC/Convbas/convbas/convbas/hls/syn/report/csynth_design_size.rpt:2)
INFO: [HLS 200-1995] There were 146 instructions in the design after the 'HW Transforms (step 2)' phase of compilation. See the Design Size Report for more details (C:/Users/indir/Desktop/Arm_SoC/Convbas/convbas/convbas/hls/syn/report/csynth_design_size.rpt:2)
INFO: [HLS 214-376] automatically set the pipeline for Loop< VITIS_LOOP_24_2> at convbas.cpp:24:26 
INFO: [HLS 214-376] automatically set the pipeline for Loop< VITIS_LOOP_32_4> at convbas.cpp:32:26 
INFO: [HLS 214-291] Loop 'VITIS_LOOP_36_5' is marked as complete unroll implied by the pipeline pragma (convbas.cpp:36:30)
INFO: [HLS 214-291] Loop 'VITIS_LOOP_37_6' is marked as complete unroll implied by the pipeline pragma (convbas.cpp:37:34)
INFO: [HLS 214-186] Unrolling loop 'VITIS_LOOP_36_5' (convbas.cpp:36:30) in function 'convbas' completely with a factor of 3 (convbas.cpp:10:0)
INFO: [HLS 214-186] Unrolling loop 'VITIS_LOOP_37_6' (convbas.cpp:37:34) in function 'convbas' completely with a factor of 3 (convbas.cpp:10:0)
INFO: [HLS 214-115] Multiple burst reads of length 9 and bit width 16 in loop 'VITIS_LOOP_23_1'(convbas.cpp:23:22) has been inferred on bundle 'gmem2'. These burst requests might be further partitioned into multiple requests during RTL generation, based on max_read_burst_length or max_write_burst_length settings. (convbas.cpp:23:22)
INFO: [HLS 214-115] Multiple burst writes of variable length and bit width 16 in loop 'VITIS_LOOP_32_4'(convbas.cpp:32:26) has been inferred on bundle 'gmem1'. These burst requests might be further partitioned into multiple requests during RTL generation, based on max_read_burst_length or max_write_burst_length settings. (convbas.cpp:32:26)
INFO: [HLS 214-115] Multiple burst reads of length 3 and bit width 16 has been inferred on bundle 'gmem0'. These burst requests might be further partitioned into multiple requests during RTL generation, based on max_read_burst_length or max_write_burst_length settings. (convbas.cpp:37:34)
INFO: [HLS 200-111] Finished Compiling Optimization and Transform: CPU user time: 1 seconds. CPU system time: 0 seconds. Elapsed time: 9.458 seconds; current allocated memory: 152.887 MB.
INFO: [HLS 200-111] Finished Checking Pragmas: CPU user time: 0 seconds. CPU system time: 0 seconds. Elapsed time: 0.004 seconds; current allocated memory: 152.887 MB.
INFO: [HLS 200-10] Starting code transformations ...
INFO: [HLS 200-111] Finished Standard Transforms: CPU user time: 0 seconds. CPU system time: 0 seconds. Elapsed time: 0.404 seconds; current allocated memory: 157.164 MB.
INFO: [HLS 200-10] Checking synthesizability ...
INFO: [HLS 200-111] Finished Checking Synthesizability: CPU user time: 0 seconds. CPU system time: 0 seconds. Elapsed time: 0.131 seconds; current allocated memory: 158.402 MB.
INFO: [XFORM 203-11] Balancing expressions in function 'convbas' (convbas.cpp:5)...8 expression(s) balanced.
INFO: [HLS 200-111] Finished Loop, function and other optimizations: CPU user time: 0 seconds. CPU system time: 0 seconds. Elapsed time: 0.212 seconds; current allocated memory: 179.250 MB.
INFO: [HLS 200-2061] Successfully converted nested loops 'VITIS_LOOP_23_1'(convbas.cpp:23:22) and 'VITIS_LOOP_24_2'(convbas.cpp:24:26) in function 'convbas' into perfectly nested loops.
INFO: [HLS 200-2061] Successfully converted nested loops 'VITIS_LOOP_31_3'(convbas.cpp:31:22) and 'VITIS_LOOP_32_4'(convbas.cpp:32:26) in function 'convbas' into perfectly nested loops.
INFO: [XFORM 203-541] Flattening a loop nest 'VITIS_LOOP_23_1' (convbas.cpp:23:22) in function 'convbas'.
INFO: [XFORM 203-541] Flattening a loop nest 'VITIS_LOOP_31_3' (convbas.cpp:31:22) in function 'convbas'.
INFO: [HLS 200-111] Finished Architecture Synthesis: CPU user time: 0 seconds. CPU system time: 0 seconds. Elapsed time: 0.222 seconds; current allocated memory: 191.562 MB.
INFO: [HLS 200-10] Starting hardware synthesis ...
INFO: [HLS 200-10] Synthesizing 'convbas' ...
INFO: [SYN 201-201] Setting up clock 'default' with a period of 10ns.
INFO: [HLS 200-10] ----------------------------------------------------------------
INFO: [HLS 200-42] -- Implementing module 'convbas_Pipeline_VITIS_LOOP_23_1_VITIS_LOOP_24_2' 
INFO: [HLS 200-10] ----------------------------------------------------------------
INFO: [SCHED 204-11] Starting scheduling ...
INFO: [SCHED 204-61] Pipelining loop 'VITIS_LOOP_23_1_VITIS_LOOP_24_2'.
INFO: [HLS 200-1470] Pipelining result : Target II = NA, Final II = 1, Depth = 3, loop 'VITIS_LOOP_23_1_VITIS_LOOP_24_2'
INFO: [SCHED 204-11] Finished scheduling.
INFO: [HLS 200-111] Finished Scheduling: CPU user time: 0 seconds. CPU system time: 0 seconds. Elapsed time: 0.86 seconds; current allocated memory: 195.227 MB.
INFO: [BIND 205-100] Starting micro-architecture generation ...
INFO: [BIND 205-101] Performing variable lifetime analysis.
INFO: [BIND 205-101] Exploring resource sharing.
INFO: [BIND 205-101] Binding ...
INFO: [BIND 205-100] Finished micro-architecture generation.
INFO: [HLS 200-111] Finished Binding: CPU user time: 0 seconds. CPU system time: 0 seconds. Elapsed time: 0.101 seconds; current allocated memory: 196.293 MB.
INFO: [HLS 200-10] ----------------------------------------------------------------
INFO: [HLS 200-42] -- Implementing module 'convbas_Pipeline_VITIS_LOOP_31_3_VITIS_LOOP_32_4' 
INFO: [HLS 200-10] ----------------------------------------------------------------
INFO: [SCHED 204-11] Starting scheduling ...
INFO: [HLS 200-486] Changing DSP latency (root=add_ln40_5) to 3 in order to utilize available DSP registers.
INFO: [HLS 200-486] Changing DSP latency (root=add_ln40_4) to 3 in order to utilize available DSP registers.
INFO: [HLS 200-486] Changing DSP latency (root=add_ln40_3) to 3 in order to utilize available DSP registers.
INFO: [HLS 200-486] Changing DSP latency (root=add_ln40_1) to 3 in order to utilize available DSP registers.
INFO: [HLS 200-486] Changing DSP latency (root=add_ln40) to 3 in order to utilize available DSP registers.
INFO: [SCHED 204-61] Pipelining loop 'VITIS_LOOP_31_3_VITIS_LOOP_32_4'.
WARNING: [HLS 200-880] The II Violation in module 'convbas_Pipeline_VITIS_LOOP_31_3_VITIS_LOOP_32_4' (loop 'VITIS_LOOP_31_3_VITIS_LOOP_32_4'): Unable to enforce a carried dependence constraint (II = 1, distance = 1, offset = 1) between bus read operation ('gmem0_addr_read_2', convbas.cpp:40) on port 'gmem0' (convbas.cpp:40) and bus read operation ('gmem0_addr_read', convbas.cpp:40) on port 'gmem0' (convbas.cpp:40).
Resolution: For help on HLS 200-880 see docs.xilinx.com/access/sources/dita/topic?Doc_Version=2025.1%20English&url=ug1448-hls-guidance&resourceid=200-880.html
WARNING: [HLS 200-880] The II Violation in module 'convbas_Pipeline_VITIS_LOOP_31_3_VITIS_LOOP_32_4' (loop 'VITIS_LOOP_31_3_VITIS_LOOP_32_4'): Unable to enforce a carried dependence constraint (II = 2, distance = 1, offset = 1) between bus read operation ('gmem0_addr_read_2', convbas.cpp:40) on port 'gmem0' (convbas.cpp:40) and bus read operation ('gmem0_addr_read', convbas.cpp:40) on port 'gmem0' (convbas.cpp:40).
Resolution: For help on HLS 200-880 see docs.xilinx.com/access/sources/dita/topic?Doc_Version=2025.1%20English&url=ug1448-hls-guidance&resourceid=200-880.html
WARNING: [HLS 200-880] The II Violation in module 'convbas_Pipeline_VITIS_LOOP_31_3_VITIS_LOOP_32_4' (loop 'VITIS_LOOP_31_3_VITIS_LOOP_32_4'): Unable to enforce a carried dependence constraint (II = 3, distance = 1, offset = 1) between bus request operation ('empty_28', convbas.cpp:37) on port 'gmem0' (convbas.cpp:37) and bus request operation ('empty_25', convbas.cpp:37) on port 'gmem0' (convbas.cpp:37).
Resolution: For help on HLS 200-880 see docs.xilinx.com/access/sources/dita/topic?Doc_Version=2025.1%20English&url=ug1448-hls-guidance&resourceid=200-880.html
WARNING: [HLS 200-880] The II Violation in module 'convbas_Pipeline_VITIS_LOOP_31_3_VITIS_LOOP_32_4' (loop 'VITIS_LOOP_31_3_VITIS_LOOP_32_4'): Unable to enforce a carried dependence constraint (II = 4, distance = 1, offset = 1) between bus request operation ('empty_31', convbas.cpp:37) on port 'gmem0' (convbas.cpp:37) and bus request operation ('empty_25', convbas.cpp:37) on port 'gmem0' (convbas.cpp:37).
Resolution: For help on HLS 200-880 see docs.xilinx.com/access/sources/dita/topic?Doc_Version=2025.1%20English&url=ug1448-hls-guidance&resourceid=200-880.html
WARNING: [HLS 200-885] The II Violation in module 'convbas_Pipeline_VITIS_LOOP_31_3_VITIS_LOOP_32_4' (loop 'VITIS_LOOP_31_3_VITIS_LOOP_32_4'): Unable to schedule bus read operation ('gmem0_addr_2_read_1', convbas.cpp:40) on port 'gmem0' (convbas.cpp:40) due to limited memory ports (II = 7). Please consider using a memory core with more ports or partitioning the array.
Resolution: For help on HLS 200-885 see docs.xilinx.com/access/sources/dita/topic?Doc_Version=2025.1%20English&url=ug1448-hls-guidance&resourceid=200-885.html
WARNING: [HLS 200-885] The II Violation in module 'convbas_Pipeline_VITIS_LOOP_31_3_VITIS_LOOP_32_4' (loop 'VITIS_LOOP_31_3_VITIS_LOOP_32_4'): Unable to schedule bus read operation ('gmem0_addr_2_read_2', convbas.cpp:40) on port 'gmem0' (convbas.cpp:40) due to limited memory ports (II = 8). Please consider using a memory core with more ports or partitioning the array.
Resolution: For help on HLS 200-885 see docs.xilinx.com/access/sources/dita/topic?Doc_Version=2025.1%20English&url=ug1448-hls-guidance&resourceid=200-885.html
INFO: [HLS 200-1470] Pipelining result : Target II = NA, Final II = 9, Depth = 34, loop 'VITIS_LOOP_31_3_VITIS_LOOP_32_4'
INFO: [SCHED 204-11] Finished scheduling.
INFO: [HLS 200-111] Finished Scheduling: CPU user time: 0 seconds. CPU system time: 0 seconds. Elapsed time: 1.817 seconds; current allocated memory: 196.809 MB.
INFO: [BIND 205-100] Starting micro-architecture generation ...
INFO: [BIND 205-101] Performing variable lifetime analysis.
INFO: [BIND 205-101] Exploring resource sharing.
INFO: [BIND 205-101] Binding ...
INFO: [BIND 205-100] Finished micro-architecture generation.
INFO: [HLS 200-111] Finished Binding: CPU user time: 0 seconds. CPU system time: 0 seconds. Elapsed time: 0.067 seconds; current allocated memory: 196.852 MB.
INFO: [HLS 200-10] ----------------------------------------------------------------
INFO: [HLS 200-42] -- Implementing module 'convbas' 
INFO: [HLS 200-10] ----------------------------------------------------------------
INFO: [SCHED 204-11] Starting scheduling ...
INFO: [SCHED 204-11] Finished scheduling.
INFO: [HLS 200-111] Finished Scheduling: CPU user time: 0 seconds. CPU system time: 0 seconds. Elapsed time: 0.107 seconds; current allocated memory: 196.898 MB.
INFO: [BIND 205-100] Starting micro-architecture generation ...
INFO: [BIND 205-101] Performing variable lifetime analysis.
INFO: [BIND 205-101] Exploring resource sharing.
INFO: [BIND 205-101] Binding ...
INFO: [BIND 205-100] Finished micro-architecture generation.
INFO: [HLS 200-111] Finished Binding: CPU user time: 0 seconds. CPU system time: 0 seconds. Elapsed time: 0.045 seconds; current allocated memory: 197.094 MB.
INFO: [HLS 200-10] ----------------------------------------------------------------
INFO: [HLS 200-10] -- Generating RTL for module 'convbas_Pipeline_VITIS_LOOP_23_1_VITIS_LOOP_24_2' 
INFO: [HLS 200-10] ----------------------------------------------------------------
INFO: [HLS 200-1030] Apply Unified Pipeline Control on module 'convbas_Pipeline_VITIS_LOOP_23_1_VITIS_LOOP_24_2' pipeline 'VITIS_LOOP_23_1_VITIS_LOOP_24_2' pipeline type 'loop pipeline'
WARNING: [RTGEN 206-101] Setting dangling out port 'convbas_Pipeline_VITIS_LOOP_23_1_VITIS_LOOP_24_2/m_axi_gmem2_0_ARVALID' to 0.
WARNING: [RTGEN 206-101] Setting dangling out port 'convbas_Pipeline_VITIS_LOOP_23_1_VITIS_LOOP_24_2/m_axi_gmem2_0_ARADDR' to 0.
WARNING: [RTGEN 206-101] Setting dangling out port 'convbas_Pipeline_VITIS_LOOP_23_1_VITIS_LOOP_24_2/m_axi_gmem2_0_ARID' to 0.
WARNING: [RTGEN 206-101] Setting dangling out port 'convbas_Pipeline_VITIS_LOOP_23_1_VITIS_LOOP_24_2/m_axi_gmem2_0_ARLEN' to 0.
WARNING: [RTGEN 206-101] Setting dangling out port 'convbas_Pipeline_VITIS_LOOP_23_1_VITIS_LOOP_24_2/m_axi_gmem2_0_ARSIZE' to 0.
WARNING: [RTGEN 206-101] Setting dangling out port 'convbas_Pipeline_VITIS_LOOP_23_1_VITIS_LOOP_24_2/m_axi_gmem2_0_ARBURST' to 0.
WARNING: [RTGEN 206-101] Setting dangling out port 'convbas_Pipeline_VITIS_LOOP_23_1_VITIS_LOOP_24_2/m_axi_gmem2_0_ARLOCK' to 0.
WARNING: [RTGEN 206-101] Setting dangling out port 'convbas_Pipeline_VITIS_LOOP_23_1_VITIS_LOOP_24_2/m_axi_gmem2_0_ARCACHE' to 0.
WARNING: [RTGEN 206-101] Setting dangling out port 'convbas_Pipeline_VITIS_LOOP_23_1_VITIS_LOOP_24_2/m_axi_gmem2_0_ARPROT' to 0.
WARNING: [RTGEN 206-101] Setting dangling out port 'convbas_Pipeline_VITIS_LOOP_23_1_VITIS_LOOP_24_2/m_axi_gmem2_0_ARQOS' to 0.
WARNING: [RTGEN 206-101] Setting dangling out port 'convbas_Pipeline_VITIS_LOOP_23_1_VITIS_LOOP_24_2/m_axi_gmem2_0_ARREGION' to 0.
WARNING: [RTGEN 206-101] Setting dangling out port 'convbas_Pipeline_VITIS_LOOP_23_1_VITIS_LOOP_24_2/m_axi_gmem2_0_ARUSER' to 0.
INFO: [RTGEN 206-100] Finished creating RTL model for 'convbas_Pipeline_VITIS_LOOP_23_1_VITIS_LOOP_24_2'.
INFO: [HLS 200-111] Finished Creating RTL model: CPU user time: 0 seconds. CPU system time: 0 seconds. Elapsed time: 1.767 seconds; current allocated memory: 198.961 MB.
INFO: [HLS 200-10] ----------------------------------------------------------------
INFO: [HLS 200-10] -- Generating RTL for module 'convbas_Pipeline_VITIS_LOOP_31_3_VITIS_LOOP_32_4' 
INFO: [HLS 200-10] ----------------------------------------------------------------
INFO: [HLS 200-1030] Apply Unified Pipeline Control on module 'convbas_Pipeline_VITIS_LOOP_31_3_VITIS_LOOP_32_4' pipeline 'VITIS_LOOP_31_3_VITIS_LOOP_32_4' pipeline type 'loop pipeline'
INFO: [RTGEN 206-100] Generating core module 'mac_muladd_16s_16s_16ns_16_4_1': 5 instance(s).
INFO: [RTGEN 206-100] Generating core module 'mul_16s_16s_16_1_1': 4 instance(s).
INFO: [RTGEN 206-100] Generating core module 'mul_31ns_32s_63_2_1': 1 instance(s).
INFO: [RTGEN 206-100] Finished creating RTL model for 'convbas_Pipeline_VITIS_LOOP_31_3_VITIS_LOOP_32_4'.
INFO: [HLS 200-111] Finished Creating RTL model: CPU user time: 1 seconds. CPU system time: 0 seconds. Elapsed time: 0.402 seconds; current allocated memory: 203.051 MB.
INFO: [HLS 200-10] ----------------------------------------------------------------
INFO: [HLS 200-10] -- Generating RTL for module 'convbas' 
INFO: [HLS 200-10] ----------------------------------------------------------------
WARNING: [RTGEN 206-101] Design contains AXI ports. Reset is fixed to synchronous and active low.
INFO: [RTGEN 206-500] Setting interface mode on port 'convbas/gmem0' to 'm_axi'.
INFO: [RTGEN 206-500] Setting interface mode on port 'convbas/gmem1' to 'm_axi'.
INFO: [RTGEN 206-500] Setting interface mode on port 'convbas/gmem2' to 'm_axi'.
INFO: [RTGEN 206-500] Setting interface mode on port 'convbas/in_r' to 's_axilite & ap_none'.
INFO: [RTGEN 206-500] Setting interface mode on port 'convbas/out_r' to 's_axilite & ap_none'.
INFO: [RTGEN 206-500] Setting interface mode on port 'convbas/H' to 's_axilite & ap_none'.
INFO: [RTGEN 206-500] Setting interface mode on port 'convbas/W' to 's_axilite & ap_none'.
INFO: [RTGEN 206-500] Setting interface mode on port 'convbas/w_kernel' to 's_axilite & ap_none'.
INFO: [RTGEN 206-500] Setting interface mode on function 'convbas' to 's_axilite & ap_ctrl_hs'.
INFO: [RTGEN 206-100] Bundling port 'in_r', 'out_r', 'H', 'W', 'w_kernel' to AXI-Lite port CTRL.
INFO: [RTGEN 206-100] Generating core module 'mul_32ns_32ns_64_2_1': 1 instance(s).
INFO: [RTGEN 206-100] Finished creating RTL model for 'convbas'.
INFO: [RTMG 210-278] Implementing memory 'convbas_local_kernel_RAM_AUTO_1R1W' using auto RAMs.
INFO: [HLS 200-111] Finished Creating RTL model: CPU user time: 0 seconds. CPU system time: 1 seconds. Elapsed time: 0.688 seconds; current allocated memory: 208.258 MB.
INFO: [HLS 200-111] Finished Generating all RTL models: CPU user time: 0 seconds. CPU system time: 0 seconds. Elapsed time: 1.327 seconds; current allocated memory: 212.645 MB.
INFO: [HLS 200-1603] Design has inferred MAXI bursts and missed bursts, see Vitis HLS GUI synthesis summary report for detailed information.
INFO: [HLS 200-111] Finished Updating report files: CPU user time: 1 seconds. CPU system time: 1 seconds. Elapsed time: 2.215 seconds; current allocated memory: 219.773 MB.
INFO: [VHDL 208-304] Generating VHDL RTL for convbas.
INFO: [VLOG 209-307] Generating Verilog RTL for convbas.
INFO: [HLS 200-790] **** Loop Constraint Status: All loop constraints were NOT satisfied.
INFO: [HLS 200-789] **** Estimated Fmax: 136.99 MHz
INFO: [HLS 200-112] Total CPU user time: 4 seconds. Total CPU system time: 3 seconds. Total elapsed time: 26.156 seconds; peak allocated memory: 219.832 MB.
INFO: [v++ 60-791] Total elapsed time: 0h 0m 30s
