  **** HLS Build v2025.1 6135595
INFO: [HLS 200-2005] Using work_dir C:/Users/indir/Desktop/Arm_SoC/Convbas/convbas/convbas 
INFO: [HLS 200-2176] Writing Vitis IDE component file C:/Users/indir/Desktop/Arm_SoC/Convbas/convbas/convbas/vitis-comp.json
INFO: [HLS 200-10] Creating and opening component 'C:/Users/indir/Desktop/Arm_SoC/Convbas/convbas/convbas'.
INFO: [HLS 200-1505] Using default flow_target 'vivado'
Resolution: For help on HLS 200-1505 see docs.xilinx.com/access/sources/dita/topic?Doc_Version=2025.1%20English&url=ug1448-hls-guidance&resourceid=200-1505.html
INFO: [HLS 200-2174] Applying component config ini file C:/Users/indir/Desktop/Arm_SoC/Convbas/convbas/hls_config.cfg
INFO: [HLS 200-1465] Applying config ini 'syn.file=convbas.cpp' from C:/Users/indir/Desktop/Arm_SoC/Convbas/convbas/hls_config.cfg(7)
INFO: [HLS 200-10] Adding design file 'C:/Users/indir/Desktop/Arm_SoC/Convbas/convbas/convbas.cpp' to the project
INFO: [HLS 200-1465] Applying config ini 'tb.file=tb.cpp' from C:/Users/indir/Desktop/Arm_SoC/Convbas/convbas/hls_config.cfg(8)
INFO: [HLS 200-10] Adding test bench file 'C:/Users/indir/Desktop/Arm_SoC/Convbas/convbas/tb.cpp' to the project
INFO: [HLS 200-1465] Applying config ini 'syn.top=convbas' from C:/Users/indir/Desktop/Arm_SoC/Convbas/convbas/hls_config.cfg(9)
INFO: [HLS 200-1465] Applying config ini 'flow_target=vivado' from C:/Users/indir/Desktop/Arm_SoC/Convbas/convbas/hls_config.cfg(4)
INFO: [HLS 200-1505] Using flow_target 'vivado'
Resolution: For help on HLS 200-1505 see docs.xilinx.com/access/sources/dita/topic?Doc_Version=2025.1%20English&url=ug1448-hls-guidance&resourceid=200-1505.html
INFO: [HLS 200-1465] Applying config ini 'part=xc7z020clg400-1' from C:/Users/indir/Desktop/Arm_SoC/Convbas/convbas/hls_config.cfg(1)
INFO: [HLS 200-1611] Setting target device to 'xc7z020-clg400-1'
INFO: [HLS 200-1465] Applying config ini 'package.output.file=convbas' from C:/Users/indir/Desktop/Arm_SoC/Convbas/convbas/hls_config.cfg(10)
INFO: [HLS 200-1465] Applying config ini 'package.output.format=ip_catalog' from C:/Users/indir/Desktop/Arm_SoC/Convbas/convbas/hls_config.cfg(5)
INFO: [HLS 200-2176] Writing Vitis IDE component file C:/Users/indir/Desktop/Arm_SoC/Convbas/convbas/convbas/vitis-comp.json
INFO: [HLS 200-111] Finished File checks and directory preparation: CPU user time: 2 seconds. CPU system time: 2 seconds. Elapsed time: 14.199 seconds; current allocated memory: 147.305 MB.
INFO: [HLS 200-10] Analyzing design file 'convbas.cpp' ... 
INFO: [HLS 200-111] Finished Source Code Analysis and Preprocessing: CPU user time: 0 seconds. CPU system time: 1 seconds. Elapsed time: 4.974 seconds; current allocated memory: 150.055 MB.
INFO: [HLS 200-777] Using interface defaults for 'Vivado' flow target.
INFO: [HLS 200-1995] There were 185 instructions in the design after the 'Compile/Link' phase of compilation. See the Design Size Report for more details (C:/Users/indir/Desktop/Arm_SoC/Convbas/convbas/convbas/hls/syn/report/csynth_design_size.rpt:2)
INFO: [HLS 200-1995] There were 209 instructions in the design after the 'Unroll/Inline (step 1)' phase of compilation. See the Design Size Report for more details (C:/Users/indir/Desktop/Arm_SoC/Convbas/convbas/convbas/hls/syn/report/csynth_design_size.rpt:2)
INFO: [HLS 200-1995] There were 108 instructions in the design after the 'Unroll/Inline (step 2)' phase of compilation. See the Design Size Report for more details (C:/Users/indir/Desktop/Arm_SoC/Convbas/convbas/convbas/hls/syn/report/csynth_design_size.rpt:2)
INFO: [HLS 200-1995] There were 106 instructions in the design after the 'Unroll/Inline (step 3)' phase of compilation. See the Design Size Report for more details (C:/Users/indir/Desktop/Arm_SoC/Convbas/convbas/convbas/hls/syn/report/csynth_design_size.rpt:2)
INFO: [HLS 200-1995] There were 106 instructions in the design after the 'Unroll/Inline (step 4)' phase of compilation. See the Design Size Report for more details (C:/Users/indir/Desktop/Arm_SoC/Convbas/convbas/convbas/hls/syn/report/csynth_design_size.rpt:2)
INFO: [HLS 200-1995] There were 67 instructions in the design after the 'Array/Struct (step 1)' phase of compilation. See the Design Size Report for more details (C:/Users/indir/Desktop/Arm_SoC/Convbas/convbas/convbas/hls/syn/report/csynth_design_size.rpt:2)
INFO: [HLS 200-1995] There were 65 instructions in the design after the 'Array/Struct (step 2)' phase of compilation. See the Design Size Report for more details (C:/Users/indir/Desktop/Arm_SoC/Convbas/convbas/convbas/hls/syn/report/csynth_design_size.rpt:2)
INFO: [HLS 200-1995] There were 65 instructions in the design after the 'Array/Struct (step 3)' phase of compilation. See the Design Size Report for more details (C:/Users/indir/Desktop/Arm_SoC/Convbas/convbas/convbas/hls/syn/report/csynth_design_size.rpt:2)
INFO: [HLS 200-1995] There were 65 instructions in the design after the 'Array/Struct (step 4)' phase of compilation. See the Design Size Report for more details (C:/Users/indir/Desktop/Arm_SoC/Convbas/convbas/convbas/hls/syn/report/csynth_design_size.rpt:2)
INFO: [HLS 200-1995] There were 65 instructions in the design after the 'Array/Struct (step 5)' phase of compilation. See the Design Size Report for more details (C:/Users/indir/Desktop/Arm_SoC/Convbas/convbas/convbas/hls/syn/report/csynth_design_size.rpt:2)
INFO: [HLS 200-1995] There were 64 instructions in the design after the 'Performance (step 1)' phase of compilation. See the Design Size Report for more details (C:/Users/indir/Desktop/Arm_SoC/Convbas/convbas/convbas/hls/syn/report/csynth_design_size.rpt:2)
INFO: [HLS 200-1995] There were 64 instructions in the design after the 'Performance (step 2)' phase of compilation. See the Design Size Report for more details (C:/Users/indir/Desktop/Arm_SoC/Convbas/convbas/convbas/hls/syn/report/csynth_design_size.rpt:2)
INFO: [HLS 200-1995] There were 66 instructions in the design after the 'Performance (step 3)' phase of compilation. See the Design Size Report for more details (C:/Users/indir/Desktop/Arm_SoC/Convbas/convbas/convbas/hls/syn/report/csynth_design_size.rpt:2)
INFO: [HLS 200-1995] There were 64 instructions in the design after the 'Performance (step 4)' phase of compilation. See the Design Size Report for more details (C:/Users/indir/Desktop/Arm_SoC/Convbas/convbas/convbas/hls/syn/report/csynth_design_size.rpt:2)
INFO: [HLS 200-1995] There were 70 instructions in the design after the 'HW Transforms (step 1)' phase of compilation. See the Design Size Report for more details (C:/Users/indir/Desktop/Arm_SoC/Convbas/convbas/convbas/hls/syn/report/csynth_design_size.rpt:2)
INFO: [HLS 200-1995] There were 70 instructions in the design after the 'HW Transforms (step 2)' phase of compilation. See the Design Size Report for more details (C:/Users/indir/Desktop/Arm_SoC/Convbas/convbas/convbas/hls/syn/report/csynth_design_size.rpt:2)
INFO: [HLS 214-291] Loop 'VITIS_LOOP_60_4' is marked as complete unroll implied by the pipeline pragma (convbas.cpp:60:26)
INFO: [HLS 214-291] Loop 'VITIS_LOOP_85_5' is marked as complete unroll implied by the pipeline pragma (convbas.cpp:85:30)
INFO: [HLS 214-291] Loop 'VITIS_LOOP_86_6' is marked as complete unroll implied by the pipeline pragma (convbas.cpp:86:34)
INFO: [HLS 214-186] Unrolling loop 'VITIS_LOOP_60_4' (convbas.cpp:60:26) in function 'convbas' completely with a factor of 3 (convbas.cpp:13:0)
INFO: [HLS 214-186] Unrolling loop 'VITIS_LOOP_85_5' (convbas.cpp:85:30) in function 'convbas' completely with a factor of 3 (convbas.cpp:13:0)
INFO: [HLS 214-186] Unrolling loop 'VITIS_LOOP_86_6' (convbas.cpp:86:34) in function 'convbas' completely with a factor of 3 (convbas.cpp:13:0)
INFO: [HLS 214-248] Applying array_partition to 'line_buf': Complete partitioning on dimension 1. (convbas.cpp:38:13)
INFO: [HLS 214-115] Multiple burst reads of variable length and bit width 16 in loop 'VITIS_LOOP_53_3'(convbas.cpp:53:22) has been inferred on bundle 'gmem0'. These burst requests might be further partitioned into multiple requests during RTL generation, based on max_read_burst_length or max_write_burst_length settings. (convbas.cpp:53:22)
INFO: [HLS 200-111] Finished Compiling Optimization and Transform: CPU user time: 0 seconds. CPU system time: 0 seconds. Elapsed time: 10.646 seconds; current allocated memory: 152.137 MB.
INFO: [HLS 200-111] Finished Checking Pragmas: CPU user time: 0 seconds. CPU system time: 0 seconds. Elapsed time: 0.004 seconds; current allocated memory: 152.137 MB.
INFO: [HLS 200-10] Starting code transformations ...
INFO: [HLS 200-111] Finished Standard Transforms: CPU user time: 0 seconds. CPU system time: 0 seconds. Elapsed time: 0.317 seconds; current allocated memory: 156.266 MB.
INFO: [HLS 200-10] Checking synthesizability ...
INFO: [HLS 200-111] Finished Checking Synthesizability: CPU user time: 0 seconds. CPU system time: 0 seconds. Elapsed time: 0.104 seconds; current allocated memory: 157.504 MB.
INFO: [HLS 200-111] Finished Loop, function and other optimizations: CPU user time: 0 seconds. CPU system time: 0 seconds. Elapsed time: 0.152 seconds; current allocated memory: 178.809 MB.
INFO: [HLS 200-111] Finished Architecture Synthesis: CPU user time: 0 seconds. CPU system time: 0 seconds. Elapsed time: 0.182 seconds; current allocated memory: 181.809 MB.
INFO: [HLS 200-10] Starting hardware synthesis ...
INFO: [HLS 200-10] Synthesizing 'convbas' ...
INFO: [SYN 201-201] Setting up clock 'default' with a period of 10ns.
INFO: [HLS 200-10] ----------------------------------------------------------------
INFO: [HLS 200-42] -- Implementing module 'convbas_Pipeline_VITIS_LOOP_53_3' 
INFO: [HLS 200-10] ----------------------------------------------------------------
INFO: [SCHED 204-11] Starting scheduling ...
INFO: [SCHED 204-61] Pipelining loop 'VITIS_LOOP_53_3'.
INFO: [HLS 200-1470] Pipelining result : Target II = 1, Final II = 1, Depth = 13, loop 'VITIS_LOOP_53_3'
INFO: [SCHED 204-11] Finished scheduling.
INFO: [HLS 200-111] Finished Scheduling: CPU user time: 0 seconds. CPU system time: 0 seconds. Elapsed time: 0.66 seconds; current allocated memory: 185.527 MB.
INFO: [BIND 205-100] Starting micro-architecture generation ...
INFO: [BIND 205-101] Performing variable lifetime analysis.
INFO: [BIND 205-101] Exploring resource sharing.
INFO: [BIND 205-101] Binding ...
INFO: [BIND 205-100] Finished micro-architecture generation.
INFO: [HLS 200-111] Finished Binding: CPU user time: 0 seconds. CPU system time: 0 seconds. Elapsed time: 0.099 seconds; current allocated memory: 186.602 MB.
INFO: [HLS 200-10] ----------------------------------------------------------------
INFO: [HLS 200-42] -- Implementing module 'convbas' 
INFO: [HLS 200-10] ----------------------------------------------------------------
INFO: [SCHED 204-11] Starting scheduling ...
INFO: [SCHED 204-11] Finished scheduling.
INFO: [HLS 200-111] Finished Scheduling: CPU user time: 0 seconds. CPU system time: 0 seconds. Elapsed time: 0.044 seconds; current allocated memory: 186.715 MB.
INFO: [BIND 205-100] Starting micro-architecture generation ...
INFO: [BIND 205-101] Performing variable lifetime analysis.
INFO: [BIND 205-101] Exploring resource sharing.
INFO: [BIND 205-101] Binding ...
INFO: [BIND 205-100] Finished micro-architecture generation.
INFO: [HLS 200-111] Finished Binding: CPU user time: 0 seconds. CPU system time: 0 seconds. Elapsed time: 0.033 seconds; current allocated memory: 186.816 MB.
INFO: [HLS 200-10] ----------------------------------------------------------------
INFO: [HLS 200-10] -- Generating RTL for module 'convbas_Pipeline_VITIS_LOOP_53_3' 
INFO: [HLS 200-10] ----------------------------------------------------------------
INFO: [HLS 200-1030] Apply Unified Pipeline Control on module 'convbas_Pipeline_VITIS_LOOP_53_3' pipeline 'VITIS_LOOP_53_3' pipeline type 'loop pipeline'
WARNING: [RTGEN 206-101] Setting dangling out port 'convbas_Pipeline_VITIS_LOOP_53_3/m_axi_gmem0_0_ARVALID' to 0.
WARNING: [RTGEN 206-101] Setting dangling out port 'convbas_Pipeline_VITIS_LOOP_53_3/m_axi_gmem0_0_ARADDR' to 0.
WARNING: [RTGEN 206-101] Setting dangling out port 'convbas_Pipeline_VITIS_LOOP_53_3/m_axi_gmem0_0_ARID' to 0.
WARNING: [RTGEN 206-101] Setting dangling out port 'convbas_Pipeline_VITIS_LOOP_53_3/m_axi_gmem0_0_ARLEN' to 0.
WARNING: [RTGEN 206-101] Setting dangling out port 'convbas_Pipeline_VITIS_LOOP_53_3/m_axi_gmem0_0_ARSIZE' to 0.
WARNING: [RTGEN 206-101] Setting dangling out port 'convbas_Pipeline_VITIS_LOOP_53_3/m_axi_gmem0_0_ARBURST' to 0.
WARNING: [RTGEN 206-101] Setting dangling out port 'convbas_Pipeline_VITIS_LOOP_53_3/m_axi_gmem0_0_ARLOCK' to 0.
WARNING: [RTGEN 206-101] Setting dangling out port 'convbas_Pipeline_VITIS_LOOP_53_3/m_axi_gmem0_0_ARCACHE' to 0.
WARNING: [RTGEN 206-101] Setting dangling out port 'convbas_Pipeline_VITIS_LOOP_53_3/m_axi_gmem0_0_ARPROT' to 0.
WARNING: [RTGEN 206-101] Setting dangling out port 'convbas_Pipeline_VITIS_LOOP_53_3/m_axi_gmem0_0_ARQOS' to 0.
WARNING: [RTGEN 206-101] Setting dangling out port 'convbas_Pipeline_VITIS_LOOP_53_3/m_axi_gmem0_0_ARREGION' to 0.
WARNING: [RTGEN 206-101] Setting dangling out port 'convbas_Pipeline_VITIS_LOOP_53_3/m_axi_gmem0_0_ARUSER' to 0.
INFO: [RTGEN 206-100] Generating core module 'mul_32s_32s_32_2_1': 1 instance(s).
INFO: [RTGEN 206-100] Finished creating RTL model for 'convbas_Pipeline_VITIS_LOOP_53_3'.
INFO: [HLS 200-111] Finished Creating RTL model: CPU user time: 0 seconds. CPU system time: 0 seconds. Elapsed time: 0.125 seconds; current allocated memory: 188.414 MB.
INFO: [HLS 200-10] ----------------------------------------------------------------
INFO: [HLS 200-10] -- Generating RTL for module 'convbas' 
INFO: [HLS 200-10] ----------------------------------------------------------------
WARNING: [RTGEN 206-101] Design contains AXI ports. Reset is fixed to synchronous and active low.
INFO: [RTGEN 206-500] Setting interface mode on port 'convbas/gmem0' to 'm_axi'.
INFO: [RTGEN 206-500] Setting interface mode on port 'convbas/gmem1' to 'm_axi'.
INFO: [RTGEN 206-500] Setting interface mode on port 'convbas/gmem2' to 'm_axi'.
INFO: [RTGEN 206-500] Setting interface mode on port 'convbas/in_r' to 's_axilite & ap_none'.
INFO: [RTGEN 206-500] Setting interface mode on port 'convbas/out_r' to 's_axilite & ap_none'.
INFO: [RTGEN 206-500] Setting interface mode on port 'convbas/H' to 's_axilite & ap_none'.
INFO: [RTGEN 206-500] Setting interface mode on port 'convbas/W' to 's_axilite & ap_none'.
INFO: [RTGEN 206-500] Setting interface mode on port 'convbas/w_kernel' to 's_axilite & ap_none'.
INFO: [RTGEN 206-500] Setting interface mode on function 'convbas' to 's_axilite & ap_ctrl_hs'.
INFO: [RTGEN 206-100] Bundling port 'in_r', 'out_r', 'H', 'W', 'w_kernel' and 'return' to AXI-Lite port CTRL.
WARNING: [RTGEN 206-101] Port 'convbas/m_axi_gmem2_AWVALID' has no fanin or fanout and is left dangling.
               Please use C simulation to confirm this function argument can be read from or written to.
WARNING: [RTGEN 206-101] Setting dangling out port 'convbas/m_axi_gmem2_AWVALID' to 0.
WARNING: [RTGEN 206-101] Port 'convbas/m_axi_gmem2_AWREADY' has no fanin or fanout and is left dangling.
               Please use C simulation to confirm this function argument can be read from or written to.
WARNING: [RTGEN 206-101] Port 'convbas/m_axi_gmem2_AWADDR' has no fanin or fanout and is left dangling.
               Please use C simulation to confirm this function argument can be read from or written to.
WARNING: [RTGEN 206-101] Setting dangling out port 'convbas/m_axi_gmem2_AWADDR' to 0.
WARNING: [RTGEN 206-101] Port 'convbas/m_axi_gmem2_AWID' has no fanin or fanout and is left dangling.
               Please use C simulation to confirm this function argument can be read from or written to.
WARNING: [RTGEN 206-101] Setting dangling out port 'convbas/m_axi_gmem2_AWID' to 0.
WARNING: [RTGEN 206-101] Port 'convbas/m_axi_gmem2_AWLEN' has no fanin or fanout and is left dangling.
               Please use C simulation to confirm this function argument can be read from or written to.
WARNING: [RTGEN 206-101] Setting dangling out port 'convbas/m_axi_gmem2_AWLEN' to 0.
WARNING: [RTGEN 206-101] Port 'convbas/m_axi_gmem2_AWSIZE' has no fanin or fanout and is left dangling.
               Please use C simulation to confirm this function argument can be read from or written to.
WARNING: [RTGEN 206-101] Setting dangling out port 'convbas/m_axi_gmem2_AWSIZE' to 0.
WARNING: [RTGEN 206-101] Port 'convbas/m_axi_gmem2_AWBURST' has no fanin or fanout and is left dangling.
               Please use C simulation to confirm this function argument can be read from or written to.
WARNING: [RTGEN 206-101] Setting dangling out port 'convbas/m_axi_gmem2_AWBURST' to 0.
WARNING: [RTGEN 206-101] Port 'convbas/m_axi_gmem2_AWLOCK' has no fanin or fanout and is left dangling.
               Please use C simulation to confirm this function argument can be read from or written to.
WARNING: [RTGEN 206-101] Setting dangling out port 'convbas/m_axi_gmem2_AWLOCK' to 0.
WARNING: [RTGEN 206-101] Port 'convbas/m_axi_gmem2_AWCACHE' has no fanin or fanout and is left dangling.
               Please use C simulation to confirm this function argument can be read from or written to.
WARNING: [RTGEN 206-101] Setting dangling out port 'convbas/m_axi_gmem2_AWCACHE' to 0.
WARNING: [RTGEN 206-101] Port 'convbas/m_axi_gmem2_AWPROT' has no fanin or fanout and is left dangling.
               Please use C simulation to confirm this function argument can be read from or written to.
WARNING: [RTGEN 206-101] Setting dangling out port 'convbas/m_axi_gmem2_AWPROT' to 0.
WARNING: [RTGEN 206-101] Port 'convbas/m_axi_gmem2_AWQOS' has no fanin or fanout and is left dangling.
               Please use C simulation to confirm this function argument can be read from or written to.
WARNING: [RTGEN 206-101] Setting dangling out port 'convbas/m_axi_gmem2_AWQOS' to 0.
WARNING: [RTGEN 206-101] Port 'convbas/m_axi_gmem2_AWREGION' has no fanin or fanout and is left dangling.
               Please use C simulation to confirm this function argument can be read from or written to.
WARNING: [RTGEN 206-101] Setting dangling out port 'convbas/m_axi_gmem2_AWREGION' to 0.
WARNING: [RTGEN 206-101] Port 'convbas/m_axi_gmem2_AWUSER' has no fanin or fanout and is left dangling.
               Please use C simulation to confirm this function argument can be read from or written to.
WARNING: [RTGEN 206-101] Setting dangling out port 'convbas/m_axi_gmem2_AWUSER' to 0.
WARNING: [RTGEN 206-101] Port 'convbas/m_axi_gmem2_WVALID' has no fanin or fanout and is left dangling.
               Please use C simulation to confirm this function argument can be read from or written to.
WARNING: [RTGEN 206-101] Setting dangling out port 'convbas/m_axi_gmem2_WVALID' to 0.
WARNING: [RTGEN 206-101] Port 'convbas/m_axi_gmem2_WREADY' has no fanin or fanout and is left dangling.
               Please use C simulation to confirm this function argument can be read from or written to.
WARNING: [RTGEN 206-101] Port 'convbas/m_axi_gmem2_WDATA' has no fanin or fanout and is left dangling.
               Please use C simulation to confirm this function argument can be read from or written to.
WARNING: [RTGEN 206-101] Setting dangling out port 'convbas/m_axi_gmem2_WDATA' to 0.
WARNING: [RTGEN 206-101] Port 'convbas/m_axi_gmem2_WSTRB' has no fanin or fanout and is left dangling.
               Please use C simulation to confirm this function argument can be read from or written to.
WARNING: [RTGEN 206-101] Setting dangling out port 'convbas/m_axi_gmem2_WSTRB' to 0.
WARNING: [RTGEN 206-101] Port 'convbas/m_axi_gmem2_WLAST' has no fanin or fanout and is left dangling.
               Please use C simulation to confirm this function argument can be read from or written to.
WARNING: [RTGEN 206-101] Setting dangling out port 'convbas/m_axi_gmem2_WLAST' to 0.
WARNING: [RTGEN 206-101] Port 'convbas/m_axi_gmem2_WID' has no fanin or fanout and is left dangling.
               Please use C simulation to confirm this function argument can be read from or written to.
WARNING: [RTGEN 206-101] Setting dangling out port 'convbas/m_axi_gmem2_WID' to 0.
WARNING: [RTGEN 206-101] Port 'convbas/m_axi_gmem2_WUSER' has no fanin or fanout and is left dangling.
               Please use C simulation to confirm this function argument can be read from or written to.
WARNING: [RTGEN 206-101] Setting dangling out port 'convbas/m_axi_gmem2_WUSER' to 0.
WARNING: [RTGEN 206-101] Port 'convbas/m_axi_gmem2_ARVALID' has no fanin or fanout and is left dangling.
               Please use C simulation to confirm this function argument can be read from or written to.
WARNING: [RTGEN 206-101] Setting dangling out port 'convbas/m_axi_gmem2_ARVALID' to 0.
WARNING: [RTGEN 206-101] Port 'convbas/m_axi_gmem2_ARREADY' has no fanin or fanout and is left dangling.
               Please use C simulation to confirm this function argument can be read from or written to.
WARNING: [RTGEN 206-101] Port 'convbas/m_axi_gmem2_ARADDR' has no fanin or fanout and is left dangling.
               Please use C simulation to confirm this function argument can be read from or written to.
WARNING: [RTGEN 206-101] Setting dangling out port 'convbas/m_axi_gmem2_ARADDR' to 0.
WARNING: [RTGEN 206-101] Port 'convbas/m_axi_gmem2_ARID' has no fanin or fanout and is left dangling.
               Please use C simulation to confirm this function argument can be read from or written to.
WARNING: [RTGEN 206-101] Setting dangling out port 'convbas/m_axi_gmem2_ARID' to 0.
WARNING: [RTGEN 206-101] Port 'convbas/m_axi_gmem2_ARLEN' has no fanin or fanout and is left dangling.
               Please use C simulation to confirm this function argument can be read from or written to.
WARNING: [RTGEN 206-101] Setting dangling out port 'convbas/m_axi_gmem2_ARLEN' to 0.
WARNING: [RTGEN 206-101] Port 'convbas/m_axi_gmem2_ARSIZE' has no fanin or fanout and is left dangling.
               Please use C simulation to confirm this function argument can be read from or written to.
WARNING: [RTGEN 206-101] Setting dangling out port 'convbas/m_axi_gmem2_ARSIZE' to 0.
WARNING: [RTGEN 206-101] Port 'convbas/m_axi_gmem2_ARBURST' has no fanin or fanout and is left dangling.
               Please use C simulation to confirm this function argument can be read from or written to.
WARNING: [RTGEN 206-101] Setting dangling out port 'convbas/m_axi_gmem2_ARBURST' to 0.
WARNING: [RTGEN 206-101] Port 'convbas/m_axi_gmem2_ARLOCK' has no fanin or fanout and is left dangling.
               Please use C simulation to confirm this function argument can be read from or written to.
WARNING: [RTGEN 206-101] Setting dangling out port 'convbas/m_axi_gmem2_ARLOCK' to 0.
WARNING: [RTGEN 206-101] Port 'convbas/m_axi_gmem2_ARCACHE' has no fanin or fanout and is left dangling.
               Please use C simulation to confirm this function argument can be read from or written to.
WARNING: [RTGEN 206-101] Setting dangling out port 'convbas/m_axi_gmem2_ARCACHE' to 0.
WARNING: [RTGEN 206-101] Port 'convbas/m_axi_gmem2_ARPROT' has no fanin or fanout and is left dangling.
               Please use C simulation to confirm this function argument can be read from or written to.
WARNING: [RTGEN 206-101] Setting dangling out port 'convbas/m_axi_gmem2_ARPROT' to 0.
WARNING: [RTGEN 206-101] Port 'convbas/m_axi_gmem2_ARQOS' has no fanin or fanout and is left dangling.
               Please use C simulation to confirm this function argument can be read from or written to.
WARNING: [RTGEN 206-101] Setting dangling out port 'convbas/m_axi_gmem2_ARQOS' to 0.
WARNING: [RTGEN 206-101] Port 'convbas/m_axi_gmem2_ARREGION' has no fanin or fanout and is left dangling.
               Please use C simulation to confirm this function argument can be read from or written to.
WARNING: [RTGEN 206-101] Setting dangling out port 'convbas/m_axi_gmem2_ARREGION' to 0.
WARNING: [RTGEN 206-101] Port 'convbas/m_axi_gmem2_ARUSER' has no fanin or fanout and is left dangling.
               Please use C simulation to confirm this function argument can be read from or written to.
WARNING: [RTGEN 206-101] Setting dangling out port 'convbas/m_axi_gmem2_ARUSER' to 0.
WARNING: [RTGEN 206-101] Port 'convbas/m_axi_gmem2_RVALID' has no fanin or fanout and is left dangling.
               Please use C simulation to confirm this function argument can be read from or written to.
WARNING: [RTGEN 206-101] Port 'convbas/m_axi_gmem2_RREADY' has no fanin or fanout and is left dangling.
               Please use C simulation to confirm this function argument can be read from or written to.
WARNING: [RTGEN 206-101] Setting dangling out port 'convbas/m_axi_gmem2_RREADY' to 0.
WARNING: [RTGEN 206-101] Port 'convbas/m_axi_gmem2_RDATA' has no fanin or fanout and is left dangling.
               Please use C simulation to confirm this function argument can be read from or written to.
WARNING: [RTGEN 206-101] Port 'convbas/m_axi_gmem2_RLAST' has no fanin or fanout and is left dangling.
               Please use C simulation to confirm this function argument can be read from or written to.
WARNING: [RTGEN 206-101] Port 'convbas/m_axi_gmem2_RID' has no fanin or fanout and is left dangling.
               Please use C simulation to confirm this function argument can be read from or written to.
WARNING: [RTGEN 206-101] Port 'convbas/m_axi_gmem2_RUSER' has no fanin or fanout and is left dangling.
               Please use C simulation to confirm this function argument can be read from or written to.
WARNING: [RTGEN 206-101] Port 'convbas/m_axi_gmem2_RRESP' has no fanin or fanout and is left dangling.
               Please use C simulation to confirm this function argument can be read from or written to.
WARNING: [RTGEN 206-101] Port 'convbas/m_axi_gmem2_BVALID' has no fanin or fanout and is left dangling.
               Please use C simulation to confirm this function argument can be read from or written to.
WARNING: [RTGEN 206-101] Port 'convbas/m_axi_gmem2_BREADY' has no fanin or fanout and is left dangling.
               Please use C simulation to confirm this function argument can be read from or written to.
WARNING: [RTGEN 206-101] Setting dangling out port 'convbas/m_axi_gmem2_BREADY' to 0.
WARNING: [RTGEN 206-101] Port 'convbas/m_axi_gmem2_BRESP' has no fanin or fanout and is left dangling.
               Please use C simulation to confirm this function argument can be read from or written to.
WARNING: [RTGEN 206-101] Port 'convbas/m_axi_gmem2_BID' has no fanin or fanout and is left dangling.
               Please use C simulation to confirm this function argument can be read from or written to.
WARNING: [RTGEN 206-101] Port 'convbas/m_axi_gmem2_BUSER' has no fanin or fanout and is left dangling.
               Please use C simulation to confirm this function argument can be read from or written to.
INFO: [RTGEN 206-100] Generating core module 'mul_32s_32s_32_2_1': 1 instance(s).
INFO: [RTGEN 206-100] Finished creating RTL model for 'convbas'.
INFO: [HLS 200-111] Finished Creating RTL model: CPU user time: 0 seconds. CPU system time: 0 seconds. Elapsed time: 2.021 seconds; current allocated memory: 192.973 MB.
INFO: [HLS 200-111] Finished Generating all RTL models: CPU user time: 1 seconds. CPU system time: 0 seconds. Elapsed time: 0.805 seconds; current allocated memory: 196.773 MB.
INFO: [HLS 200-1603] Design has inferred MAXI bursts and missed bursts, see Vitis HLS GUI synthesis summary report for detailed information.
INFO: [HLS 200-111] Finished Updating report files: CPU user time: 0 seconds. CPU system time: 0 seconds. Elapsed time: 1.801 seconds; current allocated memory: 203.066 MB.
INFO: [VHDL 208-304] Generating VHDL RTL for convbas.
INFO: [VLOG 209-307] Generating Verilog RTL for convbas.
INFO: [HLS 200-790] **** Loop Constraint Status: All loop constraints were satisfied.
INFO: [HLS 200-789] **** Estimated Fmax: 136.99 MHz
INFO: [HLS 200-112] Total CPU user time: 3 seconds. Total CPU system time: 3 seconds. Total elapsed time: 36.515 seconds; peak allocated memory: 203.129 MB.
INFO: [v++ 60-791] Total elapsed time: 0h 0m 43s
