02/11/26 18:30:22: Running xcd server. This server was built by gradle.
02/11/26 18:30:22: Server was asked to start on port: '64622'
02/11/26 18:30:22: Server is using token UUID: '0bbfc61d-d20d-493f-9165-a6fe6a40173c'
02/11/26 18:30:22: SESSION_MGR: creating session with session uuid: '6d04a3e9-ade5-4ab9-8d63-1f78fcd2ec76' and name 'default'
02/11/26 18:30:22: Attempting to start server on port '64622'
02/11/26 18:30:22: Running Dispatch Server
02/11/26 18:30:22: Version 2.2.0
02/11/26 18:30:24: Dispatch Server: Accepted socket connection from client
02/11/26 18:30:24: Starting Socket connection
02/11/26 18:30:24: EXCHANGE_TOKEN received, server token: 0bbfc61d-d20d-493f-9165-a6fe6a40173c, passed token: 0bbfc61d-d20d-493f-9165-a6fe6a40173c
02/11/26 18:30:25: DISPATCH_HANDLER: Adding handler from function makeHandler in library xv_system_diagram
02/11/26 18:30:25: SESSION_MGR: creating session with session uuid: '5a2d1c85-7a23-43ce-82aa-9f806a1d5fe7' and name 'vitis-run_compile_convbas'
02/11/26 18:30:25: KERNEL_SVC: creating session with uuid: '5a2d1c85-7a23-43ce-82aa-9f806a1d5fe7' and name 'vitis-run_compile_convbas'
02/11/26 18:30:25: GUIDANCE_SMGR: creating guidance session with uuid: '5a2d1c85-7a23-43ce-82aa-9f806a1d5fe7' and name 'vitis-run_compile_convbas'
02/11/26 18:30:25: SYSTEM_DIAGRAM: creating session with uuid: '5a2d1c85-7a23-43ce-82aa-9f806a1d5fe7' and name 'vitis-run_compile_convbas'
02/11/26 18:31:07: Dispatch Server: Accepted socket connection from client
02/11/26 18:31:07: Starting Socket connection
02/11/26 18:31:49: SESSION_MGR: closing session for UUID '5a2d1c85-7a23-43ce-82aa-9f806a1d5fe7' with name 'vitis-run_compile_convbas'
02/11/26 18:31:49: KERNEL_SVC: closing session for UUID '5a2d1c85-7a23-43ce-82aa-9f806a1d5fe7' with name 'vitis-run_compile_convbas'
02/11/26 18:31:49: GUIDANCE_SMGR: closing session for UUID '5a2d1c85-7a23-43ce-82aa-9f806a1d5fe7' with name 'vitis-run_compile_convbas'
02/11/26 18:31:49: SYSTEM_DIAGRAM: closing session for UUID '5a2d1c85-7a23-43ce-82aa-9f806a1d5fe7' with name 'vitis-run_compile_convbas'
02/11/26 18:31:49: STOP_SERVER received, server token: 0bbfc61d-d20d-493f-9165-a6fe6a40173c, passed token: 0bbfc61d-d20d-493f-9165-a6fe6a40173c
02/11/26 18:31:49: Socket received request to stop server.
02/11/26 18:31:49: Dispatch Server: do_await_stop
02/11/26 18:31:49: SERVER: destructor for server bound to port 64622
02/11/26 18:48:51: Running xcd server. This server was built by gradle.
02/11/26 18:48:51: Server was asked to start on port: '61518'
02/11/26 18:48:51: Server is using token UUID: 'f9dab073-f747-4a7a-b7af-2bbb85577d53'
02/11/26 18:48:51: SESSION_MGR: creating session with session uuid: '6d04a3e9-ade5-4ab9-8d63-1f78fcd2ec76' and name 'default'
02/11/26 18:48:51: Attempting to start server on port '61518'
02/11/26 18:48:51: Running Dispatch Server
02/11/26 18:48:51: Version 2.2.0
02/11/26 18:48:54: Dispatch Server: Accepted socket connection from client
02/11/26 18:48:54: Starting Socket connection
02/11/26 18:48:54: EXCHANGE_TOKEN received, server token: f9dab073-f747-4a7a-b7af-2bbb85577d53, passed token: f9dab073-f747-4a7a-b7af-2bbb85577d53
02/11/26 18:48:54: DISPATCH_HANDLER: Adding handler from function makeHandler in library xv_system_diagram
02/11/26 18:48:54: SESSION_MGR: creating session with session uuid: '9ec4ea0b-916b-4055-97eb-1a8b34e26af4' and name 'v++_compile_convbas'
02/11/26 18:48:54: KERNEL_SVC: creating session with uuid: '9ec4ea0b-916b-4055-97eb-1a8b34e26af4' and name 'v++_compile_convbas'
02/11/26 18:48:54: GUIDANCE_SMGR: creating guidance session with uuid: '9ec4ea0b-916b-4055-97eb-1a8b34e26af4' and name 'v++_compile_convbas'
02/11/26 18:48:54: SYSTEM_DIAGRAM: creating session with uuid: '9ec4ea0b-916b-4055-97eb-1a8b34e26af4' and name 'v++_compile_convbas'
02/11/26 18:49:16: Dispatch Server: Accepted socket connection from client
02/11/26 18:49:16: Starting Socket connection
02/11/26 18:49:45: SESSION_MGR: closing session for UUID '9ec4ea0b-916b-4055-97eb-1a8b34e26af4' with name 'v++_compile_convbas'
02/11/26 18:49:45: KERNEL_SVC: closing session for UUID '9ec4ea0b-916b-4055-97eb-1a8b34e26af4' with name 'v++_compile_convbas'
02/11/26 18:49:46: GUIDANCE_SMGR: closing session for UUID '9ec4ea0b-916b-4055-97eb-1a8b34e26af4' with name 'v++_compile_convbas'
02/11/26 18:49:46: SYSTEM_DIAGRAM: closing session for UUID '9ec4ea0b-916b-4055-97eb-1a8b34e26af4' with name 'v++_compile_convbas'
02/11/26 18:49:46: STOP_SERVER received, server token: f9dab073-f747-4a7a-b7af-2bbb85577d53, passed token: f9dab073-f747-4a7a-b7af-2bbb85577d53
02/11/26 18:49:46: Socket received request to stop server.
02/11/26 18:49:46: Dispatch Server: do_await_stop
02/11/26 18:49:46: SERVER: destructor for server bound to port 61518
02/11/26 18:51:10: Running xcd server. This server was built by gradle.
02/11/26 18:51:10: Server was asked to start on port: '50801'
02/11/26 18:51:10: Server is using token UUID: '666cb06a-136e-4ead-9123-7f10f5f1ce29'
02/11/26 18:51:10: SESSION_MGR: creating session with session uuid: '6d04a3e9-ade5-4ab9-8d63-1f78fcd2ec76' and name 'default'
02/11/26 18:51:10: Attempting to start server on port '50801'
02/11/26 18:51:10: Running Dispatch Server
02/11/26 18:51:10: Version 2.2.0
02/11/26 18:51:13: Dispatch Server: Accepted socket connection from client
02/11/26 18:51:13: Starting Socket connection
02/11/26 18:51:13: EXCHANGE_TOKEN received, server token: 666cb06a-136e-4ead-9123-7f10f5f1ce29, passed token: 666cb06a-136e-4ead-9123-7f10f5f1ce29
02/11/26 18:51:14: DISPATCH_HANDLER: Adding handler from function makeHandler in library xv_system_diagram
02/11/26 18:51:14: SESSION_MGR: creating session with session uuid: '56b52861-2ef2-476d-90aa-f5fdf8abb48f' and name 'vitis-run_compile_convbas'
02/11/26 18:51:14: KERNEL_SVC: creating session with uuid: '56b52861-2ef2-476d-90aa-f5fdf8abb48f' and name 'vitis-run_compile_convbas'
02/11/26 18:51:14: GUIDANCE_SMGR: creating guidance session with uuid: '56b52861-2ef2-476d-90aa-f5fdf8abb48f' and name 'vitis-run_compile_convbas'
02/11/26 18:51:14: SYSTEM_DIAGRAM: creating session with uuid: '56b52861-2ef2-476d-90aa-f5fdf8abb48f' and name 'vitis-run_compile_convbas'
02/11/26 18:51:44: Dispatch Server: Accepted socket connection from client
02/11/26 18:51:44: Starting Socket connection
02/11/26 18:52:07: SESSION_MGR: closing session for UUID '56b52861-2ef2-476d-90aa-f5fdf8abb48f' with name 'vitis-run_compile_convbas'
02/11/26 18:52:07: KERNEL_SVC: closing session for UUID '56b52861-2ef2-476d-90aa-f5fdf8abb48f' with name 'vitis-run_compile_convbas'
02/11/26 18:52:07: GUIDANCE_SMGR: closing session for UUID '56b52861-2ef2-476d-90aa-f5fdf8abb48f' with name 'vitis-run_compile_convbas'
02/11/26 18:52:07: SYSTEM_DIAGRAM: closing session for UUID '56b52861-2ef2-476d-90aa-f5fdf8abb48f' with name 'vitis-run_compile_convbas'
02/11/26 18:52:07: STOP_SERVER received, server token: 666cb06a-136e-4ead-9123-7f10f5f1ce29, passed token: 666cb06a-136e-4ead-9123-7f10f5f1ce29
02/11/26 18:52:07: Socket received request to stop server.
02/11/26 18:52:07: Dispatch Server: do_await_stop
02/11/26 18:52:07: SERVER: destructor for server bound to port 50801
02/11/26 18:52:26: Running xcd server. This server was built by gradle.
02/11/26 18:52:26: Server was asked to start on port: '62075'
02/11/26 18:52:26: Server is using token UUID: '7c134920-30be-4c3e-b6a5-8582a9a111db'
02/11/26 18:52:26: SESSION_MGR: creating session with session uuid: '6d04a3e9-ade5-4ab9-8d63-1f78fcd2ec76' and name 'default'
02/11/26 18:52:26: Attempting to start server on port '62075'
02/11/26 18:52:26: Running Dispatch Server
02/11/26 18:52:26: Version 2.2.0
02/11/26 18:52:29: Dispatch Server: Accepted socket connection from client
02/11/26 18:52:29: Starting Socket connection
02/11/26 18:52:29: EXCHANGE_TOKEN received, server token: 7c134920-30be-4c3e-b6a5-8582a9a111db, passed token: 7c134920-30be-4c3e-b6a5-8582a9a111db
02/11/26 18:52:29: DISPATCH_HANDLER: Adding handler from function makeHandler in library xv_system_diagram
02/11/26 18:52:29: SESSION_MGR: creating session with session uuid: '872db9f2-61da-42e9-8b70-2bac1ad84f39' and name 'vitis-run_compile_convbas'
02/11/26 18:52:29: KERNEL_SVC: creating session with uuid: '872db9f2-61da-42e9-8b70-2bac1ad84f39' and name 'vitis-run_compile_convbas'
02/11/26 18:52:29: GUIDANCE_SMGR: creating guidance session with uuid: '872db9f2-61da-42e9-8b70-2bac1ad84f39' and name 'vitis-run_compile_convbas'
02/11/26 18:52:29: SYSTEM_DIAGRAM: creating session with uuid: '872db9f2-61da-42e9-8b70-2bac1ad84f39' and name 'vitis-run_compile_convbas'
02/11/26 18:52:39: Dispatch Server: Accepted socket connection from client
02/11/26 18:52:39: Starting Socket connection
02/11/26 18:52:45: SESSION_MGR: closing session for UUID '872db9f2-61da-42e9-8b70-2bac1ad84f39' with name 'vitis-run_compile_convbas'
02/11/26 18:52:45: KERNEL_SVC: closing session for UUID '872db9f2-61da-42e9-8b70-2bac1ad84f39' with name 'vitis-run_compile_convbas'
02/11/26 18:52:45: GUIDANCE_SMGR: closing session for UUID '872db9f2-61da-42e9-8b70-2bac1ad84f39' with name 'vitis-run_compile_convbas'
02/11/26 18:52:45: SYSTEM_DIAGRAM: closing session for UUID '872db9f2-61da-42e9-8b70-2bac1ad84f39' with name 'vitis-run_compile_convbas'
02/11/26 18:52:45: STOP_SERVER received, server token: 7c134920-30be-4c3e-b6a5-8582a9a111db, passed token: 7c134920-30be-4c3e-b6a5-8582a9a111db
02/11/26 18:52:45: Socket received request to stop server.
02/11/26 18:52:45: Dispatch Server: do_await_stop
02/11/26 18:52:45: SERVER: destructor for server bound to port 62075
02/11/26 18:54:15: Running xcd server. This server was built by gradle.
02/11/26 18:54:15: Server was asked to start on port: '62079'
02/11/26 18:54:15: Server is using token UUID: '805bdc15-ff4f-4115-845f-c4d20d12b6f4'
02/11/26 18:54:15: SESSION_MGR: creating session with session uuid: '6d04a3e9-ade5-4ab9-8d63-1f78fcd2ec76' and name 'default'
02/11/26 18:54:15: Attempting to start server on port '62079'
02/11/26 18:54:15: Running Dispatch Server
02/11/26 18:54:15: Version 2.2.0
02/11/26 18:54:17: Dispatch Server: Accepted socket connection from client
02/11/26 18:54:17: Starting Socket connection
02/11/26 18:54:17: EXCHANGE_TOKEN received, server token: 805bdc15-ff4f-4115-845f-c4d20d12b6f4, passed token: 805bdc15-ff4f-4115-845f-c4d20d12b6f4
02/11/26 18:54:18: DISPATCH_HANDLER: Adding handler from function makeHandler in library xv_system_diagram
02/11/26 18:54:18: SESSION_MGR: creating session with session uuid: 'b22779b7-eced-436e-a3f8-4b45fa4d7a10' and name 'vitis-run_compile_convbas'
02/11/26 18:54:18: KERNEL_SVC: creating session with uuid: 'b22779b7-eced-436e-a3f8-4b45fa4d7a10' and name 'vitis-run_compile_convbas'
02/11/26 18:54:18: GUIDANCE_SMGR: creating guidance session with uuid: 'b22779b7-eced-436e-a3f8-4b45fa4d7a10' and name 'vitis-run_compile_convbas'
02/11/26 18:54:18: SYSTEM_DIAGRAM: creating session with uuid: 'b22779b7-eced-436e-a3f8-4b45fa4d7a10' and name 'vitis-run_compile_convbas'
02/11/26 18:54:29: Dispatch Server: Accepted socket connection from client
02/11/26 18:54:29: Starting Socket connection
02/11/26 18:54:36: SESSION_MGR: closing session for UUID 'b22779b7-eced-436e-a3f8-4b45fa4d7a10' with name 'vitis-run_compile_convbas'
02/11/26 18:54:36: KERNEL_SVC: closing session for UUID 'b22779b7-eced-436e-a3f8-4b45fa4d7a10' with name 'vitis-run_compile_convbas'
02/11/26 18:54:36: GUIDANCE_SMGR: closing session for UUID 'b22779b7-eced-436e-a3f8-4b45fa4d7a10' with name 'vitis-run_compile_convbas'
02/11/26 18:54:36: SYSTEM_DIAGRAM: closing session for UUID 'b22779b7-eced-436e-a3f8-4b45fa4d7a10' with name 'vitis-run_compile_convbas'
02/11/26 18:54:36: STOP_SERVER received, server token: 805bdc15-ff4f-4115-845f-c4d20d12b6f4, passed token: 805bdc15-ff4f-4115-845f-c4d20d12b6f4
02/11/26 18:54:36: Socket received request to stop server.
02/11/26 18:54:36: Dispatch Server: do_await_stop
02/11/26 18:54:36: SERVER: destructor for server bound to port 62079
02/11/26 18:54:49: Running xcd server. This server was built by gradle.
02/11/26 18:54:49: Server was asked to start on port: '62083'
02/11/26 18:54:49: Server is using token UUID: '4a57c50e-da47-4cf5-b493-597c38609159'
02/11/26 18:54:49: SESSION_MGR: creating session with session uuid: '6d04a3e9-ade5-4ab9-8d63-1f78fcd2ec76' and name 'default'
02/11/26 18:54:49: Attempting to start server on port '62083'
02/11/26 18:54:49: Running Dispatch Server
02/11/26 18:54:49: Version 2.2.0
02/11/26 18:54:51: Dispatch Server: Accepted socket connection from client
02/11/26 18:54:51: Starting Socket connection
02/11/26 18:54:51: EXCHANGE_TOKEN received, server token: 4a57c50e-da47-4cf5-b493-597c38609159, passed token: 4a57c50e-da47-4cf5-b493-597c38609159
02/11/26 18:54:51: DISPATCH_HANDLER: Adding handler from function makeHandler in library xv_system_diagram
02/11/26 18:54:51: SESSION_MGR: creating session with session uuid: '880b2d81-6c62-4281-80aa-6ae0066b8e53' and name 'v++_compile_convbas'
02/11/26 18:54:51: KERNEL_SVC: creating session with uuid: '880b2d81-6c62-4281-80aa-6ae0066b8e53' and name 'v++_compile_convbas'
02/11/26 18:54:51: GUIDANCE_SMGR: creating guidance session with uuid: '880b2d81-6c62-4281-80aa-6ae0066b8e53' and name 'v++_compile_convbas'
02/11/26 18:54:51: SYSTEM_DIAGRAM: creating session with uuid: '880b2d81-6c62-4281-80aa-6ae0066b8e53' and name 'v++_compile_convbas'
02/11/26 18:55:03: Dispatch Server: Accepted socket connection from client
02/11/26 18:55:03: Starting Socket connection
02/11/26 18:55:48: SESSION_MGR: closing session for UUID '880b2d81-6c62-4281-80aa-6ae0066b8e53' with name 'v++_compile_convbas'
02/11/26 18:55:48: KERNEL_SVC: closing session for UUID '880b2d81-6c62-4281-80aa-6ae0066b8e53' with name 'v++_compile_convbas'
02/11/26 18:55:48: GUIDANCE_SMGR: closing session for UUID '880b2d81-6c62-4281-80aa-6ae0066b8e53' with name 'v++_compile_convbas'
02/11/26 18:55:48: SYSTEM_DIAGRAM: closing session for UUID '880b2d81-6c62-4281-80aa-6ae0066b8e53' with name 'v++_compile_convbas'
02/11/26 18:55:48: STOP_SERVER received, server token: 4a57c50e-da47-4cf5-b493-597c38609159, passed token: 4a57c50e-da47-4cf5-b493-597c38609159
02/11/26 18:55:48: Socket received request to stop server.
02/11/26 18:55:48: Dispatch Server: do_await_stop
02/11/26 18:55:48: SERVER: destructor for server bound to port 62083
02/12/26 08:57:22: Running xcd server. This server was built by gradle.
02/12/26 08:57:22: Server was asked to start on port: '49246'
02/12/26 08:57:22: Server is using token UUID: '9284b71b-3799-4c11-b50f-071474d29094'
02/12/26 08:57:22: SESSION_MGR: creating session with session uuid: '6d04a3e9-ade5-4ab9-8d63-1f78fcd2ec76' and name 'default'
02/12/26 08:57:22: Attempting to start server on port '49246'
02/12/26 08:57:22: Running Dispatch Server
02/12/26 08:57:22: Version 2.2.0
02/12/26 08:57:25: Dispatch Server: Accepted socket connection from client
02/12/26 08:57:25: Starting Socket connection
02/12/26 08:57:25: EXCHANGE_TOKEN received, server token: 9284b71b-3799-4c11-b50f-071474d29094, passed token: 9284b71b-3799-4c11-b50f-071474d29094
02/12/26 08:57:25: DISPATCH_HANDLER: Adding handler from function makeHandler in library xv_system_diagram
02/12/26 08:57:25: SESSION_MGR: creating session with session uuid: '13fa24b8-e4d4-403f-9f44-d6d019ae819d' and name 'v++_compile_convbas'
02/12/26 08:57:25: KERNEL_SVC: creating session with uuid: '13fa24b8-e4d4-403f-9f44-d6d019ae819d' and name 'v++_compile_convbas'
02/12/26 08:57:25: GUIDANCE_SMGR: creating guidance session with uuid: '13fa24b8-e4d4-403f-9f44-d6d019ae819d' and name 'v++_compile_convbas'
02/12/26 08:57:25: SYSTEM_DIAGRAM: creating session with uuid: '13fa24b8-e4d4-403f-9f44-d6d019ae819d' and name 'v++_compile_convbas'
02/12/26 08:57:54: Dispatch Server: Accepted socket connection from client
02/12/26 08:57:54: Starting Socket connection
02/12/26 08:58:24: SESSION_MGR: closing session for UUID '13fa24b8-e4d4-403f-9f44-d6d019ae819d' with name 'v++_compile_convbas'
02/12/26 08:58:24: KERNEL_SVC: closing session for UUID '13fa24b8-e4d4-403f-9f44-d6d019ae819d' with name 'v++_compile_convbas'
02/12/26 08:58:24: GUIDANCE_SMGR: closing session for UUID '13fa24b8-e4d4-403f-9f44-d6d019ae819d' with name 'v++_compile_convbas'
02/12/26 08:58:24: SYSTEM_DIAGRAM: closing session for UUID '13fa24b8-e4d4-403f-9f44-d6d019ae819d' with name 'v++_compile_convbas'
02/12/26 08:58:24: STOP_SERVER received, server token: 9284b71b-3799-4c11-b50f-071474d29094, passed token: 9284b71b-3799-4c11-b50f-071474d29094
02/12/26 08:58:24: Socket received request to stop server.
02/12/26 08:58:24: Dispatch Server: do_await_stop
02/12/26 08:58:24: SERVER: destructor for server bound to port 49246
02/12/26 09:47:59: Running xcd server. This server was built by gradle.
02/12/26 09:47:59: Server was asked to start on port: '50793'
02/12/26 09:47:59: Server is using token UUID: 'd56623c8-0ac4-46f7-b2d9-85664e4300f9'
02/12/26 09:47:59: SESSION_MGR: creating session with session uuid: '6d04a3e9-ade5-4ab9-8d63-1f78fcd2ec76' and name 'default'
02/12/26 09:47:59: Attempting to start server on port '50793'
02/12/26 09:47:59: Running Dispatch Server
02/12/26 09:47:59: Version 2.2.0
02/12/26 09:48:02: Dispatch Server: Accepted socket connection from client
02/12/26 09:48:02: Starting Socket connection
02/12/26 09:48:02: EXCHANGE_TOKEN received, server token: d56623c8-0ac4-46f7-b2d9-85664e4300f9, passed token: d56623c8-0ac4-46f7-b2d9-85664e4300f9
02/12/26 09:48:02: DISPATCH_HANDLER: Adding handler from function makeHandler in library xv_system_diagram
02/12/26 09:48:02: SESSION_MGR: creating session with session uuid: 'eeb00920-d7b7-429b-b8b8-f265670fdbdd' and name 'vitis-run_compile_convbas'
02/12/26 09:48:02: KERNEL_SVC: creating session with uuid: 'eeb00920-d7b7-429b-b8b8-f265670fdbdd' and name 'vitis-run_compile_convbas'
02/12/26 09:48:02: GUIDANCE_SMGR: creating guidance session with uuid: 'eeb00920-d7b7-429b-b8b8-f265670fdbdd' and name 'vitis-run_compile_convbas'
02/12/26 09:48:02: SYSTEM_DIAGRAM: creating session with uuid: 'eeb00920-d7b7-429b-b8b8-f265670fdbdd' and name 'vitis-run_compile_convbas'
02/12/26 09:48:08: Dispatch Server: Accepted socket connection from client
02/12/26 09:48:08: Starting Socket connection
02/12/26 09:48:15: SESSION_MGR: closing session for UUID 'eeb00920-d7b7-429b-b8b8-f265670fdbdd' with name 'vitis-run_compile_convbas'
02/12/26 09:48:15: KERNEL_SVC: closing session for UUID 'eeb00920-d7b7-429b-b8b8-f265670fdbdd' with name 'vitis-run_compile_convbas'
02/12/26 09:48:15: GUIDANCE_SMGR: closing session for UUID 'eeb00920-d7b7-429b-b8b8-f265670fdbdd' with name 'vitis-run_compile_convbas'
02/12/26 09:48:15: SYSTEM_DIAGRAM: closing session for UUID 'eeb00920-d7b7-429b-b8b8-f265670fdbdd' with name 'vitis-run_compile_convbas'
02/12/26 09:48:15: STOP_SERVER received, server token: d56623c8-0ac4-46f7-b2d9-85664e4300f9, passed token: d56623c8-0ac4-46f7-b2d9-85664e4300f9
02/12/26 09:48:15: Socket received request to stop server.
02/12/26 09:48:15: Dispatch Server: do_await_stop
02/12/26 09:48:15: SERVER: destructor for server bound to port 50793
02/12/26 09:50:17: Running xcd server. This server was built by gradle.
02/12/26 09:50:17: Server was asked to start on port: '50818'
02/12/26 09:50:17: Server is using token UUID: '388ccba1-99ba-41dd-890e-ee2a29d39c94'
02/12/26 09:50:17: SESSION_MGR: creating session with session uuid: '6d04a3e9-ade5-4ab9-8d63-1f78fcd2ec76' and name 'default'
02/12/26 09:50:17: Attempting to start server on port '50818'
02/12/26 09:50:17: Running Dispatch Server
02/12/26 09:50:17: Version 2.2.0
02/12/26 09:50:19: Dispatch Server: Accepted socket connection from client
02/12/26 09:50:19: Starting Socket connection
02/12/26 09:50:19: EXCHANGE_TOKEN received, server token: 388ccba1-99ba-41dd-890e-ee2a29d39c94, passed token: 388ccba1-99ba-41dd-890e-ee2a29d39c94
02/12/26 09:50:19: DISPATCH_HANDLER: Adding handler from function makeHandler in library xv_system_diagram
02/12/26 09:50:19: SESSION_MGR: creating session with session uuid: 'c9155df0-7042-4515-88ae-76c65f2829e0' and name 'vitis-run_compile_convbas'
02/12/26 09:50:19: KERNEL_SVC: creating session with uuid: 'c9155df0-7042-4515-88ae-76c65f2829e0' and name 'vitis-run_compile_convbas'
02/12/26 09:50:19: GUIDANCE_SMGR: creating guidance session with uuid: 'c9155df0-7042-4515-88ae-76c65f2829e0' and name 'vitis-run_compile_convbas'
02/12/26 09:50:19: SYSTEM_DIAGRAM: creating session with uuid: 'c9155df0-7042-4515-88ae-76c65f2829e0' and name 'vitis-run_compile_convbas'
02/12/26 09:50:23: Dispatch Server: Accepted socket connection from client
02/12/26 09:50:23: Starting Socket connection
02/12/26 09:50:25: SESSION_MGR: closing session for UUID 'c9155df0-7042-4515-88ae-76c65f2829e0' with name 'vitis-run_compile_convbas'
02/12/26 09:50:25: KERNEL_SVC: closing session for UUID 'c9155df0-7042-4515-88ae-76c65f2829e0' with name 'vitis-run_compile_convbas'
02/12/26 09:50:25: GUIDANCE_SMGR: closing session for UUID 'c9155df0-7042-4515-88ae-76c65f2829e0' with name 'vitis-run_compile_convbas'
02/12/26 09:50:25: SYSTEM_DIAGRAM: closing session for UUID 'c9155df0-7042-4515-88ae-76c65f2829e0' with name 'vitis-run_compile_convbas'
02/12/26 09:50:25: STOP_SERVER received, server token: 388ccba1-99ba-41dd-890e-ee2a29d39c94, passed token: 388ccba1-99ba-41dd-890e-ee2a29d39c94
02/12/26 09:50:25: Socket received request to stop server.
02/12/26 09:50:25: Dispatch Server: do_await_stop
02/12/26 09:50:25: SERVER: destructor for server bound to port 50818
02/12/26 09:50:37: Running xcd server. This server was built by gradle.
02/12/26 09:50:37: Server was asked to start on port: '50821'
02/12/26 09:50:37: Server is using token UUID: '373d0547-106e-4d9c-bce0-86cea739d321'
02/12/26 09:50:37: SESSION_MGR: creating session with session uuid: '6d04a3e9-ade5-4ab9-8d63-1f78fcd2ec76' and name 'default'
02/12/26 09:50:37: Attempting to start server on port '50821'
02/12/26 09:50:37: Running Dispatch Server
02/12/26 09:50:37: Version 2.2.0
02/12/26 09:50:39: Dispatch Server: Accepted socket connection from client
02/12/26 09:50:39: Starting Socket connection
02/12/26 09:50:39: EXCHANGE_TOKEN received, server token: 373d0547-106e-4d9c-bce0-86cea739d321, passed token: 373d0547-106e-4d9c-bce0-86cea739d321
02/12/26 09:50:39: DISPATCH_HANDLER: Adding handler from function makeHandler in library xv_system_diagram
02/12/26 09:50:39: SESSION_MGR: creating session with session uuid: 'd56e5f4a-c157-4110-bff1-d2d4c35370ea' and name 'v++_compile_convbas'
02/12/26 09:50:39: KERNEL_SVC: creating session with uuid: 'd56e5f4a-c157-4110-bff1-d2d4c35370ea' and name 'v++_compile_convbas'
02/12/26 09:50:39: GUIDANCE_SMGR: creating guidance session with uuid: 'd56e5f4a-c157-4110-bff1-d2d4c35370ea' and name 'v++_compile_convbas'
02/12/26 09:50:39: SYSTEM_DIAGRAM: creating session with uuid: 'd56e5f4a-c157-4110-bff1-d2d4c35370ea' and name 'v++_compile_convbas'
02/12/26 09:50:43: Dispatch Server: Accepted socket connection from client
02/12/26 09:50:43: Starting Socket connection
02/12/26 09:51:09: SESSION_MGR: closing session for UUID 'd56e5f4a-c157-4110-bff1-d2d4c35370ea' with name 'v++_compile_convbas'
02/12/26 09:51:09: KERNEL_SVC: closing session for UUID 'd56e5f4a-c157-4110-bff1-d2d4c35370ea' with name 'v++_compile_convbas'
02/12/26 09:51:09: GUIDANCE_SMGR: closing session for UUID 'd56e5f4a-c157-4110-bff1-d2d4c35370ea' with name 'v++_compile_convbas'
02/12/26 09:51:09: SYSTEM_DIAGRAM: closing session for UUID 'd56e5f4a-c157-4110-bff1-d2d4c35370ea' with name 'v++_compile_convbas'
02/12/26 09:51:09: STOP_SERVER received, server token: 373d0547-106e-4d9c-bce0-86cea739d321, passed token: 373d0547-106e-4d9c-bce0-86cea739d321
02/12/26 09:51:09: Socket received request to stop server.
02/12/26 09:51:09: Dispatch Server: do_await_stop
02/12/26 09:51:09: SERVER: destructor for server bound to port 50821
02/17/26 23:47:24: Running xcd server. This server was built by gradle.
02/17/26 23:47:24: Server was asked to start on port: '56752'
02/17/26 23:47:24: Server is using token UUID: '17b2f0df-0472-4ac3-850b-1b10f417dd92'
02/17/26 23:47:24: SESSION_MGR: creating session with session uuid: '6d04a3e9-ade5-4ab9-8d63-1f78fcd2ec76' and name 'default'
02/17/26 23:47:24: Attempting to start server on port '56752'
02/17/26 23:47:24: Running Dispatch Server
02/17/26 23:47:24: Version 2.2.0
02/17/26 23:47:26: Dispatch Server: Accepted socket connection from client
02/17/26 23:47:26: Starting Socket connection
02/17/26 23:47:26: EXCHANGE_TOKEN received, server token: 17b2f0df-0472-4ac3-850b-1b10f417dd92, passed token: 17b2f0df-0472-4ac3-850b-1b10f417dd92
02/17/26 23:47:26: DISPATCH_HANDLER: Adding handler from function makeHandler in library xv_system_diagram
02/17/26 23:47:26: SESSION_MGR: creating session with session uuid: '33dada85-cc5b-4560-ae8d-c5bab0f46c74' and name 'vitis-run_compile_convbas'
02/17/26 23:47:26: KERNEL_SVC: creating session with uuid: '33dada85-cc5b-4560-ae8d-c5bab0f46c74' and name 'vitis-run_compile_convbas'
02/17/26 23:47:26: GUIDANCE_SMGR: creating guidance session with uuid: '33dada85-cc5b-4560-ae8d-c5bab0f46c74' and name 'vitis-run_compile_convbas'
02/17/26 23:47:26: SYSTEM_DIAGRAM: creating session with uuid: '33dada85-cc5b-4560-ae8d-c5bab0f46c74' and name 'vitis-run_compile_convbas'
02/17/26 23:47:35: Dispatch Server: Accepted socket connection from client
02/17/26 23:47:35: Starting Socket connection
02/17/26 23:47:39: SESSION_MGR: closing session for UUID '33dada85-cc5b-4560-ae8d-c5bab0f46c74' with name 'vitis-run_compile_convbas'
02/17/26 23:47:39: KERNEL_SVC: closing session for UUID '33dada85-cc5b-4560-ae8d-c5bab0f46c74' with name 'vitis-run_compile_convbas'
02/17/26 23:47:39: GUIDANCE_SMGR: closing session for UUID '33dada85-cc5b-4560-ae8d-c5bab0f46c74' with name 'vitis-run_compile_convbas'
02/17/26 23:47:39: SYSTEM_DIAGRAM: closing session for UUID '33dada85-cc5b-4560-ae8d-c5bab0f46c74' with name 'vitis-run_compile_convbas'
02/17/26 23:47:39: STOP_SERVER received, server token: 17b2f0df-0472-4ac3-850b-1b10f417dd92, passed token: 17b2f0df-0472-4ac3-850b-1b10f417dd92
02/17/26 23:47:39: Socket received request to stop server.
02/17/26 23:47:39: Dispatch Server: do_await_stop
02/17/26 23:47:39: SERVER: destructor for server bound to port 56752
02/17/26 23:47:43: Running xcd server. This server was built by gradle.
02/17/26 23:47:43: Server was asked to start on port: '56756'
02/17/26 23:47:43: Server is using token UUID: '0d546fb3-6885-4da0-b52e-79efd8284a5c'
02/17/26 23:47:43: SESSION_MGR: creating session with session uuid: '6d04a3e9-ade5-4ab9-8d63-1f78fcd2ec76' and name 'default'
02/17/26 23:47:43: Attempting to start server on port '56756'
02/17/26 23:47:43: Running Dispatch Server
02/17/26 23:47:43: Version 2.2.0
02/17/26 23:47:46: Dispatch Server: Accepted socket connection from client
02/17/26 23:47:46: Starting Socket connection
02/17/26 23:47:46: EXCHANGE_TOKEN received, server token: 0d546fb3-6885-4da0-b52e-79efd8284a5c, passed token: 0d546fb3-6885-4da0-b52e-79efd8284a5c
02/17/26 23:47:46: DISPATCH_HANDLER: Adding handler from function makeHandler in library xv_system_diagram
02/17/26 23:47:46: SESSION_MGR: creating session with session uuid: 'e6d640c7-1eb2-4702-8121-011e7f837a8f' and name 'v++_compile_convbas'
02/17/26 23:47:46: KERNEL_SVC: creating session with uuid: 'e6d640c7-1eb2-4702-8121-011e7f837a8f' and name 'v++_compile_convbas'
02/17/26 23:47:46: GUIDANCE_SMGR: creating guidance session with uuid: 'e6d640c7-1eb2-4702-8121-011e7f837a8f' and name 'v++_compile_convbas'
02/17/26 23:47:46: SYSTEM_DIAGRAM: creating session with uuid: 'e6d640c7-1eb2-4702-8121-011e7f837a8f' and name 'v++_compile_convbas'
02/17/26 23:47:48: Dispatch Server: Accepted socket connection from client
02/17/26 23:47:48: Starting Socket connection
02/17/26 23:48:10: SESSION_MGR: closing session for UUID 'e6d640c7-1eb2-4702-8121-011e7f837a8f' with name 'v++_compile_convbas'
02/17/26 23:48:10: KERNEL_SVC: closing session for UUID 'e6d640c7-1eb2-4702-8121-011e7f837a8f' with name 'v++_compile_convbas'
02/17/26 23:48:10: GUIDANCE_SMGR: closing session for UUID 'e6d640c7-1eb2-4702-8121-011e7f837a8f' with name 'v++_compile_convbas'
02/17/26 23:48:10: SYSTEM_DIAGRAM: closing session for UUID 'e6d640c7-1eb2-4702-8121-011e7f837a8f' with name 'v++_compile_convbas'
02/17/26 23:48:10: STOP_SERVER received, server token: 0d546fb3-6885-4da0-b52e-79efd8284a5c, passed token: 0d546fb3-6885-4da0-b52e-79efd8284a5c
02/17/26 23:48:10: Socket received request to stop server.
02/17/26 23:48:10: Dispatch Server: do_await_stop
02/17/26 23:48:10: SERVER: destructor for server bound to port 56756
02/17/26 23:53:00: Running xcd server. This server was built by gradle.
02/17/26 23:53:00: Server was asked to start on port: '59444'
02/17/26 23:53:00: Server is using token UUID: '5d4aca2d-94ca-40ec-a2d0-0dc23d75e37b'
02/17/26 23:53:00: SESSION_MGR: creating session with session uuid: '6d04a3e9-ade5-4ab9-8d63-1f78fcd2ec76' and name 'default'
02/17/26 23:53:00: Attempting to start server on port '59444'
02/17/26 23:53:00: Running Dispatch Server
02/17/26 23:53:00: Version 2.2.0
02/17/26 23:53:03: Dispatch Server: Accepted socket connection from client
02/17/26 23:53:03: Starting Socket connection
02/17/26 23:53:03: EXCHANGE_TOKEN received, server token: 5d4aca2d-94ca-40ec-a2d0-0dc23d75e37b, passed token: 5d4aca2d-94ca-40ec-a2d0-0dc23d75e37b
02/17/26 23:53:03: DISPATCH_HANDLER: Adding handler from function makeHandler in library xv_system_diagram
02/17/26 23:53:03: SESSION_MGR: creating session with session uuid: '05699218-8f4d-4a95-ab16-19f72300c9c9' and name 'vitis-run_compile_convbas'
02/17/26 23:53:03: KERNEL_SVC: creating session with uuid: '05699218-8f4d-4a95-ab16-19f72300c9c9' and name 'vitis-run_compile_convbas'
02/17/26 23:53:03: GUIDANCE_SMGR: creating guidance session with uuid: '05699218-8f4d-4a95-ab16-19f72300c9c9' and name 'vitis-run_compile_convbas'
02/17/26 23:53:03: SYSTEM_DIAGRAM: creating session with uuid: '05699218-8f4d-4a95-ab16-19f72300c9c9' and name 'vitis-run_compile_convbas'
02/17/26 23:53:06: Dispatch Server: Accepted socket connection from client
02/17/26 23:53:06: Starting Socket connection
02/17/26 23:53:10: SESSION_MGR: closing session for UUID '05699218-8f4d-4a95-ab16-19f72300c9c9' with name 'vitis-run_compile_convbas'
02/17/26 23:53:10: KERNEL_SVC: closing session for UUID '05699218-8f4d-4a95-ab16-19f72300c9c9' with name 'vitis-run_compile_convbas'
02/17/26 23:53:10: GUIDANCE_SMGR: closing session for UUID '05699218-8f4d-4a95-ab16-19f72300c9c9' with name 'vitis-run_compile_convbas'
02/17/26 23:53:10: SYSTEM_DIAGRAM: closing session for UUID '05699218-8f4d-4a95-ab16-19f72300c9c9' with name 'vitis-run_compile_convbas'
02/17/26 23:53:10: STOP_SERVER received, server token: 5d4aca2d-94ca-40ec-a2d0-0dc23d75e37b, passed token: 5d4aca2d-94ca-40ec-a2d0-0dc23d75e37b
02/17/26 23:53:10: Socket received request to stop server.
02/17/26 23:53:10: Dispatch Server: do_await_stop
02/17/26 23:53:10: SERVER: destructor for server bound to port 59444
02/17/26 23:53:43: Running xcd server. This server was built by gradle.
02/17/26 23:53:43: Server was asked to start on port: '59450'
02/17/26 23:53:43: Server is using token UUID: 'ead48233-8f2b-4945-986e-83f748c32ef6'
02/17/26 23:53:43: SESSION_MGR: creating session with session uuid: '6d04a3e9-ade5-4ab9-8d63-1f78fcd2ec76' and name 'default'
02/17/26 23:53:43: Attempting to start server on port '59450'
02/17/26 23:53:43: Running Dispatch Server
02/17/26 23:53:43: Version 2.2.0
02/17/26 23:53:45: Dispatch Server: Accepted socket connection from client
02/17/26 23:53:45: Starting Socket connection
02/17/26 23:53:45: EXCHANGE_TOKEN received, server token: ead48233-8f2b-4945-986e-83f748c32ef6, passed token: ead48233-8f2b-4945-986e-83f748c32ef6
02/17/26 23:53:46: DISPATCH_HANDLER: Adding handler from function makeHandler in library xv_system_diagram
02/17/26 23:53:46: SESSION_MGR: creating session with session uuid: '1b3dd09b-e8db-4285-82d6-324958ddd0ef' and name 'vitis-run_compile_convbas'
02/17/26 23:53:46: KERNEL_SVC: creating session with uuid: '1b3dd09b-e8db-4285-82d6-324958ddd0ef' and name 'vitis-run_compile_convbas'
02/17/26 23:53:46: GUIDANCE_SMGR: creating guidance session with uuid: '1b3dd09b-e8db-4285-82d6-324958ddd0ef' and name 'vitis-run_compile_convbas'
02/17/26 23:53:46: SYSTEM_DIAGRAM: creating session with uuid: '1b3dd09b-e8db-4285-82d6-324958ddd0ef' and name 'vitis-run_compile_convbas'
02/17/26 23:53:48: Dispatch Server: Accepted socket connection from client
02/17/26 23:53:48: Starting Socket connection
02/17/26 23:53:50: SESSION_MGR: closing session for UUID '1b3dd09b-e8db-4285-82d6-324958ddd0ef' with name 'vitis-run_compile_convbas'
02/17/26 23:53:50: KERNEL_SVC: closing session for UUID '1b3dd09b-e8db-4285-82d6-324958ddd0ef' with name 'vitis-run_compile_convbas'
02/17/26 23:53:50: GUIDANCE_SMGR: closing session for UUID '1b3dd09b-e8db-4285-82d6-324958ddd0ef' with name 'vitis-run_compile_convbas'
02/17/26 23:53:50: SYSTEM_DIAGRAM: closing session for UUID '1b3dd09b-e8db-4285-82d6-324958ddd0ef' with name 'vitis-run_compile_convbas'
02/17/26 23:53:50: STOP_SERVER received, server token: ead48233-8f2b-4945-986e-83f748c32ef6, passed token: ead48233-8f2b-4945-986e-83f748c32ef6
02/17/26 23:53:50: Socket received request to stop server.
02/17/26 23:53:50: Dispatch Server: do_await_stop
02/17/26 23:53:50: SERVER: destructor for server bound to port 59450
02/17/26 23:55:33: Running xcd server. This server was built by gradle.
02/17/26 23:55:33: Server was asked to start on port: '55907'
02/17/26 23:55:33: Server is using token UUID: '4c460cb8-9955-41fa-b550-94266ce95258'
02/17/26 23:55:33: SESSION_MGR: creating session with session uuid: '6d04a3e9-ade5-4ab9-8d63-1f78fcd2ec76' and name 'default'
02/17/26 23:55:33: Attempting to start server on port '55907'
02/17/26 23:55:33: Running Dispatch Server
02/17/26 23:55:33: Version 2.2.0
02/17/26 23:55:35: Dispatch Server: Accepted socket connection from client
02/17/26 23:55:35: Starting Socket connection
02/17/26 23:55:35: EXCHANGE_TOKEN received, server token: 4c460cb8-9955-41fa-b550-94266ce95258, passed token: 4c460cb8-9955-41fa-b550-94266ce95258
02/17/26 23:55:35: DISPATCH_HANDLER: Adding handler from function makeHandler in library xv_system_diagram
02/17/26 23:55:35: SESSION_MGR: creating session with session uuid: '696fad27-d2e0-4124-bd3c-dd62810d9165' and name 'v++_compile_convbas'
02/17/26 23:55:35: KERNEL_SVC: creating session with uuid: '696fad27-d2e0-4124-bd3c-dd62810d9165' and name 'v++_compile_convbas'
02/17/26 23:55:35: GUIDANCE_SMGR: creating guidance session with uuid: '696fad27-d2e0-4124-bd3c-dd62810d9165' and name 'v++_compile_convbas'
02/17/26 23:55:35: SYSTEM_DIAGRAM: creating session with uuid: '696fad27-d2e0-4124-bd3c-dd62810d9165' and name 'v++_compile_convbas'
02/17/26 23:55:38: Dispatch Server: Accepted socket connection from client
02/17/26 23:55:38: Starting Socket connection
02/17/26 23:55:57: SESSION_MGR: closing session for UUID '696fad27-d2e0-4124-bd3c-dd62810d9165' with name 'v++_compile_convbas'
02/17/26 23:55:57: KERNEL_SVC: closing session for UUID '696fad27-d2e0-4124-bd3c-dd62810d9165' with name 'v++_compile_convbas'
02/17/26 23:55:57: GUIDANCE_SMGR: closing session for UUID '696fad27-d2e0-4124-bd3c-dd62810d9165' with name 'v++_compile_convbas'
02/17/26 23:55:57: SYSTEM_DIAGRAM: closing session for UUID '696fad27-d2e0-4124-bd3c-dd62810d9165' with name 'v++_compile_convbas'
02/17/26 23:55:57: STOP_SERVER received, server token: 4c460cb8-9955-41fa-b550-94266ce95258, passed token: 4c460cb8-9955-41fa-b550-94266ce95258
02/17/26 23:55:57: Socket received request to stop server.
02/17/26 23:55:57: Dispatch Server: do_await_stop
02/17/26 23:55:57: SERVER: destructor for server bound to port 55907
02/17/26 23:56:04: Running xcd server. This server was built by gradle.
02/17/26 23:56:04: Server was asked to start on port: '65422'
02/17/26 23:56:04: Server is using token UUID: 'dce02be5-bbf2-4ea8-8bb3-500ed7af306e'
02/17/26 23:56:04: SESSION_MGR: creating session with session uuid: '6d04a3e9-ade5-4ab9-8d63-1f78fcd2ec76' and name 'default'
02/17/26 23:56:04: Attempting to start server on port '65422'
02/17/26 23:56:04: Running Dispatch Server
02/17/26 23:56:04: Version 2.2.0
02/17/26 23:56:07: Dispatch Server: Accepted socket connection from client
02/17/26 23:56:07: Starting Socket connection
02/17/26 23:56:07: EXCHANGE_TOKEN received, server token: dce02be5-bbf2-4ea8-8bb3-500ed7af306e, passed token: dce02be5-bbf2-4ea8-8bb3-500ed7af306e
02/17/26 23:56:07: DISPATCH_HANDLER: Adding handler from function makeHandler in library xv_system_diagram
02/17/26 23:56:07: SESSION_MGR: creating session with session uuid: '481a8a2d-442a-4975-8830-1f2fe7fed1bb' and name 'vitis-run_compile_convbas'
02/17/26 23:56:07: KERNEL_SVC: creating session with uuid: '481a8a2d-442a-4975-8830-1f2fe7fed1bb' and name 'vitis-run_compile_convbas'
02/17/26 23:56:07: GUIDANCE_SMGR: creating guidance session with uuid: '481a8a2d-442a-4975-8830-1f2fe7fed1bb' and name 'vitis-run_compile_convbas'
02/17/26 23:56:07: SYSTEM_DIAGRAM: creating session with uuid: '481a8a2d-442a-4975-8830-1f2fe7fed1bb' and name 'vitis-run_compile_convbas'
02/17/26 23:56:10: Dispatch Server: Accepted socket connection from client
02/17/26 23:56:10: Starting Socket connection
02/17/26 23:56:12: SESSION_MGR: closing session for UUID '481a8a2d-442a-4975-8830-1f2fe7fed1bb' with name 'vitis-run_compile_convbas'
02/17/26 23:56:12: KERNEL_SVC: closing session for UUID '481a8a2d-442a-4975-8830-1f2fe7fed1bb' with name 'vitis-run_compile_convbas'
02/17/26 23:56:12: GUIDANCE_SMGR: closing session for UUID '481a8a2d-442a-4975-8830-1f2fe7fed1bb' with name 'vitis-run_compile_convbas'
02/17/26 23:56:12: SYSTEM_DIAGRAM: closing session for UUID '481a8a2d-442a-4975-8830-1f2fe7fed1bb' with name 'vitis-run_compile_convbas'
02/17/26 23:56:12: STOP_SERVER received, server token: dce02be5-bbf2-4ea8-8bb3-500ed7af306e, passed token: dce02be5-bbf2-4ea8-8bb3-500ed7af306e
02/17/26 23:56:12: Socket received request to stop server.
02/17/26 23:56:12: Dispatch Server: do_await_stop
02/17/26 23:56:12: SERVER: destructor for server bound to port 65422
02/17/26 23:56:57: Running xcd server. This server was built by gradle.
02/17/26 23:56:57: Server was asked to start on port: '65426'
02/17/26 23:56:57: Server is using token UUID: '2298af15-2b13-4587-a32d-d8cd6d3fd947'
02/17/26 23:56:57: SESSION_MGR: creating session with session uuid: '6d04a3e9-ade5-4ab9-8d63-1f78fcd2ec76' and name 'default'
02/17/26 23:56:57: Attempting to start server on port '65426'
02/17/26 23:56:57: Running Dispatch Server
02/17/26 23:56:57: Version 2.2.0
02/17/26 23:57:00: Dispatch Server: Accepted socket connection from client
02/17/26 23:57:00: Starting Socket connection
02/17/26 23:57:00: EXCHANGE_TOKEN received, server token: 2298af15-2b13-4587-a32d-d8cd6d3fd947, passed token: 2298af15-2b13-4587-a32d-d8cd6d3fd947
02/17/26 23:57:00: DISPATCH_HANDLER: Adding handler from function makeHandler in library xv_system_diagram
02/17/26 23:57:00: SESSION_MGR: creating session with session uuid: 'b8b0c0d2-3586-403e-82e1-822ed6f65f78' and name 'vitis-run_compile_convbas'
02/17/26 23:57:00: KERNEL_SVC: creating session with uuid: 'b8b0c0d2-3586-403e-82e1-822ed6f65f78' and name 'vitis-run_compile_convbas'
02/17/26 23:57:00: GUIDANCE_SMGR: creating guidance session with uuid: 'b8b0c0d2-3586-403e-82e1-822ed6f65f78' and name 'vitis-run_compile_convbas'
02/17/26 23:57:00: SYSTEM_DIAGRAM: creating session with uuid: 'b8b0c0d2-3586-403e-82e1-822ed6f65f78' and name 'vitis-run_compile_convbas'
02/17/26 23:57:03: Dispatch Server: Accepted socket connection from client
02/17/26 23:57:03: Starting Socket connection
02/17/26 23:57:04: SESSION_MGR: closing session for UUID 'b8b0c0d2-3586-403e-82e1-822ed6f65f78' with name 'vitis-run_compile_convbas'
02/17/26 23:57:04: KERNEL_SVC: closing session for UUID 'b8b0c0d2-3586-403e-82e1-822ed6f65f78' with name 'vitis-run_compile_convbas'
02/17/26 23:57:04: GUIDANCE_SMGR: closing session for UUID 'b8b0c0d2-3586-403e-82e1-822ed6f65f78' with name 'vitis-run_compile_convbas'
02/17/26 23:57:04: SYSTEM_DIAGRAM: closing session for UUID 'b8b0c0d2-3586-403e-82e1-822ed6f65f78' with name 'vitis-run_compile_convbas'
02/17/26 23:57:04: STOP_SERVER received, server token: 2298af15-2b13-4587-a32d-d8cd6d3fd947, passed token: 2298af15-2b13-4587-a32d-d8cd6d3fd947
02/17/26 23:57:04: Socket received request to stop server.
02/17/26 23:57:04: Dispatch Server: do_await_stop
02/17/26 23:57:04: SERVER: destructor for server bound to port 65426
02/17/26 23:57:28: Running xcd server. This server was built by gradle.
02/17/26 23:57:28: Server was asked to start on port: '65434'
02/17/26 23:57:28: Server is using token UUID: '95c9af61-ac67-4e12-b159-352603eb2703'
02/17/26 23:57:28: SESSION_MGR: creating session with session uuid: '6d04a3e9-ade5-4ab9-8d63-1f78fcd2ec76' and name 'default'
02/17/26 23:57:28: Attempting to start server on port '65434'
02/17/26 23:57:28: Running Dispatch Server
02/17/26 23:57:28: Version 2.2.0
02/17/26 23:57:30: Dispatch Server: Accepted socket connection from client
02/17/26 23:57:30: Starting Socket connection
02/17/26 23:57:30: EXCHANGE_TOKEN received, server token: 95c9af61-ac67-4e12-b159-352603eb2703, passed token: 95c9af61-ac67-4e12-b159-352603eb2703
02/17/26 23:57:31: DISPATCH_HANDLER: Adding handler from function makeHandler in library xv_system_diagram
02/17/26 23:57:31: SESSION_MGR: creating session with session uuid: '1730d17a-3dfa-4d62-bc93-f1e9e02e3211' and name 'vitis-run_compile_convbas'
02/17/26 23:57:31: KERNEL_SVC: creating session with uuid: '1730d17a-3dfa-4d62-bc93-f1e9e02e3211' and name 'vitis-run_compile_convbas'
02/17/26 23:57:31: GUIDANCE_SMGR: creating guidance session with uuid: '1730d17a-3dfa-4d62-bc93-f1e9e02e3211' and name 'vitis-run_compile_convbas'
02/17/26 23:57:31: SYSTEM_DIAGRAM: creating session with uuid: '1730d17a-3dfa-4d62-bc93-f1e9e02e3211' and name 'vitis-run_compile_convbas'
02/17/26 23:57:33: Dispatch Server: Accepted socket connection from client
02/17/26 23:57:33: Starting Socket connection
02/17/26 23:57:35: SESSION_MGR: closing session for UUID '1730d17a-3dfa-4d62-bc93-f1e9e02e3211' with name 'vitis-run_compile_convbas'
02/17/26 23:57:35: KERNEL_SVC: closing session for UUID '1730d17a-3dfa-4d62-bc93-f1e9e02e3211' with name 'vitis-run_compile_convbas'
02/17/26 23:57:35: GUIDANCE_SMGR: closing session for UUID '1730d17a-3dfa-4d62-bc93-f1e9e02e3211' with name 'vitis-run_compile_convbas'
02/17/26 23:57:35: SYSTEM_DIAGRAM: closing session for UUID '1730d17a-3dfa-4d62-bc93-f1e9e02e3211' with name 'vitis-run_compile_convbas'
02/17/26 23:57:35: STOP_SERVER received, server token: 95c9af61-ac67-4e12-b159-352603eb2703, passed token: 95c9af61-ac67-4e12-b159-352603eb2703
02/17/26 23:57:35: Socket received request to stop server.
02/17/26 23:57:35: Dispatch Server: do_await_stop
02/17/26 23:57:35: SERVER: destructor for server bound to port 65434
02/17/26 23:59:20: Running xcd server. This server was built by gradle.
02/17/26 23:59:20: Server was asked to start on port: '50743'
02/17/26 23:59:20: Server is using token UUID: 'f7f4da32-425b-44c4-a3c3-e416a3197578'
02/17/26 23:59:20: SESSION_MGR: creating session with session uuid: '6d04a3e9-ade5-4ab9-8d63-1f78fcd2ec76' and name 'default'
02/17/26 23:59:20: Attempting to start server on port '50743'
02/17/26 23:59:20: Running Dispatch Server
02/17/26 23:59:20: Version 2.2.0
02/17/26 23:59:23: Dispatch Server: Accepted socket connection from client
02/17/26 23:59:23: Starting Socket connection
02/17/26 23:59:23: EXCHANGE_TOKEN received, server token: f7f4da32-425b-44c4-a3c3-e416a3197578, passed token: f7f4da32-425b-44c4-a3c3-e416a3197578
02/17/26 23:59:23: DISPATCH_HANDLER: Adding handler from function makeHandler in library xv_system_diagram
02/17/26 23:59:23: SESSION_MGR: creating session with session uuid: 'c0d2be88-b508-4939-ae1f-d3521dd811ac' and name 'vitis-run_compile_convbas'
02/17/26 23:59:23: KERNEL_SVC: creating session with uuid: 'c0d2be88-b508-4939-ae1f-d3521dd811ac' and name 'vitis-run_compile_convbas'
02/17/26 23:59:23: GUIDANCE_SMGR: creating guidance session with uuid: 'c0d2be88-b508-4939-ae1f-d3521dd811ac' and name 'vitis-run_compile_convbas'
02/17/26 23:59:23: SYSTEM_DIAGRAM: creating session with uuid: 'c0d2be88-b508-4939-ae1f-d3521dd811ac' and name 'vitis-run_compile_convbas'
02/17/26 23:59:26: Dispatch Server: Accepted socket connection from client
02/17/26 23:59:26: Starting Socket connection
02/17/26 23:59:28: SESSION_MGR: closing session for UUID 'c0d2be88-b508-4939-ae1f-d3521dd811ac' with name 'vitis-run_compile_convbas'
02/17/26 23:59:28: KERNEL_SVC: closing session for UUID 'c0d2be88-b508-4939-ae1f-d3521dd811ac' with name 'vitis-run_compile_convbas'
02/17/26 23:59:28: GUIDANCE_SMGR: closing session for UUID 'c0d2be88-b508-4939-ae1f-d3521dd811ac' with name 'vitis-run_compile_convbas'
02/17/26 23:59:28: SYSTEM_DIAGRAM: closing session for UUID 'c0d2be88-b508-4939-ae1f-d3521dd811ac' with name 'vitis-run_compile_convbas'
02/17/26 23:59:28: STOP_SERVER received, server token: f7f4da32-425b-44c4-a3c3-e416a3197578, passed token: f7f4da32-425b-44c4-a3c3-e416a3197578
02/17/26 23:59:28: Socket received request to stop server.
02/17/26 23:59:28: Dispatch Server: do_await_stop
02/17/26 23:59:28: SERVER: destructor for server bound to port 50743
02/18/26 23:05:06: Running xcd server. This server was built by gradle.
02/18/26 23:05:06: Server was asked to start on port: '53077'
02/18/26 23:05:06: Server is using token UUID: '67c4afac-a8a4-4aec-aec1-c346dab6d537'
02/18/26 23:05:06: SESSION_MGR: creating session with session uuid: '6d04a3e9-ade5-4ab9-8d63-1f78fcd2ec76' and name 'default'
02/18/26 23:05:06: Attempting to start server on port '53077'
02/18/26 23:05:06: Running Dispatch Server
02/18/26 23:05:06: Version 2.2.0
02/18/26 23:05:09: Dispatch Server: Accepted socket connection from client
02/18/26 23:05:09: Starting Socket connection
02/18/26 23:05:09: EXCHANGE_TOKEN received, server token: 67c4afac-a8a4-4aec-aec1-c346dab6d537, passed token: 67c4afac-a8a4-4aec-aec1-c346dab6d537
02/18/26 23:05:09: DISPATCH_HANDLER: Adding handler from function makeHandler in library xv_system_diagram
02/18/26 23:05:09: SESSION_MGR: creating session with session uuid: 'ff5a01ce-a57c-4978-815e-8eb078a21360' and name 'vitis-run_compile_convbas'
02/18/26 23:05:09: KERNEL_SVC: creating session with uuid: 'ff5a01ce-a57c-4978-815e-8eb078a21360' and name 'vitis-run_compile_convbas'
02/18/26 23:05:09: GUIDANCE_SMGR: creating guidance session with uuid: 'ff5a01ce-a57c-4978-815e-8eb078a21360' and name 'vitis-run_compile_convbas'
02/18/26 23:05:09: SYSTEM_DIAGRAM: creating session with uuid: 'ff5a01ce-a57c-4978-815e-8eb078a21360' and name 'vitis-run_compile_convbas'
02/18/26 23:05:27: Dispatch Server: Accepted socket connection from client
02/18/26 23:05:27: Starting Socket connection
02/18/26 23:06:20: SESSION_MGR: closing session for UUID 'ff5a01ce-a57c-4978-815e-8eb078a21360' with name 'vitis-run_compile_convbas'
02/18/26 23:06:20: KERNEL_SVC: closing session for UUID 'ff5a01ce-a57c-4978-815e-8eb078a21360' with name 'vitis-run_compile_convbas'
02/18/26 23:06:20: GUIDANCE_SMGR: closing session for UUID 'ff5a01ce-a57c-4978-815e-8eb078a21360' with name 'vitis-run_compile_convbas'
02/18/26 23:06:20: SYSTEM_DIAGRAM: closing session for UUID 'ff5a01ce-a57c-4978-815e-8eb078a21360' with name 'vitis-run_compile_convbas'
02/18/26 23:06:20: STOP_SERVER received, server token: 67c4afac-a8a4-4aec-aec1-c346dab6d537, passed token: 67c4afac-a8a4-4aec-aec1-c346dab6d537
02/18/26 23:06:20: Socket received request to stop server.
02/18/26 23:06:20: Dispatch Server: do_await_stop
02/18/26 23:06:20: SERVER: destructor for server bound to port 53077
02/18/26 23:57:52: Running xcd server. This server was built by gradle.
02/18/26 23:57:52: Server was asked to start on port: '49921'
02/18/26 23:57:52: Server is using token UUID: '3d039342-47fd-4a6b-b378-1af6c8c7e478'
02/18/26 23:57:52: SESSION_MGR: creating session with session uuid: '6d04a3e9-ade5-4ab9-8d63-1f78fcd2ec76' and name 'default'
02/18/26 23:57:52: Attempting to start server on port '49921'
02/18/26 23:57:52: Running Dispatch Server
02/18/26 23:57:52: Version 2.2.0
02/18/26 23:57:54: Dispatch Server: Accepted socket connection from client
02/18/26 23:57:54: Starting Socket connection
02/18/26 23:57:54: EXCHANGE_TOKEN received, server token: 3d039342-47fd-4a6b-b378-1af6c8c7e478, passed token: 3d039342-47fd-4a6b-b378-1af6c8c7e478
02/18/26 23:57:54: DISPATCH_HANDLER: Adding handler from function makeHandler in library xv_system_diagram
02/18/26 23:57:54: SESSION_MGR: creating session with session uuid: '21b992c9-831f-43a1-9969-a19f552a104f' and name 'v++_compile_convbas'
02/18/26 23:57:54: KERNEL_SVC: creating session with uuid: '21b992c9-831f-43a1-9969-a19f552a104f' and name 'v++_compile_convbas'
02/18/26 23:57:54: GUIDANCE_SMGR: creating guidance session with uuid: '21b992c9-831f-43a1-9969-a19f552a104f' and name 'v++_compile_convbas'
02/18/26 23:57:54: SYSTEM_DIAGRAM: creating session with uuid: '21b992c9-831f-43a1-9969-a19f552a104f' and name 'v++_compile_convbas'
02/18/26 23:58:11: Dispatch Server: Accepted socket connection from client
02/18/26 23:58:11: Starting Socket connection
02/18/26 23:58:34: SESSION_MGR: closing session for UUID '21b992c9-831f-43a1-9969-a19f552a104f' with name 'v++_compile_convbas'
02/18/26 23:58:34: KERNEL_SVC: closing session for UUID '21b992c9-831f-43a1-9969-a19f552a104f' with name 'v++_compile_convbas'
02/18/26 23:58:34: GUIDANCE_SMGR: closing session for UUID '21b992c9-831f-43a1-9969-a19f552a104f' with name 'v++_compile_convbas'
02/18/26 23:58:34: SYSTEM_DIAGRAM: closing session for UUID '21b992c9-831f-43a1-9969-a19f552a104f' with name 'v++_compile_convbas'
02/18/26 23:58:34: STOP_SERVER received, server token: 3d039342-47fd-4a6b-b378-1af6c8c7e478, passed token: 3d039342-47fd-4a6b-b378-1af6c8c7e478
02/18/26 23:58:34: Socket received request to stop server.
02/18/26 23:58:34: Dispatch Server: do_await_stop
02/18/26 23:58:34: SERVER: destructor for server bound to port 49921
02/18/26 23:58:41: Running xcd server. This server was built by gradle.
02/18/26 23:58:41: Server was asked to start on port: '56446'
02/18/26 23:58:41: Server is using token UUID: '1c8c19d9-a71f-49ac-a342-2e3f4ef2ec79'
02/18/26 23:58:41: SESSION_MGR: creating session with session uuid: '6d04a3e9-ade5-4ab9-8d63-1f78fcd2ec76' and name 'default'
02/18/26 23:58:41: Attempting to start server on port '56446'
02/18/26 23:58:41: Running Dispatch Server
02/18/26 23:58:41: Version 2.2.0
02/18/26 23:58:43: Dispatch Server: Accepted socket connection from client
02/18/26 23:58:43: Starting Socket connection
02/18/26 23:58:43: EXCHANGE_TOKEN received, server token: 1c8c19d9-a71f-49ac-a342-2e3f4ef2ec79, passed token: 1c8c19d9-a71f-49ac-a342-2e3f4ef2ec79
02/18/26 23:58:43: DISPATCH_HANDLER: Adding handler from function makeHandler in library xv_system_diagram
02/18/26 23:58:43: SESSION_MGR: creating session with session uuid: '20e21bef-ca83-4fb7-a7ef-96820fa8c8de' and name 'vitis-run_compile_convbas'
02/18/26 23:58:43: KERNEL_SVC: creating session with uuid: '20e21bef-ca83-4fb7-a7ef-96820fa8c8de' and name 'vitis-run_compile_convbas'
02/18/26 23:58:43: GUIDANCE_SMGR: creating guidance session with uuid: '20e21bef-ca83-4fb7-a7ef-96820fa8c8de' and name 'vitis-run_compile_convbas'
02/18/26 23:58:43: SYSTEM_DIAGRAM: creating session with uuid: '20e21bef-ca83-4fb7-a7ef-96820fa8c8de' and name 'vitis-run_compile_convbas'
02/18/26 23:58:47: Dispatch Server: Accepted socket connection from client
02/18/26 23:58:47: Starting Socket connection
02/18/26 23:59:23: SESSION_MGR: closing session for UUID '20e21bef-ca83-4fb7-a7ef-96820fa8c8de' with name 'vitis-run_compile_convbas'
02/18/26 23:59:23: KERNEL_SVC: closing session for UUID '20e21bef-ca83-4fb7-a7ef-96820fa8c8de' with name 'vitis-run_compile_convbas'
02/18/26 23:59:23: GUIDANCE_SMGR: closing session for UUID '20e21bef-ca83-4fb7-a7ef-96820fa8c8de' with name 'vitis-run_compile_convbas'
02/18/26 23:59:23: SYSTEM_DIAGRAM: closing session for UUID '20e21bef-ca83-4fb7-a7ef-96820fa8c8de' with name 'vitis-run_compile_convbas'
02/18/26 23:59:23: STOP_SERVER received, server token: 1c8c19d9-a71f-49ac-a342-2e3f4ef2ec79, passed token: 1c8c19d9-a71f-49ac-a342-2e3f4ef2ec79
02/18/26 23:59:23: Socket received request to stop server.
02/18/26 23:59:23: Dispatch Server: do_await_stop
02/18/26 23:59:23: SERVER: destructor for server bound to port 56446
02/19/26 10:36:11: Running xcd server. This server was built by gradle.
02/19/26 10:36:11: Server was asked to start on port: '53354'
02/19/26 10:36:11: Server is using token UUID: '9f560073-c352-467a-97db-05d18fcc7497'
02/19/26 10:36:11: SESSION_MGR: creating session with session uuid: '6d04a3e9-ade5-4ab9-8d63-1f78fcd2ec76' and name 'default'
02/19/26 10:36:11: Attempting to start server on port '53354'
02/19/26 10:36:11: Running Dispatch Server
02/19/26 10:36:11: Version 2.2.0
02/19/26 10:36:14: Dispatch Server: Accepted socket connection from client
02/19/26 10:36:14: Starting Socket connection
02/19/26 10:36:14: EXCHANGE_TOKEN received, server token: 9f560073-c352-467a-97db-05d18fcc7497, passed token: 9f560073-c352-467a-97db-05d18fcc7497
02/19/26 10:36:14: DISPATCH_HANDLER: Adding handler from function makeHandler in library xv_system_diagram
02/19/26 10:36:14: SESSION_MGR: creating session with session uuid: 'a51dfbae-13de-46a2-a049-c91d29221a7b' and name 'vitis-run_compile_convbas'
02/19/26 10:36:14: KERNEL_SVC: creating session with uuid: 'a51dfbae-13de-46a2-a049-c91d29221a7b' and name 'vitis-run_compile_convbas'
02/19/26 10:36:14: GUIDANCE_SMGR: creating guidance session with uuid: 'a51dfbae-13de-46a2-a049-c91d29221a7b' and name 'vitis-run_compile_convbas'
02/19/26 10:36:14: SYSTEM_DIAGRAM: creating session with uuid: 'a51dfbae-13de-46a2-a049-c91d29221a7b' and name 'vitis-run_compile_convbas'
02/19/26 10:36:27: Dispatch Server: Accepted socket connection from client
02/19/26 10:36:27: Starting Socket connection
02/19/26 10:36:45: SESSION_MGR: closing session for UUID 'a51dfbae-13de-46a2-a049-c91d29221a7b' with name 'vitis-run_compile_convbas'
02/19/26 10:36:45: KERNEL_SVC: closing session for UUID 'a51dfbae-13de-46a2-a049-c91d29221a7b' with name 'vitis-run_compile_convbas'
02/19/26 10:36:45: GUIDANCE_SMGR: closing session for UUID 'a51dfbae-13de-46a2-a049-c91d29221a7b' with name 'vitis-run_compile_convbas'
02/19/26 10:36:45: SYSTEM_DIAGRAM: closing session for UUID 'a51dfbae-13de-46a2-a049-c91d29221a7b' with name 'vitis-run_compile_convbas'
02/19/26 10:36:45: STOP_SERVER received, server token: 9f560073-c352-467a-97db-05d18fcc7497, passed token: 9f560073-c352-467a-97db-05d18fcc7497
02/19/26 10:36:45: Socket received request to stop server.
02/19/26 10:36:45: Dispatch Server: do_await_stop
02/19/26 10:36:45: SERVER: destructor for server bound to port 53354
02/19/26 10:37:21: Running xcd server. This server was built by gradle.
02/19/26 10:37:21: Server was asked to start on port: '53367'
02/19/26 10:37:21: Server is using token UUID: '4a96dbd0-d1fc-4bcd-b847-5332b01d8f0f'
02/19/26 10:37:21: SESSION_MGR: creating session with session uuid: '6d04a3e9-ade5-4ab9-8d63-1f78fcd2ec76' and name 'default'
02/19/26 10:37:21: Attempting to start server on port '53367'
02/19/26 10:37:21: Running Dispatch Server
02/19/26 10:37:21: Version 2.2.0
02/19/26 10:37:24: Dispatch Server: Accepted socket connection from client
02/19/26 10:37:24: Starting Socket connection
02/19/26 10:37:24: EXCHANGE_TOKEN received, server token: 4a96dbd0-d1fc-4bcd-b847-5332b01d8f0f, passed token: 4a96dbd0-d1fc-4bcd-b847-5332b01d8f0f
02/19/26 10:37:24: DISPATCH_HANDLER: Adding handler from function makeHandler in library xv_system_diagram
02/19/26 10:37:24: SESSION_MGR: creating session with session uuid: 'd413347e-99ed-4baa-9dc7-f500b62b2310' and name 'vitis-run_compile_convbas'
02/19/26 10:37:24: KERNEL_SVC: creating session with uuid: 'd413347e-99ed-4baa-9dc7-f500b62b2310' and name 'vitis-run_compile_convbas'
02/19/26 10:37:24: GUIDANCE_SMGR: creating guidance session with uuid: 'd413347e-99ed-4baa-9dc7-f500b62b2310' and name 'vitis-run_compile_convbas'
02/19/26 10:37:24: SYSTEM_DIAGRAM: creating session with uuid: 'd413347e-99ed-4baa-9dc7-f500b62b2310' and name 'vitis-run_compile_convbas'
02/19/26 10:37:26: Dispatch Server: Accepted socket connection from client
02/19/26 10:37:26: Starting Socket connection
02/19/26 10:37:27: SESSION_MGR: closing session for UUID 'd413347e-99ed-4baa-9dc7-f500b62b2310' with name 'vitis-run_compile_convbas'
02/19/26 10:37:27: KERNEL_SVC: closing session for UUID 'd413347e-99ed-4baa-9dc7-f500b62b2310' with name 'vitis-run_compile_convbas'
02/19/26 10:37:27: GUIDANCE_SMGR: closing session for UUID 'd413347e-99ed-4baa-9dc7-f500b62b2310' with name 'vitis-run_compile_convbas'
02/19/26 10:37:27: SYSTEM_DIAGRAM: closing session for UUID 'd413347e-99ed-4baa-9dc7-f500b62b2310' with name 'vitis-run_compile_convbas'
02/19/26 10:37:27: STOP_SERVER received, server token: 4a96dbd0-d1fc-4bcd-b847-5332b01d8f0f, passed token: 4a96dbd0-d1fc-4bcd-b847-5332b01d8f0f
02/19/26 10:37:27: Socket received request to stop server.
02/19/26 10:37:27: Dispatch Server: do_await_stop
02/19/26 10:37:27: SERVER: destructor for server bound to port 53367
02/19/26 10:38:48: Running xcd server. This server was built by gradle.
02/19/26 10:38:48: Server was asked to start on port: '53389'
02/19/26 10:38:48: Server is using token UUID: '405c1cdb-5363-49ca-bad9-376c84709ddc'
02/19/26 10:38:48: SESSION_MGR: creating session with session uuid: '6d04a3e9-ade5-4ab9-8d63-1f78fcd2ec76' and name 'default'
02/19/26 10:38:48: Attempting to start server on port '53389'
02/19/26 10:38:48: Running Dispatch Server
02/19/26 10:38:48: Version 2.2.0
02/19/26 10:38:51: Dispatch Server: Accepted socket connection from client
02/19/26 10:38:51: Starting Socket connection
02/19/26 10:38:51: EXCHANGE_TOKEN received, server token: 405c1cdb-5363-49ca-bad9-376c84709ddc, passed token: 405c1cdb-5363-49ca-bad9-376c84709ddc
02/19/26 10:38:51: DISPATCH_HANDLER: Adding handler from function makeHandler in library xv_system_diagram
02/19/26 10:38:51: SESSION_MGR: creating session with session uuid: '4f8234b7-f9af-455a-acf1-84e81abdf113' and name 'v++_compile_convbas'
02/19/26 10:38:51: KERNEL_SVC: creating session with uuid: '4f8234b7-f9af-455a-acf1-84e81abdf113' and name 'v++_compile_convbas'
02/19/26 10:38:51: GUIDANCE_SMGR: creating guidance session with uuid: '4f8234b7-f9af-455a-acf1-84e81abdf113' and name 'v++_compile_convbas'
02/19/26 10:38:51: SYSTEM_DIAGRAM: creating session with uuid: '4f8234b7-f9af-455a-acf1-84e81abdf113' and name 'v++_compile_convbas'
02/19/26 10:38:54: Dispatch Server: Accepted socket connection from client
02/19/26 10:38:54: Starting Socket connection
02/19/26 10:39:19: SESSION_MGR: closing session for UUID '4f8234b7-f9af-455a-acf1-84e81abdf113' with name 'v++_compile_convbas'
02/19/26 10:39:19: KERNEL_SVC: closing session for UUID '4f8234b7-f9af-455a-acf1-84e81abdf113' with name 'v++_compile_convbas'
02/19/26 10:39:19: GUIDANCE_SMGR: closing session for UUID '4f8234b7-f9af-455a-acf1-84e81abdf113' with name 'v++_compile_convbas'
02/19/26 10:39:19: SYSTEM_DIAGRAM: closing session for UUID '4f8234b7-f9af-455a-acf1-84e81abdf113' with name 'v++_compile_convbas'
02/19/26 10:39:19: STOP_SERVER received, server token: 405c1cdb-5363-49ca-bad9-376c84709ddc, passed token: 405c1cdb-5363-49ca-bad9-376c84709ddc
02/19/26 10:39:19: Socket received request to stop server.
02/19/26 10:39:19: Dispatch Server: do_await_stop
02/19/26 10:39:19: SERVER: destructor for server bound to port 53389
02/19/26 10:39:33: Running xcd server. This server was built by gradle.
02/19/26 10:39:33: Server was asked to start on port: '53401'
02/19/26 10:39:33: Server is using token UUID: '96bdc6bc-12af-4d6e-84b2-36aa1188a20f'
02/19/26 10:39:33: SESSION_MGR: creating session with session uuid: '6d04a3e9-ade5-4ab9-8d63-1f78fcd2ec76' and name 'default'
02/19/26 10:39:33: Attempting to start server on port '53401'
02/19/26 10:39:33: Running Dispatch Server
02/19/26 10:39:33: Version 2.2.0
02/19/26 10:39:35: Dispatch Server: Accepted socket connection from client
02/19/26 10:39:35: Starting Socket connection
02/19/26 10:39:35: EXCHANGE_TOKEN received, server token: 96bdc6bc-12af-4d6e-84b2-36aa1188a20f, passed token: 96bdc6bc-12af-4d6e-84b2-36aa1188a20f
02/19/26 10:39:35: DISPATCH_HANDLER: Adding handler from function makeHandler in library xv_system_diagram
02/19/26 10:39:35: SESSION_MGR: creating session with session uuid: '15f6aab4-4511-4a18-a7d8-ae188251ed72' and name 'vitis-run_compile_convbas'
02/19/26 10:39:35: KERNEL_SVC: creating session with uuid: '15f6aab4-4511-4a18-a7d8-ae188251ed72' and name 'vitis-run_compile_convbas'
02/19/26 10:39:35: GUIDANCE_SMGR: creating guidance session with uuid: '15f6aab4-4511-4a18-a7d8-ae188251ed72' and name 'vitis-run_compile_convbas'
02/19/26 10:39:35: SYSTEM_DIAGRAM: creating session with uuid: '15f6aab4-4511-4a18-a7d8-ae188251ed72' and name 'vitis-run_compile_convbas'
02/19/26 10:39:38: Dispatch Server: Accepted socket connection from client
02/19/26 10:39:38: Starting Socket connection
02/19/26 10:39:56: SESSION_MGR: closing session for UUID '15f6aab4-4511-4a18-a7d8-ae188251ed72' with name 'vitis-run_compile_convbas'
02/19/26 10:39:56: KERNEL_SVC: closing session for UUID '15f6aab4-4511-4a18-a7d8-ae188251ed72' with name 'vitis-run_compile_convbas'
02/19/26 10:39:56: GUIDANCE_SMGR: closing session for UUID '15f6aab4-4511-4a18-a7d8-ae188251ed72' with name 'vitis-run_compile_convbas'
02/19/26 10:39:56: SYSTEM_DIAGRAM: closing session for UUID '15f6aab4-4511-4a18-a7d8-ae188251ed72' with name 'vitis-run_compile_convbas'
02/19/26 10:39:56: STOP_SERVER received, server token: 96bdc6bc-12af-4d6e-84b2-36aa1188a20f, passed token: 96bdc6bc-12af-4d6e-84b2-36aa1188a20f
02/19/26 10:39:56: Socket received request to stop server.
02/19/26 10:39:56: Dispatch Server: do_await_stop
02/19/26 10:39:56: SERVER: destructor for server bound to port 53401
03/02/26 21:46:33: Running xcd server. This server was built by gradle.
03/02/26 21:46:33: Server was asked to start on port: '60330'
03/02/26 21:46:33: Server is using token UUID: '0fa5fa70-285b-4968-abb4-25034aef423f'
03/02/26 21:46:33: SESSION_MGR: creating session with session uuid: '6d04a3e9-ade5-4ab9-8d63-1f78fcd2ec76' and name 'default'
03/02/26 21:46:33: Attempting to start server on port '60330'
03/02/26 21:46:33: Running Dispatch Server
03/02/26 21:46:33: Version 2.2.0
03/02/26 21:46:35: Dispatch Server: Accepted socket connection from client
03/02/26 21:46:35: Starting Socket connection
03/02/26 21:46:35: EXCHANGE_TOKEN received, server token: 0fa5fa70-285b-4968-abb4-25034aef423f, passed token: 0fa5fa70-285b-4968-abb4-25034aef423f
03/02/26 21:46:36: DISPATCH_HANDLER: Adding handler from function makeHandler in library xv_system_diagram
03/02/26 21:46:36: SESSION_MGR: creating session with session uuid: '5bdf4ec6-8f58-4d1f-a357-d2386a09eb13' and name 'vitis-run_compile_convbas'
03/02/26 21:46:36: KERNEL_SVC: creating session with uuid: '5bdf4ec6-8f58-4d1f-a357-d2386a09eb13' and name 'vitis-run_compile_convbas'
03/02/26 21:46:36: GUIDANCE_SMGR: creating guidance session with uuid: '5bdf4ec6-8f58-4d1f-a357-d2386a09eb13' and name 'vitis-run_compile_convbas'
03/02/26 21:46:36: SYSTEM_DIAGRAM: creating session with uuid: '5bdf4ec6-8f58-4d1f-a357-d2386a09eb13' and name 'vitis-run_compile_convbas'
03/02/26 21:46:47: Dispatch Server: Accepted socket connection from client
03/02/26 21:46:47: Starting Socket connection
03/02/26 21:47:20: SESSION_MGR: closing session for UUID '5bdf4ec6-8f58-4d1f-a357-d2386a09eb13' with name 'vitis-run_compile_convbas'
03/02/26 21:47:20: KERNEL_SVC: closing session for UUID '5bdf4ec6-8f58-4d1f-a357-d2386a09eb13' with name 'vitis-run_compile_convbas'
03/02/26 21:47:20: GUIDANCE_SMGR: closing session for UUID '5bdf4ec6-8f58-4d1f-a357-d2386a09eb13' with name 'vitis-run_compile_convbas'
03/02/26 21:47:20: SYSTEM_DIAGRAM: closing session for UUID '5bdf4ec6-8f58-4d1f-a357-d2386a09eb13' with name 'vitis-run_compile_convbas'
03/02/26 21:47:20: STOP_SERVER received, server token: 0fa5fa70-285b-4968-abb4-25034aef423f, passed token: 0fa5fa70-285b-4968-abb4-25034aef423f
03/02/26 21:47:20: Socket received request to stop server.
03/02/26 21:47:20: Dispatch Server: do_await_stop
03/02/26 21:47:20: SERVER: destructor for server bound to port 60330
