#-----------------------------------------------------------
# Vivado v2025.1 (64-bit)
# SW Build 6140274 on Thu May 22 00:12:29 MDT 2025
# IP Build 6138677 on Thu May 22 03:10:11 MDT 2025
# SharedData Build 6139179 on Tue May 20 17:58:58 MDT 2025
# Start of session at: Thu Feb 19 10:39:42 2026
# Process ID         : 5208
# Current directory  : C:/Users/indir/Desktop/Arm_SoC/Convbas/convbas/convbas/hls/impl/ip
# Command line       : vivado.exe -notrace -mode batch -source run_ippack.tcl
# Log file           : C:/Users/indir/Desktop/Arm_SoC/Convbas/convbas/convbas/hls/impl/ip/vivado.log
# Journal file       : C:/Users/indir/Desktop/Arm_SoC/Convbas/convbas/convbas/hls/impl/ip\vivado.jou
# Running On         : MSI
# Platform           : Windows Server 2016 or Windows 10
# Operating System   : 26200
# Processor Detail   : 12th Gen Intel(R) Core(TM) i5-1235U
# CPU Frequency      : 2496 MHz
# CPU Physical cores : 10
# CPU Logical cores  : 12
# Host memory        : 16869 MB
# Swap memory        : 1409 MB
# Total Virtual      : 18278 MB
# Available Virtual  : 7155 MB
#-----------------------------------------------------------
source run_ippack.tcl -notrace
INFO: calling package_hls_ip ip_types=vitis sysgen json_file=C:/Users/indir/Desktop/Arm_SoC/Convbas/convbas/convbas/hls/hls_data.json outdir=C:/Users/indir/Desktop/Arm_SoC/Convbas/convbas/convbas/hls/impl/ip srcdir=C:/Users/indir/Desktop/Arm_SoC/Convbas/convbas/convbas/hls ippack_options_dict= ippack_options_dict=
INFO: Copied 1 ipmisc file(s) to C:/Users/indir/Desktop/Arm_SoC/Convbas/convbas/convbas/hls/impl/ip/misc
INFO: Copied 13 verilog file(s) to C:/Users/indir/Desktop/Arm_SoC/Convbas/convbas/convbas/hls/impl/ip/hdl/verilog
INFO: Copied 13 vhdl file(s) to C:/Users/indir/Desktop/Arm_SoC/Convbas/convbas/convbas/hls/impl/ip/hdl/vhdl
INFO: Copied 10 swdriver file(s) to C:/Users/indir/Desktop/Arm_SoC/Convbas/convbas/convbas/hls/impl/ip/drivers
ipx::create_core: Time (s): cpu = 00:00:10 ; elapsed = 00:00:07 . Memory (MB): peak = 505.648 ; gain = 207.938
INFO: Import ports from HDL: C:/Users/indir/Desktop/Arm_SoC/Convbas/convbas/convbas/hls/impl/ip/hdl/vhdl/convbas.vhd (convbas)
INFO: Add axi4lite interface s_axi_CTRL
INFO: Add clock interface ap_clk
INFO: Add reset interface ap_rst_n
INFO: Add interrupt interface interrupt
INFO: [IP_Flow 19-234] Refreshing IP repositories
INFO: [IP_Flow 19-1704] No user IP repositories specified
INFO: [IP_Flow 19-2313] Loaded Vivado IP repository 'K:/Vivado/2025.1/Vivado/data/ip'.
INFO: Add axi4full interface m_axi_gmem0
INFO: Add axi4full interface m_axi_gmem1
INFO: Add axi4full interface m_axi_gmem2
INFO: Calling post_process_vitis to specialize IP
INFO: Calling post_process_sysgen to specialize IP
Generating sysgen info xml from json file
INFO: Created IP C:/Users/indir/Desktop/Arm_SoC/Convbas/convbas/convbas/hls/impl/ip/component.xml
INFO: Created IP archive C:/Users/indir/Desktop/Arm_SoC/Convbas/convbas/convbas/hls/impl/ip/xilinx_com_hls_convbas_1_0.zip
INFO: [Common 17-206] Exiting Vivado at Thu Feb 19 10:39:54 2026...
